My SLURM_ARRAY_TASK_ID:  46
AUC 0.3.0
Type AUCNews() to see the change log and ?AUC to get an overview.
dummies-1.5.6 provided by Decision Patterns

Loading required package: R.oo
Loading required package: R.methodsS3
R.methodsS3 v1.7.1 (2016-02-15) successfully loaded. See ?R.methodsS3 for help.
R.oo v1.21.0 (2016-10-30) successfully loaded. See ?R.oo for help.

Attaching package: ‘R.oo’

The following objects are masked from ‘package:base’:

    attach, detach, gc, load, save

R.utils v2.6.0 (2017-11-04) successfully loaded. See ?R.utils for help.

Attaching package: ‘R.utils’

The following object is masked from ‘package:utils’:

    timestamp

The following objects are masked from ‘package:base’:

    cat, commandArgs, getOption, inherits, isOpen, parse, warnings

[1] "fold 1"
[1] "Evaluating forest 1 of 15"
[1] "training"
[1] "training complete"
[1] "elapsed time: 0.071"
[1] "computing out-of-bag predictions"
[1] "out-of-bag predictions complete"
[1] "elapsed time: 0.618"
[1] "computing predictions on test set"
[1] "test set predictions complete"
[1] "elapsed time: 0.636"
[1] "computing tree strength and correlation"
[1] "strength and correlation complete"
[1] "Evaluating forest 2 of 15"
[1] "training"
[1] "training complete"
[1] "elapsed time: 0.0829999999999997"
[1] "computing out-of-bag predictions"
[1] "out-of-bag predictions complete"
[1] "elapsed time: 0.617"
[1] "computing predictions on test set"
[1] "test set predictions complete"
[1] "elapsed time: 0.608"
[1] "computing tree strength and correlation"
[1] "strength and correlation complete"
[1] "Evaluating forest 3 of 15"
[1] "training"
[1] "training complete"
[1] "elapsed time: 0.0960000000000001"
[1] "computing out-of-bag predictions"
[1] "out-of-bag predictions complete"
[1] "elapsed time: 0.619"
[1] "computing predictions on test set"
[1] "test set predictions complete"
[1] "elapsed time: 0.616000000000001"
[1] "computing tree strength and correlation"
[1] "strength and correlation complete"
[1] "Evaluating forest 4 of 15"
[1] "training"
[1] "training complete"
[1] "elapsed time: 0.0960000000000001"
[1] "computing out-of-bag predictions"
[1] "out-of-bag predictions complete"
[1] "elapsed time: 0.629"
[1] "computing predictions on test set"
[1] "test set predictions complete"
[1] "elapsed time: 0.611000000000001"
[1] "computing tree strength and correlation"
[1] "strength and correlation complete"
[1] "Evaluating forest 5 of 15"
[1] "training"
[1] "training complete"
[1] "elapsed time: 0.133000000000001"
[1] "computing out-of-bag predictions"
[1] "out-of-bag predictions complete"
[1] "elapsed time: 0.626999999999999"
[1] "computing predictions on test set"
[1] "test set predictions complete"
[1] "elapsed time: 0.658999999999999"
[1] "computing tree strength and correlation"
[1] "strength and correlation complete"
[1] "Evaluating forest 6 of 15"
[1] "training"
[1] "training complete"
[1] "elapsed time: 0.0950000000000006"
[1] "computing out-of-bag predictions"
[1] "out-of-bag predictions complete"
[1] "elapsed time: 0.635999999999999"
[1] "computing predictions on test set"
[1] "test set predictions complete"
[1] "elapsed time: 0.623000000000001"
[1] "computing tree strength and correlation"
[1] "strength and correlation complete"
[1] "Evaluating forest 7 of 15"
[1] "training"
[1] "training complete"
[1] "elapsed time: 0.0980000000000008"
[1] "computing out-of-bag predictions"
[1] "out-of-bag predictions complete"
[1] "elapsed time: 0.633999999999999"
[1] "computing predictions on test set"
[1] "test set predictions complete"
[1] "elapsed time: 0.624000000000001"
[1] "computing tree strength and correlation"
[1] "strength and correlation complete"
[1] "Evaluating forest 8 of 15"
[1] "training"
[1] "training complete"
[1] "elapsed time: 0.0980000000000008"
[1] "computing out-of-bag predictions"
[1] "out-of-bag predictions complete"
[1] "elapsed time: 0.631"
[1] "computing predictions on test set"
[1] "test set predictions complete"
[1] "elapsed time: 0.636000000000003"
[1] "computing tree strength and correlation"
[1] "strength and correlation complete"
[1] "Evaluating forest 9 of 15"
[1] "training"
[1] "training complete"
[1] "elapsed time: 0.100000000000001"
[1] "computing out-of-bag predictions"
[1] "out-of-bag predictions complete"
[1] "elapsed time: 0.622000000000003"
[1] "computing predictions on test set"
[1] "test set predictions complete"
[1] "elapsed time: 0.619999999999997"
[1] "computing tree strength and correlation"
[1] "strength and correlation complete"
[1] "Evaluating forest 10 of 15"
[1] "training"
[1] "training complete"
[1] "elapsed time: 0.140000000000001"
[1] "computing out-of-bag predictions"
[1] "out-of-bag predictions complete"
[1] "elapsed time: 0.625"
[1] "computing predictions on test set"
[1] "test set predictions complete"
[1] "elapsed time: 0.623999999999999"
[1] "computing tree strength and correlation"
[1] "strength and correlation complete"
[1] "Evaluating forest 11 of 15"
[1] "training"
[1] "training complete"
[1] "elapsed time: 0.093"
[1] "computing out-of-bag predictions"
[1] "out-of-bag predictions complete"
[1] "elapsed time: 0.632000000000001"
[1] "computing predictions on test set"
[1] "test set predictions complete"
[1] "elapsed time: 0.617999999999999"
[1] "computing tree strength and correlation"
[1] "strength and correlation complete"
[1] "Evaluating forest 12 of 15"
[1] "training"
[1] "training complete"
[1] "elapsed time: 0.0960000000000001"
[1] "computing out-of-bag predictions"
[1] "out-of-bag predictions complete"
[1] "elapsed time: 0.645"
[1] "computing predictions on test set"
[1] "test set predictions complete"
[1] "elapsed time: 0.620999999999999"
[1] "computing tree strength and correlation"
[1] "strength and correlation complete"
[1] "Evaluating forest 13 of 15"
[1] "training"
[1] "training complete"
[1] "elapsed time: 0.097999999999999"
[1] "computing out-of-bag predictions"
[1] "out-of-bag predictions complete"
[1] "elapsed time: 0.632000000000001"
[1] "computing predictions on test set"
[1] "test set predictions complete"
[1] "elapsed time: 0.621000000000002"
[1] "computing tree strength and correlation"
[1] "strength and correlation complete"
[1] "Evaluating forest 14 of 15"
[1] "training"
[1] "training complete"
[1] "elapsed time: 0.0990000000000002"
[1] "computing out-of-bag predictions"
[1] "out-of-bag predictions complete"
[1] "elapsed time: 0.625"
[1] "computing predictions on test set"
[1] "test set predictions complete"
[1] "elapsed time: 0.622999999999998"
[1] "computing tree strength and correlation"
[1] "strength and correlation complete"
[1] "Evaluating forest 15 of 15"
[1] "training"
[1] "training complete"
[1] "elapsed time: 0.137"
[1] "computing out-of-bag predictions"
[1] "out-of-bag predictions complete"
[1] "elapsed time: 0.633000000000003"
[1] "computing predictions on test set"
[1] "test set predictions complete"
[1] "elapsed time: 0.624000000000002"
[1] "computing tree strength and correlation"
[1] "strength and correlation complete"
[1] "fold 2"
[1] "Evaluating forest 1 of 15"
[1] "training"
[1] "training complete"
[1] "elapsed time: 0.0889999999999986"
[1] "computing out-of-bag predictions"
[1] "out-of-bag predictions complete"
[1] "elapsed time: 0.617999999999995"
[1] "computing predictions on test set"
[1] "test set predictions complete"
[1] "elapsed time: 0.613999999999997"
[1] "computing tree strength and correlation"
[1] "strength and correlation complete"
[1] "Evaluating forest 2 of 15"
[1] "training"
[1] "training complete"
[1] "elapsed time: 0.0970000000000013"
[1] "computing out-of-bag predictions"
[1] "out-of-bag predictions complete"
[1] "elapsed time: 0.619"
[1] "computing predictions on test set"
[1] "test set predictions complete"
[1] "elapsed time: 0.616999999999997"
[1] "computing tree strength and correlation"
[1] "strength and correlation complete"
[1] "Evaluating forest 3 of 15"
[1] "training"
[1] "training complete"
[1] "elapsed time: 0.101999999999997"
[1] "computing out-of-bag predictions"
[1] "out-of-bag predictions complete"
[1] "elapsed time: 0.662000000000006"
[1] "computing predictions on test set"
[1] "test set predictions complete"
[1] "elapsed time: 0.619999999999997"
[1] "computing tree strength and correlation"
[1] "strength and correlation complete"
[1] "Evaluating forest 4 of 15"
[1] "training"
[1] "training complete"
[1] "elapsed time: 0.102000000000004"
[1] "computing out-of-bag predictions"
[1] "out-of-bag predictions complete"
[1] "elapsed time: 0.628"
[1] "computing predictions on test set"
[1] "test set predictions complete"
[1] "elapsed time: 0.616"
[1] "computing tree strength and correlation"
[1] "strength and correlation complete"
[1] "Evaluating forest 5 of 15"
[1] "training"
[1] "training complete"
[1] "elapsed time: 0.132999999999996"
[1] "computing out-of-bag predictions"
[1] "out-of-bag predictions complete"
[1] "elapsed time: 0.629999999999995"
[1] "computing predictions on test set"
[1] "test set predictions complete"
[1] "elapsed time: 0.616999999999997"
[1] "computing tree strength and correlation"
[1] "strength and correlation complete"
[1] "Evaluating forest 6 of 15"
[1] "training"
[1] "training complete"
[1] "elapsed time: 0.097999999999999"
[1] "computing out-of-bag predictions"
[1] "out-of-bag predictions complete"
[1] "elapsed time: 0.628"
[1] "computing predictions on test set"
[1] "test set predictions complete"
[1] "elapsed time: 0.620000000000005"
[1] "computing tree strength and correlation"
[1] "strength and correlation complete"
[1] "Evaluating forest 7 of 15"
[1] "training"
[1] "training complete"
[1] "elapsed time: 0.0960000000000036"
[1] "computing out-of-bag predictions"
[1] "out-of-bag predictions complete"
[1] "elapsed time: 0.625"
[1] "computing predictions on test set"
[1] "test set predictions complete"
[1] "elapsed time: 0.627000000000002"
[1] "computing tree strength and correlation"
[1] "strength and correlation complete"
[1] "Evaluating forest 8 of 15"
[1] "training"
[1] "training complete"
[1] "elapsed time: 0.100000000000001"
[1] "computing out-of-bag predictions"
[1] "out-of-bag predictions complete"
[1] "elapsed time: 0.634"
[1] "computing predictions on test set"
[1] "test set predictions complete"
[1] "elapsed time: 0.618000000000002"
[1] "computing tree strength and correlation"
[1] "strength and correlation complete"
[1] "Evaluating forest 9 of 15"
[1] "training"
[1] "training complete"
[1] "elapsed time: 0.104999999999997"
[1] "computing out-of-bag predictions"
[1] "out-of-bag predictions complete"
[1] "elapsed time: 0.628999999999998"
[1] "computing predictions on test set"
[1] "test set predictions complete"
[1] "elapsed time: 0.620000000000005"
[1] "computing tree strength and correlation"
[1] "strength and correlation complete"
[1] "Evaluating forest 10 of 15"
[1] "training"
[1] "training complete"
[1] "elapsed time: 0.130000000000003"
[1] "computing out-of-bag predictions"
[1] "out-of-bag predictions complete"
[1] "elapsed time: 0.636000000000003"
[1] "computing predictions on test set"
[1] "test set predictions complete"
[1] "elapsed time: 0.619999999999997"
[1] "computing tree strength and correlation"
[1] "strength and correlation complete"
[1] "Evaluating forest 11 of 15"
[1] "training"
[1] "training complete"
[1] "elapsed time: 0.0949999999999989"
[1] "computing out-of-bag predictions"
[1] "out-of-bag predictions complete"
[1] "elapsed time: 0.636000000000003"
[1] "computing predictions on test set"
[1] "test set predictions complete"
[1] "elapsed time: 0.621000000000002"
[1] "computing tree strength and correlation"
[1] "strength and correlation complete"
[1] "Evaluating forest 12 of 15"
[1] "training"
[1] "training complete"
[1] "elapsed time: 0.0949999999999989"
[1] "computing out-of-bag predictions"
[1] "out-of-bag predictions complete"
[1] "elapsed time: 0.632999999999996"
[1] "computing predictions on test set"
[1] "test set predictions complete"
[1] "elapsed time: 0.619999999999997"
[1] "computing tree strength and correlation"
[1] "strength and correlation complete"
[1] "Evaluating forest 13 of 15"
[1] "training"
[1] "training complete"
[1] "elapsed time: 0.0949999999999989"
[1] "computing out-of-bag predictions"
[1] "out-of-bag predictions complete"
[1] "elapsed time: 0.636000000000003"
[1] "computing predictions on test set"
[1] "test set predictions complete"
[1] "elapsed time: 0.623000000000005"
[1] "computing tree strength and correlation"
[1] "strength and correlation complete"
[1] "Evaluating forest 14 of 15"
[1] "training"
[1] "training complete"
[1] "elapsed time: 0.100000000000001"
[1] "computing out-of-bag predictions"
[1] "out-of-bag predictions complete"
[1] "elapsed time: 0.625999999999998"
[1] "computing predictions on test set"
[1] "test set predictions complete"
[1] "elapsed time: 0.622999999999998"
[1] "computing tree strength and correlation"
[1] "strength and correlation complete"
[1] "Evaluating forest 15 of 15"
[1] "training"
[1] "training complete"
[1] "elapsed time: 0.137"
[1] "computing out-of-bag predictions"
[1] "out-of-bag predictions complete"
[1] "elapsed time: 0.625"
[1] "computing predictions on test set"
[1] "test set predictions complete"
[1] "elapsed time: 0.623999999999995"
[1] "computing tree strength and correlation"
[1] "strength and correlation complete"
[1] "fold 3"
[1] "Evaluating forest 1 of 15"
[1] "training"
[1] "training complete"
[1] "elapsed time: 0.0900000000000034"
[1] "computing out-of-bag predictions"
[1] "out-of-bag predictions complete"
[1] "elapsed time: 0.622"
[1] "computing predictions on test set"
[1] "test set predictions complete"
[1] "elapsed time: 0.613"
[1] "computing tree strength and correlation"
[1] "strength and correlation complete"
[1] "Evaluating forest 2 of 15"
[1] "training"
[1] "training complete"
[1] "elapsed time: 0.0940000000000083"
[1] "computing out-of-bag predictions"
[1] "out-of-bag predictions complete"
[1] "elapsed time: 0.628"
[1] "computing predictions on test set"
[1] "test set predictions complete"
[1] "elapsed time: 0.620000000000005"
[1] "computing tree strength and correlation"
[1] "strength and correlation complete"
[1] "Evaluating forest 3 of 15"
[1] "training"
[1] "training complete"
[1] "elapsed time: 0.100000000000009"
[1] "computing out-of-bag predictions"
[1] "out-of-bag predictions complete"
[1] "elapsed time: 0.634"
[1] "computing predictions on test set"
[1] "test set predictions complete"
[1] "elapsed time: 0.624000000000009"
[1] "computing tree strength and correlation"
[1] "strength and correlation complete"
[1] "Evaluating forest 4 of 15"
[1] "training"
[1] "training complete"
[1] "elapsed time: 0.0999999999999943"
[1] "computing out-of-bag predictions"
[1] "out-of-bag predictions complete"
[1] "elapsed time: 0.644000000000005"
[1] "computing predictions on test set"
[1] "test set predictions complete"
[1] "elapsed time: 0.620000000000005"
[1] "computing tree strength and correlation"
[1] "strength and correlation complete"
[1] "Evaluating forest 5 of 15"
[1] "training"
[1] "training complete"
[1] "elapsed time: 0.126000000000005"
[1] "computing out-of-bag predictions"
[1] "out-of-bag predictions complete"
[1] "elapsed time: 0.631999999999991"
[1] "computing predictions on test set"
[1] "test set predictions complete"
[1] "elapsed time: 0.631"
[1] "computing tree strength and correlation"
[1] "strength and correlation complete"
[1] "Evaluating forest 6 of 15"
[1] "training"
[1] "training complete"
[1] "elapsed time: 0.0939999999999941"
[1] "computing out-of-bag predictions"
[1] "out-of-bag predictions complete"
[1] "elapsed time: 0.625"
[1] "computing predictions on test set"
[1] "test set predictions complete"
[1] "elapsed time: 0.622"
[1] "computing tree strength and correlation"
[1] "strength and correlation complete"
[1] "Evaluating forest 7 of 15"
[1] "training"
[1] "training complete"
[1] "elapsed time: 0.0989999999999895"
[1] "computing out-of-bag predictions"
[1] "out-of-bag predictions complete"
[1] "elapsed time: 0.634"
[1] "computing predictions on test set"
[1] "test set predictions complete"
[1] "elapsed time: 0.631"
[1] "computing tree strength and correlation"
[1] "strength and correlation complete"
[1] "Evaluating forest 8 of 15"
[1] "training"
[1] "training complete"
[1] "elapsed time: 0.097999999999999"
[1] "computing out-of-bag predictions"
[1] "out-of-bag predictions complete"
[1] "elapsed time: 0.637"
[1] "computing predictions on test set"
[1] "test set predictions complete"
[1] "elapsed time: 0.626000000000005"
[1] "computing tree strength and correlation"
[1] "strength and correlation complete"
[1] "Evaluating forest 9 of 15"
[1] "training"
[1] "training complete"
[1] "elapsed time: 0.0999999999999943"
[1] "computing out-of-bag predictions"
[1] "out-of-bag predictions complete"
[1] "elapsed time: 0.635000000000005"
[1] "computing predictions on test set"
[1] "test set predictions complete"
[1] "elapsed time: 0.623000000000005"
[1] "computing tree strength and correlation"
[1] "strength and correlation complete"
[1] "Evaluating forest 10 of 15"
[1] "training"
[1] "training complete"
[1] "elapsed time: 0.133999999999986"
[1] "computing out-of-bag predictions"
[1] "out-of-bag predictions complete"
[1] "elapsed time: 0.629000000000005"
[1] "computing predictions on test set"
[1] "test set predictions complete"
[1] "elapsed time: 0.617000000000004"
[1] "computing tree strength and correlation"
[1] "strength and correlation complete"
[1] "Evaluating forest 11 of 15"
[1] "training"
[1] "training complete"
[1] "elapsed time: 0.0919999999999987"
[1] "computing out-of-bag predictions"
[1] "out-of-bag predictions complete"
[1] "elapsed time: 0.63600000000001"
[1] "computing predictions on test set"
[1] "test set predictions complete"
[1] "elapsed time: 0.634"
[1] "computing tree strength and correlation"
[1] "strength and correlation complete"
[1] "Evaluating forest 12 of 15"
[1] "training"
[1] "training complete"
[1] "elapsed time: 0.0969999999999942"
[1] "computing out-of-bag predictions"
[1] "out-of-bag predictions complete"
[1] "elapsed time: 0.629000000000005"
[1] "computing predictions on test set"
[1] "test set predictions complete"
[1] "elapsed time: 0.628"
[1] "computing tree strength and correlation"
[1] "strength and correlation complete"
[1] "Evaluating forest 13 of 15"
[1] "training"
[1] "training complete"
[1] "elapsed time: 0.0999999999999943"
[1] "computing out-of-bag predictions"
[1] "out-of-bag predictions complete"
[1] "elapsed time: 0.623000000000005"
[1] "computing predictions on test set"
[1] "test set predictions complete"
[1] "elapsed time: 0.618000000000009"
[1] "computing tree strength and correlation"
[1] "strength and correlation complete"
[1] "Evaluating forest 14 of 15"
[1] "training"
[1] "training complete"
[1] "elapsed time: 0.100999999999999"
[1] "computing out-of-bag predictions"
[1] "out-of-bag predictions complete"
[1] "elapsed time: 0.634"
[1] "computing predictions on test set"
[1] "test set predictions complete"
[1] "elapsed time: 0.625"
[1] "computing tree strength and correlation"
[1] "strength and correlation complete"
[1] "Evaluating forest 15 of 15"
[1] "training"
[1] "training complete"
[1] "elapsed time: 0.134"
[1] "computing out-of-bag predictions"
[1] "out-of-bag predictions complete"
[1] "elapsed time: 0.625"
[1] "computing predictions on test set"
[1] "test set predictions complete"
[1] "elapsed time: 0.622"
[1] "computing tree strength and correlation"
[1] "strength and correlation complete"
[1] "fold 4"
[1] "Evaluating forest 1 of 15"
[1] "training"
[1] "training complete"
[1] "elapsed time: 0.0820000000000078"
[1] "computing out-of-bag predictions"
[1] "out-of-bag predictions complete"
[1] "elapsed time: 0.634999999999991"
[1] "computing predictions on test set"
[1] "test set predictions complete"
[1] "elapsed time: 0.620999999999995"
[1] "computing tree strength and correlation"
[1] "strength and correlation complete"
[1] "Evaluating forest 2 of 15"
[1] "training"
[1] "training complete"
[1] "elapsed time: 0.0939999999999941"
[1] "computing out-of-bag predictions"
[1] "out-of-bag predictions complete"
[1] "elapsed time: 0.631"
[1] "computing predictions on test set"
[1] "test set predictions complete"
[1] "elapsed time: 0.61999999999999"
[1] "computing tree strength and correlation"
[1] "strength and correlation complete"
[1] "Evaluating forest 3 of 15"
[1] "training"
[1] "training complete"
[1] "elapsed time: 0.097999999999999"
[1] "computing out-of-bag predictions"
[1] "out-of-bag predictions complete"
[1] "elapsed time: 0.634"
[1] "computing predictions on test set"
[1] "test set predictions complete"
[1] "elapsed time: 0.620999999999995"
[1] "computing tree strength and correlation"
[1] "strength and correlation complete"
[1] "Evaluating forest 4 of 15"
[1] "training"
[1] "training complete"
[1] "elapsed time: 0.0990000000000038"
[1] "computing out-of-bag predictions"
[1] "out-of-bag predictions complete"
[1] "elapsed time: 0.637"
[1] "computing predictions on test set"
[1] "test set predictions complete"
[1] "elapsed time: 0.637"
[1] "computing tree strength and correlation"
[1] "strength and correlation complete"
[1] "Evaluating forest 5 of 15"
[1] "training"
[1] "training complete"
[1] "elapsed time: 0.125"
[1] "computing out-of-bag predictions"
[1] "out-of-bag predictions complete"
[1] "elapsed time: 0.629000000000005"
[1] "computing predictions on test set"
[1] "test set predictions complete"
[1] "elapsed time: 0.625"
[1] "computing tree strength and correlation"
[1] "strength and correlation complete"
[1] "Evaluating forest 6 of 15"
[1] "training"
[1] "training complete"
[1] "elapsed time: 0.0929999999999893"
[1] "computing out-of-bag predictions"
[1] "out-of-bag predictions complete"
[1] "elapsed time: 0.634"
[1] "computing predictions on test set"
[1] "test set predictions complete"
[1] "elapsed time: 0.623000000000005"
[1] "computing tree strength and correlation"
[1] "strength and correlation complete"
[1] "Evaluating forest 7 of 15"
[1] "training"
[1] "training complete"
[1] "elapsed time: 0.0989999999999895"
[1] "computing out-of-bag predictions"
[1] "out-of-bag predictions complete"
[1] "elapsed time: 0.634"
[1] "computing predictions on test set"
[1] "test set predictions complete"
[1] "elapsed time: 0.625999999999991"
[1] "computing tree strength and correlation"
[1] "strength and correlation complete"
[1] "Evaluating forest 8 of 15"
[1] "training"
[1] "training complete"
[1] "elapsed time: 0.0960000000000036"
[1] "computing out-of-bag predictions"
[1] "out-of-bag predictions complete"
[1] "elapsed time: 0.629000000000005"
[1] "computing predictions on test set"
[1] "test set predictions complete"
[1] "elapsed time: 0.620000000000005"
[1] "computing tree strength and correlation"
[1] "strength and correlation complete"
[1] "Evaluating forest 9 of 15"
[1] "training"
[1] "training complete"
[1] "elapsed time: 0.0980000000000132"
[1] "computing out-of-bag predictions"
[1] "out-of-bag predictions complete"
[1] "elapsed time: 0.634999999999991"
[1] "computing predictions on test set"
[1] "test set predictions complete"
[1] "elapsed time: 0.623000000000005"
[1] "computing tree strength and correlation"
[1] "strength and correlation complete"
[1] "Evaluating forest 10 of 15"
[1] "training"
[1] "training complete"
[1] "elapsed time: 0.128"
[1] "computing out-of-bag predictions"
[1] "out-of-bag predictions complete"
[1] "elapsed time: 0.634999999999991"
[1] "computing predictions on test set"
[1] "test set predictions complete"
[1] "elapsed time: 0.623999999999995"
[1] "computing tree strength and correlation"
[1] "strength and correlation complete"
[1] "Evaluating forest 11 of 15"
[1] "training"
[1] "training complete"
[1] "elapsed time: 0.0919999999999987"
[1] "computing out-of-bag predictions"
[1] "out-of-bag predictions complete"
[1] "elapsed time: 0.634"
[1] "computing predictions on test set"
[1] "test set predictions complete"
[1] "elapsed time: 0.629000000000005"
[1] "computing tree strength and correlation"
[1] "strength and correlation complete"
[1] "Evaluating forest 12 of 15"
[1] "training"
[1] "training complete"
[1] "elapsed time: 0.0960000000000036"
[1] "computing out-of-bag predictions"
[1] "out-of-bag predictions complete"
[1] "elapsed time: 0.628"
[1] "computing predictions on test set"
[1] "test set predictions complete"
[1] "elapsed time: 0.632000000000005"
[1] "computing tree strength and correlation"
[1] "strength and correlation complete"
[1] "Evaluating forest 13 of 15"
[1] "training"
[1] "training complete"
[1] "elapsed time: 0.0939999999999941"
[1] "computing out-of-bag predictions"
[1] "out-of-bag predictions complete"
[1] "elapsed time: 0.632999999999996"
[1] "computing predictions on test set"
[1] "test set predictions complete"
[1] "elapsed time: 0.624000000000009"
[1] "computing tree strength and correlation"
[1] "strength and correlation complete"
[1] "Evaluating forest 14 of 15"
[1] "training"
[1] "training complete"
[1] "elapsed time: 0.0979999999999848"
[1] "computing out-of-bag predictions"
[1] "out-of-bag predictions complete"
[1] "elapsed time: 0.628000000000014"
[1] "computing predictions on test set"
[1] "test set predictions complete"
[1] "elapsed time: 0.626000000000005"
[1] "computing tree strength and correlation"
[1] "strength and correlation complete"
[1] "Evaluating forest 15 of 15"
[1] "training"
[1] "training complete"
[1] "elapsed time: 0.129999999999995"
[1] "computing out-of-bag predictions"
[1] "out-of-bag predictions complete"
[1] "elapsed time: 0.631"
[1] "computing predictions on test set"
[1] "test set predictions complete"
[1] "elapsed time: 0.623999999999995"
[1] "computing tree strength and correlation"
[1] "strength and correlation complete"
[1] "fold 5"
[1] "Evaluating forest 1 of 15"
[1] "training"
[1] "training complete"
[1] "elapsed time: 0.0900000000000034"
[1] "computing out-of-bag predictions"
[1] "out-of-bag predictions complete"
[1] "elapsed time: 0.631"
[1] "computing predictions on test set"
[1] "test set predictions complete"
[1] "elapsed time: 0.619"
[1] "computing tree strength and correlation"
[1] "strength and correlation complete"
[1] "Evaluating forest 2 of 15"
[1] "training"
[1] "training complete"
[1] "elapsed time: 0.0939999999999941"
[1] "computing out-of-bag predictions"
[1] "out-of-bag predictions complete"
[1] "elapsed time: 0.631"
[1] "computing predictions on test set"
[1] "test set predictions complete"
[1] "elapsed time: 0.627999999999986"
[1] "computing tree strength and correlation"
[1] "strength and correlation complete"
[1] "Evaluating forest 3 of 15"
[1] "training"
[1] "training complete"
[1] "elapsed time: 0.0989999999999895"
[1] "computing out-of-bag predictions"
[1] "out-of-bag predictions complete"
[1] "elapsed time: 0.635000000000019"
[1] "computing predictions on test set"
[1] "test set predictions complete"
[1] "elapsed time: 0.623999999999995"
[1] "computing tree strength and correlation"
[1] "strength and correlation complete"
[1] "Evaluating forest 4 of 15"
[1] "training"
[1] "training complete"
[1] "elapsed time: 0.100999999999999"
[1] "computing out-of-bag predictions"
[1] "out-of-bag predictions complete"
[1] "elapsed time: 0.623999999999995"
[1] "computing predictions on test set"
[1] "test set predictions complete"
[1] "elapsed time: 0.625"
[1] "computing tree strength and correlation"
[1] "strength and correlation complete"
[1] "Evaluating forest 5 of 15"
[1] "training"
[1] "training complete"
[1] "elapsed time: 0.125999999999976"
[1] "computing out-of-bag predictions"
[1] "out-of-bag predictions complete"
[1] "elapsed time: 0.626000000000005"
[1] "computing predictions on test set"
[1] "test set predictions complete"
[1] "elapsed time: 0.62299999999999"
[1] "computing tree strength and correlation"
[1] "strength and correlation complete"
[1] "Evaluating forest 6 of 15"
[1] "training"
[1] "training complete"
[1] "elapsed time: 0.0970000000000084"
[1] "computing out-of-bag predictions"
[1] "out-of-bag predictions complete"
[1] "elapsed time: 0.63300000000001"
[1] "computing predictions on test set"
[1] "test set predictions complete"
[1] "elapsed time: 0.626000000000005"
[1] "computing tree strength and correlation"
[1] "strength and correlation complete"
[1] "Evaluating forest 7 of 15"
[1] "training"
[1] "training complete"
[1] "elapsed time: 0.089999999999975"
[1] "computing out-of-bag predictions"
[1] "out-of-bag predictions complete"
[1] "elapsed time: 0.629000000000019"
[1] "computing predictions on test set"
[1] "test set predictions complete"
[1] "elapsed time: 0.626000000000005"
[1] "computing tree strength and correlation"
[1] "strength and correlation complete"
[1] "Evaluating forest 8 of 15"
[1] "training"
[1] "training complete"
[1] "elapsed time: 0.0970000000000084"
[1] "computing out-of-bag predictions"
[1] "out-of-bag predictions complete"
[1] "elapsed time: 0.632999999999981"
[1] "computing predictions on test set"
[1] "test set predictions complete"
[1] "elapsed time: 0.629999999999995"
[1] "computing tree strength and correlation"
[1] "strength and correlation complete"
[1] "Evaluating forest 9 of 15"
[1] "training"
[1] "training complete"
[1] "elapsed time: 0.101999999999975"
[1] "computing out-of-bag predictions"
[1] "out-of-bag predictions complete"
[1] "elapsed time: 0.63300000000001"
[1] "computing predictions on test set"
[1] "test set predictions complete"
[1] "elapsed time: 0.618000000000023"
[1] "computing tree strength and correlation"
[1] "strength and correlation complete"
[1] "Evaluating forest 10 of 15"
[1] "training"
[1] "training complete"
[1] "elapsed time: 0.134000000000015"
[1] "computing out-of-bag predictions"
[1] "out-of-bag predictions complete"
[1] "elapsed time: 0.632999999999981"
[1] "computing predictions on test set"
[1] "test set predictions complete"
[1] "elapsed time: 0.623999999999995"
[1] "computing tree strength and correlation"
[1] "strength and correlation complete"
[1] "Evaluating forest 11 of 15"
[1] "training"
[1] "training complete"
[1] "elapsed time: 0.0939999999999941"
[1] "computing out-of-bag predictions"
[1] "out-of-bag predictions complete"
[1] "elapsed time: 0.634000000000015"
[1] "computing predictions on test set"
[1] "test set predictions complete"
[1] "elapsed time: 0.62700000000001"
[1] "computing tree strength and correlation"
[1] "strength and correlation complete"
[1] "Evaluating forest 12 of 15"
[1] "training"
[1] "training complete"
[1] "elapsed time: 0.0939999999999941"
[1] "computing out-of-bag predictions"
[1] "out-of-bag predictions complete"
[1] "elapsed time: 0.62700000000001"
[1] "computing predictions on test set"
[1] "test set predictions complete"
[1] "elapsed time: 0.626000000000005"
[1] "computing tree strength and correlation"
[1] "strength and correlation complete"
[1] "Evaluating forest 13 of 15"
[1] "training"
[1] "training complete"
[1] "elapsed time: 0.0960000000000036"
[1] "computing out-of-bag predictions"
[1] "out-of-bag predictions complete"
[1] "elapsed time: 0.637"
[1] "computing predictions on test set"
[1] "test set predictions complete"
[1] "elapsed time: 0.625"
[1] "computing tree strength and correlation"
[1] "strength and correlation complete"
[1] "Evaluating forest 14 of 15"
[1] "training"
[1] "training complete"
[1] "elapsed time: 0.0960000000000036"
[1] "computing out-of-bag predictions"
[1] "out-of-bag predictions complete"
[1] "elapsed time: 0.643000000000001"
[1] "computing predictions on test set"
[1] "test set predictions complete"
[1] "elapsed time: 0.632000000000005"
[1] "computing tree strength and correlation"
[1] "strength and correlation complete"
[1] "Evaluating forest 15 of 15"
[1] "training"
[1] "training complete"
[1] "elapsed time: 0.129999999999995"
[1] "computing out-of-bag predictions"
[1] "out-of-bag predictions complete"
[1] "elapsed time: 0.63300000000001"
[1] "computing predictions on test set"
[1] "test set predictions complete"
[1] "elapsed time: 0.621000000000009"
[1] "computing tree strength and correlation"
[1] "strength and correlation complete"
There were 50 or more warnings (use warnings() to see the first 50)
job complete
