My SLURM_ARRAY_TASK_ID:  25
AUC 0.3.0
Type AUCNews() to see the change log and ?AUC to get an overview.
dummies-1.5.6 provided by Decision Patterns

Loading required package: R.oo
Loading required package: R.methodsS3
R.methodsS3 v1.7.1 (2016-02-15) successfully loaded. See ?R.methodsS3 for help.
R.oo v1.21.0 (2016-10-30) successfully loaded. See ?R.oo for help.

Attaching package: ‘R.oo’

The following objects are masked from ‘package:base’:

    attach, detach, gc, load, save

R.utils v2.6.0 (2017-11-04) successfully loaded. See ?R.utils for help.

Attaching package: ‘R.utils’

The following object is masked from ‘package:utils’:

    timestamp

The following objects are masked from ‘package:base’:

    cat, commandArgs, getOption, inherits, isOpen, parse, warnings

[1] "fold 1"
[1] "Evaluating forest 1 of 25"
[1] "training"
[1] "training complete"
[1] "elapsed time: 0.768"
[1] "computing out-of-bag predictions"
[1] "out-of-bag predictions complete"
[1] "elapsed time: 2.204"
[1] "computing predictions on test set"
[1] "test set predictions complete"
[1] "elapsed time: 1.001"
[1] "computing tree strength and correlation"
[1] "strength and correlation complete"
[1] "Evaluating forest 2 of 25"
[1] "training"
[1] "training complete"
[1] "elapsed time: 1.691"
[1] "computing out-of-bag predictions"
[1] "out-of-bag predictions complete"
[1] "elapsed time: 3.407"
[1] "computing predictions on test set"
[1] "test set predictions complete"
[1] "elapsed time: 2.897"
[1] "computing tree strength and correlation"
[1] "strength and correlation complete"
[1] "Evaluating forest 3 of 25"
[1] "training"
[1] "training complete"
[1] "elapsed time: 2.692"
[1] "computing out-of-bag predictions"
[1] "out-of-bag predictions complete"
[1] "elapsed time: 3.629"
[1] "computing predictions on test set"
[1] "test set predictions complete"
[1] "elapsed time: 3.437"
[1] "computing tree strength and correlation"
[1] "strength and correlation complete"
[1] "Evaluating forest 4 of 25"
[1] "training"
[1] "training complete"
[1] "elapsed time: 3.797"
[1] "computing out-of-bag predictions"
[1] "out-of-bag predictions complete"
[1] "elapsed time: 3.123"
[1] "computing predictions on test set"
[1] "test set predictions complete"
[1] "elapsed time: 2.934"
[1] "computing tree strength and correlation"
[1] "strength and correlation complete"
[1] "Evaluating forest 5 of 25"
[1] "training"
[1] "training complete"
[1] "elapsed time: 27.765"
[1] "computing out-of-bag predictions"
[1] "out-of-bag predictions complete"
[1] "elapsed time: 1.851"
[1] "computing predictions on test set"
[1] "test set predictions complete"
[1] "elapsed time: 1.60599999999999"
[1] "computing tree strength and correlation"
[1] "strength and correlation complete"
[1] "Evaluating forest 6 of 25"
[1] "training"
[1] "training complete"
[1] "elapsed time: 1.473"
[1] "computing out-of-bag predictions"
[1] "out-of-bag predictions complete"
[1] "elapsed time: 2.98099999999999"
[1] "computing predictions on test set"
[1] "test set predictions complete"
[1] "elapsed time: 2.79400000000001"
[1] "computing tree strength and correlation"
[1] "strength and correlation complete"
[1] "Evaluating forest 7 of 25"
[1] "training"
[1] "training complete"
[1] "elapsed time: 2.34299999999999"
[1] "computing out-of-bag predictions"
[1] "out-of-bag predictions complete"
[1] "elapsed time: 3.83800000000001"
[1] "computing predictions on test set"
[1] "test set predictions complete"
[1] "elapsed time: 3.14"
[1] "computing tree strength and correlation"
[1] "strength and correlation complete"
[1] "Evaluating forest 8 of 25"
[1] "training"
[1] "training complete"
[1] "elapsed time: 3.202"
[1] "computing out-of-bag predictions"
[1] "out-of-bag predictions complete"
[1] "elapsed time: 3.96899999999999"
[1] "computing predictions on test set"
[1] "test set predictions complete"
[1] "elapsed time: 3.117"
[1] "computing tree strength and correlation"
[1] "strength and correlation complete"
[1] "Evaluating forest 9 of 25"
[1] "training"
[1] "training complete"
[1] "elapsed time: 4.474"
[1] "computing out-of-bag predictions"
[1] "out-of-bag predictions complete"
[1] "elapsed time: 3.268"
[1] "computing predictions on test set"
[1] "test set predictions complete"
[1] "elapsed time: 3.03099999999999"
[1] "computing tree strength and correlation"
[1] "strength and correlation complete"
[1] "Evaluating forest 10 of 25"
[1] "training"
[1] "training complete"
[1] "elapsed time: 35.36"
[1] "computing out-of-bag predictions"
[1] "out-of-bag predictions complete"
[1] "elapsed time: 2.983"
[1] "computing predictions on test set"
[1] "test set predictions complete"
[1] "elapsed time: 2.77699999999999"
[1] "computing tree strength and correlation"
[1] "strength and correlation complete"
[1] "Evaluating forest 11 of 25"
[1] "training"
[1] "training complete"
[1] "elapsed time: 1.71299999999999"
[1] "computing out-of-bag predictions"
[1] "out-of-bag predictions complete"
[1] "elapsed time: 4.059"
[1] "computing predictions on test set"
[1] "test set predictions complete"
[1] "elapsed time: 3.85499999999999"
[1] "computing tree strength and correlation"
[1] "strength and correlation complete"
[1] "Evaluating forest 12 of 25"
[1] "training"
[1] "training complete"
[1] "elapsed time: 2.441"
[1] "computing out-of-bag predictions"
[1] "out-of-bag predictions complete"
[1] "elapsed time: 3.48699999999999"
[1] "computing predictions on test set"
[1] "test set predictions complete"
[1] "elapsed time: 3.262"
[1] "computing tree strength and correlation"
[1] "strength and correlation complete"
[1] "Evaluating forest 13 of 25"
[1] "training"
[1] "training complete"
[1] "elapsed time: 3.28"
[1] "computing out-of-bag predictions"
[1] "out-of-bag predictions complete"
[1] "elapsed time: 3.45500000000001"
[1] "computing predictions on test set"
[1] "test set predictions complete"
[1] "elapsed time: 3.28300000000002"
[1] "computing tree strength and correlation"
[1] "strength and correlation complete"
[1] "Evaluating forest 14 of 25"
[1] "training"
[1] "training complete"
[1] "elapsed time: 4.62100000000001"
[1] "computing out-of-bag predictions"
[1] "out-of-bag predictions complete"
[1] "elapsed time: 3.37199999999999"
[1] "computing predictions on test set"
[1] "test set predictions complete"
[1] "elapsed time: 3.08099999999999"
[1] "computing tree strength and correlation"
[1] "strength and correlation complete"
[1] "Evaluating forest 15 of 25"
[1] "training"
[1] "training complete"
[1] "elapsed time: 37.086"
[1] "computing out-of-bag predictions"
[1] "out-of-bag predictions complete"
[1] "elapsed time: 1.92699999999996"
[1] "computing predictions on test set"
[1] "test set predictions complete"
[1] "elapsed time: 1.69400000000002"
[1] "computing tree strength and correlation"
[1] "strength and correlation complete"
[1] "Evaluating forest 16 of 25"
[1] "training"
[1] "training complete"
[1] "elapsed time: 1.82999999999998"
[1] "computing out-of-bag predictions"
[1] "out-of-bag predictions complete"
[1] "elapsed time: 4.28100000000001"
[1] "computing predictions on test set"
[1] "test set predictions complete"
[1] "elapsed time: 4.02199999999999"
[1] "computing tree strength and correlation"
[1] "strength and correlation complete"
[1] "Evaluating forest 17 of 25"
[1] "training"
[1] "training complete"
[1] "elapsed time: 2.41000000000003"
[1] "computing out-of-bag predictions"
[1] "out-of-bag predictions complete"
[1] "elapsed time: 4.20300000000003"
[1] "computing predictions on test set"
[1] "test set predictions complete"
[1] "elapsed time: 3.91399999999999"
[1] "computing tree strength and correlation"
[1] "strength and correlation complete"
[1] "Evaluating forest 18 of 25"
[1] "training"
[1] "training complete"
[1] "elapsed time: 3.25"
[1] "computing out-of-bag predictions"
[1] "out-of-bag predictions complete"
[1] "elapsed time: 3.51700000000005"
[1] "computing predictions on test set"
[1] "test set predictions complete"
[1] "elapsed time: 3.28699999999998"
[1] "computing tree strength and correlation"
[1] "strength and correlation complete"
[1] "Evaluating forest 19 of 25"
[1] "training"
[1] "training complete"
[1] "elapsed time: 4.60599999999999"
[1] "computing out-of-bag predictions"
[1] "out-of-bag predictions complete"
[1] "elapsed time: 3.47199999999998"
[1] "computing predictions on test set"
[1] "test set predictions complete"
[1] "elapsed time: 3.23399999999998"
[1] "computing tree strength and correlation"
[1] "strength and correlation complete"
[1] "Evaluating forest 20 of 25"
[1] "training"
[1] "training complete"
[1] "elapsed time: 38.015"
[1] "computing out-of-bag predictions"
[1] "out-of-bag predictions complete"
[1] "elapsed time: 2.02699999999999"
[1] "computing predictions on test set"
[1] "test set predictions complete"
[1] "elapsed time: 1.75900000000001"
[1] "computing tree strength and correlation"
[1] "strength and correlation complete"
[1] "Evaluating forest 21 of 25"
[1] "training"
[1] "training complete"
[1] "elapsed time: 1.798"
[1] "computing out-of-bag predictions"
[1] "out-of-bag predictions complete"
[1] "elapsed time: 4.54300000000001"
[1] "computing predictions on test set"
[1] "test set predictions complete"
[1] "elapsed time: 4.255"
[1] "computing tree strength and correlation"
[1] "strength and correlation complete"
[1] "Evaluating forest 22 of 25"
[1] "training"
[1] "training complete"
[1] "elapsed time: 2.38799999999998"
[1] "computing out-of-bag predictions"
[1] "out-of-bag predictions complete"
[1] "elapsed time: 3.65199999999999"
[1] "computing predictions on test set"
[1] "test set predictions complete"
[1] "elapsed time: 3.35300000000001"
[1] "computing tree strength and correlation"
[1] "strength and correlation complete"
[1] "Evaluating forest 23 of 25"
[1] "training"
[1] "training complete"
[1] "elapsed time: 3.18700000000001"
[1] "computing out-of-bag predictions"
[1] "out-of-bag predictions complete"
[1] "elapsed time: 3.45400000000001"
[1] "computing predictions on test set"
[1] "test set predictions complete"
[1] "elapsed time: 3.27699999999999"
[1] "computing tree strength and correlation"
[1] "strength and correlation complete"
[1] "Evaluating forest 24 of 25"
[1] "training"
[1] "training complete"
[1] "elapsed time: 4.548"
[1] "computing out-of-bag predictions"
[1] "out-of-bag predictions complete"
[1] "elapsed time: 2.28800000000001"
[1] "computing predictions on test set"
[1] "test set predictions complete"
[1] "elapsed time: 2.07900000000001"
[1] "computing tree strength and correlation"
[1] "strength and correlation complete"
[1] "Evaluating forest 25 of 25"
[1] "training"
[1] "training complete"
[1] "elapsed time: 38.252"
[1] "computing out-of-bag predictions"
[1] "out-of-bag predictions complete"
[1] "elapsed time: 1.98199999999997"
[1] "computing predictions on test set"
[1] "test set predictions complete"
[1] "elapsed time: 1.76400000000001"
[1] "computing tree strength and correlation"
[1] "strength and correlation complete"
[1] "fold 2"
[1] "Evaluating forest 1 of 25"
[1] "training"
[1] "training complete"
[1] "elapsed time: 0.758999999999958"
[1] "computing out-of-bag predictions"
[1] "out-of-bag predictions complete"
[1] "elapsed time: 1.17200000000003"
[1] "computing predictions on test set"
[1] "test set predictions complete"
[1] "elapsed time: 1.00800000000004"
[1] "computing tree strength and correlation"
[1] "strength and correlation complete"
[1] "Evaluating forest 2 of 25"
[1] "training"
[1] "training complete"
[1] "elapsed time: 1.69900000000001"
[1] "computing out-of-bag predictions"
[1] "out-of-bag predictions complete"
[1] "elapsed time: 2.90899999999999"
[1] "computing predictions on test set"
[1] "test set predictions complete"
[1] "elapsed time: 2.70999999999998"
[1] "computing tree strength and correlation"
[1] "strength and correlation complete"
[1] "Evaluating forest 3 of 25"
[1] "training"
[1] "training complete"
[1] "elapsed time: 2.69099999999997"
[1] "computing out-of-bag predictions"
[1] "out-of-bag predictions complete"
[1] "elapsed time: 3.84800000000001"
[1] "computing predictions on test set"
[1] "test set predictions complete"
[1] "elapsed time: 3.57799999999997"
[1] "computing tree strength and correlation"
[1] "strength and correlation complete"
[1] "Evaluating forest 4 of 25"
[1] "training"
[1] "training complete"
[1] "elapsed time: 3.74000000000001"
[1] "computing out-of-bag predictions"
[1] "out-of-bag predictions complete"
[1] "elapsed time: 3.13400000000001"
[1] "computing predictions on test set"
[1] "test set predictions complete"
[1] "elapsed time: 2.95399999999995"
[1] "computing tree strength and correlation"
[1] "strength and correlation complete"
[1] "Evaluating forest 5 of 25"
[1] "training"
[1] "training complete"
[1] "elapsed time: 27.0119999999999"
[1] "computing out-of-bag predictions"
[1] "out-of-bag predictions complete"
[1] "elapsed time: 3.00500000000011"
[1] "computing predictions on test set"
[1] "test set predictions complete"
[1] "elapsed time: 2.73799999999994"
[1] "computing tree strength and correlation"
[1] "strength and correlation complete"
[1] "Evaluating forest 6 of 25"
[1] "training"
[1] "training complete"
[1] "elapsed time: 1.49400000000003"
[1] "computing out-of-bag predictions"
[1] "out-of-bag predictions complete"
[1] "elapsed time: 3.08699999999999"
[1] "computing predictions on test set"
[1] "test set predictions complete"
[1] "elapsed time: 2.82799999999997"
[1] "computing tree strength and correlation"
[1] "strength and correlation complete"
[1] "Evaluating forest 7 of 25"
[1] "training"
[1] "training complete"
[1] "elapsed time: 2.346"
[1] "computing out-of-bag predictions"
[1] "out-of-bag predictions complete"
[1] "elapsed time: 3.88800000000003"
[1] "computing predictions on test set"
[1] "test set predictions complete"
[1] "elapsed time: 3.76900000000001"
[1] "computing tree strength and correlation"
[1] "strength and correlation complete"
[1] "Evaluating forest 8 of 25"
[1] "training"
[1] "training complete"
[1] "elapsed time: 3.21600000000001"
[1] "computing out-of-bag predictions"
[1] "out-of-bag predictions complete"
[1] "elapsed time: 3.33699999999999"
[1] "computing predictions on test set"
[1] "test set predictions complete"
[1] "elapsed time: 3.08500000000004"
[1] "computing tree strength and correlation"
[1] "strength and correlation complete"
[1] "Evaluating forest 9 of 25"
[1] "training"
[1] "training complete"
[1] "elapsed time: 4.47900000000004"
[1] "computing out-of-bag predictions"
[1] "out-of-bag predictions complete"
[1] "elapsed time: 3.23000000000002"
[1] "computing predictions on test set"
[1] "test set predictions complete"
[1] "elapsed time: 3.00999999999999"
[1] "computing tree strength and correlation"
[1] "strength and correlation complete"
[1] "Evaluating forest 10 of 25"
[1] "training"
[1] "training complete"
[1] "elapsed time: 34.294"
[1] "computing out-of-bag predictions"
[1] "out-of-bag predictions complete"
[1] "elapsed time: 1.86699999999996"
[1] "computing predictions on test set"
[1] "test set predictions complete"
[1] "elapsed time: 1.67600000000004"
[1] "computing tree strength and correlation"
[1] "strength and correlation complete"
[1] "Evaluating forest 11 of 25"
[1] "training"
[1] "training complete"
[1] "elapsed time: 1.74199999999996"
[1] "computing out-of-bag predictions"
[1] "out-of-bag predictions complete"
[1] "elapsed time: 3.428"
[1] "computing predictions on test set"
[1] "test set predictions complete"
[1] "elapsed time: 3.18999999999994"
[1] "computing tree strength and correlation"
[1] "strength and correlation complete"
[1] "Evaluating forest 12 of 25"
[1] "training"
[1] "training complete"
[1] "elapsed time: 2.38599999999997"
[1] "computing out-of-bag predictions"
[1] "out-of-bag predictions complete"
[1] "elapsed time: 4.19100000000003"
[1] "computing predictions on test set"
[1] "test set predictions complete"
[1] "elapsed time: 3.99400000000003"
[1] "computing tree strength and correlation"
[1] "strength and correlation complete"
[1] "Evaluating forest 13 of 25"
[1] "training"
[1] "training complete"
[1] "elapsed time: 3.25300000000004"
[1] "computing out-of-bag predictions"
[1] "out-of-bag predictions complete"
[1] "elapsed time: 3.423"
[1] "computing predictions on test set"
[1] "test set predictions complete"
[1] "elapsed time: 3.23199999999997"
[1] "computing tree strength and correlation"
[1] "strength and correlation complete"
[1] "Evaluating forest 14 of 25"
[1] "training"
[1] "training complete"
[1] "elapsed time: 4.59300000000007"
[1] "computing out-of-bag predictions"
[1] "out-of-bag predictions complete"
[1] "elapsed time: 3.36699999999996"
[1] "computing predictions on test set"
[1] "test set predictions complete"
[1] "elapsed time: 3.12800000000004"
[1] "computing tree strength and correlation"
[1] "strength and correlation complete"
[1] "Evaluating forest 15 of 25"
[1] "training"
[1] "training complete"
[1] "elapsed time: 37.001"
[1] "computing out-of-bag predictions"
[1] "out-of-bag predictions complete"
[1] "elapsed time: 1.90599999999995"
[1] "computing predictions on test set"
[1] "test set predictions complete"
[1] "elapsed time: 1.71799999999996"
[1] "computing tree strength and correlation"
[1] "strength and correlation complete"
[1] "Evaluating forest 16 of 25"
[1] "training"
[1] "training complete"
[1] "elapsed time: 1.80899999999997"
[1] "computing out-of-bag predictions"
[1] "out-of-bag predictions complete"
[1] "elapsed time: 4.33199999999999"
[1] "computing predictions on test set"
[1] "test set predictions complete"
[1] "elapsed time: 4.053"
[1] "computing tree strength and correlation"
[1] "strength and correlation complete"
[1] "Evaluating forest 17 of 25"
[1] "training"
[1] "training complete"
[1] "elapsed time: 2.452"
[1] "computing out-of-bag predictions"
[1] "out-of-bag predictions complete"
[1] "elapsed time: 3.58399999999995"
[1] "computing predictions on test set"
[1] "test set predictions complete"
[1] "elapsed time: 3.35599999999999"
[1] "computing tree strength and correlation"
[1] "strength and correlation complete"
[1] "Evaluating forest 18 of 25"
[1] "training"
[1] "training complete"
[1] "elapsed time: 3.22399999999993"
[1] "computing out-of-bag predictions"
[1] "out-of-bag predictions complete"
[1] "elapsed time: 3.47800000000007"
[1] "computing predictions on test set"
[1] "test set predictions complete"
[1] "elapsed time: 3.25799999999992"
[1] "computing tree strength and correlation"
[1] "strength and correlation complete"
[1] "Evaluating forest 19 of 25"
[1] "training"
[1] "training complete"
[1] "elapsed time: 4.54600000000005"
[1] "computing out-of-bag predictions"
[1] "out-of-bag predictions complete"
[1] "elapsed time: 2.23099999999999"
[1] "computing predictions on test set"
[1] "test set predictions complete"
[1] "elapsed time: 1.995"
[1] "computing tree strength and correlation"
[1] "strength and correlation complete"
[1] "Evaluating forest 20 of 25"
[1] "training"
[1] "training complete"
[1] "elapsed time: 37.604"
[1] "computing out-of-bag predictions"
[1] "out-of-bag predictions complete"
[1] "elapsed time: 1.92600000000004"
[1] "computing predictions on test set"
[1] "test set predictions complete"
[1] "elapsed time: 1.73000000000002"
[1] "computing tree strength and correlation"
[1] "strength and correlation complete"
[1] "Evaluating forest 21 of 25"
[1] "training"
[1] "training complete"
[1] "elapsed time: 1.77500000000009"
[1] "computing out-of-bag predictions"
[1] "out-of-bag predictions complete"
[1] "elapsed time: 4.40499999999997"
[1] "computing predictions on test set"
[1] "test set predictions complete"
[1] "elapsed time: 4.154"
[1] "computing tree strength and correlation"
[1] "strength and correlation complete"
[1] "Evaluating forest 22 of 25"
[1] "training"
[1] "training complete"
[1] "elapsed time: 2.35000000000002"
[1] "computing out-of-bag predictions"
[1] "out-of-bag predictions complete"
[1] "elapsed time: 3.75400000000002"
[1] "computing predictions on test set"
[1] "test set predictions complete"
[1] "elapsed time: 3.49799999999993"
[1] "computing tree strength and correlation"
[1] "strength and correlation complete"
[1] "Evaluating forest 23 of 25"
[1] "training"
[1] "training complete"
[1] "elapsed time: 3.20600000000002"
[1] "computing out-of-bag predictions"
[1] "out-of-bag predictions complete"
[1] "elapsed time: 3.64800000000002"
[1] "computing predictions on test set"
[1] "test set predictions complete"
[1] "elapsed time: 3.43200000000002"
[1] "computing tree strength and correlation"
[1] "strength and correlation complete"
[1] "Evaluating forest 24 of 25"
[1] "training"
[1] "training complete"
[1] "elapsed time: 4.596"
[1] "computing out-of-bag predictions"
[1] "out-of-bag predictions complete"
[1] "elapsed time: 3.42999999999995"
[1] "computing predictions on test set"
[1] "test set predictions complete"
[1] "elapsed time: 3.22000000000003"
[1] "computing tree strength and correlation"
[1] "strength and correlation complete"
[1] "Evaluating forest 25 of 25"
[1] "training"
[1] "training complete"
[1] "elapsed time: 38.0840000000001"
[1] "computing out-of-bag predictions"
[1] "out-of-bag predictions complete"
[1] "elapsed time: 2.03200000000004"
[1] "computing predictions on test set"
[1] "test set predictions complete"
[1] "elapsed time: 1.76799999999992"
[1] "computing tree strength and correlation"
[1] "strength and correlation complete"
[1] "fold 3"
[1] "Evaluating forest 1 of 25"
[1] "training"
[1] "training complete"
[1] "elapsed time: 0.754000000000019"
[1] "computing out-of-bag predictions"
[1] "out-of-bag predictions complete"
[1] "elapsed time: 1.14799999999991"
[1] "computing predictions on test set"
[1] "test set predictions complete"
[1] "elapsed time: 0.998000000000047"
[1] "computing tree strength and correlation"
[1] "strength and correlation complete"
[1] "Evaluating forest 2 of 25"
[1] "training"
[1] "training complete"
[1] "elapsed time: 1.65699999999993"
[1] "computing out-of-bag predictions"
[1] "out-of-bag predictions complete"
[1] "elapsed time: 2.92999999999995"
[1] "computing predictions on test set"
[1] "test set predictions complete"
[1] "elapsed time: 2.70600000000002"
[1] "computing tree strength and correlation"
[1] "strength and correlation complete"
[1] "Evaluating forest 3 of 25"
[1] "training"
[1] "training complete"
[1] "elapsed time: 2.66899999999998"
[1] "computing out-of-bag predictions"
[1] "out-of-bag predictions complete"
[1] "elapsed time: 3.07999999999993"
[1] "computing predictions on test set"
[1] "test set predictions complete"
[1] "elapsed time: 2.91300000000001"
[1] "computing tree strength and correlation"
[1] "strength and correlation complete"
[1] "Evaluating forest 4 of 25"
[1] "training"
[1] "training complete"
[1] "elapsed time: 3.774"
[1] "computing out-of-bag predictions"
[1] "out-of-bag predictions complete"
[1] "elapsed time: 3.73900000000003"
[1] "computing predictions on test set"
[1] "test set predictions complete"
[1] "elapsed time: 2.96199999999999"
[1] "computing tree strength and correlation"
[1] "strength and correlation complete"
[1] "Evaluating forest 5 of 25"
[1] "training"
[1] "training complete"
[1] "elapsed time: 26.563"
[1] "computing out-of-bag predictions"
[1] "out-of-bag predictions complete"
[1] "elapsed time: 3.04900000000009"
[1] "computing predictions on test set"
[1] "test set predictions complete"
[1] "elapsed time: 2.86299999999994"
[1] "computing tree strength and correlation"
[1] "strength and correlation complete"
[1] "Evaluating forest 6 of 25"
[1] "training"
[1] "training complete"
[1] "elapsed time: 1.45500000000004"
[1] "computing out-of-bag predictions"
[1] "out-of-bag predictions complete"
[1] "elapsed time: 3.06899999999996"
[1] "computing predictions on test set"
[1] "test set predictions complete"
[1] "elapsed time: 2.875"
[1] "computing tree strength and correlation"
[1] "strength and correlation complete"
[1] "Evaluating forest 7 of 25"
[1] "training"
[1] "training complete"
[1] "elapsed time: 2.31500000000005"
[1] "computing out-of-bag predictions"
[1] "out-of-bag predictions complete"
[1] "elapsed time: 3.96900000000005"
[1] "computing predictions on test set"
[1] "test set predictions complete"
[1] "elapsed time: 3.72900000000004"
[1] "computing tree strength and correlation"
[1] "strength and correlation complete"
[1] "Evaluating forest 8 of 25"
[1] "training"
[1] "training complete"
[1] "elapsed time: 3.20500000000015"
[1] "computing out-of-bag predictions"
[1] "out-of-bag predictions complete"
[1] "elapsed time: 3.24000000000001"
[1] "computing predictions on test set"
[1] "test set predictions complete"
[1] "elapsed time: 3.09100000000012"
[1] "computing tree strength and correlation"
[1] "strength and correlation complete"
[1] "Evaluating forest 9 of 25"
[1] "training"
[1] "training complete"
[1] "elapsed time: 4.43399999999997"
[1] "computing out-of-bag predictions"
[1] "out-of-bag predictions complete"
[1] "elapsed time: 3.23000000000002"
[1] "computing predictions on test set"
[1] "test set predictions complete"
[1] "elapsed time: 2.96400000000017"
[1] "computing tree strength and correlation"
[1] "strength and correlation complete"
[1] "Evaluating forest 10 of 25"
[1] "training"
[1] "training complete"
[1] "elapsed time: 33.7860000000001"
[1] "computing out-of-bag predictions"
[1] "out-of-bag predictions complete"
[1] "elapsed time: 1.88100000000009"
[1] "computing predictions on test set"
[1] "test set predictions complete"
[1] "elapsed time: 1.64400000000001"
[1] "computing tree strength and correlation"
[1] "strength and correlation complete"
[1] "Evaluating forest 11 of 25"
[1] "training"
[1] "training complete"
[1] "elapsed time: 1.69200000000001"
[1] "computing out-of-bag predictions"
[1] "out-of-bag predictions complete"
[1] "elapsed time: 3.71000000000004"
[1] "computing predictions on test set"
[1] "test set predictions complete"
[1] "elapsed time: 3.20699999999988"
[1] "computing tree strength and correlation"
[1] "strength and correlation complete"
[1] "Evaluating forest 12 of 25"
[1] "training"
[1] "training complete"
[1] "elapsed time: 2.35199999999986"
[1] "computing out-of-bag predictions"
[1] "out-of-bag predictions complete"
[1] "elapsed time: 4.11599999999999"
[1] "computing predictions on test set"
[1] "test set predictions complete"
[1] "elapsed time: 3.86699999999996"
[1] "computing tree strength and correlation"
[1] "strength and correlation complete"
[1] "Evaluating forest 13 of 25"
[1] "training"
[1] "training complete"
[1] "elapsed time: 3.18599999999992"
[1] "computing out-of-bag predictions"
[1] "out-of-bag predictions complete"
[1] "elapsed time: 3.44799999999987"
[1] "computing predictions on test set"
[1] "test set predictions complete"
[1] "elapsed time: 3.1690000000001"
[1] "computing tree strength and correlation"
[1] "strength and correlation complete"
[1] "Evaluating forest 14 of 25"
[1] "training"
[1] "training complete"
[1] "elapsed time: 4.51099999999997"
[1] "computing out-of-bag predictions"
[1] "out-of-bag predictions complete"
[1] "elapsed time: 3.35399999999981"
[1] "computing predictions on test set"
[1] "test set predictions complete"
[1] "elapsed time: 3.13699999999994"
[1] "computing tree strength and correlation"
[1] "strength and correlation complete"
[1] "Evaluating forest 15 of 25"
[1] "training"
[1] "training complete"
[1] "elapsed time: 36.3420000000001"
[1] "computing out-of-bag predictions"
[1] "out-of-bag predictions complete"
[1] "elapsed time: 1.94299999999998"
[1] "computing predictions on test set"
[1] "test set predictions complete"
[1] "elapsed time: 1.69599999999991"
[1] "computing tree strength and correlation"
[1] "strength and correlation complete"
[1] "Evaluating forest 16 of 25"
[1] "training"
[1] "training complete"
[1] "elapsed time: 1.72899999999981"
[1] "computing out-of-bag predictions"
[1] "out-of-bag predictions complete"
[1] "elapsed time: 4.32900000000018"
[1] "computing predictions on test set"
[1] "test set predictions complete"
[1] "elapsed time: 4.07300000000009"
[1] "computing tree strength and correlation"
[1] "strength and correlation complete"
[1] "Evaluating forest 17 of 25"
[1] "training"
[1] "training complete"
[1] "elapsed time: 2.37400000000002"
[1] "computing out-of-bag predictions"
[1] "out-of-bag predictions complete"
[1] "elapsed time: 3.50300000000016"
[1] "computing predictions on test set"
[1] "test set predictions complete"
[1] "elapsed time: 3.28800000000001"
[1] "computing tree strength and correlation"
[1] "strength and correlation complete"
[1] "Evaluating forest 18 of 25"
[1] "training"
[1] "training complete"
[1] "elapsed time: 3.19900000000007"
[1] "computing out-of-bag predictions"
[1] "out-of-bag predictions complete"
[1] "elapsed time: 3.49399999999991"
[1] "computing predictions on test set"
[1] "test set predictions complete"
[1] "elapsed time: 3.29899999999998"
[1] "computing tree strength and correlation"
[1] "strength and correlation complete"
[1] "Evaluating forest 19 of 25"
[1] "training"
[1] "training complete"
[1] "elapsed time: 4.52299999999991"
[1] "computing out-of-bag predictions"
[1] "out-of-bag predictions complete"
[1] "elapsed time: 3.30400000000009"
[1] "computing predictions on test set"
[1] "test set predictions complete"
[1] "elapsed time: 3.10300000000007"
[1] "computing tree strength and correlation"
[1] "strength and correlation complete"
[1] "Evaluating forest 20 of 25"
[1] "training"
[1] "training complete"
[1] "elapsed time: 37.4460000000001"
[1] "computing out-of-bag predictions"
[1] "out-of-bag predictions complete"
[1] "elapsed time: 1.93499999999995"
[1] "computing predictions on test set"
[1] "test set predictions complete"
[1] "elapsed time: 1.66799999999989"
[1] "computing tree strength and correlation"
[1] "strength and correlation complete"
[1] "Evaluating forest 21 of 25"
[1] "training"
[1] "training complete"
[1] "elapsed time: 1.82400000000007"
[1] "computing out-of-bag predictions"
[1] "out-of-bag predictions complete"
[1] "elapsed time: 4.39799999999991"
[1] "computing predictions on test set"
[1] "test set predictions complete"
[1] "elapsed time: 4.10899999999992"
[1] "computing tree strength and correlation"
[1] "strength and correlation complete"
[1] "Evaluating forest 22 of 25"
[1] "training"
[1] "training complete"
[1] "elapsed time: 2.39799999999991"
[1] "computing out-of-bag predictions"
[1] "out-of-bag predictions complete"
[1] "elapsed time: 3.64300000000003"
[1] "computing predictions on test set"
[1] "test set predictions complete"
[1] "elapsed time: 3.33899999999994"
[1] "computing tree strength and correlation"
[1] "strength and correlation complete"
[1] "Evaluating forest 23 of 25"
[1] "training"
[1] "training complete"
[1] "elapsed time: 3.13699999999994"
[1] "computing out-of-bag predictions"
[1] "out-of-bag predictions complete"
[1] "elapsed time: 2.36500000000001"
[1] "computing predictions on test set"
[1] "test set predictions complete"
[1] "elapsed time: 2.11999999999989"
[1] "computing tree strength and correlation"
[1] "strength and correlation complete"
[1] "Evaluating forest 24 of 25"
[1] "training"
[1] "training complete"
[1] "elapsed time: 4.49000000000001"
[1] "computing out-of-bag predictions"
[1] "out-of-bag predictions complete"
[1] "elapsed time: 2.25"
[1] "computing predictions on test set"
[1] "test set predictions complete"
[1] "elapsed time: 2.0179999999998"
[1] "computing tree strength and correlation"
[1] "strength and correlation complete"
[1] "Evaluating forest 25 of 25"
[1] "training"
[1] "training complete"
[1] "elapsed time: 37.319"
[1] "computing out-of-bag predictions"
[1] "out-of-bag predictions complete"
[1] "elapsed time: 1.96000000000004"
[1] "computing predictions on test set"
[1] "test set predictions complete"
[1] "elapsed time: 1.75999999999999"
[1] "computing tree strength and correlation"
[1] "strength and correlation complete"
[1] "fold 4"
[1] "Evaluating forest 1 of 25"
[1] "training"
[1] "training complete"
[1] "elapsed time: 0.760999999999967"
[1] "computing out-of-bag predictions"
[1] "out-of-bag predictions complete"
[1] "elapsed time: 1.13900000000012"
[1] "computing predictions on test set"
[1] "test set predictions complete"
[1] "elapsed time: 0.982999999999947"
[1] "computing tree strength and correlation"
[1] "strength and correlation complete"
[1] "Evaluating forest 2 of 25"
[1] "training"
[1] "training complete"
[1] "elapsed time: 1.67200000000003"
[1] "computing out-of-bag predictions"
[1] "out-of-bag predictions complete"
[1] "elapsed time: 2.83999999999992"
[1] "computing predictions on test set"
[1] "test set predictions complete"
[1] "elapsed time: 2.66699999999992"
[1] "computing tree strength and correlation"
[1] "strength and correlation complete"
[1] "Evaluating forest 3 of 25"
[1] "training"
[1] "training complete"
[1] "elapsed time: 2.64899999999989"
[1] "computing out-of-bag predictions"
[1] "out-of-bag predictions complete"
[1] "elapsed time: 3.69500000000016"
[1] "computing predictions on test set"
[1] "test set predictions complete"
[1] "elapsed time: 3.42600000000016"
[1] "computing tree strength and correlation"
[1] "strength and correlation complete"
[1] "Evaluating forest 4 of 25"
[1] "training"
[1] "training complete"
[1] "elapsed time: 3.7679999999998"
[1] "computing out-of-bag predictions"
[1] "out-of-bag predictions complete"
[1] "elapsed time: 3.22500000000014"
[1] "computing predictions on test set"
[1] "test set predictions complete"
[1] "elapsed time: 3.01400000000012"
[1] "computing tree strength and correlation"
[1] "strength and correlation complete"
[1] "Evaluating forest 5 of 25"
[1] "training"
[1] "training complete"
[1] "elapsed time: 27.0170000000001"
[1] "computing out-of-bag predictions"
[1] "out-of-bag predictions complete"
[1] "elapsed time: 1.798"
[1] "computing predictions on test set"
[1] "test set predictions complete"
[1] "elapsed time: 1.64699999999993"
[1] "computing tree strength and correlation"
[1] "strength and correlation complete"
[1] "Evaluating forest 6 of 25"
[1] "training"
[1] "training complete"
[1] "elapsed time: 1.50099999999998"
[1] "computing out-of-bag predictions"
[1] "out-of-bag predictions complete"
[1] "elapsed time: 1.87599999999998"
[1] "computing predictions on test set"
[1] "test set predictions complete"
[1] "elapsed time: 1.64400000000001"
[1] "computing tree strength and correlation"
[1] "strength and correlation complete"
[1] "Evaluating forest 7 of 25"
[1] "training"
[1] "training complete"
[1] "elapsed time: 2.35599999999999"
[1] "computing out-of-bag predictions"
[1] "out-of-bag predictions complete"
[1] "elapsed time: 3.26199999999994"
[1] "computing predictions on test set"
[1] "test set predictions complete"
[1] "elapsed time: 3.01800000000003"
[1] "computing tree strength and correlation"
[1] "strength and correlation complete"
[1] "Evaluating forest 8 of 25"
[1] "training"
[1] "training complete"
[1] "elapsed time: 3.19700000000012"
[1] "computing out-of-bag predictions"
[1] "out-of-bag predictions complete"
[1] "elapsed time: 3.35599999999999"
[1] "computing predictions on test set"
[1] "test set predictions complete"
[1] "elapsed time: 3.09500000000003"
[1] "computing tree strength and correlation"
[1] "strength and correlation complete"
[1] "Evaluating forest 9 of 25"
[1] "training"
[1] "training complete"
[1] "elapsed time: 4.47000000000003"
[1] "computing out-of-bag predictions"
[1] "out-of-bag predictions complete"
[1] "elapsed time: 3.21500000000015"
[1] "computing predictions on test set"
[1] "test set predictions complete"
[1] "elapsed time: 3.03899999999999"
[1] "computing tree strength and correlation"
[1] "strength and correlation complete"
[1] "Evaluating forest 10 of 25"
[1] "training"
[1] "training complete"
[1] "elapsed time: 34.443"
[1] "computing out-of-bag predictions"
[1] "out-of-bag predictions complete"
[1] "elapsed time: 1.88300000000004"
[1] "computing predictions on test set"
[1] "test set predictions complete"
[1] "elapsed time: 1.70399999999995"
[1] "computing tree strength and correlation"
[1] "strength and correlation complete"
[1] "Evaluating forest 11 of 25"
[1] "training"
[1] "training complete"
[1] "elapsed time: 1.71500000000015"
[1] "computing out-of-bag predictions"
[1] "out-of-bag predictions complete"
[1] "elapsed time: 4.06499999999983"
[1] "computing predictions on test set"
[1] "test set predictions complete"
[1] "elapsed time: 3.81500000000005"
[1] "computing tree strength and correlation"
[1] "strength and correlation complete"
[1] "Evaluating forest 12 of 25"
[1] "training"
[1] "training complete"
[1] "elapsed time: 2.46499999999992"
[1] "computing out-of-bag predictions"
[1] "out-of-bag predictions complete"
[1] "elapsed time: 3.50700000000006"
[1] "computing predictions on test set"
[1] "test set predictions complete"
[1] "elapsed time: 3.31700000000001"
[1] "computing tree strength and correlation"
[1] "strength and correlation complete"
[1] "Evaluating forest 13 of 25"
[1] "training"
[1] "training complete"
[1] "elapsed time: 3.23599999999988"
[1] "computing out-of-bag predictions"
[1] "out-of-bag predictions complete"
[1] "elapsed time: 3.42800000000011"
[1] "computing predictions on test set"
[1] "test set predictions complete"
[1] "elapsed time: 3.12799999999993"
[1] "computing tree strength and correlation"
[1] "strength and correlation complete"
[1] "Evaluating forest 14 of 25"
[1] "training"
[1] "training complete"
[1] "elapsed time: 4.56500000000005"
[1] "computing out-of-bag predictions"
[1] "out-of-bag predictions complete"
[1] "elapsed time: 3.28899999999999"
[1] "computing predictions on test set"
[1] "test set predictions complete"
[1] "elapsed time: 3.09900000000016"
[1] "computing tree strength and correlation"
[1] "strength and correlation complete"
[1] "Evaluating forest 15 of 25"
[1] "training"
[1] "training complete"
[1] "elapsed time: 37.8050000000001"
[1] "computing out-of-bag predictions"
[1] "out-of-bag predictions complete"
[1] "elapsed time: 1.91699999999992"
[1] "computing predictions on test set"
[1] "test set predictions complete"
[1] "elapsed time: 1.64700000000016"
[1] "computing tree strength and correlation"
[1] "strength and correlation complete"
[1] "Evaluating forest 16 of 25"
[1] "training"
[1] "training complete"
[1] "elapsed time: 1.7829999999999"
[1] "computing out-of-bag predictions"
[1] "out-of-bag predictions complete"
[1] "elapsed time: 4.23900000000003"
[1] "computing predictions on test set"
[1] "test set predictions complete"
[1] "elapsed time: 4.10499999999979"
[1] "computing tree strength and correlation"
[1] "strength and correlation complete"
[1] "Evaluating forest 17 of 25"
[1] "training"
[1] "training complete"
[1] "elapsed time: 2.40300000000002"
[1] "computing out-of-bag predictions"
[1] "out-of-bag predictions complete"
[1] "elapsed time: 4.2360000000001"
[1] "computing predictions on test set"
[1] "test set predictions complete"
[1] "elapsed time: 3.904"
[1] "computing tree strength and correlation"
[1] "strength and correlation complete"
[1] "Evaluating forest 18 of 25"
[1] "training"
[1] "training complete"
[1] "elapsed time: 3.17399999999998"
[1] "computing out-of-bag predictions"
[1] "out-of-bag predictions complete"
[1] "elapsed time: 3.58299999999986"
[1] "computing predictions on test set"
[1] "test set predictions complete"
[1] "elapsed time: 3.34999999999991"
[1] "computing tree strength and correlation"
[1] "strength and correlation complete"
[1] "Evaluating forest 19 of 25"
[1] "training"
[1] "training complete"
[1] "elapsed time: 4.60900000000015"
[1] "computing out-of-bag predictions"
[1] "out-of-bag predictions complete"
[1] "elapsed time: 3.44299999999998"
[1] "computing predictions on test set"
[1] "test set predictions complete"
[1] "elapsed time: 3.22199999999998"
[1] "computing tree strength and correlation"
[1] "strength and correlation complete"
[1] "Evaluating forest 20 of 25"
[1] "training"
[1] "training complete"
[1] "elapsed time: 37.3790000000001"
[1] "computing out-of-bag predictions"
[1] "out-of-bag predictions complete"
[1] "elapsed time: 1.97399999999993"
[1] "computing predictions on test set"
[1] "test set predictions complete"
[1] "elapsed time: 1.75"
[1] "computing tree strength and correlation"
[1] "strength and correlation complete"
[1] "Evaluating forest 21 of 25"
[1] "training"
[1] "training complete"
[1] "elapsed time: 1.80400000000009"
[1] "computing out-of-bag predictions"
[1] "out-of-bag predictions complete"
[1] "elapsed time: 4.4409999999998"
[1] "computing predictions on test set"
[1] "test set predictions complete"
[1] "elapsed time: 4.173"
[1] "computing tree strength and correlation"
[1] "strength and correlation complete"
[1] "Evaluating forest 22 of 25"
[1] "training"
[1] "training complete"
[1] "elapsed time: 2.45000000000005"
[1] "computing out-of-bag predictions"
[1] "out-of-bag predictions complete"
[1] "elapsed time: 3.60799999999995"
[1] "computing predictions on test set"
[1] "test set predictions complete"
[1] "elapsed time: 3.346"
[1] "computing tree strength and correlation"
[1] "strength and correlation complete"
[1] "Evaluating forest 23 of 25"
[1] "training"
[1] "training complete"
[1] "elapsed time: 3.16100000000006"
[1] "computing out-of-bag predictions"
[1] "out-of-bag predictions complete"
[1] "elapsed time: 3.56299999999987"
[1] "computing predictions on test set"
[1] "test set predictions complete"
[1] "elapsed time: 3.33199999999988"
[1] "computing tree strength and correlation"
[1] "strength and correlation complete"
[1] "Evaluating forest 24 of 25"
[1] "training"
[1] "training complete"
[1] "elapsed time: 4.52199999999993"
[1] "computing out-of-bag predictions"
[1] "out-of-bag predictions complete"
[1] "elapsed time: 2.36500000000001"
[1] "computing predictions on test set"
[1] "test set predictions complete"
[1] "elapsed time: 2.08500000000004"
[1] "computing tree strength and correlation"
[1] "strength and correlation complete"
[1] "Evaluating forest 25 of 25"
[1] "training"
[1] "training complete"
[1] "elapsed time: 37.7570000000001"
[1] "computing out-of-bag predictions"
[1] "out-of-bag predictions complete"
[1] "elapsed time: 1.99500000000012"
[1] "computing predictions on test set"
[1] "test set predictions complete"
[1] "elapsed time: 1.79600000000005"
[1] "computing tree strength and correlation"
[1] "strength and correlation complete"
[1] "fold 5"
[1] "Evaluating forest 1 of 25"
[1] "training"
[1] "training complete"
[1] "elapsed time: 0.731999999999971"
[1] "computing out-of-bag predictions"
[1] "out-of-bag predictions complete"
[1] "elapsed time: 1.13200000000006"
[1] "computing predictions on test set"
[1] "test set predictions complete"
[1] "elapsed time: 1.00299999999993"
[1] "computing tree strength and correlation"
[1] "strength and correlation complete"
[1] "Evaluating forest 2 of 25"
[1] "training"
[1] "training complete"
[1] "elapsed time: 1.6840000000002"
[1] "computing out-of-bag predictions"
[1] "out-of-bag predictions complete"
[1] "elapsed time: 2.89399999999978"
[1] "computing predictions on test set"
[1] "test set predictions complete"
[1] "elapsed time: 2.70000000000005"
[1] "computing tree strength and correlation"
[1] "strength and correlation complete"
[1] "Evaluating forest 3 of 25"
[1] "training"
[1] "training complete"
[1] "elapsed time: 2.60400000000004"
[1] "computing out-of-bag predictions"
[1] "out-of-bag predictions complete"
[1] "elapsed time: 3.80000000000018"
[1] "computing predictions on test set"
[1] "test set predictions complete"
[1] "elapsed time: 3.577"
[1] "computing tree strength and correlation"
[1] "strength and correlation complete"
[1] "Evaluating forest 4 of 25"
[1] "training"
[1] "training complete"
[1] "elapsed time: 3.73299999999995"
[1] "computing out-of-bag predictions"
[1] "out-of-bag predictions complete"
[1] "elapsed time: 3.09999999999991"
[1] "computing predictions on test set"
[1] "test set predictions complete"
[1] "elapsed time: 2.96399999999994"
[1] "computing tree strength and correlation"
[1] "strength and correlation complete"
[1] "Evaluating forest 5 of 25"
[1] "training"
[1] "training complete"
[1] "elapsed time: 27.0909999999999"
[1] "computing out-of-bag predictions"
[1] "out-of-bag predictions complete"
[1] "elapsed time: 2.94100000000003"
[1] "computing predictions on test set"
[1] "test set predictions complete"
[1] "elapsed time: 2.80899999999997"
[1] "computing tree strength and correlation"
[1] "strength and correlation complete"
[1] "Evaluating forest 6 of 25"
[1] "training"
[1] "training complete"
[1] "elapsed time: 1.53500000000008"
[1] "computing out-of-bag predictions"
[1] "out-of-bag predictions complete"
[1] "elapsed time: 3.01199999999994"
[1] "computing predictions on test set"
[1] "test set predictions complete"
[1] "elapsed time: 2.77999999999997"
[1] "computing tree strength and correlation"
[1] "strength and correlation complete"
[1] "Evaluating forest 7 of 25"
[1] "training"
[1] "training complete"
[1] "elapsed time: 2.32400000000007"
[1] "computing out-of-bag predictions"
[1] "out-of-bag predictions complete"
[1] "elapsed time: 3.92399999999998"
[1] "computing predictions on test set"
[1] "test set predictions complete"
[1] "elapsed time: 3.73700000000008"
[1] "computing tree strength and correlation"
[1] "strength and correlation complete"
[1] "Evaluating forest 8 of 25"
[1] "training"
[1] "training complete"
[1] "elapsed time: 3.16699999999992"
[1] "computing out-of-bag predictions"
[1] "out-of-bag predictions complete"
[1] "elapsed time: 3.93399999999997"
[1] "computing predictions on test set"
[1] "test set predictions complete"
[1] "elapsed time: 3.72700000000009"
[1] "computing tree strength and correlation"
[1] "strength and correlation complete"
[1] "Evaluating forest 9 of 25"
[1] "training"
[1] "training complete"
[1] "elapsed time: 4.44999999999982"
[1] "computing out-of-bag predictions"
[1] "out-of-bag predictions complete"
[1] "elapsed time: 3.58200000000011"
[1] "computing predictions on test set"
[1] "test set predictions complete"
[1] "elapsed time: 3.02800000000002"
[1] "computing tree strength and correlation"
[1] "strength and correlation complete"
[1] "Evaluating forest 10 of 25"
[1] "training"
[1] "training complete"
[1] "elapsed time: 34.4950000000001"
[1] "computing out-of-bag predictions"
[1] "out-of-bag predictions complete"
[1] "elapsed time: 3.03099999999995"
[1] "computing predictions on test set"
[1] "test set predictions complete"
[1] "elapsed time: 2.8449999999998"
[1] "computing tree strength and correlation"
[1] "strength and correlation complete"
[1] "Evaluating forest 11 of 25"
[1] "training"
[1] "training complete"
[1] "elapsed time: 1.72400000000016"
[1] "computing out-of-bag predictions"
[1] "out-of-bag predictions complete"
[1] "elapsed time: 4.14300000000003"
[1] "computing predictions on test set"
[1] "test set predictions complete"
[1] "elapsed time: 3.91000000000008"
[1] "computing tree strength and correlation"
[1] "strength and correlation complete"
[1] "Evaluating forest 12 of 25"
[1] "training"
[1] "training complete"
[1] "elapsed time: 2.40300000000002"
[1] "computing out-of-bag predictions"
[1] "out-of-bag predictions complete"
[1] "elapsed time: 3.45999999999981"
[1] "computing predictions on test set"
[1] "test set predictions complete"
[1] "elapsed time: 3.2639999999999"
[1] "computing tree strength and correlation"
[1] "strength and correlation complete"
[1] "Evaluating forest 13 of 25"
[1] "training"
[1] "training complete"
[1] "elapsed time: 3.20899999999983"
[1] "computing out-of-bag predictions"
[1] "out-of-bag predictions complete"
[1] "elapsed time: 3.42800000000034"
[1] "computing predictions on test set"
[1] "test set predictions complete"
[1] "elapsed time: 3.23000000000002"
[1] "computing tree strength and correlation"
[1] "strength and correlation complete"
[1] "Evaluating forest 14 of 25"
[1] "training"
[1] "training complete"
[1] "elapsed time: 4.58300000000008"
[1] "computing out-of-bag predictions"
[1] "out-of-bag predictions complete"
[1] "elapsed time: 3.26499999999987"
[1] "computing predictions on test set"
[1] "test set predictions complete"
[1] "elapsed time: 3.0010000000002"
[1] "computing tree strength and correlation"
[1] "strength and correlation complete"
[1] "Evaluating forest 15 of 25"
[1] "training"
[1] "training complete"
[1] "elapsed time: 36.6030000000001"
[1] "computing out-of-bag predictions"
[1] "out-of-bag predictions complete"
[1] "elapsed time: 1.88899999999967"
[1] "computing predictions on test set"
[1] "test set predictions complete"
[1] "elapsed time: 1.69699999999966"
[1] "computing tree strength and correlation"
[1] "strength and correlation complete"
[1] "Evaluating forest 16 of 25"
[1] "training"
[1] "training complete"
[1] "elapsed time: 1.78300000000036"
[1] "computing out-of-bag predictions"
[1] "out-of-bag predictions complete"
[1] "elapsed time: 4.3119999999999"
[1] "computing predictions on test set"
[1] "test set predictions complete"
[1] "elapsed time: 4.02500000000009"
[1] "computing tree strength and correlation"
[1] "strength and correlation complete"
[1] "Evaluating forest 17 of 25"
[1] "training"
[1] "training complete"
[1] "elapsed time: 2.40000000000009"
[1] "computing out-of-bag predictions"
[1] "out-of-bag predictions complete"
[1] "elapsed time: 4.18899999999985"
[1] "computing predictions on test set"
[1] "test set predictions complete"
[1] "elapsed time: 3.96900000000005"
[1] "computing tree strength and correlation"
[1] "strength and correlation complete"
[1] "Evaluating forest 18 of 25"
[1] "training"
[1] "training complete"
[1] "elapsed time: 3.13599999999997"
[1] "computing out-of-bag predictions"
[1] "out-of-bag predictions complete"
[1] "elapsed time: 3.5319999999997"
[1] "computing predictions on test set"
[1] "test set predictions complete"
[1] "elapsed time: 3.34400000000005"
[1] "computing tree strength and correlation"
[1] "strength and correlation complete"
[1] "Evaluating forest 19 of 25"
[1] "training"
[1] "training complete"
[1] "elapsed time: 4.49299999999994"
[1] "computing out-of-bag predictions"
[1] "out-of-bag predictions complete"
[1] "elapsed time: 3.42900000000009"
[1] "computing predictions on test set"
[1] "test set predictions complete"
[1] "elapsed time: 3.26099999999997"
[1] "computing tree strength and correlation"
[1] "strength and correlation complete"
[1] "Evaluating forest 20 of 25"
[1] "training"
[1] "training complete"
[1] "elapsed time: 37.127"
[1] "computing out-of-bag predictions"
[1] "out-of-bag predictions complete"
[1] "elapsed time: 1.98499999999967"
[1] "computing predictions on test set"
[1] "test set predictions complete"
[1] "elapsed time: 1.77599999999984"
[1] "computing tree strength and correlation"
[1] "strength and correlation complete"
[1] "Evaluating forest 21 of 25"
[1] "training"
[1] "training complete"
[1] "elapsed time: 1.75700000000006"
[1] "computing out-of-bag predictions"
[1] "out-of-bag predictions complete"
[1] "elapsed time: 4.46699999999964"
[1] "computing predictions on test set"
[1] "test set predictions complete"
[1] "elapsed time: 4.18100000000004"
[1] "computing tree strength and correlation"
[1] "strength and correlation complete"
[1] "Evaluating forest 22 of 25"
[1] "training"
[1] "training complete"
[1] "elapsed time: 2.36500000000024"
[1] "computing out-of-bag predictions"
[1] "out-of-bag predictions complete"
[1] "elapsed time: 3.64300000000003"
[1] "computing predictions on test set"
[1] "test set predictions complete"
[1] "elapsed time: 3.4340000000002"
[1] "computing tree strength and correlation"
[1] "strength and correlation complete"
[1] "Evaluating forest 23 of 25"
[1] "training"
[1] "training complete"
[1] "elapsed time: 3.13999999999987"
[1] "computing out-of-bag predictions"
[1] "out-of-bag predictions complete"
[1] "elapsed time: 3.50300000000016"
[1] "computing predictions on test set"
[1] "test set predictions complete"
[1] "elapsed time: 3.27799999999979"
[1] "computing tree strength and correlation"
[1] "strength and correlation complete"
[1] "Evaluating forest 24 of 25"
[1] "training"
[1] "training complete"
[1] "elapsed time: 4.5329999999999"
[1] "computing out-of-bag predictions"
[1] "out-of-bag predictions complete"
[1] "elapsed time: 2.64100000000008"
[1] "computing predictions on test set"
[1] "test set predictions complete"
[1] "elapsed time: 2.29899999999998"
[1] "computing tree strength and correlation"
[1] "strength and correlation complete"
[1] "Evaluating forest 25 of 25"
[1] "training"
[1] "training complete"
[1] "elapsed time: 37.7070000000003"
[1] "computing out-of-bag predictions"
[1] "out-of-bag predictions complete"
[1] "elapsed time: 1.98399999999992"
[1] "computing predictions on test set"
[1] "test set predictions complete"
[1] "elapsed time: 1.75399999999991"
[1] "computing tree strength and correlation"
[1] "strength and correlation complete"
job complete
