My SLURM_ARRAY_TASK_ID:  36
AUC 0.3.0
Type AUCNews() to see the change log and ?AUC to get an overview.
dummies-1.5.6 provided by Decision Patterns

Loading required package: R.oo
Loading required package: R.methodsS3
R.methodsS3 v1.7.1 (2016-02-15) successfully loaded. See ?R.methodsS3 for help.
R.oo v1.21.0 (2016-10-30) successfully loaded. See ?R.oo for help.

Attaching package: ‘R.oo’

The following objects are masked from ‘package:base’:

    attach, detach, gc, load, save

R.utils v2.6.0 (2017-11-04) successfully loaded. See ?R.utils for help.

Attaching package: ‘R.utils’

The following object is masked from ‘package:utils’:

    timestamp

The following objects are masked from ‘package:base’:

    cat, commandArgs, getOption, inherits, isOpen, parse, warnings

[1] "fold 1"
[1] "Evaluating forest 1 of 25"
[1] "training"
[1] "training complete"
[1] "elapsed time: 0.299"
[1] "computing out-of-bag predictions"
[1] "out-of-bag predictions complete"
[1] "elapsed time: 0.847"
[1] "computing predictions on test set"
[1] "test set predictions complete"
[1] "elapsed time: 0.757"
[1] "computing tree strength and correlation"
[1] "strength and correlation complete"
[1] "Evaluating forest 2 of 25"
[1] "training"
[1] "training complete"
[1] "elapsed time: 0.371"
[1] "computing out-of-bag predictions"
[1] "out-of-bag predictions complete"
[1] "elapsed time: 0.848"
[1] "computing predictions on test set"
[1] "test set predictions complete"
[1] "elapsed time: 0.825"
[1] "computing tree strength and correlation"
[1] "strength and correlation complete"
[1] "Evaluating forest 3 of 25"
[1] "training"
[1] "training complete"
[1] "elapsed time: 0.491"
[1] "computing out-of-bag predictions"
[1] "out-of-bag predictions complete"
[1] "elapsed time: 0.808"
[1] "computing predictions on test set"
[1] "test set predictions complete"
[1] "elapsed time: 0.766000000000001"
[1] "computing tree strength and correlation"
[1] "strength and correlation complete"
[1] "Evaluating forest 4 of 25"
[1] "training"
[1] "training complete"
[1] "elapsed time: 0.677"
[1] "computing out-of-bag predictions"
[1] "out-of-bag predictions complete"
[1] "elapsed time: 0.821"
[1] "computing predictions on test set"
[1] "test set predictions complete"
[1] "elapsed time: 0.792999999999999"
[1] "computing tree strength and correlation"
[1] "strength and correlation complete"
[1] "Evaluating forest 5 of 25"
[1] "training"
[1] "training complete"
[1] "elapsed time: 6.926"
[1] "computing out-of-bag predictions"
[1] "out-of-bag predictions complete"
[1] "elapsed time: 0.760000000000002"
[1] "computing predictions on test set"
[1] "test set predictions complete"
[1] "elapsed time: 0.719999999999999"
[1] "computing tree strength and correlation"
[1] "strength and correlation complete"
[1] "Evaluating forest 6 of 25"
[1] "training"
[1] "training complete"
[1] "elapsed time: 0.368000000000002"
[1] "computing out-of-bag predictions"
[1] "out-of-bag predictions complete"
[1] "elapsed time: 0.886000000000003"
[1] "computing predictions on test set"
[1] "test set predictions complete"
[1] "elapsed time: 0.846"
[1] "computing tree strength and correlation"
[1] "strength and correlation complete"
[1] "Evaluating forest 7 of 25"
[1] "training"
[1] "training complete"
[1] "elapsed time: 0.411999999999999"
[1] "computing out-of-bag predictions"
[1] "out-of-bag predictions complete"
[1] "elapsed time: 0.850000000000001"
[1] "computing predictions on test set"
[1] "test set predictions complete"
[1] "elapsed time: 0.809000000000001"
[1] "computing tree strength and correlation"
[1] "strength and correlation complete"
[1] "Evaluating forest 8 of 25"
[1] "training"
[1] "training complete"
[1] "elapsed time: 0.564"
[1] "computing out-of-bag predictions"
[1] "out-of-bag predictions complete"
[1] "elapsed time: 0.841000000000001"
[1] "computing predictions on test set"
[1] "test set predictions complete"
[1] "elapsed time: 0.807000000000002"
[1] "computing tree strength and correlation"
[1] "strength and correlation complete"
[1] "Evaluating forest 9 of 25"
[1] "training"
[1] "training complete"
[1] "elapsed time: 0.858999999999998"
[1] "computing out-of-bag predictions"
[1] "out-of-bag predictions complete"
[1] "elapsed time: 0.782000000000004"
[1] "computing predictions on test set"
[1] "test set predictions complete"
[1] "elapsed time: 0.736999999999995"
[1] "computing tree strength and correlation"
[1] "strength and correlation complete"
[1] "Evaluating forest 10 of 25"
[1] "training"
[1] "training complete"
[1] "elapsed time: 8.779"
[1] "computing out-of-bag predictions"
[1] "out-of-bag predictions complete"
[1] "elapsed time: 0.792999999999999"
[1] "computing predictions on test set"
[1] "test set predictions complete"
[1] "elapsed time: 0.75"
[1] "computing tree strength and correlation"
[1] "strength and correlation complete"
[1] "Evaluating forest 11 of 25"
[1] "training"
[1] "training complete"
[1] "elapsed time: 0.348999999999997"
[1] "computing out-of-bag predictions"
[1] "out-of-bag predictions complete"
[1] "elapsed time: 0.887999999999998"
[1] "computing predictions on test set"
[1] "test set predictions complete"
[1] "elapsed time: 0.827999999999996"
[1] "computing tree strength and correlation"
[1] "strength and correlation complete"
[1] "Evaluating forest 12 of 25"
[1] "training"
[1] "training complete"
[1] "elapsed time: 0.407000000000004"
[1] "computing out-of-bag predictions"
[1] "out-of-bag predictions complete"
[1] "elapsed time: 0.881"
[1] "computing predictions on test set"
[1] "test set predictions complete"
[1] "elapsed time: 0.823999999999998"
[1] "computing tree strength and correlation"
[1] "strength and correlation complete"
[1] "Evaluating forest 13 of 25"
[1] "training"
[1] "training complete"
[1] "elapsed time: 0.578000000000003"
[1] "computing out-of-bag predictions"
[1] "out-of-bag predictions complete"
[1] "elapsed time: 0.835999999999999"
[1] "computing predictions on test set"
[1] "test set predictions complete"
[1] "elapsed time: 0.799999999999997"
[1] "computing tree strength and correlation"
[1] "strength and correlation complete"
[1] "Evaluating forest 14 of 25"
[1] "training"
[1] "training complete"
[1] "elapsed time: 0.824999999999996"
[1] "computing out-of-bag predictions"
[1] "out-of-bag predictions complete"
[1] "elapsed time: 0.844000000000001"
[1] "computing predictions on test set"
[1] "test set predictions complete"
[1] "elapsed time: 0.799999999999997"
[1] "computing tree strength and correlation"
[1] "strength and correlation complete"
[1] "Evaluating forest 15 of 25"
[1] "training"
[1] "training complete"
[1] "elapsed time: 9.453"
[1] "computing out-of-bag predictions"
[1] "out-of-bag predictions complete"
[1] "elapsed time: 0.780000000000001"
[1] "computing predictions on test set"
[1] "test set predictions complete"
[1] "elapsed time: 0.748000000000005"
[1] "computing tree strength and correlation"
[1] "strength and correlation complete"
[1] "Evaluating forest 16 of 25"
[1] "training"
[1] "training complete"
[1] "elapsed time: 0.359999999999999"
[1] "computing out-of-bag predictions"
[1] "out-of-bag predictions complete"
[1] "elapsed time: 0.947000000000003"
[1] "computing predictions on test set"
[1] "test set predictions complete"
[1] "elapsed time: 0.891000000000005"
[1] "computing tree strength and correlation"
[1] "strength and correlation complete"
[1] "Evaluating forest 17 of 25"
[1] "training"
[1] "training complete"
[1] "elapsed time: 0.411000000000001"
[1] "computing out-of-bag predictions"
[1] "out-of-bag predictions complete"
[1] "elapsed time: 0.866"
[1] "computing predictions on test set"
[1] "test set predictions complete"
[1] "elapsed time: 0.835999999999999"
[1] "computing tree strength and correlation"
[1] "strength and correlation complete"
[1] "Evaluating forest 18 of 25"
[1] "training"
[1] "training complete"
[1] "elapsed time: 0.563999999999993"
[1] "computing out-of-bag predictions"
[1] "out-of-bag predictions complete"
[1] "elapsed time: 0.875"
[1] "computing predictions on test set"
[1] "test set predictions complete"
[1] "elapsed time: 0.820999999999998"
[1] "computing tree strength and correlation"
[1] "strength and correlation complete"
[1] "Evaluating forest 19 of 25"
[1] "training"
[1] "training complete"
[1] "elapsed time: 0.838000000000008"
[1] "computing out-of-bag predictions"
[1] "out-of-bag predictions complete"
[1] "elapsed time: 0.847999999999999"
[1] "computing predictions on test set"
[1] "test set predictions complete"
[1] "elapsed time: 0.792000000000002"
[1] "computing tree strength and correlation"
[1] "strength and correlation complete"
[1] "Evaluating forest 20 of 25"
[1] "training"
[1] "training complete"
[1] "elapsed time: 9.94799999999999"
[1] "computing out-of-bag predictions"
[1] "out-of-bag predictions complete"
[1] "elapsed time: 0.817999999999998"
[1] "computing predictions on test set"
[1] "test set predictions complete"
[1] "elapsed time: 0.774000000000001"
[1] "computing tree strength and correlation"
[1] "strength and correlation complete"
[1] "Evaluating forest 21 of 25"
[1] "training"
[1] "training complete"
[1] "elapsed time: 0.347999999999999"
[1] "computing out-of-bag predictions"
[1] "out-of-bag predictions complete"
[1] "elapsed time: 0.924000000000007"
[1] "computing predictions on test set"
[1] "test set predictions complete"
[1] "elapsed time: 0.881"
[1] "computing tree strength and correlation"
[1] "strength and correlation complete"
[1] "Evaluating forest 22 of 25"
[1] "training"
[1] "training complete"
[1] "elapsed time: 0.408000000000001"
[1] "computing out-of-bag predictions"
[1] "out-of-bag predictions complete"
[1] "elapsed time: 0.924000000000007"
[1] "computing predictions on test set"
[1] "test set predictions complete"
[1] "elapsed time: 0.885000000000005"
[1] "computing tree strength and correlation"
[1] "strength and correlation complete"
[1] "Evaluating forest 23 of 25"
[1] "training"
[1] "training complete"
[1] "elapsed time: 0.572999999999993"
[1] "computing out-of-bag predictions"
[1] "out-of-bag predictions complete"
[1] "elapsed time: 0.850999999999999"
[1] "computing predictions on test set"
[1] "test set predictions complete"
[1] "elapsed time: 0.811000000000007"
[1] "computing tree strength and correlation"
[1] "strength and correlation complete"
[1] "Evaluating forest 24 of 25"
[1] "training"
[1] "training complete"
[1] "elapsed time: 0.847999999999999"
[1] "computing out-of-bag predictions"
[1] "out-of-bag predictions complete"
[1] "elapsed time: 0.872"
[1] "computing predictions on test set"
[1] "test set predictions complete"
[1] "elapsed time: 0.838999999999999"
[1] "computing tree strength and correlation"
[1] "strength and correlation complete"
[1] "Evaluating forest 25 of 25"
[1] "training"
[1] "training complete"
[1] "elapsed time: 9.82000000000001"
[1] "computing out-of-bag predictions"
[1] "out-of-bag predictions complete"
[1] "elapsed time: 0.823000000000008"
[1] "computing predictions on test set"
[1] "test set predictions complete"
[1] "elapsed time: 0.757000000000005"
[1] "computing tree strength and correlation"
[1] "strength and correlation complete"
[1] "fold 2"
[1] "Evaluating forest 1 of 25"
[1] "training"
[1] "training complete"
[1] "elapsed time: 0.333999999999989"
[1] "computing out-of-bag predictions"
[1] "out-of-bag predictions complete"
[1] "elapsed time: 0.825000000000003"
[1] "computing predictions on test set"
[1] "test set predictions complete"
[1] "elapsed time: 0.790000000000006"
[1] "computing tree strength and correlation"
[1] "strength and correlation complete"
[1] "Evaluating forest 2 of 25"
[1] "training"
[1] "training complete"
[1] "elapsed time: 0.415000000000006"
[1] "computing out-of-bag predictions"
[1] "out-of-bag predictions complete"
[1] "elapsed time: 0.869"
[1] "computing predictions on test set"
[1] "test set predictions complete"
[1] "elapsed time: 0.811999999999998"
[1] "computing tree strength and correlation"
[1] "strength and correlation complete"
[1] "Evaluating forest 3 of 25"
[1] "training"
[1] "training complete"
[1] "elapsed time: 0.521999999999991"
[1] "computing out-of-bag predictions"
[1] "out-of-bag predictions complete"
[1] "elapsed time: 0.824999999999989"
[1] "computing predictions on test set"
[1] "test set predictions complete"
[1] "elapsed time: 0.777999999999992"
[1] "computing tree strength and correlation"
[1] "strength and correlation complete"
[1] "Evaluating forest 4 of 25"
[1] "training"
[1] "training complete"
[1] "elapsed time: 0.712000000000018"
[1] "computing out-of-bag predictions"
[1] "out-of-bag predictions complete"
[1] "elapsed time: 0.826999999999998"
[1] "computing predictions on test set"
[1] "test set predictions complete"
[1] "elapsed time: 0.808999999999997"
[1] "computing tree strength and correlation"
[1] "strength and correlation complete"
[1] "Evaluating forest 5 of 25"
[1] "training"
[1] "training complete"
[1] "elapsed time: 7.28"
[1] "computing out-of-bag predictions"
[1] "out-of-bag predictions complete"
[1] "elapsed time: 0.751000000000005"
[1] "computing predictions on test set"
[1] "test set predictions complete"
[1] "elapsed time: 0.724999999999994"
[1] "computing tree strength and correlation"
[1] "strength and correlation complete"
[1] "Evaluating forest 6 of 25"
[1] "training"
[1] "training complete"
[1] "elapsed time: 0.414999999999992"
[1] "computing out-of-bag predictions"
[1] "out-of-bag predictions complete"
[1] "elapsed time: 0.907000000000011"
[1] "computing predictions on test set"
[1] "test set predictions complete"
[1] "elapsed time: 0.876000000000005"
[1] "computing tree strength and correlation"
[1] "strength and correlation complete"
[1] "Evaluating forest 7 of 25"
[1] "training"
[1] "training complete"
[1] "elapsed time: 0.412999999999982"
[1] "computing out-of-bag predictions"
[1] "out-of-bag predictions complete"
[1] "elapsed time: 0.858000000000004"
[1] "computing predictions on test set"
[1] "test set predictions complete"
[1] "elapsed time: 0.807999999999993"
[1] "computing tree strength and correlation"
[1] "strength and correlation complete"
[1] "Evaluating forest 8 of 25"
[1] "training"
[1] "training complete"
[1] "elapsed time: 0.561000000000007"
[1] "computing out-of-bag predictions"
[1] "out-of-bag predictions complete"
[1] "elapsed time: 0.857999999999976"
[1] "computing predictions on test set"
[1] "test set predictions complete"
[1] "elapsed time: 0.801999999999992"
[1] "computing tree strength and correlation"
[1] "strength and correlation complete"
[1] "Evaluating forest 9 of 25"
[1] "training"
[1] "training complete"
[1] "elapsed time: 0.835999999999984"
[1] "computing out-of-bag predictions"
[1] "out-of-bag predictions complete"
[1] "elapsed time: 0.822000000000003"
[1] "computing predictions on test set"
[1] "test set predictions complete"
[1] "elapsed time: 0.787000000000006"
[1] "computing tree strength and correlation"
[1] "strength and correlation complete"
[1] "Evaluating forest 10 of 25"
[1] "training"
[1] "training complete"
[1] "elapsed time: 9.143"
[1] "computing out-of-bag predictions"
[1] "out-of-bag predictions complete"
[1] "elapsed time: 0.789999999999992"
[1] "computing predictions on test set"
[1] "test set predictions complete"
[1] "elapsed time: 0.754999999999995"
[1] "computing tree strength and correlation"
[1] "strength and correlation complete"
[1] "Evaluating forest 11 of 25"
[1] "training"
[1] "training complete"
[1] "elapsed time: 0.365000000000009"
[1] "computing out-of-bag predictions"
[1] "out-of-bag predictions complete"
[1] "elapsed time: 0.88300000000001"
[1] "computing predictions on test set"
[1] "test set predictions complete"
[1] "elapsed time: 0.831999999999994"
[1] "computing tree strength and correlation"
[1] "strength and correlation complete"
[1] "Evaluating forest 12 of 25"
[1] "training"
[1] "training complete"
[1] "elapsed time: 0.435000000000002"
[1] "computing out-of-bag predictions"
[1] "out-of-bag predictions complete"
[1] "elapsed time: 0.906000000000006"
[1] "computing predictions on test set"
[1] "test set predictions complete"
[1] "elapsed time: 0.867999999999995"
[1] "computing tree strength and correlation"
[1] "strength and correlation complete"
[1] "Evaluating forest 13 of 25"
[1] "training"
[1] "training complete"
[1] "elapsed time: 0.587999999999994"
[1] "computing out-of-bag predictions"
[1] "out-of-bag predictions complete"
[1] "elapsed time: 0.844999999999999"
[1] "computing predictions on test set"
[1] "test set predictions complete"
[1] "elapsed time: 0.804999999999978"
[1] "computing tree strength and correlation"
[1] "strength and correlation complete"
[1] "Evaluating forest 14 of 25"
[1] "training"
[1] "training complete"
[1] "elapsed time: 0.849999999999994"
[1] "computing out-of-bag predictions"
[1] "out-of-bag predictions complete"
[1] "elapsed time: 0.858000000000004"
[1] "computing predictions on test set"
[1] "test set predictions complete"
[1] "elapsed time: 0.805000000000007"
[1] "computing tree strength and correlation"
[1] "strength and correlation complete"
[1] "Evaluating forest 15 of 25"
[1] "training"
[1] "training complete"
[1] "elapsed time: 9.99700000000001"
[1] "computing out-of-bag predictions"
[1] "out-of-bag predictions complete"
[1] "elapsed time: 0.800999999999988"
[1] "computing predictions on test set"
[1] "test set predictions complete"
[1] "elapsed time: 0.768000000000001"
[1] "computing tree strength and correlation"
[1] "strength and correlation complete"
[1] "Evaluating forest 16 of 25"
[1] "training"
[1] "training complete"
[1] "elapsed time: 0.360000000000014"
[1] "computing out-of-bag predictions"
[1] "out-of-bag predictions complete"
[1] "elapsed time: 0.945999999999998"
[1] "computing predictions on test set"
[1] "test set predictions complete"
[1] "elapsed time: 0.878999999999991"
[1] "computing tree strength and correlation"
[1] "strength and correlation complete"
[1] "Evaluating forest 17 of 25"
[1] "training"
[1] "training complete"
[1] "elapsed time: 0.425999999999988"
[1] "computing out-of-bag predictions"
[1] "out-of-bag predictions complete"
[1] "elapsed time: 0.87700000000001"
[1] "computing predictions on test set"
[1] "test set predictions complete"
[1] "elapsed time: 0.852000000000004"
[1] "computing tree strength and correlation"
[1] "strength and correlation complete"
[1] "Evaluating forest 18 of 25"
[1] "training"
[1] "training complete"
[1] "elapsed time: 0.587999999999994"
[1] "computing out-of-bag predictions"
[1] "out-of-bag predictions complete"
[1] "elapsed time: 0.876000000000005"
[1] "computing predictions on test set"
[1] "test set predictions complete"
[1] "elapsed time: 0.863"
[1] "computing tree strength and correlation"
[1] "strength and correlation complete"
[1] "Evaluating forest 19 of 25"
[1] "training"
[1] "training complete"
[1] "elapsed time: 0.867000000000019"
[1] "computing out-of-bag predictions"
[1] "out-of-bag predictions complete"
[1] "elapsed time: 0.846000000000004"
[1] "computing predictions on test set"
[1] "test set predictions complete"
[1] "elapsed time: 0.800000000000011"
[1] "computing tree strength and correlation"
[1] "strength and correlation complete"
[1] "Evaluating forest 20 of 25"
[1] "training"
[1] "training complete"
[1] "elapsed time: 10.169"
[1] "computing out-of-bag predictions"
[1] "out-of-bag predictions complete"
[1] "elapsed time: 0.840000000000003"
[1] "computing predictions on test set"
[1] "test set predictions complete"
[1] "elapsed time: 0.799000000000007"
[1] "computing tree strength and correlation"
[1] "strength and correlation complete"
[1] "Evaluating forest 21 of 25"
[1] "training"
[1] "training complete"
[1] "elapsed time: 0.355999999999995"
[1] "computing out-of-bag predictions"
[1] "out-of-bag predictions complete"
[1] "elapsed time: 0.997000000000014"
[1] "computing predictions on test set"
[1] "test set predictions complete"
[1] "elapsed time: 0.908000000000015"
[1] "computing tree strength and correlation"
[1] "strength and correlation complete"
[1] "Evaluating forest 22 of 25"
[1] "training"
[1] "training complete"
[1] "elapsed time: 0.419999999999987"
[1] "computing out-of-bag predictions"
[1] "out-of-bag predictions complete"
[1] "elapsed time: 0.957999999999998"
[1] "computing predictions on test set"
[1] "test set predictions complete"
[1] "elapsed time: 0.917000000000002"
[1] "computing tree strength and correlation"
[1] "strength and correlation complete"
[1] "Evaluating forest 23 of 25"
[1] "training"
[1] "training complete"
[1] "elapsed time: 0.590000000000003"
[1] "computing out-of-bag predictions"
[1] "out-of-bag predictions complete"
[1] "elapsed time: 0.888000000000005"
[1] "computing predictions on test set"
[1] "test set predictions complete"
[1] "elapsed time: 0.83499999999998"
[1] "computing tree strength and correlation"
[1] "strength and correlation complete"
[1] "Evaluating forest 24 of 25"
[1] "training"
[1] "training complete"
[1] "elapsed time: 0.872000000000014"
[1] "computing out-of-bag predictions"
[1] "out-of-bag predictions complete"
[1] "elapsed time: 0.882999999999981"
[1] "computing predictions on test set"
[1] "test set predictions complete"
[1] "elapsed time: 0.855999999999995"
[1] "computing tree strength and correlation"
[1] "strength and correlation complete"
[1] "Evaluating forest 25 of 25"
[1] "training"
[1] "training complete"
[1] "elapsed time: 10.304"
[1] "computing out-of-bag predictions"
[1] "out-of-bag predictions complete"
[1] "elapsed time: 0.830000000000013"
[1] "computing predictions on test set"
[1] "test set predictions complete"
[1] "elapsed time: 0.765999999999991"
[1] "computing tree strength and correlation"
[1] "strength and correlation complete"
[1] "fold 3"
[1] "Evaluating forest 1 of 25"
[1] "training"
[1] "training complete"
[1] "elapsed time: 0.334000000000003"
[1] "computing out-of-bag predictions"
[1] "out-of-bag predictions complete"
[1] "elapsed time: 0.783999999999992"
[1] "computing predictions on test set"
[1] "test set predictions complete"
[1] "elapsed time: 0.75800000000001"
[1] "computing tree strength and correlation"
[1] "strength and correlation complete"
[1] "Evaluating forest 2 of 25"
[1] "training"
[1] "training complete"
[1] "elapsed time: 0.454000000000008"
[1] "computing out-of-bag predictions"
[1] "out-of-bag predictions complete"
[1] "elapsed time: 0.876000000000005"
[1] "computing predictions on test set"
[1] "test set predictions complete"
[1] "elapsed time: 0.832000000000022"
[1] "computing tree strength and correlation"
[1] "strength and correlation complete"
[1] "Evaluating forest 3 of 25"
[1] "training"
[1] "training complete"
[1] "elapsed time: 0.491000000000014"
[1] "computing out-of-bag predictions"
[1] "out-of-bag predictions complete"
[1] "elapsed time: 0.822000000000003"
[1] "computing predictions on test set"
[1] "test set predictions complete"
[1] "elapsed time: 0.787000000000035"
[1] "computing tree strength and correlation"
[1] "strength and correlation complete"
[1] "Evaluating forest 4 of 25"
[1] "training"
[1] "training complete"
[1] "elapsed time: 0.665999999999997"
[1] "computing out-of-bag predictions"
[1] "out-of-bag predictions complete"
[1] "elapsed time: 0.829999999999984"
[1] "computing predictions on test set"
[1] "test set predictions complete"
[1] "elapsed time: 0.795999999999992"
[1] "computing tree strength and correlation"
[1] "strength and correlation complete"
[1] "Evaluating forest 5 of 25"
[1] "training"
[1] "training complete"
[1] "elapsed time: 7.06799999999998"
[1] "computing out-of-bag predictions"
[1] "out-of-bag predictions complete"
[1] "elapsed time: 0.774000000000001"
[1] "computing predictions on test set"
[1] "test set predictions complete"
[1] "elapsed time: 0.731999999999971"
[1] "computing tree strength and correlation"
[1] "strength and correlation complete"
[1] "Evaluating forest 6 of 25"
[1] "training"
[1] "training complete"
[1] "elapsed time: 0.376000000000033"
[1] "computing out-of-bag predictions"
[1] "out-of-bag predictions complete"
[1] "elapsed time: 0.907999999999959"
[1] "computing predictions on test set"
[1] "test set predictions complete"
[1] "elapsed time: 0.863999999999976"
[1] "computing tree strength and correlation"
[1] "strength and correlation complete"
[1] "Evaluating forest 7 of 25"
[1] "training"
[1] "training complete"
[1] "elapsed time: 0.418000000000006"
[1] "computing out-of-bag predictions"
[1] "out-of-bag predictions complete"
[1] "elapsed time: 0.836999999999989"
[1] "computing predictions on test set"
[1] "test set predictions complete"
[1] "elapsed time: 0.803999999999974"
[1] "computing tree strength and correlation"
[1] "strength and correlation complete"
[1] "Evaluating forest 8 of 25"
[1] "training"
[1] "training complete"
[1] "elapsed time: 0.557999999999993"
[1] "computing out-of-bag predictions"
[1] "out-of-bag predictions complete"
[1] "elapsed time: 0.861999999999966"
[1] "computing predictions on test set"
[1] "test set predictions complete"
[1] "elapsed time: 0.834000000000003"
[1] "computing tree strength and correlation"
[1] "strength and correlation complete"
[1] "Evaluating forest 9 of 25"
[1] "training"
[1] "training complete"
[1] "elapsed time: 0.811999999999955"
[1] "computing out-of-bag predictions"
[1] "out-of-bag predictions complete"
[1] "elapsed time: 0.802000000000021"
[1] "computing predictions on test set"
[1] "test set predictions complete"
[1] "elapsed time: 0.754999999999995"
[1] "computing tree strength and correlation"
[1] "strength and correlation complete"
[1] "Evaluating forest 10 of 25"
[1] "training"
[1] "training complete"
[1] "elapsed time: 8.95599999999996"
[1] "computing out-of-bag predictions"
[1] "out-of-bag predictions complete"
[1] "elapsed time: 0.788000000000011"
[1] "computing predictions on test set"
[1] "test set predictions complete"
[1] "elapsed time: 0.766999999999996"
[1] "computing tree strength and correlation"
[1] "strength and correlation complete"
[1] "Evaluating forest 11 of 25"
[1] "training"
[1] "training complete"
[1] "elapsed time: 0.355000000000018"
[1] "computing out-of-bag predictions"
[1] "out-of-bag predictions complete"
[1] "elapsed time: 0.891999999999996"
[1] "computing predictions on test set"
[1] "test set predictions complete"
[1] "elapsed time: 0.850999999999999"
[1] "computing tree strength and correlation"
[1] "strength and correlation complete"
[1] "Evaluating forest 12 of 25"
[1] "training"
[1] "training complete"
[1] "elapsed time: 0.423999999999978"
[1] "computing out-of-bag predictions"
[1] "out-of-bag predictions complete"
[1] "elapsed time: 0.872000000000014"
[1] "computing predictions on test set"
[1] "test set predictions complete"
[1] "elapsed time: 0.850999999999999"
[1] "computing tree strength and correlation"
[1] "strength and correlation complete"
[1] "Evaluating forest 13 of 25"
[1] "training"
[1] "training complete"
[1] "elapsed time: 0.588000000000022"
[1] "computing out-of-bag predictions"
[1] "out-of-bag predictions complete"
[1] "elapsed time: 0.838999999999999"
[1] "computing predictions on test set"
[1] "test set predictions complete"
[1] "elapsed time: 0.793000000000006"
[1] "computing tree strength and correlation"
[1] "strength and correlation complete"
[1] "Evaluating forest 14 of 25"
[1] "training"
[1] "training complete"
[1] "elapsed time: 0.838999999999999"
[1] "computing out-of-bag predictions"
[1] "out-of-bag predictions complete"
[1] "elapsed time: 0.85899999999998"
[1] "computing predictions on test set"
[1] "test set predictions complete"
[1] "elapsed time: 0.828999999999951"
[1] "computing tree strength and correlation"
[1] "strength and correlation complete"
[1] "Evaluating forest 15 of 25"
[1] "training"
[1] "training complete"
[1] "elapsed time: 9.733"
[1] "computing out-of-bag predictions"
[1] "out-of-bag predictions complete"
[1] "elapsed time: 0.798999999999978"
[1] "computing predictions on test set"
[1] "test set predictions complete"
[1] "elapsed time: 0.746999999999957"
[1] "computing tree strength and correlation"
[1] "strength and correlation complete"
[1] "Evaluating forest 16 of 25"
[1] "training"
[1] "training complete"
[1] "elapsed time: 0.365000000000009"
[1] "computing out-of-bag predictions"
[1] "out-of-bag predictions complete"
[1] "elapsed time: 0.927999999999997"
[1] "computing predictions on test set"
[1] "test set predictions complete"
[1] "elapsed time: 0.87700000000001"
[1] "computing tree strength and correlation"
[1] "strength and correlation complete"
[1] "Evaluating forest 17 of 25"
[1] "training"
[1] "training complete"
[1] "elapsed time: 0.419999999999959"
[1] "computing out-of-bag predictions"
[1] "out-of-bag predictions complete"
[1] "elapsed time: 0.870000000000005"
[1] "computing predictions on test set"
[1] "test set predictions complete"
[1] "elapsed time: 0.838000000000022"
[1] "computing tree strength and correlation"
[1] "strength and correlation complete"
[1] "Evaluating forest 18 of 25"
[1] "training"
[1] "training complete"
[1] "elapsed time: 0.574000000000012"
[1] "computing out-of-bag predictions"
[1] "out-of-bag predictions complete"
[1] "elapsed time: 0.871999999999957"
[1] "computing predictions on test set"
[1] "test set predictions complete"
[1] "elapsed time: 0.854000000000042"
[1] "computing tree strength and correlation"
[1] "strength and correlation complete"
[1] "Evaluating forest 19 of 25"
[1] "training"
[1] "training complete"
[1] "elapsed time: 0.848000000000013"
[1] "computing out-of-bag predictions"
[1] "out-of-bag predictions complete"
[1] "elapsed time: 0.853000000000009"
[1] "computing predictions on test set"
[1] "test set predictions complete"
[1] "elapsed time: 0.816000000000031"
[1] "computing tree strength and correlation"
[1] "strength and correlation complete"
[1] "Evaluating forest 20 of 25"
[1] "training"
[1] "training complete"
[1] "elapsed time: 10.021"
[1] "computing out-of-bag predictions"
[1] "out-of-bag predictions complete"
[1] "elapsed time: 0.812000000000012"
[1] "computing predictions on test set"
[1] "test set predictions complete"
[1] "elapsed time: 0.769000000000005"
[1] "computing tree strength and correlation"
[1] "strength and correlation complete"
[1] "Evaluating forest 21 of 25"
[1] "training"
[1] "training complete"
[1] "elapsed time: 0.357000000000028"
[1] "computing out-of-bag predictions"
[1] "out-of-bag predictions complete"
[1] "elapsed time: 0.980999999999995"
[1] "computing predictions on test set"
[1] "test set predictions complete"
[1] "elapsed time: 0.913000000000011"
[1] "computing tree strength and correlation"
[1] "strength and correlation complete"
[1] "Evaluating forest 22 of 25"
[1] "training"
[1] "training complete"
[1] "elapsed time: 0.41900000000004"
[1] "computing out-of-bag predictions"
[1] "out-of-bag predictions complete"
[1] "elapsed time: 0.930000000000007"
[1] "computing predictions on test set"
[1] "test set predictions complete"
[1] "elapsed time: 0.884999999999991"
[1] "computing tree strength and correlation"
[1] "strength and correlation complete"
[1] "Evaluating forest 23 of 25"
[1] "training"
[1] "training complete"
[1] "elapsed time: 0.620000000000005"
[1] "computing out-of-bag predictions"
[1] "out-of-bag predictions complete"
[1] "elapsed time: 0.867999999999995"
[1] "computing predictions on test set"
[1] "test set predictions complete"
[1] "elapsed time: 0.840000000000032"
[1] "computing tree strength and correlation"
[1] "strength and correlation complete"
[1] "Evaluating forest 24 of 25"
[1] "training"
[1] "training complete"
[1] "elapsed time: 0.899000000000001"
[1] "computing out-of-bag predictions"
[1] "out-of-bag predictions complete"
[1] "elapsed time: 0.870000000000005"
[1] "computing predictions on test set"
[1] "test set predictions complete"
[1] "elapsed time: 0.826999999999998"
[1] "computing tree strength and correlation"
[1] "strength and correlation complete"
[1] "Evaluating forest 25 of 25"
[1] "training"
[1] "training complete"
[1] "elapsed time: 10.206"
[1] "computing out-of-bag predictions"
[1] "out-of-bag predictions complete"
[1] "elapsed time: 0.817999999999984"
[1] "computing predictions on test set"
[1] "test set predictions complete"
[1] "elapsed time: 0.788999999999987"
[1] "computing tree strength and correlation"
[1] "strength and correlation complete"
[1] "fold 4"
[1] "Evaluating forest 1 of 25"
[1] "training"
[1] "training complete"
[1] "elapsed time: 0.338999999999999"
[1] "computing out-of-bag predictions"
[1] "out-of-bag predictions complete"
[1] "elapsed time: 0.817999999999984"
[1] "computing predictions on test set"
[1] "test set predictions complete"
[1] "elapsed time: 0.774999999999977"
[1] "computing tree strength and correlation"
[1] "strength and correlation complete"
[1] "Evaluating forest 2 of 25"
[1] "training"
[1] "training complete"
[1] "elapsed time: 0.39100000000002"
[1] "computing out-of-bag predictions"
[1] "out-of-bag predictions complete"
[1] "elapsed time: 0.860000000000014"
[1] "computing predictions on test set"
[1] "test set predictions complete"
[1] "elapsed time: 0.842000000000041"
[1] "computing tree strength and correlation"
[1] "strength and correlation complete"
[1] "Evaluating forest 3 of 25"
[1] "training"
[1] "training complete"
[1] "elapsed time: 0.507000000000005"
[1] "computing out-of-bag predictions"
[1] "out-of-bag predictions complete"
[1] "elapsed time: 0.812000000000012"
[1] "computing predictions on test set"
[1] "test set predictions complete"
[1] "elapsed time: 0.76400000000001"
[1] "computing tree strength and correlation"
[1] "strength and correlation complete"
[1] "Evaluating forest 4 of 25"
[1] "training"
[1] "training complete"
[1] "elapsed time: 0.689999999999998"
[1] "computing out-of-bag predictions"
[1] "out-of-bag predictions complete"
[1] "elapsed time: 0.822999999999979"
[1] "computing predictions on test set"
[1] "test set predictions complete"
[1] "elapsed time: 0.805999999999983"
[1] "computing tree strength and correlation"
[1] "strength and correlation complete"
[1] "Evaluating forest 5 of 25"
[1] "training"
[1] "training complete"
[1] "elapsed time: 7.07300000000004"
[1] "computing out-of-bag predictions"
[1] "out-of-bag predictions complete"
[1] "elapsed time: 0.757999999999981"
[1] "computing predictions on test set"
[1] "test set predictions complete"
[1] "elapsed time: 0.725999999999999"
[1] "computing tree strength and correlation"
[1] "strength and correlation complete"
[1] "Evaluating forest 6 of 25"
[1] "training"
[1] "training complete"
[1] "elapsed time: 0.370000000000005"
[1] "computing out-of-bag predictions"
[1] "out-of-bag predictions complete"
[1] "elapsed time: 0.88900000000001"
[1] "computing predictions on test set"
[1] "test set predictions complete"
[1] "elapsed time: 0.841000000000008"
[1] "computing tree strength and correlation"
[1] "strength and correlation complete"
[1] "Evaluating forest 7 of 25"
[1] "training"
[1] "training complete"
[1] "elapsed time: 0.421999999999969"
[1] "computing out-of-bag predictions"
[1] "out-of-bag predictions complete"
[1] "elapsed time: 0.858000000000004"
[1] "computing predictions on test set"
[1] "test set predictions complete"
[1] "elapsed time: 0.814999999999998"
[1] "computing tree strength and correlation"
[1] "strength and correlation complete"
[1] "Evaluating forest 8 of 25"
[1] "training"
[1] "training complete"
[1] "elapsed time: 0.680000000000007"
[1] "computing out-of-bag predictions"
[1] "out-of-bag predictions complete"
[1] "elapsed time: 0.846000000000004"
[1] "computing predictions on test set"
[1] "test set predictions complete"
[1] "elapsed time: 0.812000000000012"
[1] "computing tree strength and correlation"
[1] "strength and correlation complete"
[1] "Evaluating forest 9 of 25"
[1] "training"
[1] "training complete"
[1] "elapsed time: 0.842999999999961"
[1] "computing out-of-bag predictions"
[1] "out-of-bag predictions complete"
[1] "elapsed time: 0.826000000000022"
[1] "computing predictions on test set"
[1] "test set predictions complete"
[1] "elapsed time: 0.793999999999983"
[1] "computing tree strength and correlation"
[1] "strength and correlation complete"
[1] "Evaluating forest 10 of 25"
[1] "training"
[1] "training complete"
[1] "elapsed time: 8.97699999999998"
[1] "computing out-of-bag predictions"
[1] "out-of-bag predictions complete"
[1] "elapsed time: 0.805000000000007"
[1] "computing predictions on test set"
[1] "test set predictions complete"
[1] "elapsed time: 0.776999999999987"
[1] "computing tree strength and correlation"
[1] "strength and correlation complete"
[1] "Evaluating forest 11 of 25"
[1] "training"
[1] "training complete"
[1] "elapsed time: 0.361999999999966"
[1] "computing out-of-bag predictions"
[1] "out-of-bag predictions complete"
[1] "elapsed time: 0.889999999999986"
[1] "computing predictions on test set"
[1] "test set predictions complete"
[1] "elapsed time: 0.849000000000046"
[1] "computing tree strength and correlation"
[1] "strength and correlation complete"
[1] "Evaluating forest 12 of 25"
[1] "training"
[1] "training complete"
[1] "elapsed time: 0.422000000000025"
[1] "computing out-of-bag predictions"
[1] "out-of-bag predictions complete"
[1] "elapsed time: 0.89100000000002"
[1] "computing predictions on test set"
[1] "test set predictions complete"
[1] "elapsed time: 0.840000000000032"
[1] "computing tree strength and correlation"
[1] "strength and correlation complete"
[1] "Evaluating forest 13 of 25"
[1] "training"
[1] "training complete"
[1] "elapsed time: 0.572999999999979"
[1] "computing out-of-bag predictions"
[1] "out-of-bag predictions complete"
[1] "elapsed time: 0.850999999999999"
[1] "computing predictions on test set"
[1] "test set predictions complete"
[1] "elapsed time: 0.80600000000004"
[1] "computing tree strength and correlation"
[1] "strength and correlation complete"
[1] "Evaluating forest 14 of 25"
[1] "training"
[1] "training complete"
[1] "elapsed time: 0.819000000000017"
[1] "computing out-of-bag predictions"
[1] "out-of-bag predictions complete"
[1] "elapsed time: 0.84899999999999"
[1] "computing predictions on test set"
[1] "test set predictions complete"
[1] "elapsed time: 0.807000000000016"
[1] "computing tree strength and correlation"
[1] "strength and correlation complete"
[1] "Evaluating forest 15 of 25"
[1] "training"
[1] "training complete"
[1] "elapsed time: 9.827"
[1] "computing out-of-bag predictions"
[1] "out-of-bag predictions complete"
[1] "elapsed time: 0.80400000000003"
[1] "computing predictions on test set"
[1] "test set predictions complete"
[1] "elapsed time: 0.748000000000047"
[1] "computing tree strength and correlation"
[1] "strength and correlation complete"
[1] "Evaluating forest 16 of 25"
[1] "training"
[1] "training complete"
[1] "elapsed time: 0.352000000000032"
[1] "computing out-of-bag predictions"
[1] "out-of-bag predictions complete"
[1] "elapsed time: 0.949999999999989"
[1] "computing predictions on test set"
[1] "test set predictions complete"
[1] "elapsed time: 0.911000000000001"
[1] "computing tree strength and correlation"
[1] "strength and correlation complete"
[1] "Evaluating forest 17 of 25"
[1] "training"
[1] "training complete"
[1] "elapsed time: 0.439999999999998"
[1] "computing out-of-bag predictions"
[1] "out-of-bag predictions complete"
[1] "elapsed time: 0.907000000000039"
[1] "computing predictions on test set"
[1] "test set predictions complete"
[1] "elapsed time: 0.863999999999976"
[1] "computing tree strength and correlation"
[1] "strength and correlation complete"
[1] "Evaluating forest 18 of 25"
[1] "training"
[1] "training complete"
[1] "elapsed time: 0.578999999999951"
[1] "computing out-of-bag predictions"
[1] "out-of-bag predictions complete"
[1] "elapsed time: 0.894000000000005"
[1] "computing predictions on test set"
[1] "test set predictions complete"
[1] "elapsed time: 0.846000000000004"
[1] "computing tree strength and correlation"
[1] "strength and correlation complete"
[1] "Evaluating forest 19 of 25"
[1] "training"
[1] "training complete"
[1] "elapsed time: 0.911000000000001"
[1] "computing out-of-bag predictions"
[1] "out-of-bag predictions complete"
[1] "elapsed time: 0.841000000000008"
[1] "computing predictions on test set"
[1] "test set predictions complete"
[1] "elapsed time: 0.822000000000003"
[1] "computing tree strength and correlation"
[1] "strength and correlation complete"
[1] "Evaluating forest 20 of 25"
[1] "training"
[1] "training complete"
[1] "elapsed time: 10.081"
[1] "computing out-of-bag predictions"
[1] "out-of-bag predictions complete"
[1] "elapsed time: 0.814999999999998"
[1] "computing predictions on test set"
[1] "test set predictions complete"
[1] "elapsed time: 0.783000000000015"
[1] "computing tree strength and correlation"
[1] "strength and correlation complete"
[1] "Evaluating forest 21 of 25"
[1] "training"
[1] "training complete"
[1] "elapsed time: 0.34899999999999"
[1] "computing out-of-bag predictions"
[1] "out-of-bag predictions complete"
[1] "elapsed time: 0.932000000000016"
[1] "computing predictions on test set"
[1] "test set predictions complete"
[1] "elapsed time: 0.887999999999977"
[1] "computing tree strength and correlation"
[1] "strength and correlation complete"
[1] "Evaluating forest 22 of 25"
[1] "training"
[1] "training complete"
[1] "elapsed time: 0.415999999999997"
[1] "computing out-of-bag predictions"
[1] "out-of-bag predictions complete"
[1] "elapsed time: 0.950999999999965"
[1] "computing predictions on test set"
[1] "test set predictions complete"
[1] "elapsed time: 0.913999999999987"
[1] "computing tree strength and correlation"
[1] "strength and correlation complete"
[1] "Evaluating forest 23 of 25"
[1] "training"
[1] "training complete"
[1] "elapsed time: 0.569000000000017"
[1] "computing out-of-bag predictions"
[1] "out-of-bag predictions complete"
[1] "elapsed time: 0.899000000000001"
[1] "computing predictions on test set"
[1] "test set predictions complete"
[1] "elapsed time: 0.846000000000004"
[1] "computing tree strength and correlation"
[1] "strength and correlation complete"
[1] "Evaluating forest 24 of 25"
[1] "training"
[1] "training complete"
[1] "elapsed time: 0.864999999999952"
[1] "computing out-of-bag predictions"
[1] "out-of-bag predictions complete"
[1] "elapsed time: 0.873999999999967"
[1] "computing predictions on test set"
[1] "test set predictions complete"
[1] "elapsed time: 0.855999999999995"
[1] "computing tree strength and correlation"
[1] "strength and correlation complete"
[1] "Evaluating forest 25 of 25"
[1] "training"
[1] "training complete"
[1] "elapsed time: 10.102"
[1] "computing out-of-bag predictions"
[1] "out-of-bag predictions complete"
[1] "elapsed time: 0.805999999999983"
[1] "computing predictions on test set"
[1] "test set predictions complete"
[1] "elapsed time: 0.764999999999986"
[1] "computing tree strength and correlation"
[1] "strength and correlation complete"
[1] "fold 5"
[1] "Evaluating forest 1 of 25"
[1] "training"
[1] "training complete"
[1] "elapsed time: 0.341000000000008"
[1] "computing out-of-bag predictions"
[1] "out-of-bag predictions complete"
[1] "elapsed time: 0.790999999999997"
[1] "computing predictions on test set"
[1] "test set predictions complete"
[1] "elapsed time: 0.771000000000015"
[1] "computing tree strength and correlation"
[1] "strength and correlation complete"
[1] "Evaluating forest 2 of 25"
[1] "training"
[1] "training complete"
[1] "elapsed time: 0.396000000000015"
[1] "computing out-of-bag predictions"
[1] "out-of-bag predictions complete"
[1] "elapsed time: 0.865999999999985"
[1] "computing predictions on test set"
[1] "test set predictions complete"
[1] "elapsed time: 0.814999999999998"
[1] "computing tree strength and correlation"
[1] "strength and correlation complete"
[1] "Evaluating forest 3 of 25"
[1] "training"
[1] "training complete"
[1] "elapsed time: 0.507999999999981"
[1] "computing out-of-bag predictions"
[1] "out-of-bag predictions complete"
[1] "elapsed time: 0.812000000000012"
[1] "computing predictions on test set"
[1] "test set predictions complete"
[1] "elapsed time: 0.786000000000001"
[1] "computing tree strength and correlation"
[1] "strength and correlation complete"
[1] "Evaluating forest 4 of 25"
[1] "training"
[1] "training complete"
[1] "elapsed time: 0.677000000000021"
[1] "computing out-of-bag predictions"
[1] "out-of-bag predictions complete"
[1] "elapsed time: 0.839999999999975"
[1] "computing predictions on test set"
[1] "test set predictions complete"
[1] "elapsed time: 0.795000000000016"
[1] "computing tree strength and correlation"
[1] "strength and correlation complete"
[1] "Evaluating forest 5 of 25"
[1] "training"
[1] "training complete"
[1] "elapsed time: 7.06599999999997"
[1] "computing out-of-bag predictions"
[1] "out-of-bag predictions complete"
[1] "elapsed time: 0.757000000000062"
[1] "computing predictions on test set"
[1] "test set predictions complete"
[1] "elapsed time: 0.729000000000042"
[1] "computing tree strength and correlation"
[1] "strength and correlation complete"
[1] "Evaluating forest 6 of 25"
[1] "training"
[1] "training complete"
[1] "elapsed time: 0.378999999999905"
[1] "computing out-of-bag predictions"
[1] "out-of-bag predictions complete"
[1] "elapsed time: 0.901000000000067"
[1] "computing predictions on test set"
[1] "test set predictions complete"
[1] "elapsed time: 0.870999999999981"
[1] "computing tree strength and correlation"
[1] "strength and correlation complete"
[1] "Evaluating forest 7 of 25"
[1] "training"
[1] "training complete"
[1] "elapsed time: 0.427999999999997"
[1] "computing out-of-bag predictions"
[1] "out-of-bag predictions complete"
[1] "elapsed time: 0.835000000000036"
[1] "computing predictions on test set"
[1] "test set predictions complete"
[1] "elapsed time: 0.797000000000025"
[1] "computing tree strength and correlation"
[1] "strength and correlation complete"
[1] "Evaluating forest 8 of 25"
[1] "training"
[1] "training complete"
[1] "elapsed time: 0.565000000000055"
[1] "computing out-of-bag predictions"
[1] "out-of-bag predictions complete"
[1] "elapsed time: 0.86099999999999"
[1] "computing predictions on test set"
[1] "test set predictions complete"
[1] "elapsed time: 0.836999999999989"
[1] "computing tree strength and correlation"
[1] "strength and correlation complete"
[1] "Evaluating forest 9 of 25"
[1] "training"
[1] "training complete"
[1] "elapsed time: 0.815000000000055"
[1] "computing out-of-bag predictions"
[1] "out-of-bag predictions complete"
[1] "elapsed time: 0.813999999999965"
[1] "computing predictions on test set"
[1] "test set predictions complete"
[1] "elapsed time: 0.786999999999921"
[1] "computing tree strength and correlation"
[1] "strength and correlation complete"
[1] "Evaluating forest 10 of 25"
[1] "training"
[1] "training complete"
[1] "elapsed time: 9.10700000000008"
[1] "computing out-of-bag predictions"
[1] "out-of-bag predictions complete"
[1] "elapsed time: 0.786999999999921"
[1] "computing predictions on test set"
[1] "test set predictions complete"
[1] "elapsed time: 0.76400000000001"
[1] "computing tree strength and correlation"
[1] "strength and correlation complete"
[1] "Evaluating forest 11 of 25"
[1] "training"
[1] "training complete"
[1] "elapsed time: 0.354000000000042"
[1] "computing out-of-bag predictions"
[1] "out-of-bag predictions complete"
[1] "elapsed time: 0.893000000000029"
[1] "computing predictions on test set"
[1] "test set predictions complete"
[1] "elapsed time: 0.850999999999999"
[1] "computing tree strength and correlation"
[1] "strength and correlation complete"
[1] "Evaluating forest 12 of 25"
[1] "training"
[1] "training complete"
[1] "elapsed time: 0.418000000000006"
[1] "computing out-of-bag predictions"
[1] "out-of-bag predictions complete"
[1] "elapsed time: 0.870000000000005"
[1] "computing predictions on test set"
[1] "test set predictions complete"
[1] "elapsed time: 0.837999999999965"
[1] "computing tree strength and correlation"
[1] "strength and correlation complete"
[1] "Evaluating forest 13 of 25"
[1] "training"
[1] "training complete"
[1] "elapsed time: 0.611999999999966"
[1] "computing out-of-bag predictions"
[1] "out-of-bag predictions complete"
[1] "elapsed time: 0.842000000000098"
[1] "computing predictions on test set"
[1] "test set predictions complete"
[1] "elapsed time: 0.803999999999974"
[1] "computing tree strength and correlation"
[1] "strength and correlation complete"
[1] "Evaluating forest 14 of 25"
[1] "training"
[1] "training complete"
[1] "elapsed time: 0.841000000000008"
[1] "computing out-of-bag predictions"
[1] "out-of-bag predictions complete"
[1] "elapsed time: 0.838999999999942"
[1] "computing predictions on test set"
[1] "test set predictions complete"
[1] "elapsed time: 0.831999999999994"
[1] "computing tree strength and correlation"
[1] "strength and correlation complete"
[1] "Evaluating forest 15 of 25"
[1] "training"
[1] "training complete"
[1] "elapsed time: 9.73099999999999"
[1] "computing out-of-bag predictions"
[1] "out-of-bag predictions complete"
[1] "elapsed time: 0.805999999999926"
[1] "computing predictions on test set"
[1] "test set predictions complete"
[1] "elapsed time: 0.744000000000028"
[1] "computing tree strength and correlation"
[1] "strength and correlation complete"
[1] "Evaluating forest 16 of 25"
[1] "training"
[1] "training complete"
[1] "elapsed time: 0.355999999999995"
[1] "computing out-of-bag predictions"
[1] "out-of-bag predictions complete"
[1] "elapsed time: 0.940999999999917"
[1] "computing predictions on test set"
[1] "test set predictions complete"
[1] "elapsed time: 0.897000000000048"
[1] "computing tree strength and correlation"
[1] "strength and correlation complete"
[1] "Evaluating forest 17 of 25"
[1] "training"
[1] "training complete"
[1] "elapsed time: 0.476999999999975"
[1] "computing out-of-bag predictions"
[1] "out-of-bag predictions complete"
[1] "elapsed time: 0.871000000000095"
[1] "computing predictions on test set"
[1] "test set predictions complete"
[1] "elapsed time: 0.844000000000051"
[1] "computing tree strength and correlation"
[1] "strength and correlation complete"
[1] "Evaluating forest 18 of 25"
[1] "training"
[1] "training complete"
[1] "elapsed time: 0.562000000000012"
[1] "computing out-of-bag predictions"
[1] "out-of-bag predictions complete"
[1] "elapsed time: 0.887000000000057"
[1] "computing predictions on test set"
[1] "test set predictions complete"
[1] "elapsed time: 0.829000000000065"
[1] "computing tree strength and correlation"
[1] "strength and correlation complete"
[1] "Evaluating forest 19 of 25"
[1] "training"
[1] "training complete"
[1] "elapsed time: 0.847999999999956"
[1] "computing out-of-bag predictions"
[1] "out-of-bag predictions complete"
[1] "elapsed time: 0.87399999999991"
[1] "computing predictions on test set"
[1] "test set predictions complete"
[1] "elapsed time: 0.841999999999985"
[1] "computing tree strength and correlation"
[1] "strength and correlation complete"
[1] "Evaluating forest 20 of 25"
[1] "training"
[1] "training complete"
[1] "elapsed time: 10.042"
[1] "computing out-of-bag predictions"
[1] "out-of-bag predictions complete"
[1] "elapsed time: 0.815000000000055"
[1] "computing predictions on test set"
[1] "test set predictions complete"
[1] "elapsed time: 0.788000000000011"
[1] "computing tree strength and correlation"
[1] "strength and correlation complete"
[1] "Evaluating forest 21 of 25"
[1] "training"
[1] "training complete"
[1] "elapsed time: 0.358000000000061"
[1] "computing out-of-bag predictions"
[1] "out-of-bag predictions complete"
[1] "elapsed time: 0.940999999999917"
[1] "computing predictions on test set"
[1] "test set predictions complete"
[1] "elapsed time: 0.90300000000002"
[1] "computing tree strength and correlation"
[1] "strength and correlation complete"
[1] "Evaluating forest 22 of 25"
[1] "training"
[1] "training complete"
[1] "elapsed time: 0.414999999999964"
[1] "computing out-of-bag predictions"
[1] "out-of-bag predictions complete"
[1] "elapsed time: 0.930000000000064"
[1] "computing predictions on test set"
[1] "test set predictions complete"
[1] "elapsed time: 0.886000000000081"
[1] "computing tree strength and correlation"
[1] "strength and correlation complete"
[1] "Evaluating forest 23 of 25"
[1] "training"
[1] "training complete"
[1] "elapsed time: 0.574999999999932"
[1] "computing out-of-bag predictions"
[1] "out-of-bag predictions complete"
[1] "elapsed time: 0.882000000000062"
[1] "computing predictions on test set"
[1] "test set predictions complete"
[1] "elapsed time: 0.833000000000084"
[1] "computing tree strength and correlation"
[1] "strength and correlation complete"
[1] "Evaluating forest 24 of 25"
[1] "training"
[1] "training complete"
[1] "elapsed time: 0.875999999999976"
[1] "computing out-of-bag predictions"
[1] "out-of-bag predictions complete"
[1] "elapsed time: 0.887000000000057"
[1] "computing predictions on test set"
[1] "test set predictions complete"
[1] "elapsed time: 0.84699999999998"
[1] "computing tree strength and correlation"
[1] "strength and correlation complete"
[1] "Evaluating forest 25 of 25"
[1] "training"
[1] "training complete"
[1] "elapsed time: 10.103"
[1] "computing out-of-bag predictions"
[1] "out-of-bag predictions complete"
[1] "elapsed time: 0.810000000000059"
[1] "computing predictions on test set"
[1] "test set predictions complete"
[1] "elapsed time: 0.786000000000058"
[1] "computing tree strength and correlation"
[1] "strength and correlation complete"
job complete
