My SLURM_ARRAY_TASK_ID:  63
AUC 0.3.0
Type AUCNews() to see the change log and ?AUC to get an overview.
dummies-1.5.6 provided by Decision Patterns

Loading required package: R.oo
Loading required package: R.methodsS3
R.methodsS3 v1.7.1 (2016-02-15) successfully loaded. See ?R.methodsS3 for help.
R.oo v1.21.0 (2016-10-30) successfully loaded. See ?R.oo for help.

Attaching package: ‘R.oo’

The following objects are masked from ‘package:base’:

    attach, detach, gc, load, save

R.utils v2.6.0 (2017-11-04) successfully loaded. See ?R.utils for help.

Attaching package: ‘R.utils’

The following object is masked from ‘package:utils’:

    timestamp

The following objects are masked from ‘package:base’:

    cat, commandArgs, getOption, inherits, isOpen, parse, warnings

[1] "fold 1"
[1] "Evaluating forest 1 of 25"
[1] "training"
[1] "training complete"
[1] "elapsed time: 0.752"
[1] "computing out-of-bag predictions"
[1] "out-of-bag predictions complete"
[1] "elapsed time: 2.427"
[1] "computing predictions on test set"
[1] "test set predictions complete"
[1] "elapsed time: 2.103"
[1] "computing tree strength and correlation"
[1] "strength and correlation complete"
[1] "Evaluating forest 2 of 25"
[1] "training"
[1] "training complete"
[1] "elapsed time: 1.193"
[1] "computing out-of-bag predictions"
[1] "out-of-bag predictions complete"
[1] "elapsed time: 1.41"
[1] "computing predictions on test set"
[1] "test set predictions complete"
[1] "elapsed time: 1.072"
[1] "computing tree strength and correlation"
[1] "strength and correlation complete"
[1] "Evaluating forest 3 of 25"
[1] "training"
[1] "training complete"
[1] "elapsed time: 2.725"
[1] "computing out-of-bag predictions"
[1] "out-of-bag predictions complete"
[1] "elapsed time: 1.31"
[1] "computing predictions on test set"
[1] "test set predictions complete"
[1] "elapsed time: 1.015"
[1] "computing tree strength and correlation"
[1] "strength and correlation complete"
[1] "Evaluating forest 4 of 25"
[1] "training"
[1] "training complete"
[1] "elapsed time: 7.285"
[1] "computing out-of-bag predictions"
[1] "out-of-bag predictions complete"
[1] "elapsed time: 1.299"
[1] "computing predictions on test set"
[1] "test set predictions complete"
[1] "elapsed time: 1.015"
[1] "computing tree strength and correlation"
[1] "strength and correlation complete"
[1] "Evaluating forest 5 of 25"
[1] "training"
[1] "training complete"
[1] "elapsed time: 746.956"
[1] "computing out-of-bag predictions"
[1] "out-of-bag predictions complete"
[1] "elapsed time: 1.29099999999994"
[1] "computing predictions on test set"
[1] "test set predictions complete"
[1] "elapsed time: 0.975000000000023"
[1] "computing tree strength and correlation"
[1] "strength and correlation complete"
[1] "Evaluating forest 6 of 25"
[1] "training"
[1] "training complete"
[1] "elapsed time: 0.820999999999913"
[1] "computing out-of-bag predictions"
[1] "out-of-bag predictions complete"
[1] "elapsed time: 1.53600000000006"
[1] "computing predictions on test set"
[1] "test set predictions complete"
[1] "elapsed time: 1.21399999999994"
[1] "computing tree strength and correlation"
[1] "strength and correlation complete"
[1] "Evaluating forest 7 of 25"
[1] "training"
[1] "training complete"
[1] "elapsed time: 1.60800000000006"
[1] "computing out-of-bag predictions"
[1] "out-of-bag predictions complete"
[1] "elapsed time: 1.47000000000003"
[1] "computing predictions on test set"
[1] "test set predictions complete"
[1] "elapsed time: 1.06399999999996"
[1] "computing tree strength and correlation"
[1] "strength and correlation complete"
[1] "Evaluating forest 8 of 25"
[1] "training"
[1] "training complete"
[1] "elapsed time: 3.52700000000004"
[1] "computing out-of-bag predictions"
[1] "out-of-bag predictions complete"
[1] "elapsed time: 1.43299999999999"
[1] "computing predictions on test set"
[1] "test set predictions complete"
[1] "elapsed time: 1.08299999999997"
[1] "computing tree strength and correlation"
[1] "strength and correlation complete"
[1] "Evaluating forest 9 of 25"
[1] "training"
[1] "training complete"
[1] "elapsed time: 10.5"
[1] "computing out-of-bag predictions"
[1] "out-of-bag predictions complete"
[1] "elapsed time: 1.303"
[1] "computing predictions on test set"
[1] "test set predictions complete"
[1] "elapsed time: 1.03999999999996"
[1] "computing tree strength and correlation"
[1] "strength and correlation complete"
[1] "Evaluating forest 10 of 25"
[1] "training"
[1] "training complete"
[1] "elapsed time: 1133.267"
[1] "computing out-of-bag predictions"
[1] "out-of-bag predictions complete"
[1] "elapsed time: 1.36999999999989"
[1] "computing predictions on test set"
[1] "test set predictions complete"
[1] "elapsed time: 1.0440000000001"
[1] "computing tree strength and correlation"
[1] "strength and correlation complete"
[1] "Evaluating forest 11 of 25"
[1] "training"
[1] "training complete"
[1] "elapsed time: 0.855000000000018"
[1] "computing out-of-bag predictions"
[1] "out-of-bag predictions complete"
[1] "elapsed time: 1.55999999999995"
[1] "computing predictions on test set"
[1] "test set predictions complete"
[1] "elapsed time: 1.23800000000006"
[1] "computing tree strength and correlation"
[1] "strength and correlation complete"
[1] "Evaluating forest 12 of 25"
[1] "training"
[1] "training complete"
[1] "elapsed time: 1.6869999999999"
[1] "computing out-of-bag predictions"
[1] "out-of-bag predictions complete"
[1] "elapsed time: 1.51400000000012"
[1] "computing predictions on test set"
[1] "test set predictions complete"
[1] "elapsed time: 1.13599999999997"
[1] "computing tree strength and correlation"
[1] "strength and correlation complete"
[1] "Evaluating forest 13 of 25"
[1] "training"
[1] "training complete"
[1] "elapsed time: 3.93000000000006"
[1] "computing out-of-bag predictions"
[1] "out-of-bag predictions complete"
[1] "elapsed time: 1.45100000000002"
[1] "computing predictions on test set"
[1] "test set predictions complete"
[1] "elapsed time: 1.07899999999995"
[1] "computing tree strength and correlation"
[1] "strength and correlation complete"
[1] "Evaluating forest 14 of 25"
[1] "training"
[1] "training complete"
[1] "elapsed time: 12.278"
[1] "computing out-of-bag predictions"
[1] "out-of-bag predictions complete"
[1] "elapsed time: 1.47500000000014"
[1] "computing predictions on test set"
[1] "test set predictions complete"
[1] "elapsed time: 1.09099999999989"
[1] "computing tree strength and correlation"
[1] "strength and correlation complete"
[1] "Evaluating forest 15 of 25"
[1] "training"
[1] "training complete"
[1] "elapsed time: 1386.77"
[1] "computing out-of-bag predictions"
[1] "out-of-bag predictions complete"
[1] "elapsed time: 1.35699999999997"
[1] "computing predictions on test set"
[1] "test set predictions complete"
[1] "elapsed time: 1.04100000000017"
[1] "computing tree strength and correlation"
[1] "strength and correlation complete"
[1] "Evaluating forest 16 of 25"
[1] "training"
[1] "training complete"
[1] "elapsed time: 0.922999999999774"
[1] "computing out-of-bag predictions"
[1] "out-of-bag predictions complete"
[1] "elapsed time: 1.7180000000003"
[1] "computing predictions on test set"
[1] "test set predictions complete"
[1] "elapsed time: 1.33099999999968"
[1] "computing tree strength and correlation"
[1] "strength and correlation complete"
[1] "Evaluating forest 17 of 25"
[1] "training"
[1] "training complete"
[1] "elapsed time: 1.74299999999994"
[1] "computing out-of-bag predictions"
[1] "out-of-bag predictions complete"
[1] "elapsed time: 1.5329999999999"
[1] "computing predictions on test set"
[1] "test set predictions complete"
[1] "elapsed time: 1.20299999999997"
[1] "computing tree strength and correlation"
[1] "strength and correlation complete"
[1] "Evaluating forest 18 of 25"
[1] "training"
[1] "training complete"
[1] "elapsed time: 4.23999999999978"
[1] "computing out-of-bag predictions"
[1] "out-of-bag predictions complete"
[1] "elapsed time: 1.50999999999976"
[1] "computing predictions on test set"
[1] "test set predictions complete"
[1] "elapsed time: 1.12599999999975"
[1] "computing tree strength and correlation"
[1] "strength and correlation complete"
[1] "Evaluating forest 19 of 25"
[1] "training"
[1] "training complete"
[1] "elapsed time: 13.3890000000001"
[1] "computing out-of-bag predictions"
[1] "out-of-bag predictions complete"
[1] "elapsed time: 1.46500000000015"
[1] "computing predictions on test set"
[1] "test set predictions complete"
[1] "elapsed time: 1.07999999999993"
[1] "computing tree strength and correlation"
[1] "strength and correlation complete"
[1] "Evaluating forest 20 of 25"
[1] "training"
[1] "training complete"
[1] "elapsed time: 1363.899"
[1] "computing out-of-bag predictions"
[1] "out-of-bag predictions complete"
[1] "elapsed time: 1.47500000000036"
[1] "computing predictions on test set"
[1] "test set predictions complete"
[1] "elapsed time: 1.07600000000002"
[1] "computing tree strength and correlation"
[1] "strength and correlation complete"
[1] "Evaluating forest 21 of 25"
[1] "training"
[1] "training complete"
[1] "elapsed time: 0.893000000000029"
[1] "computing out-of-bag predictions"
[1] "out-of-bag predictions complete"
[1] "elapsed time: 2.60200000000077"
[1] "computing predictions on test set"
[1] "test set predictions complete"
[1] "elapsed time: 1.38500000000022"
[1] "computing tree strength and correlation"
[1] "strength and correlation complete"
[1] "Evaluating forest 22 of 25"
[1] "training"
[1] "training complete"
[1] "elapsed time: 1.77499999999964"
[1] "computing out-of-bag predictions"
[1] "out-of-bag predictions complete"
[1] "elapsed time: 1.57999999999993"
[1] "computing predictions on test set"
[1] "test set predictions complete"
[1] "elapsed time: 1.27999999999975"
[1] "computing tree strength and correlation"
[1] "strength and correlation complete"
[1] "Evaluating forest 23 of 25"
[1] "training"
[1] "training complete"
[1] "elapsed time: 4.63000000000011"
[1] "computing out-of-bag predictions"
[1] "out-of-bag predictions complete"
[1] "elapsed time: 1.5029999999997"
[1] "computing predictions on test set"
[1] "test set predictions complete"
[1] "elapsed time: 1.20600000000013"
[1] "computing tree strength and correlation"
[1] "strength and correlation complete"
[1] "Evaluating forest 24 of 25"
[1] "training"
[1] "training complete"
[1] "elapsed time: 14.3429999999998"
[1] "computing out-of-bag predictions"
[1] "out-of-bag predictions complete"
[1] "elapsed time: 1.55500000000029"
[1] "computing predictions on test set"
[1] "test set predictions complete"
[1] "elapsed time: 1.17000000000007"
[1] "computing tree strength and correlation"
[1] "strength and correlation complete"
[1] "Evaluating forest 25 of 25"
[1] "training"
[1] "training complete"
[1] "elapsed time: 1465.341"
[1] "computing out-of-bag predictions"
[1] "out-of-bag predictions complete"
[1] "elapsed time: 1.47299999999996"
[1] "computing predictions on test set"
[1] "test set predictions complete"
[1] "elapsed time: 1.08300000000054"
[1] "computing tree strength and correlation"
[1] "strength and correlation complete"
[1] "fold 2"
[1] "Evaluating forest 1 of 25"
[1] "training"
[1] "training complete"
[1] "elapsed time: 0.734000000000378"
[1] "computing out-of-bag predictions"
[1] "out-of-bag predictions complete"
[1] "elapsed time: 1.41200000000026"
[1] "computing predictions on test set"
[1] "test set predictions complete"
[1] "elapsed time: 1.1230000000005"
[1] "computing tree strength and correlation"
[1] "strength and correlation complete"
[1] "Evaluating forest 2 of 25"
[1] "training"
[1] "training complete"
[1] "elapsed time: 1.19000000000051"
[1] "computing out-of-bag predictions"
[1] "out-of-bag predictions complete"
[1] "elapsed time: 1.4389999999994"
[1] "computing predictions on test set"
[1] "test set predictions complete"
[1] "elapsed time: 1.05299999999988"
[1] "computing tree strength and correlation"
[1] "strength and correlation complete"
[1] "Evaluating forest 3 of 25"
[1] "training"
[1] "training complete"
[1] "elapsed time: 2.71700000000055"
[1] "computing out-of-bag predictions"
[1] "out-of-bag predictions complete"
[1] "elapsed time: 1.27699999999913"
[1] "computing predictions on test set"
[1] "test set predictions complete"
[1] "elapsed time: 1.02000000000044"
[1] "computing tree strength and correlation"
[1] "strength and correlation complete"
[1] "Evaluating forest 4 of 25"
[1] "training"
[1] "training complete"
[1] "elapsed time: 7.77799999999934"
[1] "computing out-of-bag predictions"
[1] "out-of-bag predictions complete"
[1] "elapsed time: 1.34300000000076"
[1] "computing predictions on test set"
[1] "test set predictions complete"
[1] "elapsed time: 1.05199999999968"
[1] "computing tree strength and correlation"
[1] "strength and correlation complete"
[1] "Evaluating forest 5 of 25"
[1] "training"
[1] "training complete"
[1] "elapsed time: 769.188"
[1] "computing out-of-bag predictions"
[1] "out-of-bag predictions complete"
[1] "elapsed time: 1.26199999999972"
[1] "computing predictions on test set"
[1] "test set predictions complete"
[1] "elapsed time: 0.983000000000175"
[1] "computing tree strength and correlation"
[1] "strength and correlation complete"
[1] "Evaluating forest 6 of 25"
[1] "training"
[1] "training complete"
[1] "elapsed time: 0.809999999999491"
[1] "computing out-of-bag predictions"
[1] "out-of-bag predictions complete"
[1] "elapsed time: 1.51800000000003"
[1] "computing predictions on test set"
[1] "test set predictions complete"
[1] "elapsed time: 1.20799999999963"
[1] "computing tree strength and correlation"
[1] "strength and correlation complete"
[1] "Evaluating forest 7 of 25"
[1] "training"
[1] "training complete"
[1] "elapsed time: 1.52100000000064"
[1] "computing out-of-bag predictions"
[1] "out-of-bag predictions complete"
[1] "elapsed time: 1.42599999999948"
[1] "computing predictions on test set"
[1] "test set predictions complete"
[1] "elapsed time: 1.07600000000002"
[1] "computing tree strength and correlation"
[1] "strength and correlation complete"
[1] "Evaluating forest 8 of 25"
[1] "training"
[1] "training complete"
[1] "elapsed time: 3.69399999999951"
[1] "computing out-of-bag predictions"
[1] "out-of-bag predictions complete"
[1] "elapsed time: 1.4380000000001"
[1] "computing predictions on test set"
[1] "test set predictions complete"
[1] "elapsed time: 1.08299999999963"
[1] "computing tree strength and correlation"
[1] "strength and correlation complete"
[1] "Evaluating forest 9 of 25"
[1] "training"
[1] "training complete"
[1] "elapsed time: 11.3410000000003"
[1] "computing out-of-bag predictions"
[1] "out-of-bag predictions complete"
[1] "elapsed time: 1.33100000000013"
[1] "computing predictions on test set"
[1] "test set predictions complete"
[1] "elapsed time: 1.02700000000004"
[1] "computing tree strength and correlation"
[1] "strength and correlation complete"
[1] "Evaluating forest 10 of 25"
[1] "training"
[1] "training complete"
[1] "elapsed time: 1163.12"
[1] "computing out-of-bag predictions"
[1] "out-of-bag predictions complete"
[1] "elapsed time: 1.33200000000033"
[1] "computing predictions on test set"
[1] "test set predictions complete"
[1] "elapsed time: 1.04299999999967"
[1] "computing tree strength and correlation"
[1] "strength and correlation complete"
[1] "Evaluating forest 11 of 25"
[1] "training"
[1] "training complete"
[1] "elapsed time: 0.867000000000189"
[1] "computing out-of-bag predictions"
[1] "out-of-bag predictions complete"
[1] "elapsed time: 1.58600000000115"
[1] "computing predictions on test set"
[1] "test set predictions complete"
[1] "elapsed time: 1.23600000000079"
[1] "computing tree strength and correlation"
[1] "strength and correlation complete"
[1] "Evaluating forest 12 of 25"
[1] "training"
[1] "training complete"
[1] "elapsed time: 1.63600000000042"
[1] "computing out-of-bag predictions"
[1] "out-of-bag predictions complete"
[1] "elapsed time: 1.52999999999884"
[1] "computing predictions on test set"
[1] "test set predictions complete"
[1] "elapsed time: 1.14000000000124"
[1] "computing tree strength and correlation"
[1] "strength and correlation complete"
[1] "Evaluating forest 13 of 25"
[1] "training"
[1] "training complete"
[1] "elapsed time: 4.39999999999964"
[1] "computing out-of-bag predictions"
[1] "out-of-bag predictions complete"
[1] "elapsed time: 1.46500000000015"
[1] "computing predictions on test set"
[1] "test set predictions complete"
[1] "elapsed time: 1.08599999999933"
[1] "computing tree strength and correlation"
[1] "strength and correlation complete"
[1] "Evaluating forest 14 of 25"
[1] "training"
[1] "training complete"
[1] "elapsed time: 13.1440000000002"
[1] "computing out-of-bag predictions"
[1] "out-of-bag predictions complete"
[1] "elapsed time: 1.48899999999958"
[1] "computing predictions on test set"
[1] "test set predictions complete"
[1] "elapsed time: 1.08100000000013"
[1] "computing tree strength and correlation"
[1] "strength and correlation complete"
[1] "Evaluating forest 15 of 25"
[1] "training"
[1] "training complete"
[1] "elapsed time: 1300.835"
[1] "computing out-of-bag predictions"
[1] "out-of-bag predictions complete"
[1] "elapsed time: 1.35900000000038"
[1] "computing predictions on test set"
[1] "test set predictions complete"
[1] "elapsed time: 1.01800000000003"
[1] "computing tree strength and correlation"
[1] "strength and correlation complete"
[1] "Evaluating forest 16 of 25"
[1] "training"
[1] "training complete"
[1] "elapsed time: 0.869000000000597"
[1] "computing out-of-bag predictions"
[1] "out-of-bag predictions complete"
[1] "elapsed time: 1.68000000000029"
[1] "computing predictions on test set"
[1] "test set predictions complete"
[1] "elapsed time: 1.3229999999985"
[1] "computing tree strength and correlation"
[1] "strength and correlation complete"
[1] "Evaluating forest 17 of 25"
[1] "training"
[1] "training complete"
[1] "elapsed time: 1.70600000000013"
[1] "computing out-of-bag predictions"
[1] "out-of-bag predictions complete"
[1] "elapsed time: 1.44900000000052"
[1] "computing predictions on test set"
[1] "test set predictions complete"
[1] "elapsed time: 1.13700000000063"
[1] "computing tree strength and correlation"
[1] "strength and correlation complete"
[1] "Evaluating forest 18 of 25"
[1] "training"
[1] "training complete"
[1] "elapsed time: 4.38700000000063"
[1] "computing out-of-bag predictions"
[1] "out-of-bag predictions complete"
[1] "elapsed time: 1.42000000000007"
[1] "computing predictions on test set"
[1] "test set predictions complete"
[1] "elapsed time: 1.14300000000003"
[1] "computing tree strength and correlation"
[1] "strength and correlation complete"
[1] "Evaluating forest 19 of 25"
[1] "training"
[1] "training complete"
[1] "elapsed time: 13.8639999999996"
[1] "computing out-of-bag predictions"
[1] "out-of-bag predictions complete"
[1] "elapsed time: 1.37700000000041"
[1] "computing predictions on test set"
[1] "test set predictions complete"
[1] "elapsed time: 1.09799999999996"
[1] "computing tree strength and correlation"
[1] "strength and correlation complete"
[1] "Evaluating forest 20 of 25"
[1] "training"
[1] "training complete"
[1] "elapsed time: 1438.891"
[1] "computing out-of-bag predictions"
[1] "out-of-bag predictions complete"
[1] "elapsed time: 1.40300000000025"
[1] "computing predictions on test set"
[1] "test set predictions complete"
[1] "elapsed time: 1.08299999999872"
[1] "computing tree strength and correlation"
[1] "strength and correlation complete"
[1] "Evaluating forest 21 of 25"
[1] "training"
[1] "training complete"
[1] "elapsed time: 0.895000000000437"
[1] "computing out-of-bag predictions"
[1] "out-of-bag predictions complete"
[1] "elapsed time: 1.64799999999923"
[1] "computing predictions on test set"
[1] "test set predictions complete"
[1] "elapsed time: 1.27299999999923"
[1] "computing tree strength and correlation"
[1] "strength and correlation complete"
[1] "Evaluating forest 22 of 25"
[1] "training"
[1] "training complete"
[1] "elapsed time: 1.81099999999969"
[1] "computing out-of-bag predictions"
[1] "out-of-bag predictions complete"
[1] "elapsed time: 1.62200000000121"
[1] "computing predictions on test set"
[1] "test set predictions complete"
[1] "elapsed time: 1.21800000000076"
[1] "computing tree strength and correlation"
[1] "strength and correlation complete"
[1] "Evaluating forest 23 of 25"
[1] "training"
[1] "training complete"
[1] "elapsed time: 4.71199999999953"
[1] "computing out-of-bag predictions"
[1] "out-of-bag predictions complete"
[1] "elapsed time: 1.42699999999968"
[1] "computing predictions on test set"
[1] "test set predictions complete"
[1] "elapsed time: 1.15200000000004"
[1] "computing tree strength and correlation"
[1] "strength and correlation complete"
[1] "Evaluating forest 24 of 25"
[1] "training"
[1] "training complete"
[1] "elapsed time: 14.4459999999999"
[1] "computing out-of-bag predictions"
[1] "out-of-bag predictions complete"
[1] "elapsed time: 1.48199999999997"
[1] "computing predictions on test set"
[1] "test set predictions complete"
[1] "elapsed time: 1.14699999999903"
[1] "computing tree strength and correlation"
[1] "strength and correlation complete"
[1] "Evaluating forest 25 of 25"
[1] "training"
[1] "training complete"
[1] "elapsed time: 1435.132"
[1] "computing out-of-bag predictions"
[1] "out-of-bag predictions complete"
[1] "elapsed time: 1.3799999999992"
[1] "computing predictions on test set"
[1] "test set predictions complete"
[1] "elapsed time: 1.08899999999994"
[1] "computing tree strength and correlation"
[1] "strength and correlation complete"
[1] "fold 3"
[1] "Evaluating forest 1 of 25"
[1] "training"
[1] "training complete"
[1] "elapsed time: 0.933999999999287"
[1] "computing out-of-bag predictions"
[1] "out-of-bag predictions complete"
[1] "elapsed time: 1.37199999999939"
[1] "computing predictions on test set"
[1] "test set predictions complete"
[1] "elapsed time: 1.07200000000012"
[1] "computing tree strength and correlation"
[1] "strength and correlation complete"
[1] "Evaluating forest 2 of 25"
[1] "training"
[1] "training complete"
[1] "elapsed time: 1.24499999999898"
[1] "computing out-of-bag predictions"
[1] "out-of-bag predictions complete"
[1] "elapsed time: 1.4260000000013"
[1] "computing predictions on test set"
[1] "test set predictions complete"
[1] "elapsed time: 1.07099999999991"
[1] "computing tree strength and correlation"
[1] "strength and correlation complete"
[1] "Evaluating forest 3 of 25"
[1] "training"
[1] "training complete"
[1] "elapsed time: 2.71299999999974"
[1] "computing out-of-bag predictions"
[1] "out-of-bag predictions complete"
[1] "elapsed time: 1.38199999999961"
[1] "computing predictions on test set"
[1] "test set predictions complete"
[1] "elapsed time: 1.01200000000063"
[1] "computing tree strength and correlation"
[1] "strength and correlation complete"
[1] "Evaluating forest 4 of 25"
[1] "training"
[1] "training complete"
[1] "elapsed time: 7.74699999999939"
[1] "computing out-of-bag predictions"
[1] "out-of-bag predictions complete"
[1] "elapsed time: 1.31500000000051"
[1] "computing predictions on test set"
[1] "test set predictions complete"
[1] "elapsed time: 1.02000000000044"
[1] "computing tree strength and correlation"
[1] "strength and correlation complete"
[1] "Evaluating forest 5 of 25"
[1] "training"
[1] "training complete"
[1] "elapsed time: 775.224"
[1] "computing out-of-bag predictions"
[1] "out-of-bag predictions complete"
[1] "elapsed time: 1.29800000000068"
[1] "computing predictions on test set"
[1] "test set predictions complete"
[1] "elapsed time: 0.996999999999389"
[1] "computing tree strength and correlation"
[1] "strength and correlation complete"
[1] "Evaluating forest 6 of 25"
[1] "training"
[1] "training complete"
[1] "elapsed time: 0.809999999999491"
[1] "computing out-of-bag predictions"
[1] "out-of-bag predictions complete"
[1] "elapsed time: 1.51100000000042"
[1] "computing predictions on test set"
[1] "test set predictions complete"
[1] "elapsed time: 1.15099999999984"
[1] "computing tree strength and correlation"
[1] "strength and correlation complete"
[1] "Evaluating forest 7 of 25"
[1] "training"
[1] "training complete"
[1] "elapsed time: 1.54600000000028"
[1] "computing out-of-bag predictions"
[1] "out-of-bag predictions complete"
[1] "elapsed time: 1.40899999999965"
[1] "computing predictions on test set"
[1] "test set predictions complete"
[1] "elapsed time: 1.07699999999932"
[1] "computing tree strength and correlation"
[1] "strength and correlation complete"
[1] "Evaluating forest 8 of 25"
[1] "training"
[1] "training complete"
[1] "elapsed time: 3.625"
[1] "computing out-of-bag predictions"
[1] "out-of-bag predictions complete"
[1] "elapsed time: 1.46299999999974"
[1] "computing predictions on test set"
[1] "test set predictions complete"
[1] "elapsed time: 1.08200000000033"
[1] "computing tree strength and correlation"
[1] "strength and correlation complete"
[1] "Evaluating forest 9 of 25"
[1] "training"
[1] "training complete"
[1] "elapsed time: 11.0769999999993"
[1] "computing out-of-bag predictions"
[1] "out-of-bag predictions complete"
[1] "elapsed time: 1.41599999999926"
[1] "computing predictions on test set"
[1] "test set predictions complete"
[1] "elapsed time: 1.0619999999999"
[1] "computing tree strength and correlation"
[1] "strength and correlation complete"
[1] "Evaluating forest 10 of 25"
[1] "training"
[1] "training complete"
[1] "elapsed time: 1117.371"
[1] "computing out-of-bag predictions"
[1] "out-of-bag predictions complete"
[1] "elapsed time: 1.3859999999986"
[1] "computing predictions on test set"
[1] "test set predictions complete"
[1] "elapsed time: 1.04600000000028"
[1] "computing tree strength and correlation"
[1] "strength and correlation complete"
[1] "Evaluating forest 11 of 25"
[1] "training"
[1] "training complete"
[1] "elapsed time: 0.899999999999636"
[1] "computing out-of-bag predictions"
[1] "out-of-bag predictions complete"
[1] "elapsed time: 1.60199999999895"
[1] "computing predictions on test set"
[1] "test set predictions complete"
[1] "elapsed time: 1.25900000000001"
[1] "computing tree strength and correlation"
[1] "strength and correlation complete"
[1] "Evaluating forest 12 of 25"
[1] "training"
[1] "training complete"
[1] "elapsed time: 1.6309999999994"
[1] "computing out-of-bag predictions"
[1] "out-of-bag predictions complete"
[1] "elapsed time: 1.52299999999923"
[1] "computing predictions on test set"
[1] "test set predictions complete"
[1] "elapsed time: 1.14999999999964"
[1] "computing tree strength and correlation"
[1] "strength and correlation complete"
[1] "Evaluating forest 13 of 25"
[1] "training"
[1] "training complete"
[1] "elapsed time: 4.22099999999955"
[1] "computing out-of-bag predictions"
[1] "out-of-bag predictions complete"
[1] "elapsed time: 1.47800000000097"
[1] "computing predictions on test set"
[1] "test set predictions complete"
[1] "elapsed time: 1.09400000000096"
[1] "computing tree strength and correlation"
[1] "strength and correlation complete"
[1] "Evaluating forest 14 of 25"
[1] "training"
[1] "training complete"
[1] "elapsed time: 12.6299999999992"
[1] "computing out-of-bag predictions"
[1] "out-of-bag predictions complete"
[1] "elapsed time: 1.44300000000112"
[1] "computing predictions on test set"
[1] "test set predictions complete"
[1] "elapsed time: 1.09000000000015"
[1] "computing tree strength and correlation"
[1] "strength and correlation complete"
[1] "Evaluating forest 15 of 25"
[1] "training"
[1] "training complete"
[1] "elapsed time: 1310.036"
[1] "computing out-of-bag predictions"
[1] "out-of-bag predictions complete"
[1] "elapsed time: 1.32599999999911"
[1] "computing predictions on test set"
[1] "test set predictions complete"
[1] "elapsed time: 1.02900000000045"
[1] "computing tree strength and correlation"
[1] "strength and correlation complete"
[1] "Evaluating forest 16 of 25"
[1] "training"
[1] "training complete"
[1] "elapsed time: 0.882999999999811"
[1] "computing out-of-bag predictions"
[1] "out-of-bag predictions complete"
[1] "elapsed time: 1.67599999999948"
[1] "computing predictions on test set"
[1] "test set predictions complete"
[1] "elapsed time: 1.31899999999951"
[1] "computing tree strength and correlation"
[1] "strength and correlation complete"
[1] "Evaluating forest 17 of 25"
[1] "training"
[1] "training complete"
[1] "elapsed time: 1.76800000000003"
[1] "computing out-of-bag predictions"
[1] "out-of-bag predictions complete"
[1] "elapsed time: 1.48999999999978"
[1] "computing predictions on test set"
[1] "test set predictions complete"
[1] "elapsed time: 1.15700000000106"
[1] "computing tree strength and correlation"
[1] "strength and correlation complete"
[1] "Evaluating forest 18 of 25"
[1] "training"
[1] "training complete"
[1] "elapsed time: 4.32000000000153"
[1] "computing out-of-bag predictions"
[1] "out-of-bag predictions complete"
[1] "elapsed time: 1.47399999999834"
[1] "computing predictions on test set"
[1] "test set predictions complete"
[1] "elapsed time: 1.16300000000047"
[1] "computing tree strength and correlation"
[1] "strength and correlation complete"
[1] "Evaluating forest 19 of 25"
[1] "training"
[1] "training complete"
[1] "elapsed time: 13.4580000000005"
[1] "computing out-of-bag predictions"
[1] "out-of-bag predictions complete"
[1] "elapsed time: 1.38699999999881"
[1] "computing predictions on test set"
[1] "test set predictions complete"
[1] "elapsed time: 1.09500000000116"
[1] "computing tree strength and correlation"
[1] "strength and correlation complete"
[1] "Evaluating forest 20 of 25"
[1] "training"
[1] "training complete"
[1] "elapsed time: 1386.493"
[1] "computing out-of-bag predictions"
[1] "out-of-bag predictions complete"
[1] "elapsed time: 1.39500000000044"
[1] "computing predictions on test set"
[1] "test set predictions complete"
[1] "elapsed time: 1.08100000000195"
[1] "computing tree strength and correlation"
[1] "strength and correlation complete"
[1] "Evaluating forest 21 of 25"
[1] "training"
[1] "training complete"
[1] "elapsed time: 0.888000000002648"
[1] "computing out-of-bag predictions"
[1] "out-of-bag predictions complete"
[1] "elapsed time: 1.69700000000012"
[1] "computing predictions on test set"
[1] "test set predictions complete"
[1] "elapsed time: 1.30099999999948"
[1] "computing tree strength and correlation"
[1] "strength and correlation complete"
[1] "Evaluating forest 22 of 25"
[1] "training"
[1] "training complete"
[1] "elapsed time: 1.81200000000172"
[1] "computing out-of-bag predictions"
[1] "out-of-bag predictions complete"
[1] "elapsed time: 1.59299999999712"
[1] "computing predictions on test set"
[1] "test set predictions complete"
[1] "elapsed time: 1.21900000000096"
[1] "computing tree strength and correlation"
[1] "strength and correlation complete"
[1] "Evaluating forest 23 of 25"
[1] "training"
[1] "training complete"
[1] "elapsed time: 4.78499999999985"
[1] "computing out-of-bag predictions"
[1] "out-of-bag predictions complete"
[1] "elapsed time: 1.48500000000058"
[1] "computing predictions on test set"
[1] "test set predictions complete"
[1] "elapsed time: 1.16600000000108"
[1] "computing tree strength and correlation"
[1] "strength and correlation complete"
[1] "Evaluating forest 24 of 25"
[1] "training"
[1] "training complete"
[1] "elapsed time: 14.0109999999986"
[1] "computing out-of-bag predictions"
[1] "out-of-bag predictions complete"
[1] "elapsed time: 1.48500000000058"
[1] "computing predictions on test set"
[1] "test set predictions complete"
[1] "elapsed time: 1.16200000000026"
[1] "computing tree strength and correlation"
[1] "strength and correlation complete"
[1] "Evaluating forest 25 of 25"
[1] "training"
[1] "training complete"
[1] "elapsed time: 1497.334"
[1] "computing out-of-bag predictions"
[1] "out-of-bag predictions complete"
[1] "elapsed time: 1.41600000000108"
[1] "computing predictions on test set"
[1] "test set predictions complete"
[1] "elapsed time: 1.09100000000035"
[1] "computing tree strength and correlation"
[1] "strength and correlation complete"
[1] "fold 4"
[1] "Evaluating forest 1 of 25"
[1] "training"
[1] "training complete"
[1] "elapsed time: 0.763000000002648"
[1] "computing out-of-bag predictions"
[1] "out-of-bag predictions complete"
[1] "elapsed time: 1.47299999999814"
[1] "computing predictions on test set"
[1] "test set predictions complete"
[1] "elapsed time: 1.13199999999779"
[1] "computing tree strength and correlation"
[1] "strength and correlation complete"
[1] "Evaluating forest 2 of 25"
[1] "training"
[1] "training complete"
[1] "elapsed time: 1.23600000000079"
[1] "computing out-of-bag predictions"
[1] "out-of-bag predictions complete"
[1] "elapsed time: 1.51699999999983"
[1] "computing predictions on test set"
[1] "test set predictions complete"
[1] "elapsed time: 1.10599999999977"
[1] "computing tree strength and correlation"
[1] "strength and correlation complete"
[1] "Evaluating forest 3 of 25"
[1] "training"
[1] "training complete"
[1] "elapsed time: 2.69499999999971"
[1] "computing out-of-bag predictions"
[1] "out-of-bag predictions complete"
[1] "elapsed time: 1.41600000000108"
[1] "computing predictions on test set"
[1] "test set predictions complete"
[1] "elapsed time: 1.06600000000253"
[1] "computing tree strength and correlation"
[1] "strength and correlation complete"
[1] "Evaluating forest 4 of 25"
[1] "training"
[1] "training complete"
[1] "elapsed time: 7.55099999999948"
[1] "computing out-of-bag predictions"
[1] "out-of-bag predictions complete"
[1] "elapsed time: 1.44300000000294"
[1] "computing predictions on test set"
[1] "test set predictions complete"
[1] "elapsed time: 1.0669999999991"
[1] "computing tree strength and correlation"
[1] "strength and correlation complete"
[1] "Evaluating forest 5 of 25"
[1] "training"
[1] "training complete"
[1] "elapsed time: 716.898000000001"
[1] "computing out-of-bag predictions"
[1] "out-of-bag predictions complete"
[1] "elapsed time: 1.32200000000012"
[1] "computing predictions on test set"
[1] "test set predictions complete"
[1] "elapsed time: 1.01800000000003"
[1] "computing tree strength and correlation"
[1] "strength and correlation complete"
[1] "Evaluating forest 6 of 25"
[1] "training"
[1] "training complete"
[1] "elapsed time: 0.819999999999709"
[1] "computing out-of-bag predictions"
[1] "out-of-bag predictions complete"
[1] "elapsed time: 1.5570000000007"
[1] "computing predictions on test set"
[1] "test set predictions complete"
[1] "elapsed time: 1.23400000000038"
[1] "computing tree strength and correlation"
[1] "strength and correlation complete"
[1] "Evaluating forest 7 of 25"
[1] "training"
[1] "training complete"
[1] "elapsed time: 1.56399999999849"
[1] "computing out-of-bag predictions"
[1] "out-of-bag predictions complete"
[1] "elapsed time: 1.45700000000215"
[1] "computing predictions on test set"
[1] "test set predictions complete"
[1] "elapsed time: 1.08499999999913"
[1] "computing tree strength and correlation"
[1] "strength and correlation complete"
[1] "Evaluating forest 8 of 25"
[1] "training"
[1] "training complete"
[1] "elapsed time: 3.625"
[1] "computing out-of-bag predictions"
[1] "out-of-bag predictions complete"
[1] "elapsed time: 1.47199999999793"
[1] "computing predictions on test set"
[1] "test set predictions complete"
[1] "elapsed time: 1.0779999999977"
[1] "computing tree strength and correlation"
[1] "strength and correlation complete"
[1] "Evaluating forest 9 of 25"
[1] "training"
[1] "training complete"
[1] "elapsed time: 11.0440000000017"
[1] "computing out-of-bag predictions"
[1] "out-of-bag predictions complete"
[1] "elapsed time: 1.39199999999983"
[1] "computing predictions on test set"
[1] "test set predictions complete"
[1] "elapsed time: 1.03399999999965"
[1] "computing tree strength and correlation"
[1] "strength and correlation complete"
[1] "Evaluating forest 10 of 25"
[1] "training"
[1] "training complete"
[1] "elapsed time: 1054.496"
[1] "computing out-of-bag predictions"
[1] "out-of-bag predictions complete"
[1] "elapsed time: 1.38300000000163"
[1] "computing predictions on test set"
[1] "test set predictions complete"
[1] "elapsed time: 1.04200000000128"
[1] "computing tree strength and correlation"
[1] "strength and correlation complete"
[1] "Evaluating forest 11 of 25"
[1] "training"
[1] "training complete"
[1] "elapsed time: 0.913999999997031"
[1] "computing out-of-bag predictions"
[1] "out-of-bag predictions complete"
[1] "elapsed time: 1.63999999999942"
[1] "computing predictions on test set"
[1] "test set predictions complete"
[1] "elapsed time: 1.26599999999962"
[1] "computing tree strength and correlation"
[1] "strength and correlation complete"
[1] "Evaluating forest 12 of 25"
[1] "training"
[1] "training complete"
[1] "elapsed time: 1.63799999999901"
[1] "computing out-of-bag predictions"
[1] "out-of-bag predictions complete"
[1] "elapsed time: 1.45999999999913"
[1] "computing predictions on test set"
[1] "test set predictions complete"
[1] "elapsed time: 1.15899999999965"
[1] "computing tree strength and correlation"
[1] "strength and correlation complete"
[1] "Evaluating forest 13 of 25"
[1] "training"
[1] "training complete"
[1] "elapsed time: 4.13700000000244"
[1] "computing out-of-bag predictions"
[1] "out-of-bag predictions complete"
[1] "elapsed time: 1.41299999999683"
[1] "computing predictions on test set"
[1] "test set predictions complete"
[1] "elapsed time: 1.10800000000017"
[1] "computing tree strength and correlation"
[1] "strength and correlation complete"
[1] "Evaluating forest 14 of 25"
[1] "training"
[1] "training complete"
[1] "elapsed time: 12.1169999999984"
[1] "computing out-of-bag predictions"
[1] "out-of-bag predictions complete"
[1] "elapsed time: 1.39099999999962"
[1] "computing predictions on test set"
[1] "test set predictions complete"
[1] "elapsed time: 1.08599999999933"
[1] "computing tree strength and correlation"
[1] "strength and correlation complete"
[1] "Evaluating forest 15 of 25"
[1] "training"
[1] "training complete"
[1] "elapsed time: 1254.498"
[1] "computing out-of-bag predictions"
[1] "out-of-bag predictions complete"
[1] "elapsed time: 1.35599999999977"
[1] "computing predictions on test set"
[1] "test set predictions complete"
[1] "elapsed time: 1.04400000000169"
[1] "computing tree strength and correlation"
[1] "strength and correlation complete"
[1] "Evaluating forest 16 of 25"
[1] "training"
[1] "training complete"
[1] "elapsed time: 0.870999999999185"
[1] "computing out-of-bag predictions"
[1] "out-of-bag predictions complete"
[1] "elapsed time: 1.63600000000224"
[1] "computing predictions on test set"
[1] "test set predictions complete"
[1] "elapsed time: 1.2489999999998"
[1] "computing tree strength and correlation"
[1] "strength and correlation complete"
[1] "Evaluating forest 17 of 25"
[1] "training"
[1] "training complete"
[1] "elapsed time: 1.75699999999779"
[1] "computing out-of-bag predictions"
[1] "out-of-bag predictions complete"
[1] "elapsed time: 1.54699999999866"
[1] "computing predictions on test set"
[1] "test set predictions complete"
[1] "elapsed time: 1.17499999999927"
[1] "computing tree strength and correlation"
[1] "strength and correlation complete"
[1] "Evaluating forest 18 of 25"
[1] "training"
[1] "training complete"
[1] "elapsed time: 4.47700000000259"
[1] "computing out-of-bag predictions"
[1] "out-of-bag predictions complete"
[1] "elapsed time: 1.46099999999933"
[1] "computing predictions on test set"
[1] "test set predictions complete"
[1] "elapsed time: 1.16100000000006"
[1] "computing tree strength and correlation"
[1] "strength and correlation complete"
[1] "Evaluating forest 19 of 25"
[1] "training"
[1] "training complete"
[1] "elapsed time: 13.2439999999988"
[1] "computing out-of-bag predictions"
[1] "out-of-bag predictions complete"
[1] "elapsed time: 1.41100000000006"
[1] "computing predictions on test set"
[1] "test set predictions complete"
[1] "elapsed time: 1.11299999999756"
[1] "computing tree strength and correlation"
[1] "strength and correlation complete"
[1] "Evaluating forest 20 of 25"
[1] "training"
[1] "training complete"
[1] "elapsed time: 1328.713"
[1] "computing out-of-bag predictions"
[1] "out-of-bag predictions complete"
[1] "elapsed time: 1.36800000000221"
[1] "computing predictions on test set"
[1] "test set predictions complete"
[1] "elapsed time: 1.06599999999889"
[1] "computing tree strength and correlation"
[1] "strength and correlation complete"
[1] "Evaluating forest 21 of 25"
[1] "training"
[1] "training complete"
[1] "elapsed time: 1.12800000000061"
[1] "computing out-of-bag predictions"
[1] "out-of-bag predictions complete"
[1] "elapsed time: 1.66300000000047"
[1] "computing predictions on test set"
[1] "test set predictions complete"
[1] "elapsed time: 1.31999999999971"
[1] "computing tree strength and correlation"
[1] "strength and correlation complete"
[1] "Evaluating forest 22 of 25"
[1] "training"
[1] "training complete"
[1] "elapsed time: 1.81000000000131"
[1] "computing out-of-bag predictions"
[1] "out-of-bag predictions complete"
[1] "elapsed time: 1.60800000000017"
[1] "computing predictions on test set"
[1] "test set predictions complete"
[1] "elapsed time: 1.22100000000137"
[1] "computing tree strength and correlation"
[1] "strength and correlation complete"
[1] "Evaluating forest 23 of 25"
[1] "training"
[1] "training complete"
[1] "elapsed time: 4.61000000000058"
[1] "computing out-of-bag predictions"
[1] "out-of-bag predictions complete"
[1] "elapsed time: 1.54500000000189"
[1] "computing predictions on test set"
[1] "test set predictions complete"
[1] "elapsed time: 1.17599999999948"
[1] "computing tree strength and correlation"
[1] "strength and correlation complete"
[1] "Evaluating forest 24 of 25"
[1] "training"
[1] "training complete"
[1] "elapsed time: 14.1879999999983"
[1] "computing out-of-bag predictions"
[1] "out-of-bag predictions complete"
[1] "elapsed time: 1.47300000000178"
[1] "computing predictions on test set"
[1] "test set predictions complete"
[1] "elapsed time: 1.17399999999907"
[1] "computing tree strength and correlation"
[1] "strength and correlation complete"
[1] "Evaluating forest 25 of 25"
[1] "training"
[1] "training complete"
[1] "elapsed time: 1422.264"
[1] "computing out-of-bag predictions"
[1] "out-of-bag predictions complete"
[1] "elapsed time: 1.43500000000131"
[1] "computing predictions on test set"
[1] "test set predictions complete"
[1] "elapsed time: 1.10699999999997"
[1] "computing tree strength and correlation"
[1] "strength and correlation complete"
[1] "fold 5"
[1] "Evaluating forest 1 of 25"
[1] "training"
[1] "training complete"
[1] "elapsed time: 0.744999999998981"
[1] "computing out-of-bag predictions"
[1] "out-of-bag predictions complete"
[1] "elapsed time: 1.4220000000023"
[1] "computing predictions on test set"
[1] "test set predictions complete"
[1] "elapsed time: 1.06200000000172"
[1] "computing tree strength and correlation"
[1] "strength and correlation complete"
[1] "Evaluating forest 2 of 25"
[1] "training"
[1] "training complete"
[1] "elapsed time: 1.20599999999831"
[1] "computing out-of-bag predictions"
[1] "out-of-bag predictions complete"
[1] "elapsed time: 1.43799999999828"
[1] "computing predictions on test set"
[1] "test set predictions complete"
[1] "elapsed time: 1.08499999999913"
[1] "computing tree strength and correlation"
[1] "strength and correlation complete"
[1] "Evaluating forest 3 of 25"
[1] "training"
[1] "training complete"
[1] "elapsed time: 2.66399999999703"
[1] "computing out-of-bag predictions"
[1] "out-of-bag predictions complete"
[1] "elapsed time: 1.36100000000079"
[1] "computing predictions on test set"
[1] "test set predictions complete"
[1] "elapsed time: 1.02800000000207"
[1] "computing tree strength and correlation"
[1] "strength and correlation complete"
[1] "Evaluating forest 4 of 25"
[1] "training"
[1] "training complete"
[1] "elapsed time: 7.28399999999965"
[1] "computing out-of-bag predictions"
[1] "out-of-bag predictions complete"
[1] "elapsed time: 1.39800000000105"
[1] "computing predictions on test set"
[1] "test set predictions complete"
[1] "elapsed time: 1.03900000000067"
[1] "computing tree strength and correlation"
[1] "strength and correlation complete"
[1] "Evaluating forest 5 of 25"
[1] "training"
[1] "training complete"
[1] "elapsed time: 725.436999999998"
[1] "computing out-of-bag predictions"
[1] "out-of-bag predictions complete"
[1] "elapsed time: 1.29900000000271"
[1] "computing predictions on test set"
[1] "test set predictions complete"
[1] "elapsed time: 0.993999999998778"
[1] "computing tree strength and correlation"
[1] "strength and correlation complete"
[1] "Evaluating forest 6 of 25"
[1] "training"
[1] "training complete"
[1] "elapsed time: 0.832000000002154"
[1] "computing out-of-bag predictions"
[1] "out-of-bag predictions complete"
[1] "elapsed time: 1.56599999999889"
[1] "computing predictions on test set"
[1] "test set predictions complete"
[1] "elapsed time: 1.25200000000041"
[1] "computing tree strength and correlation"
[1] "strength and correlation complete"
[1] "Evaluating forest 7 of 25"
[1] "training"
[1] "training complete"
[1] "elapsed time: 1.51499999999942"
[1] "computing out-of-bag predictions"
[1] "out-of-bag predictions complete"
[1] "elapsed time: 1.39799999999741"
[1] "computing predictions on test set"
[1] "test set predictions complete"
[1] "elapsed time: 1.08299999999872"
[1] "computing tree strength and correlation"
[1] "strength and correlation complete"
[1] "Evaluating forest 8 of 25"
[1] "training"
[1] "training complete"
[1] "elapsed time: 3.82300000000032"
[1] "computing out-of-bag predictions"
[1] "out-of-bag predictions complete"
[1] "elapsed time: 1.37199999999939"
[1] "computing predictions on test set"
[1] "test set predictions complete"
[1] "elapsed time: 1.08499999999913"
[1] "computing tree strength and correlation"
[1] "strength and correlation complete"
[1] "Evaluating forest 9 of 25"
[1] "training"
[1] "training complete"
[1] "elapsed time: 11.2410000000018"
[1] "computing out-of-bag predictions"
[1] "out-of-bag predictions complete"
[1] "elapsed time: 1.32399999999689"
[1] "computing predictions on test set"
[1] "test set predictions complete"
[1] "elapsed time: 1.04100000000108"
[1] "computing tree strength and correlation"
[1] "strength and correlation complete"
[1] "Evaluating forest 10 of 25"
[1] "training"
[1] "training complete"
[1] "elapsed time: 1006.189"
[1] "computing out-of-bag predictions"
[1] "out-of-bag predictions complete"
[1] "elapsed time: 1.36399999999776"
[1] "computing predictions on test set"
[1] "test set predictions complete"
[1] "elapsed time: 1.04199999999764"
[1] "computing tree strength and correlation"
[1] "strength and correlation complete"
[1] "Evaluating forest 11 of 25"
[1] "training"
[1] "training complete"
[1] "elapsed time: 0.853000000002794"
[1] "computing out-of-bag predictions"
[1] "out-of-bag predictions complete"
[1] "elapsed time: 1.58599999999933"
[1] "computing predictions on test set"
[1] "test set predictions complete"
[1] "elapsed time: 1.20300000000134"
[1] "computing tree strength and correlation"
[1] "strength and correlation complete"
[1] "Evaluating forest 12 of 25"
[1] "training"
[1] "training complete"
[1] "elapsed time: 1.64199999999983"
[1] "computing out-of-bag predictions"
[1] "out-of-bag predictions complete"
[1] "elapsed time: 1.47400000000198"
[1] "computing predictions on test set"
[1] "test set predictions complete"
[1] "elapsed time: 1.13999999999942"
[1] "computing tree strength and correlation"
[1] "strength and correlation complete"
[1] "Evaluating forest 13 of 25"
[1] "training"
[1] "training complete"
[1] "elapsed time: 4.03099999999904"
[1] "computing out-of-bag predictions"
[1] "out-of-bag predictions complete"
[1] "elapsed time: 1.38200000000143"
[1] "computing predictions on test set"
[1] "test set predictions complete"
[1] "elapsed time: 1.10999999999694"
[1] "computing tree strength and correlation"
[1] "strength and correlation complete"
[1] "Evaluating forest 14 of 25"
[1] "training"
[1] "training complete"
[1] "elapsed time: 12.2119999999995"
[1] "computing out-of-bag predictions"
[1] "out-of-bag predictions complete"
[1] "elapsed time: 1.40899999999965"
[1] "computing predictions on test set"
[1] "test set predictions complete"
[1] "elapsed time: 1.10699999999997"
[1] "computing tree strength and correlation"
[1] "strength and correlation complete"
[1] "Evaluating forest 15 of 25"
[1] "training"
[1] "training complete"
[1] "elapsed time: 1218.16"
[1] "computing out-of-bag predictions"
[1] "out-of-bag predictions complete"
[1] "elapsed time: 1.31200000000172"
[1] "computing predictions on test set"
[1] "test set predictions complete"
[1] "elapsed time: 1.02400000000125"
[1] "computing tree strength and correlation"
[1] "strength and correlation complete"
[1] "Evaluating forest 16 of 25"
[1] "training"
[1] "training complete"
[1] "elapsed time: 0.896999999997206"
[1] "computing out-of-bag predictions"
[1] "out-of-bag predictions complete"
[1] "elapsed time: 1.65300000000207"
[1] "computing predictions on test set"
[1] "test set predictions complete"
[1] "elapsed time: 1.32099999999991"
[1] "computing tree strength and correlation"
[1] "strength and correlation complete"
[1] "Evaluating forest 17 of 25"
[1] "training"
[1] "training complete"
[1] "elapsed time: 1.78199999999924"
[1] "computing out-of-bag predictions"
[1] "out-of-bag predictions complete"
[1] "elapsed time: 1.5580000000009"
[1] "computing predictions on test set"
[1] "test set predictions complete"
[1] "elapsed time: 1.14800000000105"
[1] "computing tree strength and correlation"
[1] "strength and correlation complete"
[1] "Evaluating forest 18 of 25"
[1] "training"
[1] "training complete"
[1] "elapsed time: 4.44800000000032"
[1] "computing out-of-bag predictions"
[1] "out-of-bag predictions complete"
[1] "elapsed time: 1.45800000000236"
[1] "computing predictions on test set"
[1] "test set predictions complete"
[1] "elapsed time: 1.14199999999983"
[1] "computing tree strength and correlation"
[1] "strength and correlation complete"
[1] "Evaluating forest 19 of 25"
[1] "training"
[1] "training complete"
[1] "elapsed time: 13.6740000000027"
[1] "computing out-of-bag predictions"
[1] "out-of-bag predictions complete"
[1] "elapsed time: 1.3849999999984"
[1] "computing predictions on test set"
[1] "test set predictions complete"
[1] "elapsed time: 1.10299999999916"
[1] "computing tree strength and correlation"
[1] "strength and correlation complete"
[1] "Evaluating forest 20 of 25"
[1] "training"
[1] "training complete"
[1] "elapsed time: 1326.084"
[1] "computing out-of-bag predictions"
[1] "out-of-bag predictions complete"
[1] "elapsed time: 1.37200000000303"
[1] "computing predictions on test set"
[1] "test set predictions complete"
[1] "elapsed time: 1.07400000000052"
[1] "computing tree strength and correlation"
[1] "strength and correlation complete"
[1] "Evaluating forest 21 of 25"
[1] "training"
[1] "training complete"
[1] "elapsed time: 0.893000000000029"
[1] "computing out-of-bag predictions"
[1] "out-of-bag predictions complete"
[1] "elapsed time: 1.73700000000099"
[1] "computing predictions on test set"
[1] "test set predictions complete"
[1] "elapsed time: 1.37299999999959"
[1] "computing tree strength and correlation"
[1] "strength and correlation complete"
[1] "Evaluating forest 22 of 25"
[1] "training"
[1] "training complete"
[1] "elapsed time: 1.89700000000084"
[1] "computing out-of-bag predictions"
[1] "out-of-bag predictions complete"
[1] "elapsed time: 1.59699999999793"
[1] "computing predictions on test set"
[1] "test set predictions complete"
[1] "elapsed time: 1.28299999999945"
[1] "computing tree strength and correlation"
[1] "strength and correlation complete"
[1] "Evaluating forest 23 of 25"
[1] "training"
[1] "training complete"
[1] "elapsed time: 4.65100000000166"
[1] "computing out-of-bag predictions"
[1] "out-of-bag predictions complete"
[1] "elapsed time: 1.59000000000015"
[1] "computing predictions on test set"
[1] "test set predictions complete"
[1] "elapsed time: 1.16400000000067"
[1] "computing tree strength and correlation"
[1] "strength and correlation complete"
[1] "Evaluating forest 24 of 25"
[1] "training"
[1] "training complete"
[1] "elapsed time: 13.9140000000007"
[1] "computing out-of-bag predictions"
[1] "out-of-bag predictions complete"
[1] "elapsed time: 1.45400000000154"
[1] "computing predictions on test set"
[1] "test set predictions complete"
[1] "elapsed time: 1.15599999999904"
[1] "computing tree strength and correlation"
[1] "strength and correlation complete"
[1] "Evaluating forest 25 of 25"
[1] "training"
[1] "training complete"
[1] "elapsed time: 1357.969"
[1] "computing out-of-bag predictions"
[1] "out-of-bag predictions complete"
[1] "elapsed time: 1.38300000000163"
[1] "computing predictions on test set"
[1] "test set predictions complete"
[1] "elapsed time: 1.08799999999974"
[1] "computing tree strength and correlation"
[1] "strength and correlation complete"
job complete
