My SLURM_ARRAY_TASK_ID:  5
AUC 0.3.0
Type AUCNews() to see the change log and ?AUC to get an overview.
dummies-1.5.6 provided by Decision Patterns

Loading required package: R.oo
Loading required package: R.methodsS3
R.methodsS3 v1.7.1 (2016-02-15) successfully loaded. See ?R.methodsS3 for help.
R.oo v1.21.0 (2016-10-30) successfully loaded. See ?R.oo for help.

Attaching package: ‘R.oo’

The following objects are masked from ‘package:base’:

    attach, detach, gc, load, save

R.utils v2.6.0 (2017-11-04) successfully loaded. See ?R.utils for help.

Attaching package: ‘R.utils’

The following object is masked from ‘package:utils’:

    timestamp

The following objects are masked from ‘package:base’:

    cat, commandArgs, getOption, inherits, isOpen, parse, warnings

[1] "fold 1"
[1] "Evaluating forest 1 of 25"
[1] "training"
[1] "training complete"
[1] "elapsed time: 0.285"
[1] "computing out-of-bag predictions"
[1] "out-of-bag predictions complete"
[1] "elapsed time: 0.873"
[1] "computing predictions on test set"
[1] "test set predictions complete"
[1] "elapsed time: 0.685"
[1] "computing tree strength and correlation"
[1] "strength and correlation complete"
[1] "Evaluating forest 2 of 25"
[1] "training"
[1] "training complete"
[1] "elapsed time: 0.388"
[1] "computing out-of-bag predictions"
[1] "out-of-bag predictions complete"
[1] "elapsed time: 0.86"
[1] "computing predictions on test set"
[1] "test set predictions complete"
[1] "elapsed time: 0.78"
[1] "computing tree strength and correlation"
[1] "strength and correlation complete"
[1] "Evaluating forest 3 of 25"
[1] "training"
[1] "training complete"
[1] "elapsed time: 0.465"
[1] "computing out-of-bag predictions"
[1] "out-of-bag predictions complete"
[1] "elapsed time: 0.79"
[1] "computing predictions on test set"
[1] "test set predictions complete"
[1] "elapsed time: 0.705"
[1] "computing tree strength and correlation"
[1] "strength and correlation complete"
[1] "Evaluating forest 4 of 25"
[1] "training"
[1] "training complete"
[1] "elapsed time: 0.711"
[1] "computing out-of-bag predictions"
[1] "out-of-bag predictions complete"
[1] "elapsed time: 0.804"
[1] "computing predictions on test set"
[1] "test set predictions complete"
[1] "elapsed time: 0.732999999999999"
[1] "computing tree strength and correlation"
[1] "strength and correlation complete"
[1] "Evaluating forest 5 of 25"
[1] "training"
[1] "training complete"
[1] "elapsed time: 15.989"
[1] "computing out-of-bag predictions"
[1] "out-of-bag predictions complete"
[1] "elapsed time: 0.756"
[1] "computing predictions on test set"
[1] "test set predictions complete"
[1] "elapsed time: 0.669"
[1] "computing tree strength and correlation"
[1] "strength and correlation complete"
[1] "Evaluating forest 6 of 25"
[1] "training"
[1] "training complete"
[1] "elapsed time: 0.352"
[1] "computing out-of-bag predictions"
[1] "out-of-bag predictions complete"
[1] "elapsed time: 0.891000000000002"
[1] "computing predictions on test set"
[1] "test set predictions complete"
[1] "elapsed time: 0.814"
[1] "computing tree strength and correlation"
[1] "strength and correlation complete"
[1] "Evaluating forest 7 of 25"
[1] "training"
[1] "training complete"
[1] "elapsed time: 0.399999999999999"
[1] "computing out-of-bag predictions"
[1] "out-of-bag predictions complete"
[1] "elapsed time: 0.822000000000003"
[1] "computing predictions on test set"
[1] "test set predictions complete"
[1] "elapsed time: 0.737000000000002"
[1] "computing tree strength and correlation"
[1] "strength and correlation complete"
[1] "Evaluating forest 8 of 25"
[1] "training"
[1] "training complete"
[1] "elapsed time: 0.515000000000001"
[1] "computing out-of-bag predictions"
[1] "out-of-bag predictions complete"
[1] "elapsed time: 0.814999999999998"
[1] "computing predictions on test set"
[1] "test set predictions complete"
[1] "elapsed time: 0.734000000000002"
[1] "computing tree strength and correlation"
[1] "strength and correlation complete"
[1] "Evaluating forest 9 of 25"
[1] "training"
[1] "training complete"
[1] "elapsed time: 0.962000000000003"
[1] "computing out-of-bag predictions"
[1] "out-of-bag predictions complete"
[1] "elapsed time: 0.796999999999997"
[1] "computing predictions on test set"
[1] "test set predictions complete"
[1] "elapsed time: 0.715000000000003"
[1] "computing tree strength and correlation"
[1] "strength and correlation complete"
[1] "Evaluating forest 10 of 25"
[1] "training"
[1] "training complete"
[1] "elapsed time: 19.747"
[1] "computing out-of-bag predictions"
[1] "out-of-bag predictions complete"
[1] "elapsed time: 0.780000000000001"
[1] "computing predictions on test set"
[1] "test set predictions complete"
[1] "elapsed time: 0.698999999999998"
[1] "computing tree strength and correlation"
[1] "strength and correlation complete"
[1] "Evaluating forest 11 of 25"
[1] "training"
[1] "training complete"
[1] "elapsed time: 0.335999999999999"
[1] "computing out-of-bag predictions"
[1] "out-of-bag predictions complete"
[1] "elapsed time: 0.888000000000005"
[1] "computing predictions on test set"
[1] "test set predictions complete"
[1] "elapsed time: 0.793999999999997"
[1] "computing tree strength and correlation"
[1] "strength and correlation complete"
[1] "Evaluating forest 12 of 25"
[1] "training"
[1] "training complete"
[1] "elapsed time: 0.385999999999996"
[1] "computing out-of-bag predictions"
[1] "out-of-bag predictions complete"
[1] "elapsed time: 0.840000000000003"
[1] "computing predictions on test set"
[1] "test set predictions complete"
[1] "elapsed time: 0.759"
[1] "computing tree strength and correlation"
[1] "strength and correlation complete"
[1] "Evaluating forest 13 of 25"
[1] "training"
[1] "training complete"
[1] "elapsed time: 0.591999999999999"
[1] "computing out-of-bag predictions"
[1] "out-of-bag predictions complete"
[1] "elapsed time: 0.796999999999997"
[1] "computing predictions on test set"
[1] "test set predictions complete"
[1] "elapsed time: 0.727999999999994"
[1] "computing tree strength and correlation"
[1] "strength and correlation complete"
[1] "Evaluating forest 14 of 25"
[1] "training"
[1] "training complete"
[1] "elapsed time: 1.02500000000001"
[1] "computing out-of-bag predictions"
[1] "out-of-bag predictions complete"
[1] "elapsed time: 0.794000000000011"
[1] "computing predictions on test set"
[1] "test set predictions complete"
[1] "elapsed time: 0.730000000000004"
[1] "computing tree strength and correlation"
[1] "strength and correlation complete"
[1] "Evaluating forest 15 of 25"
[1] "training"
[1] "training complete"
[1] "elapsed time: 20.904"
[1] "computing out-of-bag predictions"
[1] "out-of-bag predictions complete"
[1] "elapsed time: 0.763000000000005"
[1] "computing predictions on test set"
[1] "test set predictions complete"
[1] "elapsed time: 0.692000000000007"
[1] "computing tree strength and correlation"
[1] "strength and correlation complete"
[1] "Evaluating forest 16 of 25"
[1] "training"
[1] "training complete"
[1] "elapsed time: 0.326999999999998"
[1] "computing out-of-bag predictions"
[1] "out-of-bag predictions complete"
[1] "elapsed time: 0.903999999999996"
[1] "computing predictions on test set"
[1] "test set predictions complete"
[1] "elapsed time: 0.805999999999997"
[1] "computing tree strength and correlation"
[1] "strength and correlation complete"
[1] "Evaluating forest 17 of 25"
[1] "training"
[1] "training complete"
[1] "elapsed time: 0.385999999999996"
[1] "computing out-of-bag predictions"
[1] "out-of-bag predictions complete"
[1] "elapsed time: 0.840999999999994"
[1] "computing predictions on test set"
[1] "test set predictions complete"
[1] "elapsed time: 0.760999999999996"
[1] "computing tree strength and correlation"
[1] "strength and correlation complete"
[1] "Evaluating forest 18 of 25"
[1] "training"
[1] "training complete"
[1] "elapsed time: 0.643000000000001"
[1] "computing out-of-bag predictions"
[1] "out-of-bag predictions complete"
[1] "elapsed time: 0.825999999999993"
[1] "computing predictions on test set"
[1] "test set predictions complete"
[1] "elapsed time: 0.73599999999999"
[1] "computing tree strength and correlation"
[1] "strength and correlation complete"
[1] "Evaluating forest 19 of 25"
[1] "training"
[1] "training complete"
[1] "elapsed time: 1.148"
[1] "computing out-of-bag predictions"
[1] "out-of-bag predictions complete"
[1] "elapsed time: 0.784999999999997"
[1] "computing predictions on test set"
[1] "test set predictions complete"
[1] "elapsed time: 0.720999999999989"
[1] "computing tree strength and correlation"
[1] "strength and correlation complete"
[1] "Evaluating forest 20 of 25"
[1] "training"
[1] "training complete"
[1] "elapsed time: 21.8"
[1] "computing out-of-bag predictions"
[1] "out-of-bag predictions complete"
[1] "elapsed time: 0.792000000000002"
[1] "computing predictions on test set"
[1] "test set predictions complete"
[1] "elapsed time: 0.716000000000008"
[1] "computing tree strength and correlation"
[1] "strength and correlation complete"
[1] "Evaluating forest 21 of 25"
[1] "training"
[1] "training complete"
[1] "elapsed time: 0.342999999999989"
[1] "computing out-of-bag predictions"
[1] "out-of-bag predictions complete"
[1] "elapsed time: 0.906000000000006"
[1] "computing predictions on test set"
[1] "test set predictions complete"
[1] "elapsed time: 0.814999999999998"
[1] "computing tree strength and correlation"
[1] "strength and correlation complete"
[1] "Evaluating forest 22 of 25"
[1] "training"
[1] "training complete"
[1] "elapsed time: 0.444000000000017"
[1] "computing out-of-bag predictions"
[1] "out-of-bag predictions complete"
[1] "elapsed time: 0.866000000000014"
[1] "computing predictions on test set"
[1] "test set predictions complete"
[1] "elapsed time: 0.769999999999982"
[1] "computing tree strength and correlation"
[1] "strength and correlation complete"
[1] "Evaluating forest 23 of 25"
[1] "training"
[1] "training complete"
[1] "elapsed time: 0.639999999999986"
[1] "computing out-of-bag predictions"
[1] "out-of-bag predictions complete"
[1] "elapsed time: 0.819999999999993"
[1] "computing predictions on test set"
[1] "test set predictions complete"
[1] "elapsed time: 0.744"
[1] "computing tree strength and correlation"
[1] "strength and correlation complete"
[1] "Evaluating forest 24 of 25"
[1] "training"
[1] "training complete"
[1] "elapsed time: 1.13"
[1] "computing out-of-bag predictions"
[1] "out-of-bag predictions complete"
[1] "elapsed time: 0.813999999999993"
[1] "computing predictions on test set"
[1] "test set predictions complete"
[1] "elapsed time: 0.730999999999995"
[1] "computing tree strength and correlation"
[1] "strength and correlation complete"
[1] "Evaluating forest 25 of 25"
[1] "training"
[1] "training complete"
[1] "elapsed time: 23.013"
[1] "computing out-of-bag predictions"
[1] "out-of-bag predictions complete"
[1] "elapsed time: 0.784999999999997"
[1] "computing predictions on test set"
[1] "test set predictions complete"
[1] "elapsed time: 0.701999999999998"
[1] "computing tree strength and correlation"
[1] "strength and correlation complete"
[1] "fold 2"
[1] "Evaluating forest 1 of 25"
[1] "training"
[1] "training complete"
[1] "elapsed time: 0.330999999999989"
[1] "computing out-of-bag predictions"
[1] "out-of-bag predictions complete"
[1] "elapsed time: 0.798000000000002"
[1] "computing predictions on test set"
[1] "test set predictions complete"
[1] "elapsed time: 0.718000000000018"
[1] "computing tree strength and correlation"
[1] "strength and correlation complete"
[1] "Evaluating forest 2 of 25"
[1] "training"
[1] "training complete"
[1] "elapsed time: 0.385999999999996"
[1] "computing out-of-bag predictions"
[1] "out-of-bag predictions complete"
[1] "elapsed time: 0.887"
[1] "computing predictions on test set"
[1] "test set predictions complete"
[1] "elapsed time: 0.792000000000002"
[1] "computing tree strength and correlation"
[1] "strength and correlation complete"
[1] "Evaluating forest 3 of 25"
[1] "training"
[1] "training complete"
[1] "elapsed time: 0.491000000000014"
[1] "computing out-of-bag predictions"
[1] "out-of-bag predictions complete"
[1] "elapsed time: 0.789999999999992"
[1] "computing predictions on test set"
[1] "test set predictions complete"
[1] "elapsed time: 0.714999999999975"
[1] "computing tree strength and correlation"
[1] "strength and correlation complete"
[1] "Evaluating forest 4 of 25"
[1] "training"
[1] "training complete"
[1] "elapsed time: 0.829000000000008"
[1] "computing out-of-bag predictions"
[1] "out-of-bag predictions complete"
[1] "elapsed time: 0.823999999999984"
[1] "computing predictions on test set"
[1] "test set predictions complete"
[1] "elapsed time: 0.731999999999999"
[1] "computing tree strength and correlation"
[1] "strength and correlation complete"
[1] "Evaluating forest 5 of 25"
[1] "training"
[1] "training complete"
[1] "elapsed time: 17.031"
[1] "computing out-of-bag predictions"
[1] "out-of-bag predictions complete"
[1] "elapsed time: 0.756"
[1] "computing predictions on test set"
[1] "test set predictions complete"
[1] "elapsed time: 0.691000000000003"
[1] "computing tree strength and correlation"
[1] "strength and correlation complete"
[1] "Evaluating forest 6 of 25"
[1] "training"
[1] "training complete"
[1] "elapsed time: 0.359000000000009"
[1] "computing out-of-bag predictions"
[1] "out-of-bag predictions complete"
[1] "elapsed time: 0.911000000000001"
[1] "computing predictions on test set"
[1] "test set predictions complete"
[1] "elapsed time: 0.830000000000013"
[1] "computing tree strength and correlation"
[1] "strength and correlation complete"
[1] "Evaluating forest 7 of 25"
[1] "training"
[1] "training complete"
[1] "elapsed time: 0.391999999999996"
[1] "computing out-of-bag predictions"
[1] "out-of-bag predictions complete"
[1] "elapsed time: 0.844999999999999"
[1] "computing predictions on test set"
[1] "test set predictions complete"
[1] "elapsed time: 0.76400000000001"
[1] "computing tree strength and correlation"
[1] "strength and correlation complete"
[1] "Evaluating forest 8 of 25"
[1] "training"
[1] "training complete"
[1] "elapsed time: 0.575999999999993"
[1] "computing out-of-bag predictions"
[1] "out-of-bag predictions complete"
[1] "elapsed time: 0.846000000000004"
[1] "computing predictions on test set"
[1] "test set predictions complete"
[1] "elapsed time: 0.764999999999986"
[1] "computing tree strength and correlation"
[1] "strength and correlation complete"
[1] "Evaluating forest 9 of 25"
[1] "training"
[1] "training complete"
[1] "elapsed time: 1.066"
[1] "computing out-of-bag predictions"
[1] "out-of-bag predictions complete"
[1] "elapsed time: 0.794000000000011"
[1] "computing predictions on test set"
[1] "test set predictions complete"
[1] "elapsed time: 0.717999999999989"
[1] "computing tree strength and correlation"
[1] "strength and correlation complete"
[1] "Evaluating forest 10 of 25"
[1] "training"
[1] "training complete"
[1] "elapsed time: 21.056"
[1] "computing out-of-bag predictions"
[1] "out-of-bag predictions complete"
[1] "elapsed time: 0.788999999999987"
[1] "computing predictions on test set"
[1] "test set predictions complete"
[1] "elapsed time: 0.718000000000018"
[1] "computing tree strength and correlation"
[1] "strength and correlation complete"
[1] "Evaluating forest 11 of 25"
[1] "training"
[1] "training complete"
[1] "elapsed time: 0.348000000000013"
[1] "computing out-of-bag predictions"
[1] "out-of-bag predictions complete"
[1] "elapsed time: 0.887999999999977"
[1] "computing predictions on test set"
[1] "test set predictions complete"
[1] "elapsed time: 0.796999999999997"
[1] "computing tree strength and correlation"
[1] "strength and correlation complete"
[1] "Evaluating forest 12 of 25"
[1] "training"
[1] "training complete"
[1] "elapsed time: 0.394999999999982"
[1] "computing out-of-bag predictions"
[1] "out-of-bag predictions complete"
[1] "elapsed time: 0.864000000000004"
[1] "computing predictions on test set"
[1] "test set predictions complete"
[1] "elapsed time: 0.768999999999977"
[1] "computing tree strength and correlation"
[1] "strength and correlation complete"
[1] "Evaluating forest 13 of 25"
[1] "training"
[1] "training complete"
[1] "elapsed time: 0.626000000000005"
[1] "computing out-of-bag predictions"
[1] "out-of-bag predictions complete"
[1] "elapsed time: 0.817000000000007"
[1] "computing predictions on test set"
[1] "test set predictions complete"
[1] "elapsed time: 0.72199999999998"
[1] "computing tree strength and correlation"
[1] "strength and correlation complete"
[1] "Evaluating forest 14 of 25"
[1] "training"
[1] "training complete"
[1] "elapsed time: 1.16999999999999"
[1] "computing out-of-bag predictions"
[1] "out-of-bag predictions complete"
[1] "elapsed time: 0.829000000000008"
[1] "computing predictions on test set"
[1] "test set predictions complete"
[1] "elapsed time: 0.740000000000009"
[1] "computing tree strength and correlation"
[1] "strength and correlation complete"
[1] "Evaluating forest 15 of 25"
[1] "training"
[1] "training complete"
[1] "elapsed time: 23.072"
[1] "computing out-of-bag predictions"
[1] "out-of-bag predictions complete"
[1] "elapsed time: 0.781000000000006"
[1] "computing predictions on test set"
[1] "test set predictions complete"
[1] "elapsed time: 0.698000000000036"
[1] "computing tree strength and correlation"
[1] "strength and correlation complete"
[1] "Evaluating forest 16 of 25"
[1] "training"
[1] "training complete"
[1] "elapsed time: 0.364000000000033"
[1] "computing out-of-bag predictions"
[1] "out-of-bag predictions complete"
[1] "elapsed time: 0.918999999999983"
[1] "computing predictions on test set"
[1] "test set predictions complete"
[1] "elapsed time: 0.822999999999979"
[1] "computing tree strength and correlation"
[1] "strength and correlation complete"
[1] "Evaluating forest 17 of 25"
[1] "training"
[1] "training complete"
[1] "elapsed time: 0.42900000000003"
[1] "computing out-of-bag predictions"
[1] "out-of-bag predictions complete"
[1] "elapsed time: 0.862000000000023"
[1] "computing predictions on test set"
[1] "test set predictions complete"
[1] "elapsed time: 0.781000000000006"
[1] "computing tree strength and correlation"
[1] "strength and correlation complete"
[1] "Evaluating forest 18 of 25"
[1] "training"
[1] "training complete"
[1] "elapsed time: 0.689000000000021"
[1] "computing out-of-bag predictions"
[1] "out-of-bag predictions complete"
[1] "elapsed time: 0.837999999999965"
[1] "computing predictions on test set"
[1] "test set predictions complete"
[1] "elapsed time: 0.752999999999986"
[1] "computing tree strength and correlation"
[1] "strength and correlation complete"
[1] "Evaluating forest 19 of 25"
[1] "training"
[1] "training complete"
[1] "elapsed time: 1.25099999999998"
[1] "computing out-of-bag predictions"
[1] "out-of-bag predictions complete"
[1] "elapsed time: 0.807000000000016"
[1] "computing predictions on test set"
[1] "test set predictions complete"
[1] "elapsed time: 0.729999999999961"
[1] "computing tree strength and correlation"
[1] "strength and correlation complete"
[1] "Evaluating forest 20 of 25"
[1] "training"
[1] "training complete"
[1] "elapsed time: 24.604"
[1] "computing out-of-bag predictions"
[1] "out-of-bag predictions complete"
[1] "elapsed time: 0.801000000000045"
[1] "computing predictions on test set"
[1] "test set predictions complete"
[1] "elapsed time: 0.706000000000017"
[1] "computing tree strength and correlation"
[1] "strength and correlation complete"
[1] "Evaluating forest 21 of 25"
[1] "training"
[1] "training complete"
[1] "elapsed time: 0.340000000000032"
[1] "computing out-of-bag predictions"
[1] "out-of-bag predictions complete"
[1] "elapsed time: 0.928999999999974"
[1] "computing predictions on test set"
[1] "test set predictions complete"
[1] "elapsed time: 0.814999999999998"
[1] "computing tree strength and correlation"
[1] "strength and correlation complete"
[1] "Evaluating forest 22 of 25"
[1] "training"
[1] "training complete"
[1] "elapsed time: 0.418000000000006"
[1] "computing out-of-bag predictions"
[1] "out-of-bag predictions complete"
[1] "elapsed time: 0.864999999999952"
[1] "computing predictions on test set"
[1] "test set predictions complete"
[1] "elapsed time: 0.788000000000011"
[1] "computing tree strength and correlation"
[1] "strength and correlation complete"
[1] "Evaluating forest 23 of 25"
[1] "training"
[1] "training complete"
[1] "elapsed time: 0.724999999999966"
[1] "computing out-of-bag predictions"
[1] "out-of-bag predictions complete"
[1] "elapsed time: 0.834000000000003"
[1] "computing predictions on test set"
[1] "test set predictions complete"
[1] "elapsed time: 0.76400000000001"
[1] "computing tree strength and correlation"
[1] "strength and correlation complete"
[1] "Evaluating forest 24 of 25"
[1] "training"
[1] "training complete"
[1] "elapsed time: 1.339"
[1] "computing out-of-bag predictions"
[1] "out-of-bag predictions complete"
[1] "elapsed time: 0.824000000000012"
[1] "computing predictions on test set"
[1] "test set predictions complete"
[1] "elapsed time: 0.754999999999995"
[1] "computing tree strength and correlation"
[1] "strength and correlation complete"
[1] "Evaluating forest 25 of 25"
[1] "training"
[1] "training complete"
[1] "elapsed time: 25.667"
[1] "computing out-of-bag predictions"
[1] "out-of-bag predictions complete"
[1] "elapsed time: 0.794999999999959"
[1] "computing predictions on test set"
[1] "test set predictions complete"
[1] "elapsed time: 0.709000000000003"
[1] "computing tree strength and correlation"
[1] "strength and correlation complete"
[1] "fold 3"
[1] "Evaluating forest 1 of 25"
[1] "training"
[1] "training complete"
[1] "elapsed time: 0.314999999999998"
[1] "computing out-of-bag predictions"
[1] "out-of-bag predictions complete"
[1] "elapsed time: 0.825000000000045"
[1] "computing predictions on test set"
[1] "test set predictions complete"
[1] "elapsed time: 0.734999999999957"
[1] "computing tree strength and correlation"
[1] "strength and correlation complete"
[1] "Evaluating forest 2 of 25"
[1] "training"
[1] "training complete"
[1] "elapsed time: 0.420000000000016"
[1] "computing out-of-bag predictions"
[1] "out-of-bag predictions complete"
[1] "elapsed time: 0.894000000000005"
[1] "computing predictions on test set"
[1] "test set predictions complete"
[1] "elapsed time: 0.807000000000016"
[1] "computing tree strength and correlation"
[1] "strength and correlation complete"
[1] "Evaluating forest 3 of 25"
[1] "training"
[1] "training complete"
[1] "elapsed time: 0.510999999999967"
[1] "computing out-of-bag predictions"
[1] "out-of-bag predictions complete"
[1] "elapsed time: 0.79400000000004"
[1] "computing predictions on test set"
[1] "test set predictions complete"
[1] "elapsed time: 0.704999999999984"
[1] "computing tree strength and correlation"
[1] "strength and correlation complete"
[1] "Evaluating forest 4 of 25"
[1] "training"
[1] "training complete"
[1] "elapsed time: 0.766999999999996"
[1] "computing out-of-bag predictions"
[1] "out-of-bag predictions complete"
[1] "elapsed time: 0.81800000000004"
[1] "computing predictions on test set"
[1] "test set predictions complete"
[1] "elapsed time: 0.745000000000005"
[1] "computing tree strength and correlation"
[1] "strength and correlation complete"
[1] "Evaluating forest 5 of 25"
[1] "training"
[1] "training complete"
[1] "elapsed time: 18.33"
[1] "computing out-of-bag predictions"
[1] "out-of-bag predictions complete"
[1] "elapsed time: 0.762"
[1] "computing predictions on test set"
[1] "test set predictions complete"
[1] "elapsed time: 0.696999999999946"
[1] "computing tree strength and correlation"
[1] "strength and correlation complete"
[1] "Evaluating forest 6 of 25"
[1] "training"
[1] "training complete"
[1] "elapsed time: 0.425000000000011"
[1] "computing out-of-bag predictions"
[1] "out-of-bag predictions complete"
[1] "elapsed time: 0.966000000000008"
[1] "computing predictions on test set"
[1] "test set predictions complete"
[1] "elapsed time: 0.827999999999975"
[1] "computing tree strength and correlation"
[1] "strength and correlation complete"
[1] "Evaluating forest 7 of 25"
[1] "training"
[1] "training complete"
[1] "elapsed time: 0.408999999999992"
[1] "computing out-of-bag predictions"
[1] "out-of-bag predictions complete"
[1] "elapsed time: 0.843999999999994"
[1] "computing predictions on test set"
[1] "test set predictions complete"
[1] "elapsed time: 0.756000000000029"
[1] "computing tree strength and correlation"
[1] "strength and correlation complete"
[1] "Evaluating forest 8 of 25"
[1] "training"
[1] "training complete"
[1] "elapsed time: 0.581000000000017"
[1] "computing out-of-bag predictions"
[1] "out-of-bag predictions complete"
[1] "elapsed time: 0.824000000000012"
[1] "computing predictions on test set"
[1] "test set predictions complete"
[1] "elapsed time: 0.738999999999976"
[1] "computing tree strength and correlation"
[1] "strength and correlation complete"
[1] "Evaluating forest 9 of 25"
[1] "training"
[1] "training complete"
[1] "elapsed time: 1.09199999999998"
[1] "computing out-of-bag predictions"
[1] "out-of-bag predictions complete"
[1] "elapsed time: 0.786999999999978"
[1] "computing predictions on test set"
[1] "test set predictions complete"
[1] "elapsed time: 0.718000000000018"
[1] "computing tree strength and correlation"
[1] "strength and correlation complete"
[1] "Evaluating forest 10 of 25"
[1] "training"
[1] "training complete"
[1] "elapsed time: 21.924"
[1] "computing out-of-bag predictions"
[1] "out-of-bag predictions complete"
[1] "elapsed time: 0.812000000000012"
[1] "computing predictions on test set"
[1] "test set predictions complete"
[1] "elapsed time: 0.733000000000004"
[1] "computing tree strength and correlation"
[1] "strength and correlation complete"
[1] "Evaluating forest 11 of 25"
[1] "training"
[1] "training complete"
[1] "elapsed time: 0.411000000000001"
[1] "computing out-of-bag predictions"
[1] "out-of-bag predictions complete"
[1] "elapsed time: 0.981999999999971"
[1] "computing predictions on test set"
[1] "test set predictions complete"
[1] "elapsed time: 0.812999999999988"
[1] "computing tree strength and correlation"
[1] "strength and correlation complete"
[1] "Evaluating forest 12 of 25"
[1] "training"
[1] "training complete"
[1] "elapsed time: 0.394999999999982"
[1] "computing out-of-bag predictions"
[1] "out-of-bag predictions complete"
[1] "elapsed time: 0.868999999999971"
[1] "computing predictions on test set"
[1] "test set predictions complete"
[1] "elapsed time: 0.785000000000025"
[1] "computing tree strength and correlation"
[1] "strength and correlation complete"
[1] "Evaluating forest 13 of 25"
[1] "training"
[1] "training complete"
[1] "elapsed time: 0.632999999999981"
[1] "computing out-of-bag predictions"
[1] "out-of-bag predictions complete"
[1] "elapsed time: 0.807000000000016"
[1] "computing predictions on test set"
[1] "test set predictions complete"
[1] "elapsed time: 0.731999999999971"
[1] "computing tree strength and correlation"
[1] "strength and correlation complete"
[1] "Evaluating forest 14 of 25"
[1] "training"
[1] "training complete"
[1] "elapsed time: 1.20100000000002"
[1] "computing out-of-bag predictions"
[1] "out-of-bag predictions complete"
[1] "elapsed time: 0.823000000000036"
[1] "computing predictions on test set"
[1] "test set predictions complete"
[1] "elapsed time: 0.748999999999967"
[1] "computing tree strength and correlation"
[1] "strength and correlation complete"
[1] "Evaluating forest 15 of 25"
[1] "training"
[1] "training complete"
[1] "elapsed time: 23.028"
[1] "computing out-of-bag predictions"
[1] "out-of-bag predictions complete"
[1] "elapsed time: 0.778999999999996"
[1] "computing predictions on test set"
[1] "test set predictions complete"
[1] "elapsed time: 0.710000000000036"
[1] "computing tree strength and correlation"
[1] "strength and correlation complete"
[1] "Evaluating forest 16 of 25"
[1] "training"
[1] "training complete"
[1] "elapsed time: 0.343999999999994"
[1] "computing out-of-bag predictions"
[1] "out-of-bag predictions complete"
[1] "elapsed time: 0.925000000000011"
[1] "computing predictions on test set"
[1] "test set predictions complete"
[1] "elapsed time: 0.824000000000012"
[1] "computing tree strength and correlation"
[1] "strength and correlation complete"
[1] "Evaluating forest 17 of 25"
[1] "training"
[1] "training complete"
[1] "elapsed time: 0.425999999999988"
[1] "computing out-of-bag predictions"
[1] "out-of-bag predictions complete"
[1] "elapsed time: 0.862000000000023"
[1] "computing predictions on test set"
[1] "test set predictions complete"
[1] "elapsed time: 0.770000000000039"
[1] "computing tree strength and correlation"
[1] "strength and correlation complete"
[1] "Evaluating forest 18 of 25"
[1] "training"
[1] "training complete"
[1] "elapsed time: 0.668999999999983"
[1] "computing out-of-bag predictions"
[1] "out-of-bag predictions complete"
[1] "elapsed time: 0.841999999999985"
[1] "computing predictions on test set"
[1] "test set predictions complete"
[1] "elapsed time: 0.745000000000005"
[1] "computing tree strength and correlation"
[1] "strength and correlation complete"
[1] "Evaluating forest 19 of 25"
[1] "training"
[1] "training complete"
[1] "elapsed time: 1.25400000000002"
[1] "computing out-of-bag predictions"
[1] "out-of-bag predictions complete"
[1] "elapsed time: 0.805999999999983"
[1] "computing predictions on test set"
[1] "test set predictions complete"
[1] "elapsed time: 0.73399999999998"
[1] "computing tree strength and correlation"
[1] "strength and correlation complete"
[1] "Evaluating forest 20 of 25"
[1] "training"
[1] "training complete"
[1] "elapsed time: 24.545"
[1] "computing out-of-bag predictions"
[1] "out-of-bag predictions complete"
[1] "elapsed time: 0.793000000000006"
[1] "computing predictions on test set"
[1] "test set predictions complete"
[1] "elapsed time: 0.714000000000055"
[1] "computing tree strength and correlation"
[1] "strength and correlation complete"
[1] "Evaluating forest 21 of 25"
[1] "training"
[1] "training complete"
[1] "elapsed time: 0.341000000000008"
[1] "computing out-of-bag predictions"
[1] "out-of-bag predictions complete"
[1] "elapsed time: 0.914999999999964"
[1] "computing predictions on test set"
[1] "test set predictions complete"
[1] "elapsed time: 0.824999999999932"
[1] "computing tree strength and correlation"
[1] "strength and correlation complete"
[1] "Evaluating forest 22 of 25"
[1] "training"
[1] "training complete"
[1] "elapsed time: 0.408000000000015"
[1] "computing out-of-bag predictions"
[1] "out-of-bag predictions complete"
[1] "elapsed time: 0.874000000000024"
[1] "computing predictions on test set"
[1] "test set predictions complete"
[1] "elapsed time: 0.77699999999993"
[1] "computing tree strength and correlation"
[1] "strength and correlation complete"
[1] "Evaluating forest 23 of 25"
[1] "training"
[1] "training complete"
[1] "elapsed time: 0.701000000000022"
[1] "computing out-of-bag predictions"
[1] "out-of-bag predictions complete"
[1] "elapsed time: 0.830000000000041"
[1] "computing predictions on test set"
[1] "test set predictions complete"
[1] "elapsed time: 0.73700000000008"
[1] "computing tree strength and correlation"
[1] "strength and correlation complete"
[1] "Evaluating forest 24 of 25"
[1] "training"
[1] "training complete"
[1] "elapsed time: 1.35000000000002"
[1] "computing out-of-bag predictions"
[1] "out-of-bag predictions complete"
[1] "elapsed time: 0.839999999999918"
[1] "computing predictions on test set"
[1] "test set predictions complete"
[1] "elapsed time: 0.746999999999957"
[1] "computing tree strength and correlation"
[1] "strength and correlation complete"
[1] "Evaluating forest 25 of 25"
[1] "training"
[1] "training complete"
[1] "elapsed time: 26.1310000000001"
[1] "computing out-of-bag predictions"
[1] "out-of-bag predictions complete"
[1] "elapsed time: 0.780999999999949"
[1] "computing predictions on test set"
[1] "test set predictions complete"
[1] "elapsed time: 0.713999999999942"
[1] "computing tree strength and correlation"
[1] "strength and correlation complete"
[1] "fold 4"
[1] "Evaluating forest 1 of 25"
[1] "training"
[1] "training complete"
[1] "elapsed time: 0.311000000000035"
[1] "computing out-of-bag predictions"
[1] "out-of-bag predictions complete"
[1] "elapsed time: 0.780999999999949"
[1] "computing predictions on test set"
[1] "test set predictions complete"
[1] "elapsed time: 0.697000000000003"
[1] "computing tree strength and correlation"
[1] "strength and correlation complete"
[1] "Evaluating forest 2 of 25"
[1] "training"
[1] "training complete"
[1] "elapsed time: 0.381999999999948"
[1] "computing out-of-bag predictions"
[1] "out-of-bag predictions complete"
[1] "elapsed time: 0.87600000000009"
[1] "computing predictions on test set"
[1] "test set predictions complete"
[1] "elapsed time: 0.789999999999964"
[1] "computing tree strength and correlation"
[1] "strength and correlation complete"
[1] "Evaluating forest 3 of 25"
[1] "training"
[1] "training complete"
[1] "elapsed time: 0.466999999999985"
[1] "computing out-of-bag predictions"
[1] "out-of-bag predictions complete"
[1] "elapsed time: 0.778999999999996"
[1] "computing predictions on test set"
[1] "test set predictions complete"
[1] "elapsed time: 0.70799999999997"
[1] "computing tree strength and correlation"
[1] "strength and correlation complete"
[1] "Evaluating forest 4 of 25"
[1] "training"
[1] "training complete"
[1] "elapsed time: 0.698999999999955"
[1] "computing out-of-bag predictions"
[1] "out-of-bag predictions complete"
[1] "elapsed time: 0.807999999999993"
[1] "computing predictions on test set"
[1] "test set predictions complete"
[1] "elapsed time: 0.729000000000042"
[1] "computing tree strength and correlation"
[1] "strength and correlation complete"
[1] "Evaluating forest 5 of 25"
[1] "training"
[1] "training complete"
[1] "elapsed time: 15.8919999999999"
[1] "computing out-of-bag predictions"
[1] "out-of-bag predictions complete"
[1] "elapsed time: 0.753999999999905"
[1] "computing predictions on test set"
[1] "test set predictions complete"
[1] "elapsed time: 0.682000000000016"
[1] "computing tree strength and correlation"
[1] "strength and correlation complete"
[1] "Evaluating forest 6 of 25"
[1] "training"
[1] "training complete"
[1] "elapsed time: 0.363000000000056"
[1] "computing out-of-bag predictions"
[1] "out-of-bag predictions complete"
[1] "elapsed time: 0.893000000000029"
[1] "computing predictions on test set"
[1] "test set predictions complete"
[1] "elapsed time: 0.801000000000045"
[1] "computing tree strength and correlation"
[1] "strength and correlation complete"
[1] "Evaluating forest 7 of 25"
[1] "training"
[1] "training complete"
[1] "elapsed time: 0.374000000000024"
[1] "computing out-of-bag predictions"
[1] "out-of-bag predictions complete"
[1] "elapsed time: 0.827999999999975"
[1] "computing predictions on test set"
[1] "test set predictions complete"
[1] "elapsed time: 0.742999999999938"
[1] "computing tree strength and correlation"
[1] "strength and correlation complete"
[1] "Evaluating forest 8 of 25"
[1] "training"
[1] "training complete"
[1] "elapsed time: 0.52800000000002"
[1] "computing out-of-bag predictions"
[1] "out-of-bag predictions complete"
[1] "elapsed time: 0.836000000000013"
[1] "computing predictions on test set"
[1] "test set predictions complete"
[1] "elapsed time: 0.749000000000024"
[1] "computing tree strength and correlation"
[1] "strength and correlation complete"
[1] "Evaluating forest 9 of 25"
[1] "training"
[1] "training complete"
[1] "elapsed time: 0.975000000000023"
[1] "computing out-of-bag predictions"
[1] "out-of-bag predictions complete"
[1] "elapsed time: 0.783000000000015"
[1] "computing predictions on test set"
[1] "test set predictions complete"
[1] "elapsed time: 0.708999999999946"
[1] "computing tree strength and correlation"
[1] "strength and correlation complete"
[1] "Evaluating forest 10 of 25"
[1] "training"
[1] "training complete"
[1] "elapsed time: 18.654"
[1] "computing out-of-bag predictions"
[1] "out-of-bag predictions complete"
[1] "elapsed time: 0.788999999999987"
[1] "computing predictions on test set"
[1] "test set predictions complete"
[1] "elapsed time: 0.716000000000008"
[1] "computing tree strength and correlation"
[1] "strength and correlation complete"
[1] "Evaluating forest 11 of 25"
[1] "training"
[1] "training complete"
[1] "elapsed time: 0.349000000000046"
[1] "computing out-of-bag predictions"
[1] "out-of-bag predictions complete"
[1] "elapsed time: 0.875999999999976"
[1] "computing predictions on test set"
[1] "test set predictions complete"
[1] "elapsed time: 0.778999999999996"
[1] "computing tree strength and correlation"
[1] "strength and correlation complete"
[1] "Evaluating forest 12 of 25"
[1] "training"
[1] "training complete"
[1] "elapsed time: 0.384000000000015"
[1] "computing out-of-bag predictions"
[1] "out-of-bag predictions complete"
[1] "elapsed time: 0.841000000000008"
[1] "computing predictions on test set"
[1] "test set predictions complete"
[1] "elapsed time: 0.766999999999939"
[1] "computing tree strength and correlation"
[1] "strength and correlation complete"
[1] "Evaluating forest 13 of 25"
[1] "training"
[1] "training complete"
[1] "elapsed time: 0.562999999999988"
[1] "computing out-of-bag predictions"
[1] "out-of-bag predictions complete"
[1] "elapsed time: 0.793999999999983"
[1] "computing predictions on test set"
[1] "test set predictions complete"
[1] "elapsed time: 0.725999999999999"
[1] "computing tree strength and correlation"
[1] "strength and correlation complete"
[1] "Evaluating forest 14 of 25"
[1] "training"
[1] "training complete"
[1] "elapsed time: 1.077"
[1] "computing out-of-bag predictions"
[1] "out-of-bag predictions complete"
[1] "elapsed time: 0.813000000000102"
[1] "computing predictions on test set"
[1] "test set predictions complete"
[1] "elapsed time: 0.721000000000004"
[1] "computing tree strength and correlation"
[1] "strength and correlation complete"
[1] "Evaluating forest 15 of 25"
[1] "training"
[1] "training complete"
[1] "elapsed time: 20.178"
[1] "computing out-of-bag predictions"
[1] "out-of-bag predictions complete"
[1] "elapsed time: 0.779999999999973"
[1] "computing predictions on test set"
[1] "test set predictions complete"
[1] "elapsed time: 0.697999999999979"
[1] "computing tree strength and correlation"
[1] "strength and correlation complete"
[1] "Evaluating forest 16 of 25"
[1] "training"
[1] "training complete"
[1] "elapsed time: 0.343000000000075"
[1] "computing out-of-bag predictions"
[1] "out-of-bag predictions complete"
[1] "elapsed time: 0.908999999999992"
[1] "computing predictions on test set"
[1] "test set predictions complete"
[1] "elapsed time: 0.811000000000035"
[1] "computing tree strength and correlation"
[1] "strength and correlation complete"
[1] "Evaluating forest 17 of 25"
[1] "training"
[1] "training complete"
[1] "elapsed time: 0.394000000000005"
[1] "computing out-of-bag predictions"
[1] "out-of-bag predictions complete"
[1] "elapsed time: 0.834999999999923"
[1] "computing predictions on test set"
[1] "test set predictions complete"
[1] "elapsed time: 0.753000000000043"
[1] "computing tree strength and correlation"
[1] "strength and correlation complete"
[1] "Evaluating forest 18 of 25"
[1] "training"
[1] "training complete"
[1] "elapsed time: 0.666000000000054"
[1] "computing out-of-bag predictions"
[1] "out-of-bag predictions complete"
[1] "elapsed time: 0.828999999999951"
[1] "computing predictions on test set"
[1] "test set predictions complete"
[1] "elapsed time: 0.749000000000024"
[1] "computing tree strength and correlation"
[1] "strength and correlation complete"
[1] "Evaluating forest 19 of 25"
[1] "training"
[1] "training complete"
[1] "elapsed time: 1.12699999999995"
[1] "computing out-of-bag predictions"
[1] "out-of-bag predictions complete"
[1] "elapsed time: 0.788000000000011"
[1] "computing predictions on test set"
[1] "test set predictions complete"
[1] "elapsed time: 0.718000000000075"
[1] "computing tree strength and correlation"
[1] "strength and correlation complete"
[1] "Evaluating forest 20 of 25"
[1] "training"
[1] "training complete"
[1] "elapsed time: 21.1840000000001"
[1] "computing out-of-bag predictions"
[1] "out-of-bag predictions complete"
[1] "elapsed time: 0.788999999999987"
[1] "computing predictions on test set"
[1] "test set predictions complete"
[1] "elapsed time: 0.701000000000022"
[1] "computing tree strength and correlation"
[1] "strength and correlation complete"
[1] "Evaluating forest 21 of 25"
[1] "training"
[1] "training complete"
[1] "elapsed time: 0.326999999999998"
[1] "computing out-of-bag predictions"
[1] "out-of-bag predictions complete"
[1] "elapsed time: 0.913000000000011"
[1] "computing predictions on test set"
[1] "test set predictions complete"
[1] "elapsed time: 0.82000000000005"
[1] "computing tree strength and correlation"
[1] "strength and correlation complete"
[1] "Evaluating forest 22 of 25"
[1] "training"
[1] "training complete"
[1] "elapsed time: 0.396000000000072"
[1] "computing out-of-bag predictions"
[1] "out-of-bag predictions complete"
[1] "elapsed time: 0.862999999999943"
[1] "computing predictions on test set"
[1] "test set predictions complete"
[1] "elapsed time: 0.779999999999973"
[1] "computing tree strength and correlation"
[1] "strength and correlation complete"
[1] "Evaluating forest 23 of 25"
[1] "training"
[1] "training complete"
[1] "elapsed time: 0.643000000000029"
[1] "computing out-of-bag predictions"
[1] "out-of-bag predictions complete"
[1] "elapsed time: 0.809999999999945"
[1] "computing predictions on test set"
[1] "test set predictions complete"
[1] "elapsed time: 0.732000000000085"
[1] "computing tree strength and correlation"
[1] "strength and correlation complete"
[1] "Evaluating forest 24 of 25"
[1] "training"
[1] "training complete"
[1] "elapsed time: 1.16500000000008"
[1] "computing out-of-bag predictions"
[1] "out-of-bag predictions complete"
[1] "elapsed time: 0.798000000000002"
[1] "computing predictions on test set"
[1] "test set predictions complete"
[1] "elapsed time: 0.740000000000009"
[1] "computing tree strength and correlation"
[1] "strength and correlation complete"
[1] "Evaluating forest 25 of 25"
[1] "training"
[1] "training complete"
[1] "elapsed time: 21.5949999999999"
[1] "computing out-of-bag predictions"
[1] "out-of-bag predictions complete"
[1] "elapsed time: 0.769000000000005"
[1] "computing predictions on test set"
[1] "test set predictions complete"
[1] "elapsed time: 0.697999999999979"
[1] "computing tree strength and correlation"
[1] "strength and correlation complete"
[1] "fold 5"
[1] "Evaluating forest 1 of 25"
[1] "training"
[1] "training complete"
[1] "elapsed time: 0.313999999999965"
[1] "computing out-of-bag predictions"
[1] "out-of-bag predictions complete"
[1] "elapsed time: 0.789999999999964"
[1] "computing predictions on test set"
[1] "test set predictions complete"
[1] "elapsed time: 0.715000000000032"
[1] "computing tree strength and correlation"
[1] "strength and correlation complete"
[1] "Evaluating forest 2 of 25"
[1] "training"
[1] "training complete"
[1] "elapsed time: 0.409999999999968"
[1] "computing out-of-bag predictions"
[1] "out-of-bag predictions complete"
[1] "elapsed time: 0.879000000000019"
[1] "computing predictions on test set"
[1] "test set predictions complete"
[1] "elapsed time: 0.781999999999925"
[1] "computing tree strength and correlation"
[1] "strength and correlation complete"
[1] "Evaluating forest 3 of 25"
[1] "training"
[1] "training complete"
[1] "elapsed time: 0.51400000000001"
[1] "computing out-of-bag predictions"
[1] "out-of-bag predictions complete"
[1] "elapsed time: 0.788000000000011"
[1] "computing predictions on test set"
[1] "test set predictions complete"
[1] "elapsed time: 0.699999999999932"
[1] "computing tree strength and correlation"
[1] "strength and correlation complete"
[1] "Evaluating forest 4 of 25"
[1] "training"
[1] "training complete"
[1] "elapsed time: 0.737999999999943"
[1] "computing out-of-bag predictions"
[1] "out-of-bag predictions complete"
[1] "elapsed time: 0.819000000000074"
[1] "computing predictions on test set"
[1] "test set predictions complete"
[1] "elapsed time: 0.736999999999966"
[1] "computing tree strength and correlation"
[1] "strength and correlation complete"
[1] "Evaluating forest 5 of 25"
[1] "training"
[1] "training complete"
[1] "elapsed time: 18.12"
[1] "computing out-of-bag predictions"
[1] "out-of-bag predictions complete"
[1] "elapsed time: 0.766999999999939"
[1] "computing predictions on test set"
[1] "test set predictions complete"
[1] "elapsed time: 0.699999999999932"
[1] "computing tree strength and correlation"
[1] "strength and correlation complete"
[1] "Evaluating forest 6 of 25"
[1] "training"
[1] "training complete"
[1] "elapsed time: 0.363000000000056"
[1] "computing out-of-bag predictions"
[1] "out-of-bag predictions complete"
[1] "elapsed time: 0.924999999999955"
[1] "computing predictions on test set"
[1] "test set predictions complete"
[1] "elapsed time: 0.831999999999994"
[1] "computing tree strength and correlation"
[1] "strength and correlation complete"
[1] "Evaluating forest 7 of 25"
[1] "training"
[1] "training complete"
[1] "elapsed time: 0.415000000000077"
[1] "computing out-of-bag predictions"
[1] "out-of-bag predictions complete"
[1] "elapsed time: 0.849999999999909"
[1] "computing predictions on test set"
[1] "test set predictions complete"
[1] "elapsed time: 0.759000000000015"
[1] "computing tree strength and correlation"
[1] "strength and correlation complete"
[1] "Evaluating forest 8 of 25"
[1] "training"
[1] "training complete"
[1] "elapsed time: 0.56899999999996"
[1] "computing out-of-bag predictions"
[1] "out-of-bag predictions complete"
[1] "elapsed time: 0.825000000000045"
[1] "computing predictions on test set"
[1] "test set predictions complete"
[1] "elapsed time: 0.756000000000085"
[1] "computing tree strength and correlation"
[1] "strength and correlation complete"
[1] "Evaluating forest 9 of 25"
[1] "training"
[1] "training complete"
[1] "elapsed time: 1.03800000000001"
[1] "computing out-of-bag predictions"
[1] "out-of-bag predictions complete"
[1] "elapsed time: 0.79099999999994"
[1] "computing predictions on test set"
[1] "test set predictions complete"
[1] "elapsed time: 0.716000000000008"
[1] "computing tree strength and correlation"
[1] "strength and correlation complete"
[1] "Evaluating forest 10 of 25"
[1] "training"
[1] "training complete"
[1] "elapsed time: 21.8049999999999"
[1] "computing out-of-bag predictions"
[1] "out-of-bag predictions complete"
[1] "elapsed time: 0.802000000000021"
[1] "computing predictions on test set"
[1] "test set predictions complete"
[1] "elapsed time: 0.706999999999994"
[1] "computing tree strength and correlation"
[1] "strength and correlation complete"
[1] "Evaluating forest 11 of 25"
[1] "training"
[1] "training complete"
[1] "elapsed time: 0.360000000000014"
[1] "computing out-of-bag predictions"
[1] "out-of-bag predictions complete"
[1] "elapsed time: 0.895999999999958"
[1] "computing predictions on test set"
[1] "test set predictions complete"
[1] "elapsed time: 0.794999999999959"
[1] "computing tree strength and correlation"
[1] "strength and correlation complete"
[1] "Evaluating forest 12 of 25"
[1] "training"
[1] "training complete"
[1] "elapsed time: 0.401000000000067"
[1] "computing out-of-bag predictions"
[1] "out-of-bag predictions complete"
[1] "elapsed time: 0.864999999999895"
[1] "computing predictions on test set"
[1] "test set predictions complete"
[1] "elapsed time: 0.788000000000011"
[1] "computing tree strength and correlation"
[1] "strength and correlation complete"
[1] "Evaluating forest 13 of 25"
[1] "training"
[1] "training complete"
[1] "elapsed time: 0.618999999999915"
[1] "computing out-of-bag predictions"
[1] "out-of-bag predictions complete"
[1] "elapsed time: 0.81899999999996"
[1] "computing predictions on test set"
[1] "test set predictions complete"
[1] "elapsed time: 0.73599999999999"
[1] "computing tree strength and correlation"
[1] "strength and correlation complete"
[1] "Evaluating forest 14 of 25"
[1] "training"
[1] "training complete"
[1] "elapsed time: 1.16700000000003"
[1] "computing out-of-bag predictions"
[1] "out-of-bag predictions complete"
[1] "elapsed time: 0.823999999999955"
[1] "computing predictions on test set"
[1] "test set predictions complete"
[1] "elapsed time: 0.73599999999999"
[1] "computing tree strength and correlation"
[1] "strength and correlation complete"
[1] "Evaluating forest 15 of 25"
[1] "training"
[1] "training complete"
[1] "elapsed time: 23.603"
[1] "computing out-of-bag predictions"
[1] "out-of-bag predictions complete"
[1] "elapsed time: 0.774000000000001"
[1] "computing predictions on test set"
[1] "test set predictions complete"
[1] "elapsed time: 0.701000000000022"
[1] "computing tree strength and correlation"
[1] "strength and correlation complete"
[1] "Evaluating forest 16 of 25"
[1] "training"
[1] "training complete"
[1] "elapsed time: 0.346000000000004"
[1] "computing out-of-bag predictions"
[1] "out-of-bag predictions complete"
[1] "elapsed time: 0.918999999999983"
[1] "computing predictions on test set"
[1] "test set predictions complete"
[1] "elapsed time: 0.822000000000003"
[1] "computing tree strength and correlation"
[1] "strength and correlation complete"
[1] "Evaluating forest 17 of 25"
[1] "training"
[1] "training complete"
[1] "elapsed time: 0.400999999999954"
[1] "computing out-of-bag predictions"
[1] "out-of-bag predictions complete"
[1] "elapsed time: 0.835000000000036"
[1] "computing predictions on test set"
[1] "test set predictions complete"
[1] "elapsed time: 0.769000000000005"
[1] "computing tree strength and correlation"
[1] "strength and correlation complete"
[1] "Evaluating forest 18 of 25"
[1] "training"
[1] "training complete"
[1] "elapsed time: 0.649999999999977"
[1] "computing out-of-bag predictions"
[1] "out-of-bag predictions complete"
[1] "elapsed time: 0.843999999999937"
[1] "computing predictions on test set"
[1] "test set predictions complete"
[1] "elapsed time: 0.749000000000024"
[1] "computing tree strength and correlation"
[1] "strength and correlation complete"
[1] "Evaluating forest 19 of 25"
[1] "training"
[1] "training complete"
[1] "elapsed time: 1.30599999999993"
[1] "computing out-of-bag predictions"
[1] "out-of-bag predictions complete"
[1] "elapsed time: 0.815000000000055"
[1] "computing predictions on test set"
[1] "test set predictions complete"
[1] "elapsed time: 0.730000000000018"
[1] "computing tree strength and correlation"
[1] "strength and correlation complete"
[1] "Evaluating forest 20 of 25"
[1] "training"
[1] "training complete"
[1] "elapsed time: 25.377"
[1] "computing out-of-bag predictions"
[1] "out-of-bag predictions complete"
[1] "elapsed time: 0.80600000000004"
[1] "computing predictions on test set"
[1] "test set predictions complete"
[1] "elapsed time: 0.725999999999999"
[1] "computing tree strength and correlation"
[1] "strength and correlation complete"
[1] "Evaluating forest 21 of 25"
[1] "training"
[1] "training complete"
[1] "elapsed time: 0.349000000000046"
[1] "computing out-of-bag predictions"
[1] "out-of-bag predictions complete"
[1] "elapsed time: 0.923000000000002"
[1] "computing predictions on test set"
[1] "test set predictions complete"
[1] "elapsed time: 0.827999999999975"
[1] "computing tree strength and correlation"
[1] "strength and correlation complete"
[1] "Evaluating forest 22 of 25"
[1] "training"
[1] "training complete"
[1] "elapsed time: 0.461000000000013"
[1] "computing out-of-bag predictions"
[1] "out-of-bag predictions complete"
[1] "elapsed time: 0.862999999999943"
[1] "computing predictions on test set"
[1] "test set predictions complete"
[1] "elapsed time: 0.778999999999996"
[1] "computing tree strength and correlation"
[1] "strength and correlation complete"
[1] "Evaluating forest 23 of 25"
[1] "training"
[1] "training complete"
[1] "elapsed time: 0.738999999999919"
[1] "computing out-of-bag predictions"
[1] "out-of-bag predictions complete"
[1] "elapsed time: 0.82000000000005"
[1] "computing predictions on test set"
[1] "test set predictions complete"
[1] "elapsed time: 0.738999999999919"
[1] "computing tree strength and correlation"
[1] "strength and correlation complete"
[1] "Evaluating forest 24 of 25"
[1] "training"
[1] "training complete"
[1] "elapsed time: 1.24599999999998"
[1] "computing out-of-bag predictions"
[1] "out-of-bag predictions complete"
[1] "elapsed time: 0.838000000000079"
[1] "computing predictions on test set"
[1] "test set predictions complete"
[1] "elapsed time: 0.754999999999995"
[1] "computing tree strength and correlation"
[1] "strength and correlation complete"
[1] "Evaluating forest 25 of 25"
[1] "training"
[1] "training complete"
[1] "elapsed time: 25.665"
[1] "computing out-of-bag predictions"
[1] "out-of-bag predictions complete"
[1] "elapsed time: 0.786000000000058"
[1] "computing predictions on test set"
[1] "test set predictions complete"
[1] "elapsed time: 0.697000000000003"
[1] "computing tree strength and correlation"
[1] "strength and correlation complete"
There were 16 warnings (use warnings() to see them)
job complete
