My SLURM_ARRAY_TASK_ID:  10
AUC 0.3.0
Type AUCNews() to see the change log and ?AUC to get an overview.
dummies-1.5.6 provided by Decision Patterns

Loading required package: R.oo
Loading required package: R.methodsS3
R.methodsS3 v1.7.1 (2016-02-15) successfully loaded. See ?R.methodsS3 for help.
R.oo v1.21.0 (2016-10-30) successfully loaded. See ?R.oo for help.

Attaching package: ‘R.oo’

The following objects are masked from ‘package:base’:

    attach, detach, gc, load, save

R.utils v2.6.0 (2017-11-04) successfully loaded. See ?R.utils for help.

Attaching package: ‘R.utils’

The following object is masked from ‘package:utils’:

    timestamp

The following objects are masked from ‘package:base’:

    cat, commandArgs, getOption, inherits, isOpen, parse, warnings

[1] "fold 1"
[1] "Evaluating forest 1 of 25"
[1] "training"
[1] "training complete"
[1] "elapsed time: 1.922"
[1] "computing out-of-bag predictions"
[1] "out-of-bag predictions complete"
[1] "elapsed time: 3.798"
[1] "computing predictions on test set"
[1] "test set predictions complete"
[1] "elapsed time: 2.679"
[1] "computing tree strength and correlation"
[1] "strength and correlation complete"
[1] "Evaluating forest 2 of 25"
[1] "training"
[1] "training complete"
[1] "elapsed time: 2.946"
[1] "computing out-of-bag predictions"
[1] "out-of-bag predictions complete"
[1] "elapsed time: 2.374"
[1] "computing predictions on test set"
[1] "test set predictions complete"
[1] "elapsed time: 1.87"
[1] "computing tree strength and correlation"
[1] "strength and correlation complete"
[1] "Evaluating forest 3 of 25"
[1] "training"
[1] "training complete"
[1] "elapsed time: 4.84"
[1] "computing out-of-bag predictions"
[1] "out-of-bag predictions complete"
[1] "elapsed time: 2.116"
[1] "computing predictions on test set"
[1] "test set predictions complete"
[1] "elapsed time: 1.66"
[1] "computing tree strength and correlation"
[1] "strength and correlation complete"
[1] "Evaluating forest 4 of 25"
[1] "training"
[1] "training complete"
[1] "elapsed time: 10.569"
[1] "computing out-of-bag predictions"
[1] "out-of-bag predictions complete"
[1] "elapsed time: 2.106"
[1] "computing predictions on test set"
[1] "test set predictions complete"
[1] "elapsed time: 1.564"
[1] "computing tree strength and correlation"
[1] "strength and correlation complete"
[1] "Evaluating forest 5 of 25"
[1] "training"
[1] "training complete"
[1] "elapsed time: 516.614"
[1] "computing out-of-bag predictions"
[1] "out-of-bag predictions complete"
[1] "elapsed time: 1.88799999999992"
[1] "computing predictions on test set"
[1] "test set predictions complete"
[1] "elapsed time: 1.43200000000002"
[1] "computing tree strength and correlation"
[1] "strength and correlation complete"
[1] "Evaluating forest 6 of 25"
[1] "training"
[1] "training complete"
[1] "elapsed time: 2.32500000000005"
[1] "computing out-of-bag predictions"
[1] "out-of-bag predictions complete"
[1] "elapsed time: 3.80099999999993"
[1] "computing predictions on test set"
[1] "test set predictions complete"
[1] "elapsed time: 3.28800000000001"
[1] "computing tree strength and correlation"
[1] "strength and correlation complete"
[1] "Evaluating forest 7 of 25"
[1] "training"
[1] "training complete"
[1] "elapsed time: 3.43900000000008"
[1] "computing out-of-bag predictions"
[1] "out-of-bag predictions complete"
[1] "elapsed time: 2.39499999999998"
[1] "computing predictions on test set"
[1] "test set predictions complete"
[1] "elapsed time: 1.85699999999997"
[1] "computing tree strength and correlation"
[1] "strength and correlation complete"
[1] "Evaluating forest 8 of 25"
[1] "training"
[1] "training complete"
[1] "elapsed time: 6.59400000000005"
[1] "computing out-of-bag predictions"
[1] "out-of-bag predictions complete"
[1] "elapsed time: 2.23500000000001"
[1] "computing predictions on test set"
[1] "test set predictions complete"
[1] "elapsed time: 1.72699999999998"
[1] "computing tree strength and correlation"
[1] "strength and correlation complete"
[1] "Evaluating forest 9 of 25"
[1] "training"
[1] "training complete"
[1] "elapsed time: 15.583"
[1] "computing out-of-bag predictions"
[1] "out-of-bag predictions complete"
[1] "elapsed time: 2.13999999999999"
[1] "computing predictions on test set"
[1] "test set predictions complete"
[1] "elapsed time: 1.64699999999993"
[1] "computing tree strength and correlation"
[1] "strength and correlation complete"
[1] "Evaluating forest 10 of 25"
[1] "training"
[1] "training complete"
[1] "elapsed time: 801.253"
[1] "computing out-of-bag predictions"
[1] "out-of-bag predictions complete"
[1] "elapsed time: 1.94900000000007"
[1] "computing predictions on test set"
[1] "test set predictions complete"
[1] "elapsed time: 1.48900000000003"
[1] "computing tree strength and correlation"
[1] "strength and correlation complete"
[1] "Evaluating forest 11 of 25"
[1] "training"
[1] "training complete"
[1] "elapsed time: 2.38200000000006"
[1] "computing out-of-bag predictions"
[1] "out-of-bag predictions complete"
[1] "elapsed time: 3.92499999999995"
[1] "computing predictions on test set"
[1] "test set predictions complete"
[1] "elapsed time: 3.33100000000013"
[1] "computing tree strength and correlation"
[1] "strength and correlation complete"
[1] "Evaluating forest 12 of 25"
[1] "training"
[1] "training complete"
[1] "elapsed time: 3.69600000000014"
[1] "computing out-of-bag predictions"
[1] "out-of-bag predictions complete"
[1] "elapsed time: 2.3599999999999"
[1] "computing predictions on test set"
[1] "test set predictions complete"
[1] "elapsed time: 1.846"
[1] "computing tree strength and correlation"
[1] "strength and correlation complete"
[1] "Evaluating forest 13 of 25"
[1] "training"
[1] "training complete"
[1] "elapsed time: 7.57099999999991"
[1] "computing out-of-bag predictions"
[1] "out-of-bag predictions complete"
[1] "elapsed time: 2.17900000000009"
[1] "computing predictions on test set"
[1] "test set predictions complete"
[1] "elapsed time: 1.68900000000008"
[1] "computing tree strength and correlation"
[1] "strength and correlation complete"
[1] "Evaluating forest 14 of 25"
[1] "training"
[1] "training complete"
[1] "elapsed time: 18.8789999999999"
[1] "computing out-of-bag predictions"
[1] "out-of-bag predictions complete"
[1] "elapsed time: 2.14599999999996"
[1] "computing predictions on test set"
[1] "test set predictions complete"
[1] "elapsed time: 1.6400000000001"
[1] "computing tree strength and correlation"
[1] "strength and correlation complete"
[1] "Evaluating forest 15 of 25"
[1] "training"
[1] "training complete"
[1] "elapsed time: 936.18"
[1] "computing out-of-bag predictions"
[1] "out-of-bag predictions complete"
[1] "elapsed time: 1.94799999999987"
[1] "computing predictions on test set"
[1] "test set predictions complete"
[1] "elapsed time: 1.49099999999999"
[1] "computing tree strength and correlation"
[1] "strength and correlation complete"
[1] "Evaluating forest 16 of 25"
[1] "training"
[1] "training complete"
[1] "elapsed time: 2.38299999999981"
[1] "computing out-of-bag predictions"
[1] "out-of-bag predictions complete"
[1] "elapsed time: 3.904"
[1] "computing predictions on test set"
[1] "test set predictions complete"
[1] "elapsed time: 3.44799999999987"
[1] "computing tree strength and correlation"
[1] "strength and correlation complete"
[1] "Evaluating forest 17 of 25"
[1] "training"
[1] "training complete"
[1] "elapsed time: 4.01299999999992"
[1] "computing out-of-bag predictions"
[1] "out-of-bag predictions complete"
[1] "elapsed time: 2.5010000000002"
[1] "computing predictions on test set"
[1] "test set predictions complete"
[1] "elapsed time: 1.98100000000022"
[1] "computing tree strength and correlation"
[1] "strength and correlation complete"
[1] "Evaluating forest 18 of 25"
[1] "training"
[1] "training complete"
[1] "elapsed time: 8.47399999999971"
[1] "computing out-of-bag predictions"
[1] "out-of-bag predictions complete"
[1] "elapsed time: 2.38599999999997"
[1] "computing predictions on test set"
[1] "test set predictions complete"
[1] "elapsed time: 1.80500000000029"
[1] "computing tree strength and correlation"
[1] "strength and correlation complete"
[1] "Evaluating forest 19 of 25"
[1] "training"
[1] "training complete"
[1] "elapsed time: 22.703"
[1] "computing out-of-bag predictions"
[1] "out-of-bag predictions complete"
[1] "elapsed time: 2.25900000000001"
[1] "computing predictions on test set"
[1] "test set predictions complete"
[1] "elapsed time: 1.72599999999966"
[1] "computing tree strength and correlation"
[1] "strength and correlation complete"
[1] "Evaluating forest 20 of 25"
[1] "training"
[1] "training complete"
[1] "elapsed time: 1075.269"
[1] "computing out-of-bag predictions"
[1] "out-of-bag predictions complete"
[1] "elapsed time: 2.0619999999999"
[1] "computing predictions on test set"
[1] "test set predictions complete"
[1] "elapsed time: 1.5630000000001"
[1] "computing tree strength and correlation"
[1] "strength and correlation complete"
[1] "Evaluating forest 21 of 25"
[1] "training"
[1] "training complete"
[1] "elapsed time: 2.43900000000031"
[1] "computing out-of-bag predictions"
[1] "out-of-bag predictions complete"
[1] "elapsed time: 3.96199999999999"
[1] "computing predictions on test set"
[1] "test set predictions complete"
[1] "elapsed time: 3.46500000000015"
[1] "computing tree strength and correlation"
[1] "strength and correlation complete"
[1] "Evaluating forest 22 of 25"
[1] "training"
[1] "training complete"
[1] "elapsed time: 4.24800000000005"
[1] "computing out-of-bag predictions"
[1] "out-of-bag predictions complete"
[1] "elapsed time: 2.59999999999991"
[1] "computing predictions on test set"
[1] "test set predictions complete"
[1] "elapsed time: 2.08699999999999"
[1] "computing tree strength and correlation"
[1] "strength and correlation complete"
[1] "Evaluating forest 23 of 25"
[1] "training"
[1] "training complete"
[1] "elapsed time: 9.47500000000036"
[1] "computing out-of-bag predictions"
[1] "out-of-bag predictions complete"
[1] "elapsed time: 2.41499999999996"
[1] "computing predictions on test set"
[1] "test set predictions complete"
[1] "elapsed time: 1.90999999999985"
[1] "computing tree strength and correlation"
[1] "strength and correlation complete"
[1] "Evaluating forest 24 of 25"
[1] "training"
[1] "training complete"
[1] "elapsed time: 24.4589999999998"
[1] "computing out-of-bag predictions"
[1] "out-of-bag predictions complete"
[1] "elapsed time: 2.33899999999994"
[1] "computing predictions on test set"
[1] "test set predictions complete"
[1] "elapsed time: 1.78600000000006"
[1] "computing tree strength and correlation"
[1] "strength and correlation complete"
[1] "Evaluating forest 25 of 25"
[1] "training"
[1] "training complete"
[1] "elapsed time: 1196.639"
[1] "computing out-of-bag predictions"
[1] "out-of-bag predictions complete"
[1] "elapsed time: 2.17399999999998"
[1] "computing predictions on test set"
[1] "test set predictions complete"
[1] "elapsed time: 1.67199999999957"
[1] "computing tree strength and correlation"
[1] "strength and correlation complete"
[1] "fold 2"
[1] "Evaluating forest 1 of 25"
[1] "training"
[1] "training complete"
[1] "elapsed time: 1.88400000000001"
[1] "computing out-of-bag predictions"
[1] "out-of-bag predictions complete"
[1] "elapsed time: 2.22600000000057"
[1] "computing predictions on test set"
[1] "test set predictions complete"
[1] "elapsed time: 1.71900000000005"
[1] "computing tree strength and correlation"
[1] "strength and correlation complete"
[1] "Evaluating forest 2 of 25"
[1] "training"
[1] "training complete"
[1] "elapsed time: 3.01899999999932"
[1] "computing out-of-bag predictions"
[1] "out-of-bag predictions complete"
[1] "elapsed time: 3.65700000000015"
[1] "computing predictions on test set"
[1] "test set predictions complete"
[1] "elapsed time: 2.14600000000064"
[1] "computing tree strength and correlation"
[1] "strength and correlation complete"
[1] "Evaluating forest 3 of 25"
[1] "training"
[1] "training complete"
[1] "elapsed time: 4.87800000000061"
[1] "computing out-of-bag predictions"
[1] "out-of-bag predictions complete"
[1] "elapsed time: 2.21399999999994"
[1] "computing predictions on test set"
[1] "test set predictions complete"
[1] "elapsed time: 1.72000000000025"
[1] "computing tree strength and correlation"
[1] "strength and correlation complete"
[1] "Evaluating forest 4 of 25"
[1] "training"
[1] "training complete"
[1] "elapsed time: 10.2880000000005"
[1] "computing out-of-bag predictions"
[1] "out-of-bag predictions complete"
[1] "elapsed time: 2.08199999999943"
[1] "computing predictions on test set"
[1] "test set predictions complete"
[1] "elapsed time: 1.57200000000012"
[1] "computing tree strength and correlation"
[1] "strength and correlation complete"
[1] "Evaluating forest 5 of 25"
[1] "training"
[1] "training complete"
[1] "elapsed time: 510.009999999999"
[1] "computing out-of-bag predictions"
[1] "out-of-bag predictions complete"
[1] "elapsed time: 1.9350000000004"
[1] "computing predictions on test set"
[1] "test set predictions complete"
[1] "elapsed time: 1.45600000000013"
[1] "computing tree strength and correlation"
[1] "strength and correlation complete"
[1] "Evaluating forest 6 of 25"
[1] "training"
[1] "training complete"
[1] "elapsed time: 2.33700000000044"
[1] "computing out-of-bag predictions"
[1] "out-of-bag predictions complete"
[1] "elapsed time: 3.90599999999995"
[1] "computing predictions on test set"
[1] "test set predictions complete"
[1] "elapsed time: 3.26900000000023"
[1] "computing tree strength and correlation"
[1] "strength and correlation complete"
[1] "Evaluating forest 7 of 25"
[1] "training"
[1] "training complete"
[1] "elapsed time: 3.41899999999987"
[1] "computing out-of-bag predictions"
[1] "out-of-bag predictions complete"
[1] "elapsed time: 2.33600000000024"
[1] "computing predictions on test set"
[1] "test set predictions complete"
[1] "elapsed time: 1.88200000000052"
[1] "computing tree strength and correlation"
[1] "strength and correlation complete"
[1] "Evaluating forest 8 of 25"
[1] "training"
[1] "training complete"
[1] "elapsed time: 6.46100000000024"
[1] "computing out-of-bag predictions"
[1] "out-of-bag predictions complete"
[1] "elapsed time: 2.15299999999934"
[1] "computing predictions on test set"
[1] "test set predictions complete"
[1] "elapsed time: 1.64800000000014"
[1] "computing tree strength and correlation"
[1] "strength and correlation complete"
[1] "Evaluating forest 9 of 25"
[1] "training"
[1] "training complete"
[1] "elapsed time: 15.0410000000002"
[1] "computing out-of-bag predictions"
[1] "out-of-bag predictions complete"
[1] "elapsed time: 2.10900000000038"
[1] "computing predictions on test set"
[1] "test set predictions complete"
[1] "elapsed time: 1.63199999999961"
[1] "computing tree strength and correlation"
[1] "strength and correlation complete"
[1] "Evaluating forest 10 of 25"
[1] "training"
[1] "training complete"
[1] "elapsed time: 793.927"
[1] "computing out-of-bag predictions"
[1] "out-of-bag predictions complete"
[1] "elapsed time: 1.97299999999996"
[1] "computing predictions on test set"
[1] "test set predictions complete"
[1] "elapsed time: 1.49799999999959"
[1] "computing tree strength and correlation"
[1] "strength and correlation complete"
[1] "Evaluating forest 11 of 25"
[1] "training"
[1] "training complete"
[1] "elapsed time: 2.39900000000034"
[1] "computing out-of-bag predictions"
[1] "out-of-bag predictions complete"
[1] "elapsed time: 3.96399999999994"
[1] "computing predictions on test set"
[1] "test set predictions complete"
[1] "elapsed time: 3.29600000000028"
[1] "computing tree strength and correlation"
[1] "strength and correlation complete"
[1] "Evaluating forest 12 of 25"
[1] "training"
[1] "training complete"
[1] "elapsed time: 3.73499999999967"
[1] "computing out-of-bag predictions"
[1] "out-of-bag predictions complete"
[1] "elapsed time: 2.46500000000015"
[1] "computing predictions on test set"
[1] "test set predictions complete"
[1] "elapsed time: 1.94900000000052"
[1] "computing tree strength and correlation"
[1] "strength and correlation complete"
[1] "Evaluating forest 13 of 25"
[1] "training"
[1] "training complete"
[1] "elapsed time: 7.62899999999991"
[1] "computing out-of-bag predictions"
[1] "out-of-bag predictions complete"
[1] "elapsed time: 2.23000000000047"
[1] "computing predictions on test set"
[1] "test set predictions complete"
[1] "elapsed time: 1.71900000000005"
[1] "computing tree strength and correlation"
[1] "strength and correlation complete"
[1] "Evaluating forest 14 of 25"
[1] "training"
[1] "training complete"
[1] "elapsed time: 18.8429999999998"
[1] "computing out-of-bag predictions"
[1] "out-of-bag predictions complete"
[1] "elapsed time: 2.16600000000017"
[1] "computing predictions on test set"
[1] "test set predictions complete"
[1] "elapsed time: 1.66100000000006"
[1] "computing tree strength and correlation"
[1] "strength and correlation complete"
[1] "Evaluating forest 15 of 25"
[1] "training"
[1] "training complete"
[1] "elapsed time: 997.593000000001"
[1] "computing out-of-bag predictions"
[1] "out-of-bag predictions complete"
[1] "elapsed time: 2.04499999999916"
[1] "computing predictions on test set"
[1] "test set predictions complete"
[1] "elapsed time: 1.54700000000048"
[1] "computing tree strength and correlation"
[1] "strength and correlation complete"
[1] "Evaluating forest 16 of 25"
[1] "training"
[1] "training complete"
[1] "elapsed time: 2.41900000000078"
[1] "computing out-of-bag predictions"
[1] "out-of-bag predictions complete"
[1] "elapsed time: 3.91899999999987"
[1] "computing predictions on test set"
[1] "test set predictions complete"
[1] "elapsed time: 3.47299999999996"
[1] "computing tree strength and correlation"
[1] "strength and correlation complete"
[1] "Evaluating forest 17 of 25"
[1] "training"
[1] "training complete"
[1] "elapsed time: 4.01299999999992"
[1] "computing out-of-bag predictions"
[1] "out-of-bag predictions complete"
[1] "elapsed time: 2.57900000000063"
[1] "computing predictions on test set"
[1] "test set predictions complete"
[1] "elapsed time: 2.01900000000023"
[1] "computing tree strength and correlation"
[1] "strength and correlation complete"
[1] "Evaluating forest 18 of 25"
[1] "training"
[1] "training complete"
[1] "elapsed time: 8.62299999999959"
[1] "computing out-of-bag predictions"
[1] "out-of-bag predictions complete"
[1] "elapsed time: 2.38299999999981"
[1] "computing predictions on test set"
[1] "test set predictions complete"
[1] "elapsed time: 1.89199999999983"
[1] "computing tree strength and correlation"
[1] "strength and correlation complete"
[1] "Evaluating forest 19 of 25"
[1] "training"
[1] "training complete"
[1] "elapsed time: 21.6009999999997"
[1] "computing out-of-bag predictions"
[1] "out-of-bag predictions complete"
[1] "elapsed time: 2.25"
[1] "computing predictions on test set"
[1] "test set predictions complete"
[1] "elapsed time: 1.69399999999951"
[1] "computing tree strength and correlation"
[1] "strength and correlation complete"
[1] "Evaluating forest 20 of 25"
[1] "training"
[1] "training complete"
[1] "elapsed time: 1126.725"
[1] "computing out-of-bag predictions"
[1] "out-of-bag predictions complete"
[1] "elapsed time: 2.04600000000028"
[1] "computing predictions on test set"
[1] "test set predictions complete"
[1] "elapsed time: 1.53300000000127"
[1] "computing tree strength and correlation"
[1] "strength and correlation complete"
[1] "Evaluating forest 21 of 25"
[1] "training"
[1] "training complete"
[1] "elapsed time: 2.44399999999951"
[1] "computing out-of-bag predictions"
[1] "out-of-bag predictions complete"
[1] "elapsed time: 4.13999999999942"
[1] "computing predictions on test set"
[1] "test set predictions complete"
[1] "elapsed time: 3.53399999999965"
[1] "computing tree strength and correlation"
[1] "strength and correlation complete"
[1] "Evaluating forest 22 of 25"
[1] "training"
[1] "training complete"
[1] "elapsed time: 4.20300000000134"
[1] "computing out-of-bag predictions"
[1] "out-of-bag predictions complete"
[1] "elapsed time: 2.63899999999921"
[1] "computing predictions on test set"
[1] "test set predictions complete"
[1] "elapsed time: 2.13199999999961"
[1] "computing tree strength and correlation"
[1] "strength and correlation complete"
[1] "Evaluating forest 23 of 25"
[1] "training"
[1] "training complete"
[1] "elapsed time: 9.45199999999932"
[1] "computing out-of-bag predictions"
[1] "out-of-bag predictions complete"
[1] "elapsed time: 2.41300000000047"
[1] "computing predictions on test set"
[1] "test set predictions complete"
[1] "elapsed time: 1.90300000000025"
[1] "computing tree strength and correlation"
[1] "strength and correlation complete"
[1] "Evaluating forest 24 of 25"
[1] "training"
[1] "training complete"
[1] "elapsed time: 23.9349999999995"
[1] "computing out-of-bag predictions"
[1] "out-of-bag predictions complete"
[1] "elapsed time: 2.33799999999974"
[1] "computing predictions on test set"
[1] "test set predictions complete"
[1] "elapsed time: 1.80500000000029"
[1] "computing tree strength and correlation"
[1] "strength and correlation complete"
[1] "Evaluating forest 25 of 25"
[1] "training"
[1] "training complete"
[1] "elapsed time: 1277.219"
[1] "computing out-of-bag predictions"
[1] "out-of-bag predictions complete"
[1] "elapsed time: 2.09100000000035"
[1] "computing predictions on test set"
[1] "test set predictions complete"
[1] "elapsed time: 1.60200000000077"
[1] "computing tree strength and correlation"
[1] "strength and correlation complete"
[1] "fold 3"
[1] "Evaluating forest 1 of 25"
[1] "training"
[1] "training complete"
[1] "elapsed time: 1.90200000000004"
[1] "computing out-of-bag predictions"
[1] "out-of-bag predictions complete"
[1] "elapsed time: 2.09499999999935"
[1] "computing predictions on test set"
[1] "test set predictions complete"
[1] "elapsed time: 1.6830000000009"
[1] "computing tree strength and correlation"
[1] "strength and correlation complete"
[1] "Evaluating forest 2 of 25"
[1] "training"
[1] "training complete"
[1] "elapsed time: 2.9380000000001"
[1] "computing out-of-bag predictions"
[1] "out-of-bag predictions complete"
[1] "elapsed time: 3.64899999999943"
[1] "computing predictions on test set"
[1] "test set predictions complete"
[1] "elapsed time: 3.08499999999913"
[1] "computing tree strength and correlation"
[1] "strength and correlation complete"
[1] "Evaluating forest 3 of 25"
[1] "training"
[1] "training complete"
[1] "elapsed time: 4.85499999999956"
[1] "computing out-of-bag predictions"
[1] "out-of-bag predictions complete"
[1] "elapsed time: 2.18599999999969"
[1] "computing predictions on test set"
[1] "test set predictions complete"
[1] "elapsed time: 1.68599999999969"
[1] "computing tree strength and correlation"
[1] "strength and correlation complete"
[1] "Evaluating forest 4 of 25"
[1] "training"
[1] "training complete"
[1] "elapsed time: 10.3109999999997"
[1] "computing out-of-bag predictions"
[1] "out-of-bag predictions complete"
[1] "elapsed time: 2.0669999999991"
[1] "computing predictions on test set"
[1] "test set predictions complete"
[1] "elapsed time: 1.56999999999971"
[1] "computing tree strength and correlation"
[1] "strength and correlation complete"
[1] "Evaluating forest 5 of 25"
[1] "training"
[1] "training complete"
[1] "elapsed time: 504.331999999999"
[1] "computing out-of-bag predictions"
[1] "out-of-bag predictions complete"
[1] "elapsed time: 1.90899999999965"
[1] "computing predictions on test set"
[1] "test set predictions complete"
[1] "elapsed time: 1.42900000000009"
[1] "computing tree strength and correlation"
[1] "strength and correlation complete"
[1] "Evaluating forest 6 of 25"
[1] "training"
[1] "training complete"
[1] "elapsed time: 2.34799999999996"
[1] "computing out-of-bag predictions"
[1] "out-of-bag predictions complete"
[1] "elapsed time: 3.84000000000015"
[1] "computing predictions on test set"
[1] "test set predictions complete"
[1] "elapsed time: 3.31099999999969"
[1] "computing tree strength and correlation"
[1] "strength and correlation complete"
[1] "Evaluating forest 7 of 25"
[1] "training"
[1] "training complete"
[1] "elapsed time: 3.41200000000026"
[1] "computing out-of-bag predictions"
[1] "out-of-bag predictions complete"
[1] "elapsed time: 2.36800000000039"
[1] "computing predictions on test set"
[1] "test set predictions complete"
[1] "elapsed time: 1.89199999999983"
[1] "computing tree strength and correlation"
[1] "strength and correlation complete"
[1] "Evaluating forest 8 of 25"
[1] "training"
[1] "training complete"
[1] "elapsed time: 6.51000000000022"
[1] "computing out-of-bag predictions"
[1] "out-of-bag predictions complete"
[1] "elapsed time: 2.17100000000028"
[1] "computing predictions on test set"
[1] "test set predictions complete"
[1] "elapsed time: 1.64199999999983"
[1] "computing tree strength and correlation"
[1] "strength and correlation complete"
[1] "Evaluating forest 9 of 25"
[1] "training"
[1] "training complete"
[1] "elapsed time: 15.3009999999995"
[1] "computing out-of-bag predictions"
[1] "out-of-bag predictions complete"
[1] "elapsed time: 2.04000000000087"
[1] "computing predictions on test set"
[1] "test set predictions complete"
[1] "elapsed time: 1.57300000000032"
[1] "computing tree strength and correlation"
[1] "strength and correlation complete"
[1] "Evaluating forest 10 of 25"
[1] "training"
[1] "training complete"
[1] "elapsed time: 757.393"
[1] "computing out-of-bag predictions"
[1] "out-of-bag predictions complete"
[1] "elapsed time: 1.97000000000116"
[1] "computing predictions on test set"
[1] "test set predictions complete"
[1] "elapsed time: 1.47600000000057"
[1] "computing tree strength and correlation"
[1] "strength and correlation complete"
[1] "Evaluating forest 11 of 25"
[1] "training"
[1] "training complete"
[1] "elapsed time: 2.34499999999935"
[1] "computing out-of-bag predictions"
[1] "out-of-bag predictions complete"
[1] "elapsed time: 3.91300000000047"
[1] "computing predictions on test set"
[1] "test set predictions complete"
[1] "elapsed time: 3.21800000000076"
[1] "computing tree strength and correlation"
[1] "strength and correlation complete"
[1] "Evaluating forest 12 of 25"
[1] "training"
[1] "training complete"
[1] "elapsed time: 3.63400000000001"
[1] "computing out-of-bag predictions"
[1] "out-of-bag predictions complete"
[1] "elapsed time: 2.37799999999879"
[1] "computing predictions on test set"
[1] "test set predictions complete"
[1] "elapsed time: 1.87099999999919"
[1] "computing tree strength and correlation"
[1] "strength and correlation complete"
[1] "Evaluating forest 13 of 25"
[1] "training"
[1] "training complete"
[1] "elapsed time: 7.45199999999932"
[1] "computing out-of-bag predictions"
[1] "out-of-bag predictions complete"
[1] "elapsed time: 2.28200000000106"
[1] "computing predictions on test set"
[1] "test set predictions complete"
[1] "elapsed time: 1.73500000000058"
[1] "computing tree strength and correlation"
[1] "strength and correlation complete"
[1] "Evaluating forest 14 of 25"
[1] "training"
[1] "training complete"
[1] "elapsed time: 18.2979999999989"
[1] "computing out-of-bag predictions"
[1] "out-of-bag predictions complete"
[1] "elapsed time: 2.11399999999958"
[1] "computing predictions on test set"
[1] "test set predictions complete"
[1] "elapsed time: 1.61999999999898"
[1] "computing tree strength and correlation"
[1] "strength and correlation complete"
[1] "Evaluating forest 15 of 25"
[1] "training"
[1] "training complete"
[1] "elapsed time: 926.128999999999"
[1] "computing out-of-bag predictions"
[1] "out-of-bag predictions complete"
[1] "elapsed time: 2.00600000000122"
[1] "computing predictions on test set"
[1] "test set predictions complete"
[1] "elapsed time: 1.50900000000001"
[1] "computing tree strength and correlation"
[1] "strength and correlation complete"
[1] "Evaluating forest 16 of 25"
[1] "training"
[1] "training complete"
[1] "elapsed time: 2.35800000000017"
[1] "computing out-of-bag predictions"
[1] "out-of-bag predictions complete"
[1] "elapsed time: 3.94399999999951"
[1] "computing predictions on test set"
[1] "test set predictions complete"
[1] "elapsed time: 3.35600000000159"
[1] "computing tree strength and correlation"
[1] "strength and correlation complete"
[1] "Evaluating forest 17 of 25"
[1] "training"
[1] "training complete"
[1] "elapsed time: 4.00099999999838"
[1] "computing out-of-bag predictions"
[1] "out-of-bag predictions complete"
[1] "elapsed time: 2.46600000000035"
[1] "computing predictions on test set"
[1] "test set predictions complete"
[1] "elapsed time: 1.92099999999846"
[1] "computing tree strength and correlation"
[1] "strength and correlation complete"
[1] "Evaluating forest 18 of 25"
[1] "training"
[1] "training complete"
[1] "elapsed time: 8.34900000000016"
[1] "computing out-of-bag predictions"
[1] "out-of-bag predictions complete"
[1] "elapsed time: 2.32200000000012"
[1] "computing predictions on test set"
[1] "test set predictions complete"
[1] "elapsed time: 1.84100000000035"
[1] "computing tree strength and correlation"
[1] "strength and correlation complete"
[1] "Evaluating forest 19 of 25"
[1] "training"
[1] "training complete"
[1] "elapsed time: 20.9860000000008"
[1] "computing out-of-bag predictions"
[1] "out-of-bag predictions complete"
[1] "elapsed time: 2.23799999999937"
[1] "computing predictions on test set"
[1] "test set predictions complete"
[1] "elapsed time: 1.68000000000029"
[1] "computing tree strength and correlation"
[1] "strength and correlation complete"
[1] "Evaluating forest 20 of 25"
[1] "training"
[1] "training complete"
[1] "elapsed time: 1113.651"
[1] "computing out-of-bag predictions"
[1] "out-of-bag predictions complete"
[1] "elapsed time: 2.09100000000035"
[1] "computing predictions on test set"
[1] "test set predictions complete"
[1] "elapsed time: 1.58499999999913"
[1] "computing tree strength and correlation"
[1] "strength and correlation complete"
[1] "Evaluating forest 21 of 25"
[1] "training"
[1] "training complete"
[1] "elapsed time: 2.44900000000052"
[1] "computing out-of-bag predictions"
[1] "out-of-bag predictions complete"
[1] "elapsed time: 4.04200000000128"
[1] "computing predictions on test set"
[1] "test set predictions complete"
[1] "elapsed time: 3.3799999999992"
[1] "computing tree strength and correlation"
[1] "strength and correlation complete"
[1] "Evaluating forest 22 of 25"
[1] "training"
[1] "training complete"
[1] "elapsed time: 4.10000000000036"
[1] "computing out-of-bag predictions"
[1] "out-of-bag predictions complete"
[1] "elapsed time: 2.66499999999905"
[1] "computing predictions on test set"
[1] "test set predictions complete"
[1] "elapsed time: 2.08200000000033"
[1] "computing tree strength and correlation"
[1] "strength and correlation complete"
[1] "Evaluating forest 23 of 25"
[1] "training"
[1] "training complete"
[1] "elapsed time: 9.32999999999993"
[1] "computing out-of-bag predictions"
[1] "out-of-bag predictions complete"
[1] "elapsed time: 2.34000000000015"
[1] "computing predictions on test set"
[1] "test set predictions complete"
[1] "elapsed time: 1.82900000000154"
[1] "computing tree strength and correlation"
[1] "strength and correlation complete"
[1] "Evaluating forest 24 of 25"
[1] "training"
[1] "training complete"
[1] "elapsed time: 23.371000000001"
[1] "computing out-of-bag predictions"
[1] "out-of-bag predictions complete"
[1] "elapsed time: 2.24599999999919"
[1] "computing predictions on test set"
[1] "test set predictions complete"
[1] "elapsed time: 1.77700000000004"
[1] "computing tree strength and correlation"
[1] "strength and correlation complete"
[1] "Evaluating forest 25 of 25"
[1] "training"
[1] "training complete"
[1] "elapsed time: 1163.628"
[1] "computing out-of-bag predictions"
[1] "out-of-bag predictions complete"
[1] "elapsed time: 2.06999999999971"
[1] "computing predictions on test set"
[1] "test set predictions complete"
[1] "elapsed time: 1.57999999999993"
[1] "computing tree strength and correlation"
[1] "strength and correlation complete"
[1] "fold 4"
[1] "Evaluating forest 1 of 25"
[1] "training"
[1] "training complete"
[1] "elapsed time: 1.92599999999948"
[1] "computing out-of-bag predictions"
[1] "out-of-bag predictions complete"
[1] "elapsed time: 2.15599999999904"
[1] "computing predictions on test set"
[1] "test set predictions complete"
[1] "elapsed time: 1.70099999999911"
[1] "computing tree strength and correlation"
[1] "strength and correlation complete"
[1] "Evaluating forest 2 of 25"
[1] "training"
[1] "training complete"
[1] "elapsed time: 3.0109999999986"
[1] "computing out-of-bag predictions"
[1] "out-of-bag predictions complete"
[1] "elapsed time: 3.60200000000077"
[1] "computing predictions on test set"
[1] "test set predictions complete"
[1] "elapsed time: 3.03700000000026"
[1] "computing tree strength and correlation"
[1] "strength and correlation complete"
[1] "Evaluating forest 3 of 25"
[1] "training"
[1] "training complete"
[1] "elapsed time: 4.94000000000051"
[1] "computing out-of-bag predictions"
[1] "out-of-bag predictions complete"
[1] "elapsed time: 2.27099999999882"
[1] "computing predictions on test set"
[1] "test set predictions complete"
[1] "elapsed time: 1.71600000000035"
[1] "computing tree strength and correlation"
[1] "strength and correlation complete"
[1] "Evaluating forest 4 of 25"
[1] "training"
[1] "training complete"
[1] "elapsed time: 10.4200000000001"
[1] "computing out-of-bag predictions"
[1] "out-of-bag predictions complete"
[1] "elapsed time: 2.11399999999958"
[1] "computing predictions on test set"
[1] "test set predictions complete"
[1] "elapsed time: 1.60499999999956"
[1] "computing tree strength and correlation"
[1] "strength and correlation complete"
[1] "Evaluating forest 5 of 25"
[1] "training"
[1] "training complete"
[1] "elapsed time: 510.794"
[1] "computing out-of-bag predictions"
[1] "out-of-bag predictions complete"
[1] "elapsed time: 1.96299999999974"
[1] "computing predictions on test set"
[1] "test set predictions complete"
[1] "elapsed time: 1.4260000000013"
[1] "computing tree strength and correlation"
[1] "strength and correlation complete"
[1] "Evaluating forest 6 of 25"
[1] "training"
[1] "training complete"
[1] "elapsed time: 2.34799999999996"
[1] "computing out-of-bag predictions"
[1] "out-of-bag predictions complete"
[1] "elapsed time: 3.82300000000032"
[1] "computing predictions on test set"
[1] "test set predictions complete"
[1] "elapsed time: 3.23300000000017"
[1] "computing tree strength and correlation"
[1] "strength and correlation complete"
[1] "Evaluating forest 7 of 25"
[1] "training"
[1] "training complete"
[1] "elapsed time: 3.43299999999908"
[1] "computing out-of-bag predictions"
[1] "out-of-bag predictions complete"
[1] "elapsed time: 2.41200000000026"
[1] "computing predictions on test set"
[1] "test set predictions complete"
[1] "elapsed time: 1.90599999999904"
[1] "computing tree strength and correlation"
[1] "strength and correlation complete"
[1] "Evaluating forest 8 of 25"
[1] "training"
[1] "training complete"
[1] "elapsed time: 6.40799999999945"
[1] "computing out-of-bag predictions"
[1] "out-of-bag predictions complete"
[1] "elapsed time: 2.19399999999951"
[1] "computing predictions on test set"
[1] "test set predictions complete"
[1] "elapsed time: 1.72499999999854"
[1] "computing tree strength and correlation"
[1] "strength and correlation complete"
[1] "Evaluating forest 9 of 25"
[1] "training"
[1] "training complete"
[1] "elapsed time: 15.3500000000004"
[1] "computing out-of-bag predictions"
[1] "out-of-bag predictions complete"
[1] "elapsed time: 2.03900000000067"
[1] "computing predictions on test set"
[1] "test set predictions complete"
[1] "elapsed time: 1.58899999999994"
[1] "computing tree strength and correlation"
[1] "strength and correlation complete"
[1] "Evaluating forest 10 of 25"
[1] "training"
[1] "training complete"
[1] "elapsed time: 812.859"
[1] "computing out-of-bag predictions"
[1] "out-of-bag predictions complete"
[1] "elapsed time: 1.97400000000016"
[1] "computing predictions on test set"
[1] "test set predictions complete"
[1] "elapsed time: 1.46700000000055"
[1] "computing tree strength and correlation"
[1] "strength and correlation complete"
[1] "Evaluating forest 11 of 25"
[1] "training"
[1] "training complete"
[1] "elapsed time: 2.32800000000134"
[1] "computing out-of-bag predictions"
[1] "out-of-bag predictions complete"
[1] "elapsed time: 3.86499999999978"
[1] "computing predictions on test set"
[1] "test set predictions complete"
[1] "elapsed time: 3.35199999999895"
[1] "computing tree strength and correlation"
[1] "strength and correlation complete"
[1] "Evaluating forest 12 of 25"
[1] "training"
[1] "training complete"
[1] "elapsed time: 3.77000000000044"
[1] "computing out-of-bag predictions"
[1] "out-of-bag predictions complete"
[1] "elapsed time: 2.44800000000032"
[1] "computing predictions on test set"
[1] "test set predictions complete"
[1] "elapsed time: 1.93400000000111"
[1] "computing tree strength and correlation"
[1] "strength and correlation complete"
[1] "Evaluating forest 13 of 25"
[1] "training"
[1] "training complete"
[1] "elapsed time: 7.65500000000065"
[1] "computing out-of-bag predictions"
[1] "out-of-bag predictions complete"
[1] "elapsed time: 2.1820000000007"
[1] "computing predictions on test set"
[1] "test set predictions complete"
[1] "elapsed time: 1.73600000000079"
[1] "computing tree strength and correlation"
[1] "strength and correlation complete"
[1] "Evaluating forest 14 of 25"
[1] "training"
[1] "training complete"
[1] "elapsed time: 18.8809999999994"
[1] "computing out-of-bag predictions"
[1] "out-of-bag predictions complete"
[1] "elapsed time: 2.18599999999969"
[1] "computing predictions on test set"
[1] "test set predictions complete"
[1] "elapsed time: 1.63299999999981"
[1] "computing tree strength and correlation"
[1] "strength and correlation complete"
[1] "Evaluating forest 15 of 25"
[1] "training"
[1] "training complete"
[1] "elapsed time: 984.494999999999"
[1] "computing out-of-bag predictions"
[1] "out-of-bag predictions complete"
[1] "elapsed time: 2.01100000000224"
[1] "computing predictions on test set"
[1] "test set predictions complete"
[1] "elapsed time: 1.51499999999942"
[1] "computing tree strength and correlation"
[1] "strength and correlation complete"
[1] "Evaluating forest 16 of 25"
[1] "training"
[1] "training complete"
[1] "elapsed time: 2.40099999999802"
[1] "computing out-of-bag predictions"
[1] "out-of-bag predictions complete"
[1] "elapsed time: 3.95799999999872"
[1] "computing predictions on test set"
[1] "test set predictions complete"
[1] "elapsed time: 3.55099999999948"
[1] "computing tree strength and correlation"
[1] "strength and correlation complete"
[1] "Evaluating forest 17 of 25"
[1] "training"
[1] "training complete"
[1] "elapsed time: 3.95200000000114"
[1] "computing out-of-bag predictions"
[1] "out-of-bag predictions complete"
[1] "elapsed time: 2.57099999999991"
[1] "computing predictions on test set"
[1] "test set predictions complete"
[1] "elapsed time: 2.03499999999985"
[1] "computing tree strength and correlation"
[1] "strength and correlation complete"
[1] "Evaluating forest 18 of 25"
[1] "training"
[1] "training complete"
[1] "elapsed time: 8.40000000000146"
[1] "computing out-of-bag predictions"
[1] "out-of-bag predictions complete"
[1] "elapsed time: 2.30900000000111"
[1] "computing predictions on test set"
[1] "test set predictions complete"
[1] "elapsed time: 1.79999999999927"
[1] "computing tree strength and correlation"
[1] "strength and correlation complete"
[1] "Evaluating forest 19 of 25"
[1] "training"
[1] "training complete"
[1] "elapsed time: 21.3199999999997"
[1] "computing out-of-bag predictions"
[1] "out-of-bag predictions complete"
[1] "elapsed time: 2.2699999999968"
[1] "computing predictions on test set"
[1] "test set predictions complete"
[1] "elapsed time: 1.75599999999758"
[1] "computing tree strength and correlation"
[1] "strength and correlation complete"
[1] "Evaluating forest 20 of 25"
[1] "training"
[1] "training complete"
[1] "elapsed time: 1142.374"
[1] "computing out-of-bag predictions"
[1] "out-of-bag predictions complete"
[1] "elapsed time: 2.04200000000128"
[1] "computing predictions on test set"
[1] "test set predictions complete"
[1] "elapsed time: 1.5570000000007"
[1] "computing tree strength and correlation"
[1] "strength and correlation complete"
[1] "Evaluating forest 21 of 25"
[1] "training"
[1] "training complete"
[1] "elapsed time: 2.4529999999977"
[1] "computing out-of-bag predictions"
[1] "out-of-bag predictions complete"
[1] "elapsed time: 4.05199999999968"
[1] "computing predictions on test set"
[1] "test set predictions complete"
[1] "elapsed time: 3.51900000000023"
[1] "computing tree strength and correlation"
[1] "strength and correlation complete"
[1] "Evaluating forest 22 of 25"
[1] "training"
[1] "training complete"
[1] "elapsed time: 4.23300000000017"
[1] "computing out-of-bag predictions"
[1] "out-of-bag predictions complete"
[1] "elapsed time: 3.66899999999805"
[1] "computing predictions on test set"
[1] "test set predictions complete"
[1] "elapsed time: 2.91300000000047"
[1] "computing tree strength and correlation"
[1] "strength and correlation complete"
[1] "Evaluating forest 23 of 25"
[1] "training"
[1] "training complete"
[1] "elapsed time: 9.18700000000172"
[1] "computing out-of-bag predictions"
[1] "out-of-bag predictions complete"
[1] "elapsed time: 2.39899999999761"
[1] "computing predictions on test set"
[1] "test set predictions complete"
[1] "elapsed time: 1.89899999999761"
[1] "computing tree strength and correlation"
[1] "strength and correlation complete"
[1] "Evaluating forest 24 of 25"
[1] "training"
[1] "training complete"
[1] "elapsed time: 24.6800000000003"
[1] "computing out-of-bag predictions"
[1] "out-of-bag predictions complete"
[1] "elapsed time: 2.30600000000049"
[1] "computing predictions on test set"
[1] "test set predictions complete"
[1] "elapsed time: 1.83099999999831"
[1] "computing tree strength and correlation"
[1] "strength and correlation complete"
[1] "Evaluating forest 25 of 25"
[1] "training"
[1] "training complete"
[1] "elapsed time: 1220.256"
[1] "computing out-of-bag predictions"
[1] "out-of-bag predictions complete"
[1] "elapsed time: 2.11700000000201"
[1] "computing predictions on test set"
[1] "test set predictions complete"
[1] "elapsed time: 1.5779999999977"
[1] "computing tree strength and correlation"
[1] "strength and correlation complete"
[1] "fold 5"
[1] "Evaluating forest 1 of 25"
[1] "training"
[1] "training complete"
[1] "elapsed time: 1.86499999999796"
[1] "computing out-of-bag predictions"
[1] "out-of-bag predictions complete"
[1] "elapsed time: 2.19500000000335"
[1] "computing predictions on test set"
[1] "test set predictions complete"
[1] "elapsed time: 1.68599999999788"
[1] "computing tree strength and correlation"
[1] "strength and correlation complete"
[1] "Evaluating forest 2 of 25"
[1] "training"
[1] "training complete"
[1] "elapsed time: 2.95699999999852"
[1] "computing out-of-bag predictions"
[1] "out-of-bag predictions complete"
[1] "elapsed time: 2.39400000000023"
[1] "computing predictions on test set"
[1] "test set predictions complete"
[1] "elapsed time: 1.86900000000242"
[1] "computing tree strength and correlation"
[1] "strength and correlation complete"
[1] "Evaluating forest 3 of 25"
[1] "training"
[1] "training complete"
[1] "elapsed time: 4.85599999999977"
[1] "computing out-of-bag predictions"
[1] "out-of-bag predictions complete"
[1] "elapsed time: 2.15399999999863"
[1] "computing predictions on test set"
[1] "test set predictions complete"
[1] "elapsed time: 1.63999999999942"
[1] "computing tree strength and correlation"
[1] "strength and correlation complete"
[1] "Evaluating forest 4 of 25"
[1] "training"
[1] "training complete"
[1] "elapsed time: 10.3319999999985"
[1] "computing out-of-bag predictions"
[1] "out-of-bag predictions complete"
[1] "elapsed time: 2.00300000000061"
[1] "computing predictions on test set"
[1] "test set predictions complete"
[1] "elapsed time: 1.55500000000029"
[1] "computing tree strength and correlation"
[1] "strength and correlation complete"
[1] "Evaluating forest 5 of 25"
[1] "training"
[1] "training complete"
[1] "elapsed time: 517.623"
[1] "computing out-of-bag predictions"
[1] "out-of-bag predictions complete"
[1] "elapsed time: 1.90599999999904"
[1] "computing predictions on test set"
[1] "test set predictions complete"
[1] "elapsed time: 1.42099999999846"
[1] "computing tree strength and correlation"
[1] "strength and correlation complete"
[1] "Evaluating forest 6 of 25"
[1] "training"
[1] "training complete"
[1] "elapsed time: 2.41599999999744"
[1] "computing out-of-bag predictions"
[1] "out-of-bag predictions complete"
[1] "elapsed time: 3.82400000000052"
[1] "computing predictions on test set"
[1] "test set predictions complete"
[1] "elapsed time: 3.37299999999959"
[1] "computing tree strength and correlation"
[1] "strength and correlation complete"
[1] "Evaluating forest 7 of 25"
[1] "training"
[1] "training complete"
[1] "elapsed time: 3.40899999999965"
[1] "computing out-of-bag predictions"
[1] "out-of-bag predictions complete"
[1] "elapsed time: 2.35900000000038"
[1] "computing predictions on test set"
[1] "test set predictions complete"
[1] "elapsed time: 1.86699999999837"
[1] "computing tree strength and correlation"
[1] "strength and correlation complete"
[1] "Evaluating forest 8 of 25"
[1] "training"
[1] "training complete"
[1] "elapsed time: 6.53099999999904"
[1] "computing out-of-bag predictions"
[1] "out-of-bag predictions complete"
[1] "elapsed time: 2.26599999999962"
[1] "computing predictions on test set"
[1] "test set predictions complete"
[1] "elapsed time: 1.68500000000131"
[1] "computing tree strength and correlation"
[1] "strength and correlation complete"
[1] "Evaluating forest 9 of 25"
[1] "training"
[1] "training complete"
[1] "elapsed time: 15.4600000000028"
[1] "computing out-of-bag predictions"
[1] "out-of-bag predictions complete"
[1] "elapsed time: 2.1140000000014"
[1] "computing predictions on test set"
[1] "test set predictions complete"
[1] "elapsed time: 1.60399999999936"
[1] "computing tree strength and correlation"
[1] "strength and correlation complete"
[1] "Evaluating forest 10 of 25"
[1] "training"
[1] "training complete"
[1] "elapsed time: 794.926000000003"
[1] "computing out-of-bag predictions"
[1] "out-of-bag predictions complete"
[1] "elapsed time: 1.95300000000134"
[1] "computing predictions on test set"
[1] "test set predictions complete"
[1] "elapsed time: 1.48099999999977"
[1] "computing tree strength and correlation"
[1] "strength and correlation complete"
[1] "Evaluating forest 11 of 25"
[1] "training"
[1] "training complete"
[1] "elapsed time: 2.35699999999997"
[1] "computing out-of-bag predictions"
[1] "out-of-bag predictions complete"
[1] "elapsed time: 3.90399999999863"
[1] "computing predictions on test set"
[1] "test set predictions complete"
[1] "elapsed time: 3.40599999999904"
[1] "computing tree strength and correlation"
[1] "strength and correlation complete"
[1] "Evaluating forest 12 of 25"
[1] "training"
[1] "training complete"
[1] "elapsed time: 3.62299999999959"
[1] "computing out-of-bag predictions"
[1] "out-of-bag predictions complete"
[1] "elapsed time: 2.375"
[1] "computing predictions on test set"
[1] "test set predictions complete"
[1] "elapsed time: 1.85099999999875"
[1] "computing tree strength and correlation"
[1] "strength and correlation complete"
[1] "Evaluating forest 13 of 25"
[1] "training"
[1] "training complete"
[1] "elapsed time: 7.54999999999927"
[1] "computing out-of-bag predictions"
[1] "out-of-bag predictions complete"
[1] "elapsed time: 2.23300000000017"
[1] "computing predictions on test set"
[1] "test set predictions complete"
[1] "elapsed time: 1.73700000000099"
[1] "computing tree strength and correlation"
[1] "strength and correlation complete"
[1] "Evaluating forest 14 of 25"
[1] "training"
[1] "training complete"
[1] "elapsed time: 18.625"
[1] "computing out-of-bag predictions"
[1] "out-of-bag predictions complete"
[1] "elapsed time: 2.1150000000016"
[1] "computing predictions on test set"
[1] "test set predictions complete"
[1] "elapsed time: 1.63899999999921"
[1] "computing tree strength and correlation"
[1] "strength and correlation complete"
[1] "Evaluating forest 15 of 25"
[1] "training"
[1] "training complete"
[1] "elapsed time: 954.390000000003"
[1] "computing out-of-bag predictions"
[1] "out-of-bag predictions complete"
[1] "elapsed time: 2.00799999999799"
[1] "computing predictions on test set"
[1] "test set predictions complete"
[1] "elapsed time: 1.52700000000186"
[1] "computing tree strength and correlation"
[1] "strength and correlation complete"
[1] "Evaluating forest 16 of 25"
[1] "training"
[1] "training complete"
[1] "elapsed time: 2.3859999999986"
[1] "computing out-of-bag predictions"
[1] "out-of-bag predictions complete"
[1] "elapsed time: 4.00800000000163"
[1] "computing predictions on test set"
[1] "test set predictions complete"
[1] "elapsed time: 3.40499999999884"
[1] "computing tree strength and correlation"
[1] "strength and correlation complete"
[1] "Evaluating forest 17 of 25"
[1] "training"
[1] "training complete"
[1] "elapsed time: 3.9230000000025"
[1] "computing out-of-bag predictions"
[1] "out-of-bag predictions complete"
[1] "elapsed time: 2.56199999999808"
[1] "computing predictions on test set"
[1] "test set predictions complete"
[1] "elapsed time: 2.00700000000143"
[1] "computing tree strength and correlation"
[1] "strength and correlation complete"
[1] "Evaluating forest 18 of 25"
[1] "training"
[1] "training complete"
[1] "elapsed time: 8.3739999999998"
[1] "computing out-of-bag predictions"
[1] "out-of-bag predictions complete"
[1] "elapsed time: 2.3070000000007"
[1] "computing predictions on test set"
[1] "test set predictions complete"
[1] "elapsed time: 1.83499999999913"
[1] "computing tree strength and correlation"
[1] "strength and correlation complete"
[1] "Evaluating forest 19 of 25"
[1] "training"
[1] "training complete"
[1] "elapsed time: 21.7590000000018"
[1] "computing out-of-bag predictions"
[1] "out-of-bag predictions complete"
[1] "elapsed time: 2.16200000000026"
[1] "computing predictions on test set"
[1] "test set predictions complete"
[1] "elapsed time: 1.71900000000096"
[1] "computing tree strength and correlation"
[1] "strength and correlation complete"
[1] "Evaluating forest 20 of 25"
[1] "training"
[1] "training complete"
[1] "elapsed time: 1101.557"
[1] "computing out-of-bag predictions"
[1] "out-of-bag predictions complete"
[1] "elapsed time: 2.13400000000183"
[1] "computing predictions on test set"
[1] "test set predictions complete"
[1] "elapsed time: 1.5580000000009"
[1] "computing tree strength and correlation"
[1] "strength and correlation complete"
[1] "Evaluating forest 21 of 25"
[1] "training"
[1] "training complete"
[1] "elapsed time: 2.46500000000015"
[1] "computing out-of-bag predictions"
[1] "out-of-bag predictions complete"
[1] "elapsed time: 4.8070000000007"
[1] "computing predictions on test set"
[1] "test set predictions complete"
[1] "elapsed time: 4.22500000000218"
[1] "computing tree strength and correlation"
[1] "strength and correlation complete"
[1] "Evaluating forest 22 of 25"
[1] "training"
[1] "training complete"
[1] "elapsed time: 4.19599999999991"
[1] "computing out-of-bag predictions"
[1] "out-of-bag predictions complete"
[1] "elapsed time: 2.57300000000032"
[1] "computing predictions on test set"
[1] "test set predictions complete"
[1] "elapsed time: 2.05600000000049"
[1] "computing tree strength and correlation"
[1] "strength and correlation complete"
[1] "Evaluating forest 23 of 25"
[1] "training"
[1] "training complete"
[1] "elapsed time: 9.3760000000002"
[1] "computing out-of-bag predictions"
[1] "out-of-bag predictions complete"
[1] "elapsed time: 2.37199999999939"
[1] "computing predictions on test set"
[1] "test set predictions complete"
[1] "elapsed time: 1.88400000000183"
[1] "computing tree strength and correlation"
[1] "strength and correlation complete"
[1] "Evaluating forest 24 of 25"
[1] "training"
[1] "training complete"
[1] "elapsed time: 24.9979999999996"
[1] "computing out-of-bag predictions"
[1] "out-of-bag predictions complete"
[1] "elapsed time: 2.35099999999875"
[1] "computing predictions on test set"
[1] "test set predictions complete"
[1] "elapsed time: 1.77400000000125"
[1] "computing tree strength and correlation"
[1] "strength and correlation complete"
[1] "Evaluating forest 25 of 25"
[1] "training"
[1] "training complete"
[1] "elapsed time: 1182.29"
[1] "computing out-of-bag predictions"
[1] "out-of-bag predictions complete"
[1] "elapsed time: 2.10099999999875"
[1] "computing predictions on test set"
[1] "test set predictions complete"
[1] "elapsed time: 1.60299999999916"
[1] "computing tree strength and correlation"
[1] "strength and correlation complete"
job complete
