My SLURM_ARRAY_TASK_ID:  20
AUC 0.3.0
Type AUCNews() to see the change log and ?AUC to get an overview.
dummies-1.5.6 provided by Decision Patterns

Loading required package: R.oo
Loading required package: R.methodsS3
R.methodsS3 v1.7.1 (2016-02-15) successfully loaded. See ?R.methodsS3 for help.
R.oo v1.21.0 (2016-10-30) successfully loaded. See ?R.oo for help.

Attaching package: ‘R.oo’

The following objects are masked from ‘package:base’:

    attach, detach, gc, load, save

R.utils v2.6.0 (2017-11-04) successfully loaded. See ?R.utils for help.

Attaching package: ‘R.utils’

The following object is masked from ‘package:utils’:

    timestamp

The following objects are masked from ‘package:base’:

    cat, commandArgs, getOption, inherits, isOpen, parse, warnings

[1] "fold 1"
[1] "Evaluating forest 1 of 25"
[1] "training"
[1] "training complete"
[1] "elapsed time: 1.131"
[1] "computing out-of-bag predictions"
[1] "out-of-bag predictions complete"
[1] "elapsed time: 2.577"
[1] "computing predictions on test set"
[1] "test set predictions complete"
[1] "elapsed time: 2.182"
[1] "computing tree strength and correlation"
[1] "strength and correlation complete"
[1] "Evaluating forest 2 of 25"
[1] "training"
[1] "training complete"
[1] "elapsed time: 1.832"
[1] "computing out-of-bag predictions"
[1] "out-of-bag predictions complete"
[1] "elapsed time: 1.732"
[1] "computing predictions on test set"
[1] "test set predictions complete"
[1] "elapsed time: 1.416"
[1] "computing tree strength and correlation"
[1] "strength and correlation complete"
[1] "Evaluating forest 3 of 25"
[1] "training"
[1] "training complete"
[1] "elapsed time: 2.195"
[1] "computing out-of-bag predictions"
[1] "out-of-bag predictions complete"
[1] "elapsed time: 1.56"
[1] "computing predictions on test set"
[1] "test set predictions complete"
[1] "elapsed time: 1.165"
[1] "computing tree strength and correlation"
[1] "strength and correlation complete"
[1] "Evaluating forest 4 of 25"
[1] "training"
[1] "training complete"
[1] "elapsed time: 3.14"
[1] "computing out-of-bag predictions"
[1] "out-of-bag predictions complete"
[1] "elapsed time: 1.41"
[1] "computing predictions on test set"
[1] "test set predictions complete"
[1] "elapsed time: 1.114"
[1] "computing tree strength and correlation"
[1] "strength and correlation complete"
[1] "Evaluating forest 5 of 25"
[1] "training"
[1] "training complete"
[1] "elapsed time: 94.576"
[1] "computing out-of-bag predictions"
[1] "out-of-bag predictions complete"
[1] "elapsed time: 1.30600000000001"
[1] "computing predictions on test set"
[1] "test set predictions complete"
[1] "elapsed time: 1.00800000000001"
[1] "computing tree strength and correlation"
[1] "strength and correlation complete"
[1] "Evaluating forest 6 of 25"
[1] "training"
[1] "training complete"
[1] "elapsed time: 1.48699999999999"
[1] "computing out-of-bag predictions"
[1] "out-of-bag predictions complete"
[1] "elapsed time: 3.04999999999998"
[1] "computing predictions on test set"
[1] "test set predictions complete"
[1] "elapsed time: 2.79299999999998"
[1] "computing tree strength and correlation"
[1] "strength and correlation complete"
[1] "Evaluating forest 7 of 25"
[1] "training"
[1] "training complete"
[1] "elapsed time: 1.84100000000001"
[1] "computing out-of-bag predictions"
[1] "out-of-bag predictions complete"
[1] "elapsed time: 1.66600000000003"
[1] "computing predictions on test set"
[1] "test set predictions complete"
[1] "elapsed time: 1.37199999999999"
[1] "computing tree strength and correlation"
[1] "strength and correlation complete"
[1] "Evaluating forest 8 of 25"
[1] "training"
[1] "training complete"
[1] "elapsed time: 2.34299999999999"
[1] "computing out-of-bag predictions"
[1] "out-of-bag predictions complete"
[1] "elapsed time: 1.52000000000001"
[1] "computing predictions on test set"
[1] "test set predictions complete"
[1] "elapsed time: 1.22799999999998"
[1] "computing tree strength and correlation"
[1] "strength and correlation complete"
[1] "Evaluating forest 9 of 25"
[1] "training"
[1] "training complete"
[1] "elapsed time: 4.08000000000001"
[1] "computing out-of-bag predictions"
[1] "out-of-bag predictions complete"
[1] "elapsed time: 1.41799999999998"
[1] "computing predictions on test set"
[1] "test set predictions complete"
[1] "elapsed time: 1.119"
[1] "computing tree strength and correlation"
[1] "strength and correlation complete"
[1] "Evaluating forest 10 of 25"
[1] "training"
[1] "training complete"
[1] "elapsed time: 121.627"
[1] "computing out-of-bag predictions"
[1] "out-of-bag predictions complete"
[1] "elapsed time: 1.36000000000001"
[1] "computing predictions on test set"
[1] "test set predictions complete"
[1] "elapsed time: 1.06400000000002"
[1] "computing tree strength and correlation"
[1] "strength and correlation complete"
[1] "Evaluating forest 11 of 25"
[1] "training"
[1] "training complete"
[1] "elapsed time: 1.55199999999996"
[1] "computing out-of-bag predictions"
[1] "out-of-bag predictions complete"
[1] "elapsed time: 3.19899999999996"
[1] "computing predictions on test set"
[1] "test set predictions complete"
[1] "elapsed time: 2.839"
[1] "computing tree strength and correlation"
[1] "strength and correlation complete"
[1] "Evaluating forest 12 of 25"
[1] "training"
[1] "training complete"
[1] "elapsed time: 1.75800000000004"
[1] "computing out-of-bag predictions"
[1] "out-of-bag predictions complete"
[1] "elapsed time: 1.76900000000001"
[1] "computing predictions on test set"
[1] "test set predictions complete"
[1] "elapsed time: 1.36700000000002"
[1] "computing tree strength and correlation"
[1] "strength and correlation complete"
[1] "Evaluating forest 13 of 25"
[1] "training"
[1] "training complete"
[1] "elapsed time: 2.46699999999998"
[1] "computing out-of-bag predictions"
[1] "out-of-bag predictions complete"
[1] "elapsed time: 1.52200000000005"
[1] "computing predictions on test set"
[1] "test set predictions complete"
[1] "elapsed time: 1.21300000000002"
[1] "computing tree strength and correlation"
[1] "strength and correlation complete"
[1] "Evaluating forest 14 of 25"
[1] "training"
[1] "training complete"
[1] "elapsed time: 4.62700000000001"
[1] "computing out-of-bag predictions"
[1] "out-of-bag predictions complete"
[1] "elapsed time: 1.45500000000004"
[1] "computing predictions on test set"
[1] "test set predictions complete"
[1] "elapsed time: 1.149"
[1] "computing tree strength and correlation"
[1] "strength and correlation complete"
[1] "Evaluating forest 15 of 25"
[1] "training"
[1] "training complete"
[1] "elapsed time: 139.522"
[1] "computing out-of-bag predictions"
[1] "out-of-bag predictions complete"
[1] "elapsed time: 1.35899999999998"
[1] "computing predictions on test set"
[1] "test set predictions complete"
[1] "elapsed time: 1.06200000000001"
[1] "computing tree strength and correlation"
[1] "strength and correlation complete"
[1] "Evaluating forest 16 of 25"
[1] "training"
[1] "training complete"
[1] "elapsed time: 1.49900000000002"
[1] "computing out-of-bag predictions"
[1] "out-of-bag predictions complete"
[1] "elapsed time: 3.303"
[1] "computing predictions on test set"
[1] "test set predictions complete"
[1] "elapsed time: 2.94599999999997"
[1] "computing tree strength and correlation"
[1] "strength and correlation complete"
[1] "Evaluating forest 17 of 25"
[1] "training"
[1] "training complete"
[1] "elapsed time: 1.78000000000003"
[1] "computing out-of-bag predictions"
[1] "out-of-bag predictions complete"
[1] "elapsed time: 1.68299999999999"
[1] "computing predictions on test set"
[1] "test set predictions complete"
[1] "elapsed time: 1.37900000000002"
[1] "computing tree strength and correlation"
[1] "strength and correlation complete"
[1] "Evaluating forest 18 of 25"
[1] "training"
[1] "training complete"
[1] "elapsed time: 2.709"
[1] "computing out-of-bag predictions"
[1] "out-of-bag predictions complete"
[1] "elapsed time: 1.54500000000002"
[1] "computing predictions on test set"
[1] "test set predictions complete"
[1] "elapsed time: 1.25800000000004"
[1] "computing tree strength and correlation"
[1] "strength and correlation complete"
[1] "Evaluating forest 19 of 25"
[1] "training"
[1] "training complete"
[1] "elapsed time: 5.17299999999994"
[1] "computing out-of-bag predictions"
[1] "out-of-bag predictions complete"
[1] "elapsed time: 1.44000000000005"
[1] "computing predictions on test set"
[1] "test set predictions complete"
[1] "elapsed time: 1.14799999999997"
[1] "computing tree strength and correlation"
[1] "strength and correlation complete"
[1] "Evaluating forest 20 of 25"
[1] "training"
[1] "training complete"
[1] "elapsed time: 156.523"
[1] "computing out-of-bag predictions"
[1] "out-of-bag predictions complete"
[1] "elapsed time: 1.40099999999995"
[1] "computing predictions on test set"
[1] "test set predictions complete"
[1] "elapsed time: 1.07800000000009"
[1] "computing tree strength and correlation"
[1] "strength and correlation complete"
[1] "Evaluating forest 21 of 25"
[1] "training"
[1] "training complete"
[1] "elapsed time: 1.51300000000003"
[1] "computing out-of-bag predictions"
[1] "out-of-bag predictions complete"
[1] "elapsed time: 3.24199999999996"
[1] "computing predictions on test set"
[1] "test set predictions complete"
[1] "elapsed time: 2.92700000000002"
[1] "computing tree strength and correlation"
[1] "strength and correlation complete"
[1] "Evaluating forest 22 of 25"
[1] "training"
[1] "training complete"
[1] "elapsed time: 1.80500000000006"
[1] "computing out-of-bag predictions"
[1] "out-of-bag predictions complete"
[1] "elapsed time: 1.72799999999995"
[1] "computing predictions on test set"
[1] "test set predictions complete"
[1] "elapsed time: 1.40899999999999"
[1] "computing tree strength and correlation"
[1] "strength and correlation complete"
[1] "Evaluating forest 23 of 25"
[1] "training"
[1] "training complete"
[1] "elapsed time: 2.86699999999996"
[1] "computing out-of-bag predictions"
[1] "out-of-bag predictions complete"
[1] "elapsed time: 1.60500000000002"
[1] "computing predictions on test set"
[1] "test set predictions complete"
[1] "elapsed time: 1.27700000000004"
[1] "computing tree strength and correlation"
[1] "strength and correlation complete"
[1] "Evaluating forest 24 of 25"
[1] "training"
[1] "training complete"
[1] "elapsed time: 5.49199999999996"
[1] "computing out-of-bag predictions"
[1] "out-of-bag predictions complete"
[1] "elapsed time: 1.505"
[1] "computing predictions on test set"
[1] "test set predictions complete"
[1] "elapsed time: 1.19200000000001"
[1] "computing tree strength and correlation"
[1] "strength and correlation complete"
[1] "Evaluating forest 25 of 25"
[1] "training"
[1] "training complete"
[1] "elapsed time: 162.406"
[1] "computing out-of-bag predictions"
[1] "out-of-bag predictions complete"
[1] "elapsed time: 1.39100000000008"
[1] "computing predictions on test set"
[1] "test set predictions complete"
[1] "elapsed time: 1.08300000000008"
[1] "computing tree strength and correlation"
[1] "strength and correlation complete"
[1] "fold 2"
[1] "Evaluating forest 1 of 25"
[1] "training"
[1] "training complete"
[1] "elapsed time: 1.096"
[1] "computing out-of-bag predictions"
[1] "out-of-bag predictions complete"
[1] "elapsed time: 1.59800000000007"
[1] "computing predictions on test set"
[1] "test set predictions complete"
[1] "elapsed time: 1.16499999999996"
[1] "computing tree strength and correlation"
[1] "strength and correlation complete"
[1] "Evaluating forest 2 of 25"
[1] "training"
[1] "training complete"
[1] "elapsed time: 1.84699999999998"
[1] "computing out-of-bag predictions"
[1] "out-of-bag predictions complete"
[1] "elapsed time: 1.78199999999993"
[1] "computing predictions on test set"
[1] "test set predictions complete"
[1] "elapsed time: 1.35899999999992"
[1] "computing tree strength and correlation"
[1] "strength and correlation complete"
[1] "Evaluating forest 3 of 25"
[1] "training"
[1] "training complete"
[1] "elapsed time: 2.20699999999999"
[1] "computing out-of-bag predictions"
[1] "out-of-bag predictions complete"
[1] "elapsed time: 1.49299999999994"
[1] "computing predictions on test set"
[1] "test set predictions complete"
[1] "elapsed time: 1.202"
[1] "computing tree strength and correlation"
[1] "strength and correlation complete"
[1] "Evaluating forest 4 of 25"
[1] "training"
[1] "training complete"
[1] "elapsed time: 3.08199999999999"
[1] "computing out-of-bag predictions"
[1] "out-of-bag predictions complete"
[1] "elapsed time: 1.42000000000007"
[1] "computing predictions on test set"
[1] "test set predictions complete"
[1] "elapsed time: 1.11300000000006"
[1] "computing tree strength and correlation"
[1] "strength and correlation complete"
[1] "Evaluating forest 5 of 25"
[1] "training"
[1] "training complete"
[1] "elapsed time: 90.128"
[1] "computing out-of-bag predictions"
[1] "out-of-bag predictions complete"
[1] "elapsed time: 1.32399999999996"
[1] "computing predictions on test set"
[1] "test set predictions complete"
[1] "elapsed time: 1.01599999999996"
[1] "computing tree strength and correlation"
[1] "strength and correlation complete"
[1] "Evaluating forest 6 of 25"
[1] "training"
[1] "training complete"
[1] "elapsed time: 1.54599999999994"
[1] "computing out-of-bag predictions"
[1] "out-of-bag predictions complete"
[1] "elapsed time: 2.38200000000006"
[1] "computing predictions on test set"
[1] "test set predictions complete"
[1] "elapsed time: 1.577"
[1] "computing tree strength and correlation"
[1] "strength and correlation complete"
[1] "Evaluating forest 7 of 25"
[1] "training"
[1] "training complete"
[1] "elapsed time: 1.95100000000002"
[1] "computing out-of-bag predictions"
[1] "out-of-bag predictions complete"
[1] "elapsed time: 1.7109999999999"
[1] "computing predictions on test set"
[1] "test set predictions complete"
[1] "elapsed time: 1.33100000000002"
[1] "computing tree strength and correlation"
[1] "strength and correlation complete"
[1] "Evaluating forest 8 of 25"
[1] "training"
[1] "training complete"
[1] "elapsed time: 2.30099999999993"
[1] "computing out-of-bag predictions"
[1] "out-of-bag predictions complete"
[1] "elapsed time: 1.52100000000007"
[1] "computing predictions on test set"
[1] "test set predictions complete"
[1] "elapsed time: 1.18599999999992"
[1] "computing tree strength and correlation"
[1] "strength and correlation complete"
[1] "Evaluating forest 9 of 25"
[1] "training"
[1] "training complete"
[1] "elapsed time: 4.04200000000003"
[1] "computing out-of-bag predictions"
[1] "out-of-bag predictions complete"
[1] "elapsed time: 1.38599999999997"
[1] "computing predictions on test set"
[1] "test set predictions complete"
[1] "elapsed time: 1.08199999999999"
[1] "computing tree strength and correlation"
[1] "strength and correlation complete"
[1] "Evaluating forest 10 of 25"
[1] "training"
[1] "training complete"
[1] "elapsed time: 124.319"
[1] "computing out-of-bag predictions"
[1] "out-of-bag predictions complete"
[1] "elapsed time: 1.36500000000001"
[1] "computing predictions on test set"
[1] "test set predictions complete"
[1] "elapsed time: 1.06000000000017"
[1] "computing tree strength and correlation"
[1] "strength and correlation complete"
[1] "Evaluating forest 11 of 25"
[1] "training"
[1] "training complete"
[1] "elapsed time: 1.55799999999999"
[1] "computing out-of-bag predictions"
[1] "out-of-bag predictions complete"
[1] "elapsed time: 3.23699999999985"
[1] "computing predictions on test set"
[1] "test set predictions complete"
[1] "elapsed time: 2.80099999999993"
[1] "computing tree strength and correlation"
[1] "strength and correlation complete"
[1] "Evaluating forest 12 of 25"
[1] "training"
[1] "training complete"
[1] "elapsed time: 1.846"
[1] "computing out-of-bag predictions"
[1] "out-of-bag predictions complete"
[1] "elapsed time: 1.75900000000001"
[1] "computing predictions on test set"
[1] "test set predictions complete"
[1] "elapsed time: 1.35300000000007"
[1] "computing tree strength and correlation"
[1] "strength and correlation complete"
[1] "Evaluating forest 13 of 25"
[1] "training"
[1] "training complete"
[1] "elapsed time: 2.51299999999992"
[1] "computing out-of-bag predictions"
[1] "out-of-bag predictions complete"
[1] "elapsed time: 1.49800000000005"
[1] "computing predictions on test set"
[1] "test set predictions complete"
[1] "elapsed time: 1.19299999999998"
[1] "computing tree strength and correlation"
[1] "strength and correlation complete"
[1] "Evaluating forest 14 of 25"
[1] "training"
[1] "training complete"
[1] "elapsed time: 4.73000000000002"
[1] "computing out-of-bag predictions"
[1] "out-of-bag predictions complete"
[1] "elapsed time: 1.45499999999993"
[1] "computing predictions on test set"
[1] "test set predictions complete"
[1] "elapsed time: 1.15699999999993"
[1] "computing tree strength and correlation"
[1] "strength and correlation complete"
[1] "Evaluating forest 15 of 25"
[1] "training"
[1] "training complete"
[1] "elapsed time: 142.638"
[1] "computing out-of-bag predictions"
[1] "out-of-bag predictions complete"
[1] "elapsed time: 1.33699999999999"
[1] "computing predictions on test set"
[1] "test set predictions complete"
[1] "elapsed time: 1.04499999999985"
[1] "computing tree strength and correlation"
[1] "strength and correlation complete"
[1] "Evaluating forest 16 of 25"
[1] "training"
[1] "training complete"
[1] "elapsed time: 1.51999999999998"
[1] "computing out-of-bag predictions"
[1] "out-of-bag predictions complete"
[1] "elapsed time: 3.27400000000011"
[1] "computing predictions on test set"
[1] "test set predictions complete"
[1] "elapsed time: 2.91699999999992"
[1] "computing tree strength and correlation"
[1] "strength and correlation complete"
[1] "Evaluating forest 17 of 25"
[1] "training"
[1] "training complete"
[1] "elapsed time: 1.77999999999997"
[1] "computing out-of-bag predictions"
[1] "out-of-bag predictions complete"
[1] "elapsed time: 1.74600000000009"
[1] "computing predictions on test set"
[1] "test set predictions complete"
[1] "elapsed time: 1.40899999999988"
[1] "computing tree strength and correlation"
[1] "strength and correlation complete"
[1] "Evaluating forest 18 of 25"
[1] "training"
[1] "training complete"
[1] "elapsed time: 2.67200000000003"
[1] "computing out-of-bag predictions"
[1] "out-of-bag predictions complete"
[1] "elapsed time: 1.62200000000007"
[1] "computing predictions on test set"
[1] "test set predictions complete"
[1] "elapsed time: 1.26999999999998"
[1] "computing tree strength and correlation"
[1] "strength and correlation complete"
[1] "Evaluating forest 19 of 25"
[1] "training"
[1] "training complete"
[1] "elapsed time: 4.99599999999987"
[1] "computing out-of-bag predictions"
[1] "out-of-bag predictions complete"
[1] "elapsed time: 1.47400000000016"
[1] "computing predictions on test set"
[1] "test set predictions complete"
[1] "elapsed time: 1.16600000000017"
[1] "computing tree strength and correlation"
[1] "strength and correlation complete"
[1] "Evaluating forest 20 of 25"
[1] "training"
[1] "training complete"
[1] "elapsed time: 148.399"
[1] "computing out-of-bag predictions"
[1] "out-of-bag predictions complete"
[1] "elapsed time: 1.39499999999998"
[1] "computing predictions on test set"
[1] "test set predictions complete"
[1] "elapsed time: 1.07300000000009"
[1] "computing tree strength and correlation"
[1] "strength and correlation complete"
[1] "Evaluating forest 21 of 25"
[1] "training"
[1] "training complete"
[1] "elapsed time: 1.53600000000006"
[1] "computing out-of-bag predictions"
[1] "out-of-bag predictions complete"
[1] "elapsed time: 4.00699999999983"
[1] "computing predictions on test set"
[1] "test set predictions complete"
[1] "elapsed time: 3.54399999999987"
[1] "computing tree strength and correlation"
[1] "strength and correlation complete"
[1] "Evaluating forest 22 of 25"
[1] "training"
[1] "training complete"
[1] "elapsed time: 1.87899999999991"
[1] "computing out-of-bag predictions"
[1] "out-of-bag predictions complete"
[1] "elapsed time: 1.84799999999996"
[1] "computing predictions on test set"
[1] "test set predictions complete"
[1] "elapsed time: 1.42500000000018"
[1] "computing tree strength and correlation"
[1] "strength and correlation complete"
[1] "Evaluating forest 23 of 25"
[1] "training"
[1] "training complete"
[1] "elapsed time: 2.95699999999988"
[1] "computing out-of-bag predictions"
[1] "out-of-bag predictions complete"
[1] "elapsed time: 1.5630000000001"
[1] "computing predictions on test set"
[1] "test set predictions complete"
[1] "elapsed time: 1.26199999999994"
[1] "computing tree strength and correlation"
[1] "strength and correlation complete"
[1] "Evaluating forest 24 of 25"
[1] "training"
[1] "training complete"
[1] "elapsed time: 5.52199999999993"
[1] "computing out-of-bag predictions"
[1] "out-of-bag predictions complete"
[1] "elapsed time: 1.52299999999991"
[1] "computing predictions on test set"
[1] "test set predictions complete"
[1] "elapsed time: 1.19200000000001"
[1] "computing tree strength and correlation"
[1] "strength and correlation complete"
[1] "Evaluating forest 25 of 25"
[1] "training"
[1] "training complete"
[1] "elapsed time: 163.722"
[1] "computing out-of-bag predictions"
[1] "out-of-bag predictions complete"
[1] "elapsed time: 1.38100000000009"
[1] "computing predictions on test set"
[1] "test set predictions complete"
[1] "elapsed time: 1.07899999999995"
[1] "computing tree strength and correlation"
[1] "strength and correlation complete"
[1] "fold 3"
[1] "Evaluating forest 1 of 25"
[1] "training"
[1] "training complete"
[1] "elapsed time: 1.08899999999994"
[1] "computing out-of-bag predictions"
[1] "out-of-bag predictions complete"
[1] "elapsed time: 1.57799999999997"
[1] "computing predictions on test set"
[1] "test set predictions complete"
[1] "elapsed time: 1.26199999999994"
[1] "computing tree strength and correlation"
[1] "strength and correlation complete"
[1] "Evaluating forest 2 of 25"
[1] "training"
[1] "training complete"
[1] "elapsed time: 1.86900000000014"
[1] "computing out-of-bag predictions"
[1] "out-of-bag predictions complete"
[1] "elapsed time: 1.75399999999991"
[1] "computing predictions on test set"
[1] "test set predictions complete"
[1] "elapsed time: 1.42699999999991"
[1] "computing tree strength and correlation"
[1] "strength and correlation complete"
[1] "Evaluating forest 3 of 25"
[1] "training"
[1] "training complete"
[1] "elapsed time: 2.24499999999989"
[1] "computing out-of-bag predictions"
[1] "out-of-bag predictions complete"
[1] "elapsed time: 1.5440000000001"
[1] "computing predictions on test set"
[1] "test set predictions complete"
[1] "elapsed time: 1.21299999999997"
[1] "computing tree strength and correlation"
[1] "strength and correlation complete"
[1] "Evaluating forest 4 of 25"
[1] "training"
[1] "training complete"
[1] "elapsed time: 3.15700000000015"
[1] "computing out-of-bag predictions"
[1] "out-of-bag predictions complete"
[1] "elapsed time: 1.404"
[1] "computing predictions on test set"
[1] "test set predictions complete"
[1] "elapsed time: 1.10499999999979"
[1] "computing tree strength and correlation"
[1] "strength and correlation complete"
[1] "Evaluating forest 5 of 25"
[1] "training"
[1] "training complete"
[1] "elapsed time: 84.979"
[1] "computing out-of-bag predictions"
[1] "out-of-bag predictions complete"
[1] "elapsed time: 1.31999999999994"
[1] "computing predictions on test set"
[1] "test set predictions complete"
[1] "elapsed time: 1.01699999999983"
[1] "computing tree strength and correlation"
[1] "strength and correlation complete"
[1] "Evaluating forest 6 of 25"
[1] "training"
[1] "training complete"
[1] "elapsed time: 1.56700000000001"
[1] "computing out-of-bag predictions"
[1] "out-of-bag predictions complete"
[1] "elapsed time: 3.22299999999996"
[1] "computing predictions on test set"
[1] "test set predictions complete"
[1] "elapsed time: 2.75"
[1] "computing tree strength and correlation"
[1] "strength and correlation complete"
[1] "Evaluating forest 7 of 25"
[1] "training"
[1] "training complete"
[1] "elapsed time: 1.80799999999999"
[1] "computing out-of-bag predictions"
[1] "out-of-bag predictions complete"
[1] "elapsed time: 1.66699999999992"
[1] "computing predictions on test set"
[1] "test set predictions complete"
[1] "elapsed time: 1.31799999999998"
[1] "computing tree strength and correlation"
[1] "strength and correlation complete"
[1] "Evaluating forest 8 of 25"
[1] "training"
[1] "training complete"
[1] "elapsed time: 2.31799999999998"
[1] "computing out-of-bag predictions"
[1] "out-of-bag predictions complete"
[1] "elapsed time: 1.53700000000003"
[1] "computing predictions on test set"
[1] "test set predictions complete"
[1] "elapsed time: 1.20299999999997"
[1] "computing tree strength and correlation"
[1] "strength and correlation complete"
[1] "Evaluating forest 9 of 25"
[1] "training"
[1] "training complete"
[1] "elapsed time: 3.91200000000003"
[1] "computing out-of-bag predictions"
[1] "out-of-bag predictions complete"
[1] "elapsed time: 1.404"
[1] "computing predictions on test set"
[1] "test set predictions complete"
[1] "elapsed time: 1.10199999999986"
[1] "computing tree strength and correlation"
[1] "strength and correlation complete"
[1] "Evaluating forest 10 of 25"
[1] "training"
[1] "training complete"
[1] "elapsed time: 116.455"
[1] "computing out-of-bag predictions"
[1] "out-of-bag predictions complete"
[1] "elapsed time: 1.36899999999991"
[1] "computing predictions on test set"
[1] "test set predictions complete"
[1] "elapsed time: 1.07199999999989"
[1] "computing tree strength and correlation"
[1] "strength and correlation complete"
[1] "Evaluating forest 11 of 25"
[1] "training"
[1] "training complete"
[1] "elapsed time: 1.55699999999979"
[1] "computing out-of-bag predictions"
[1] "out-of-bag predictions complete"
[1] "elapsed time: 3.22799999999984"
[1] "computing predictions on test set"
[1] "test set predictions complete"
[1] "elapsed time: 2.80899999999997"
[1] "computing tree strength and correlation"
[1] "strength and correlation complete"
[1] "Evaluating forest 12 of 25"
[1] "training"
[1] "training complete"
[1] "elapsed time: 1.77000000000021"
[1] "computing out-of-bag predictions"
[1] "out-of-bag predictions complete"
[1] "elapsed time: 1.71699999999987"
[1] "computing predictions on test set"
[1] "test set predictions complete"
[1] "elapsed time: 1.38599999999997"
[1] "computing tree strength and correlation"
[1] "strength and correlation complete"
[1] "Evaluating forest 13 of 25"
[1] "training"
[1] "training complete"
[1] "elapsed time: 2.46599999999989"
[1] "computing out-of-bag predictions"
[1] "out-of-bag predictions complete"
[1] "elapsed time: 1.5300000000002"
[1] "computing predictions on test set"
[1] "test set predictions complete"
[1] "elapsed time: 1.20500000000015"
[1] "computing tree strength and correlation"
[1] "strength and correlation complete"
[1] "Evaluating forest 14 of 25"
[1] "training"
[1] "training complete"
[1] "elapsed time: 4.52599999999984"
[1] "computing out-of-bag predictions"
[1] "out-of-bag predictions complete"
[1] "elapsed time: 1.471"
[1] "computing predictions on test set"
[1] "test set predictions complete"
[1] "elapsed time: 1.15499999999997"
[1] "computing tree strength and correlation"
[1] "strength and correlation complete"
[1] "Evaluating forest 15 of 25"
[1] "training"
[1] "training complete"
[1] "elapsed time: 130.693"
[1] "computing out-of-bag predictions"
[1] "out-of-bag predictions complete"
[1] "elapsed time: 1.38400000000001"
[1] "computing predictions on test set"
[1] "test set predictions complete"
[1] "elapsed time: 1.04899999999998"
[1] "computing tree strength and correlation"
[1] "strength and correlation complete"
[1] "Evaluating forest 16 of 25"
[1] "training"
[1] "training complete"
[1] "elapsed time: 1.59400000000005"
[1] "computing out-of-bag predictions"
[1] "out-of-bag predictions complete"
[1] "elapsed time: 3.94900000000007"
[1] "computing predictions on test set"
[1] "test set predictions complete"
[1] "elapsed time: 3.53900000000021"
[1] "computing tree strength and correlation"
[1] "strength and correlation complete"
[1] "Evaluating forest 17 of 25"
[1] "training"
[1] "training complete"
[1] "elapsed time: 1.7829999999999"
[1] "computing out-of-bag predictions"
[1] "out-of-bag predictions complete"
[1] "elapsed time: 1.78700000000026"
[1] "computing predictions on test set"
[1] "test set predictions complete"
[1] "elapsed time: 1.39600000000019"
[1] "computing tree strength and correlation"
[1] "strength and correlation complete"
[1] "Evaluating forest 18 of 25"
[1] "training"
[1] "training complete"
[1] "elapsed time: 2.70900000000029"
[1] "computing out-of-bag predictions"
[1] "out-of-bag predictions complete"
[1] "elapsed time: 1.55600000000004"
[1] "computing predictions on test set"
[1] "test set predictions complete"
[1] "elapsed time: 1.26000000000022"
[1] "computing tree strength and correlation"
[1] "strength and correlation complete"
[1] "Evaluating forest 19 of 25"
[1] "training"
[1] "training complete"
[1] "elapsed time: 5.05200000000013"
[1] "computing out-of-bag predictions"
[1] "out-of-bag predictions complete"
[1] "elapsed time: 1.4670000000001"
[1] "computing predictions on test set"
[1] "test set predictions complete"
[1] "elapsed time: 1.15599999999995"
[1] "computing tree strength and correlation"
[1] "strength and correlation complete"
[1] "Evaluating forest 20 of 25"
[1] "training"
[1] "training complete"
[1] "elapsed time: 139.357"
[1] "computing out-of-bag predictions"
[1] "out-of-bag predictions complete"
[1] "elapsed time: 1.35699999999997"
[1] "computing predictions on test set"
[1] "test set predictions complete"
[1] "elapsed time: 1.06100000000015"
[1] "computing tree strength and correlation"
[1] "strength and correlation complete"
[1] "Evaluating forest 21 of 25"
[1] "training"
[1] "training complete"
[1] "elapsed time: 1.53800000000001"
[1] "computing out-of-bag predictions"
[1] "out-of-bag predictions complete"
[1] "elapsed time: 3.33600000000024"
[1] "computing predictions on test set"
[1] "test set predictions complete"
[1] "elapsed time: 2.92999999999984"
[1] "computing tree strength and correlation"
[1] "strength and correlation complete"
[1] "Evaluating forest 22 of 25"
[1] "training"
[1] "training complete"
[1] "elapsed time: 1.82600000000002"
[1] "computing out-of-bag predictions"
[1] "out-of-bag predictions complete"
[1] "elapsed time: 1.8149999999996"
[1] "computing predictions on test set"
[1] "test set predictions complete"
[1] "elapsed time: 1.41999999999962"
[1] "computing tree strength and correlation"
[1] "strength and correlation complete"
[1] "Evaluating forest 23 of 25"
[1] "training"
[1] "training complete"
[1] "elapsed time: 2.91899999999987"
[1] "computing out-of-bag predictions"
[1] "out-of-bag predictions complete"
[1] "elapsed time: 1.57000000000016"
[1] "computing predictions on test set"
[1] "test set predictions complete"
[1] "elapsed time: 1.26400000000012"
[1] "computing tree strength and correlation"
[1] "strength and correlation complete"
[1] "Evaluating forest 24 of 25"
[1] "training"
[1] "training complete"
[1] "elapsed time: 5.48700000000008"
[1] "computing out-of-bag predictions"
[1] "out-of-bag predictions complete"
[1] "elapsed time: 1.47299999999996"
[1] "computing predictions on test set"
[1] "test set predictions complete"
[1] "elapsed time: 1.18899999999985"
[1] "computing tree strength and correlation"
[1] "strength and correlation complete"
[1] "Evaluating forest 25 of 25"
[1] "training"
[1] "training complete"
[1] "elapsed time: 151.637"
[1] "computing out-of-bag predictions"
[1] "out-of-bag predictions complete"
[1] "elapsed time: 1.42399999999998"
[1] "computing predictions on test set"
[1] "test set predictions complete"
[1] "elapsed time: 1.0590000000002"
[1] "computing tree strength and correlation"
[1] "strength and correlation complete"
[1] "fold 4"
[1] "Evaluating forest 1 of 25"
[1] "training"
[1] "training complete"
[1] "elapsed time: 1.11000000000013"
[1] "computing out-of-bag predictions"
[1] "out-of-bag predictions complete"
[1] "elapsed time: 1.54199999999992"
[1] "computing predictions on test set"
[1] "test set predictions complete"
[1] "elapsed time: 1.19399999999996"
[1] "computing tree strength and correlation"
[1] "strength and correlation complete"
[1] "Evaluating forest 2 of 25"
[1] "training"
[1] "training complete"
[1] "elapsed time: 1.83799999999974"
[1] "computing out-of-bag predictions"
[1] "out-of-bag predictions complete"
[1] "elapsed time: 1.79599999999982"
[1] "computing predictions on test set"
[1] "test set predictions complete"
[1] "elapsed time: 1.39699999999993"
[1] "computing tree strength and correlation"
[1] "strength and correlation complete"
[1] "Evaluating forest 3 of 25"
[1] "training"
[1] "training complete"
[1] "elapsed time: 2.25500000000011"
[1] "computing out-of-bag predictions"
[1] "out-of-bag predictions complete"
[1] "elapsed time: 1.53399999999965"
[1] "computing predictions on test set"
[1] "test set predictions complete"
[1] "elapsed time: 1.21099999999979"
[1] "computing tree strength and correlation"
[1] "strength and correlation complete"
[1] "Evaluating forest 4 of 25"
[1] "training"
[1] "training complete"
[1] "elapsed time: 3.14300000000003"
[1] "computing out-of-bag predictions"
[1] "out-of-bag predictions complete"
[1] "elapsed time: 1.48799999999983"
[1] "computing predictions on test set"
[1] "test set predictions complete"
[1] "elapsed time: 1.15599999999995"
[1] "computing tree strength and correlation"
[1] "strength and correlation complete"
[1] "Evaluating forest 5 of 25"
[1] "training"
[1] "training complete"
[1] "elapsed time: 91.587"
[1] "computing out-of-bag predictions"
[1] "out-of-bag predictions complete"
[1] "elapsed time: 1.34699999999975"
[1] "computing predictions on test set"
[1] "test set predictions complete"
[1] "elapsed time: 1.05600000000004"
[1] "computing tree strength and correlation"
[1] "strength and correlation complete"
[1] "Evaluating forest 6 of 25"
[1] "training"
[1] "training complete"
[1] "elapsed time: 1.59700000000021"
[1] "computing out-of-bag predictions"
[1] "out-of-bag predictions complete"
[1] "elapsed time: 1.94599999999991"
[1] "computing predictions on test set"
[1] "test set predictions complete"
[1] "elapsed time: 1.62800000000016"
[1] "computing tree strength and correlation"
[1] "strength and correlation complete"
[1] "Evaluating forest 7 of 25"
[1] "training"
[1] "training complete"
[1] "elapsed time: 1.88599999999997"
[1] "computing out-of-bag predictions"
[1] "out-of-bag predictions complete"
[1] "elapsed time: 1.72200000000021"
[1] "computing predictions on test set"
[1] "test set predictions complete"
[1] "elapsed time: 1.40599999999995"
[1] "computing tree strength and correlation"
[1] "strength and correlation complete"
[1] "Evaluating forest 8 of 25"
[1] "training"
[1] "training complete"
[1] "elapsed time: 2.37999999999965"
[1] "computing out-of-bag predictions"
[1] "out-of-bag predictions complete"
[1] "elapsed time: 1.52300000000014"
[1] "computing predictions on test set"
[1] "test set predictions complete"
[1] "elapsed time: 1.21900000000005"
[1] "computing tree strength and correlation"
[1] "strength and correlation complete"
[1] "Evaluating forest 9 of 25"
[1] "training"
[1] "training complete"
[1] "elapsed time: 4.23999999999978"
[1] "computing out-of-bag predictions"
[1] "out-of-bag predictions complete"
[1] "elapsed time: 1.44500000000016"
[1] "computing predictions on test set"
[1] "test set predictions complete"
[1] "elapsed time: 1.11699999999973"
[1] "computing tree strength and correlation"
[1] "strength and correlation complete"
[1] "Evaluating forest 10 of 25"
[1] "training"
[1] "training complete"
[1] "elapsed time: 125.553"
[1] "computing out-of-bag predictions"
[1] "out-of-bag predictions complete"
[1] "elapsed time: 1.38200000000006"
[1] "computing predictions on test set"
[1] "test set predictions complete"
[1] "elapsed time: 1.07000000000016"
[1] "computing tree strength and correlation"
[1] "strength and correlation complete"
[1] "Evaluating forest 11 of 25"
[1] "training"
[1] "training complete"
[1] "elapsed time: 1.60399999999981"
[1] "computing out-of-bag predictions"
[1] "out-of-bag predictions complete"
[1] "elapsed time: 3.25199999999995"
[1] "computing predictions on test set"
[1] "test set predictions complete"
[1] "elapsed time: 2.82999999999993"
[1] "computing tree strength and correlation"
[1] "strength and correlation complete"
[1] "Evaluating forest 12 of 25"
[1] "training"
[1] "training complete"
[1] "elapsed time: 1.87100000000009"
[1] "computing out-of-bag predictions"
[1] "out-of-bag predictions complete"
[1] "elapsed time: 1.77300000000014"
[1] "computing predictions on test set"
[1] "test set predictions complete"
[1] "elapsed time: 1.38599999999997"
[1] "computing tree strength and correlation"
[1] "strength and correlation complete"
[1] "Evaluating forest 13 of 25"
[1] "training"
[1] "training complete"
[1] "elapsed time: 2.51400000000012"
[1] "computing out-of-bag predictions"
[1] "out-of-bag predictions complete"
[1] "elapsed time: 1.56399999999985"
[1] "computing predictions on test set"
[1] "test set predictions complete"
[1] "elapsed time: 1.22399999999971"
[1] "computing tree strength and correlation"
[1] "strength and correlation complete"
[1] "Evaluating forest 14 of 25"
[1] "training"
[1] "training complete"
[1] "elapsed time: 4.73199999999997"
[1] "computing out-of-bag predictions"
[1] "out-of-bag predictions complete"
[1] "elapsed time: 1.47199999999975"
[1] "computing predictions on test set"
[1] "test set predictions complete"
[1] "elapsed time: 1.17000000000007"
[1] "computing tree strength and correlation"
[1] "strength and correlation complete"
[1] "Evaluating forest 15 of 25"
[1] "training"
[1] "training complete"
[1] "elapsed time: 140.562"
[1] "computing out-of-bag predictions"
[1] "out-of-bag predictions complete"
[1] "elapsed time: 1.39199999999983"
[1] "computing predictions on test set"
[1] "test set predictions complete"
[1] "elapsed time: 1.0619999999999"
[1] "computing tree strength and correlation"
[1] "strength and correlation complete"
[1] "Evaluating forest 16 of 25"
[1] "training"
[1] "training complete"
[1] "elapsed time: 1.58500000000004"
[1] "computing out-of-bag predictions"
[1] "out-of-bag predictions complete"
[1] "elapsed time: 3.30299999999988"
[1] "computing predictions on test set"
[1] "test set predictions complete"
[1] "elapsed time: 2.88999999999987"
[1] "computing tree strength and correlation"
[1] "strength and correlation complete"
[1] "Evaluating forest 17 of 25"
[1] "training"
[1] "training complete"
[1] "elapsed time: 1.88099999999986"
[1] "computing out-of-bag predictions"
[1] "out-of-bag predictions complete"
[1] "elapsed time: 1.80200000000013"
[1] "computing predictions on test set"
[1] "test set predictions complete"
[1] "elapsed time: 1.45100000000002"
[1] "computing tree strength and correlation"
[1] "strength and correlation complete"
[1] "Evaluating forest 18 of 25"
[1] "training"
[1] "training complete"
[1] "elapsed time: 2.69399999999996"
[1] "computing out-of-bag predictions"
[1] "out-of-bag predictions complete"
[1] "elapsed time: 1.54500000000007"
[1] "computing predictions on test set"
[1] "test set predictions complete"
[1] "elapsed time: 1.26499999999987"
[1] "computing tree strength and correlation"
[1] "strength and correlation complete"
[1] "Evaluating forest 19 of 25"
[1] "training"
[1] "training complete"
[1] "elapsed time: 5.24800000000005"
[1] "computing out-of-bag predictions"
[1] "out-of-bag predictions complete"
[1] "elapsed time: 1.44399999999996"
[1] "computing predictions on test set"
[1] "test set predictions complete"
[1] "elapsed time: 1.16200000000026"
[1] "computing tree strength and correlation"
[1] "strength and correlation complete"
[1] "Evaluating forest 20 of 25"
[1] "training"
[1] "training complete"
[1] "elapsed time: 149.271"
[1] "computing out-of-bag predictions"
[1] "out-of-bag predictions complete"
[1] "elapsed time: 1.38400000000001"
[1] "computing predictions on test set"
[1] "test set predictions complete"
[1] "elapsed time: 1.06700000000001"
[1] "computing tree strength and correlation"
[1] "strength and correlation complete"
[1] "Evaluating forest 21 of 25"
[1] "training"
[1] "training complete"
[1] "elapsed time: 1.5590000000002"
[1] "computing out-of-bag predictions"
[1] "out-of-bag predictions complete"
[1] "elapsed time: 3.42499999999973"
[1] "computing predictions on test set"
[1] "test set predictions complete"
[1] "elapsed time: 2.95699999999988"
[1] "computing tree strength and correlation"
[1] "strength and correlation complete"
[1] "Evaluating forest 22 of 25"
[1] "training"
[1] "training complete"
[1] "elapsed time: 1.8420000000001"
[1] "computing out-of-bag predictions"
[1] "out-of-bag predictions complete"
[1] "elapsed time: 1.77600000000029"
[1] "computing predictions on test set"
[1] "test set predictions complete"
[1] "elapsed time: 1.42799999999988"
[1] "computing tree strength and correlation"
[1] "strength and correlation complete"
[1] "Evaluating forest 23 of 25"
[1] "training"
[1] "training complete"
[1] "elapsed time: 2.98700000000008"
[1] "computing out-of-bag predictions"
[1] "out-of-bag predictions complete"
[1] "elapsed time: 1.62300000000005"
[1] "computing predictions on test set"
[1] "test set predictions complete"
[1] "elapsed time: 1.28699999999981"
[1] "computing tree strength and correlation"
[1] "strength and correlation complete"
[1] "Evaluating forest 24 of 25"
[1] "training"
[1] "training complete"
[1] "elapsed time: 5.52700000000004"
[1] "computing out-of-bag predictions"
[1] "out-of-bag predictions complete"
[1] "elapsed time: 1.50300000000016"
[1] "computing predictions on test set"
[1] "test set predictions complete"
[1] "elapsed time: 1.1880000000001"
[1] "computing tree strength and correlation"
[1] "strength and correlation complete"
[1] "Evaluating forest 25 of 25"
[1] "training"
[1] "training complete"
[1] "elapsed time: 167.831"
[1] "computing out-of-bag predictions"
[1] "out-of-bag predictions complete"
[1] "elapsed time: 1.42799999999988"
[1] "computing predictions on test set"
[1] "test set predictions complete"
[1] "elapsed time: 1.09000000000015"
[1] "computing tree strength and correlation"
[1] "strength and correlation complete"
[1] "fold 5"
[1] "Evaluating forest 1 of 25"
[1] "training"
[1] "training complete"
[1] "elapsed time: 1.07099999999991"
[1] "computing out-of-bag predictions"
[1] "out-of-bag predictions complete"
[1] "elapsed time: 1.61699999999973"
[1] "computing predictions on test set"
[1] "test set predictions complete"
[1] "elapsed time: 1.20399999999972"
[1] "computing tree strength and correlation"
[1] "strength and correlation complete"
[1] "Evaluating forest 2 of 25"
[1] "training"
[1] "training complete"
[1] "elapsed time: 1.80499999999984"
[1] "computing out-of-bag predictions"
[1] "out-of-bag predictions complete"
[1] "elapsed time: 1.8090000000002"
[1] "computing predictions on test set"
[1] "test set predictions complete"
[1] "elapsed time: 1.4369999999999"
[1] "computing tree strength and correlation"
[1] "strength and correlation complete"
[1] "Evaluating forest 3 of 25"
[1] "training"
[1] "training complete"
[1] "elapsed time: 2.10799999999972"
[1] "computing out-of-bag predictions"
[1] "out-of-bag predictions complete"
[1] "elapsed time: 1.52500000000009"
[1] "computing predictions on test set"
[1] "test set predictions complete"
[1] "elapsed time: 1.19800000000032"
[1] "computing tree strength and correlation"
[1] "strength and correlation complete"
[1] "Evaluating forest 4 of 25"
[1] "training"
[1] "training complete"
[1] "elapsed time: 3.0630000000001"
[1] "computing out-of-bag predictions"
[1] "out-of-bag predictions complete"
[1] "elapsed time: 1.42599999999993"
[1] "computing predictions on test set"
[1] "test set predictions complete"
[1] "elapsed time: 1.12100000000009"
[1] "computing tree strength and correlation"
[1] "strength and correlation complete"
[1] "Evaluating forest 5 of 25"
[1] "training"
[1] "training complete"
[1] "elapsed time: 89.0079999999998"
[1] "computing out-of-bag predictions"
[1] "out-of-bag predictions complete"
[1] "elapsed time: 1.36299999999983"
[1] "computing predictions on test set"
[1] "test set predictions complete"
[1] "elapsed time: 1.029"
[1] "computing tree strength and correlation"
[1] "strength and correlation complete"
[1] "Evaluating forest 6 of 25"
[1] "training"
[1] "training complete"
[1] "elapsed time: 1.50900000000001"
[1] "computing out-of-bag predictions"
[1] "out-of-bag predictions complete"
[1] "elapsed time: 2.01099999999997"
[1] "computing predictions on test set"
[1] "test set predictions complete"
[1] "elapsed time: 1.56100000000015"
[1] "computing tree strength and correlation"
[1] "strength and correlation complete"
[1] "Evaluating forest 7 of 25"
[1] "training"
[1] "training complete"
[1] "elapsed time: 1.82400000000007"
[1] "computing out-of-bag predictions"
[1] "out-of-bag predictions complete"
[1] "elapsed time: 1.68799999999965"
[1] "computing predictions on test set"
[1] "test set predictions complete"
[1] "elapsed time: 1.38599999999997"
[1] "computing tree strength and correlation"
[1] "strength and correlation complete"
[1] "Evaluating forest 8 of 25"
[1] "training"
[1] "training complete"
[1] "elapsed time: 2.33600000000024"
[1] "computing out-of-bag predictions"
[1] "out-of-bag predictions complete"
[1] "elapsed time: 1.51900000000023"
[1] "computing predictions on test set"
[1] "test set predictions complete"
[1] "elapsed time: 1.21600000000035"
[1] "computing tree strength and correlation"
[1] "strength and correlation complete"
[1] "Evaluating forest 9 of 25"
[1] "training"
[1] "training complete"
[1] "elapsed time: 4.07999999999993"
[1] "computing out-of-bag predictions"
[1] "out-of-bag predictions complete"
[1] "elapsed time: 1.42200000000003"
[1] "computing predictions on test set"
[1] "test set predictions complete"
[1] "elapsed time: 1.11700000000019"
[1] "computing tree strength and correlation"
[1] "strength and correlation complete"
[1] "Evaluating forest 10 of 25"
[1] "training"
[1] "training complete"
[1] "elapsed time: 128.011"
[1] "computing out-of-bag predictions"
[1] "out-of-bag predictions complete"
[1] "elapsed time: 1.37199999999984"
[1] "computing predictions on test set"
[1] "test set predictions complete"
[1] "elapsed time: 1.09700000000021"
[1] "computing tree strength and correlation"
[1] "strength and correlation complete"
[1] "Evaluating forest 11 of 25"
[1] "training"
[1] "training complete"
[1] "elapsed time: 1.57799999999997"
[1] "computing out-of-bag predictions"
[1] "out-of-bag predictions complete"
[1] "elapsed time: 3.19599999999991"
[1] "computing predictions on test set"
[1] "test set predictions complete"
[1] "elapsed time: 2.91100000000006"
[1] "computing tree strength and correlation"
[1] "strength and correlation complete"
[1] "Evaluating forest 12 of 25"
[1] "training"
[1] "training complete"
[1] "elapsed time: 1.88000000000011"
[1] "computing out-of-bag predictions"
[1] "out-of-bag predictions complete"
[1] "elapsed time: 1.77800000000025"
[1] "computing predictions on test set"
[1] "test set predictions complete"
[1] "elapsed time: 1.45800000000008"
[1] "computing tree strength and correlation"
[1] "strength and correlation complete"
[1] "Evaluating forest 13 of 25"
[1] "training"
[1] "training complete"
[1] "elapsed time: 2.47400000000016"
[1] "computing out-of-bag predictions"
[1] "out-of-bag predictions complete"
[1] "elapsed time: 1.51199999999972"
[1] "computing predictions on test set"
[1] "test set predictions complete"
[1] "elapsed time: 1.21099999999979"
[1] "computing tree strength and correlation"
[1] "strength and correlation complete"
[1] "Evaluating forest 14 of 25"
[1] "training"
[1] "training complete"
[1] "elapsed time: 4.64100000000008"
[1] "computing out-of-bag predictions"
[1] "out-of-bag predictions complete"
[1] "elapsed time: 1.47600000000011"
[1] "computing predictions on test set"
[1] "test set predictions complete"
[1] "elapsed time: 1.15099999999984"
[1] "computing tree strength and correlation"
[1] "strength and correlation complete"
[1] "Evaluating forest 15 of 25"
[1] "training"
[1] "training complete"
[1] "elapsed time: 142.84"
[1] "computing out-of-bag predictions"
[1] "out-of-bag predictions complete"
[1] "elapsed time: 1.38400000000001"
[1] "computing predictions on test set"
[1] "test set predictions complete"
[1] "elapsed time: 1.06099999999969"
[1] "computing tree strength and correlation"
[1] "strength and correlation complete"
[1] "Evaluating forest 16 of 25"
[1] "training"
[1] "training complete"
[1] "elapsed time: 1.52000000000044"
[1] "computing out-of-bag predictions"
[1] "out-of-bag predictions complete"
[1] "elapsed time: 3.23300000000017"
[1] "computing predictions on test set"
[1] "test set predictions complete"
[1] "elapsed time: 2.97800000000007"
[1] "computing tree strength and correlation"
[1] "strength and correlation complete"
[1] "Evaluating forest 17 of 25"
[1] "training"
[1] "training complete"
[1] "elapsed time: 1.80600000000004"
[1] "computing out-of-bag predictions"
[1] "out-of-bag predictions complete"
[1] "elapsed time: 1.69599999999991"
[1] "computing predictions on test set"
[1] "test set predictions complete"
[1] "elapsed time: 1.38499999999976"
[1] "computing tree strength and correlation"
[1] "strength and correlation complete"
[1] "Evaluating forest 18 of 25"
[1] "training"
[1] "training complete"
[1] "elapsed time: 2.67200000000003"
[1] "computing out-of-bag predictions"
[1] "out-of-bag predictions complete"
[1] "elapsed time: 1.57699999999977"
[1] "computing predictions on test set"
[1] "test set predictions complete"
[1] "elapsed time: 1.23600000000033"
[1] "computing tree strength and correlation"
[1] "strength and correlation complete"
[1] "Evaluating forest 19 of 25"
[1] "training"
[1] "training complete"
[1] "elapsed time: 5.13700000000017"
[1] "computing out-of-bag predictions"
[1] "out-of-bag predictions complete"
[1] "elapsed time: 1.48099999999977"
[1] "computing predictions on test set"
[1] "test set predictions complete"
[1] "elapsed time: 1.15299999999979"
[1] "computing tree strength and correlation"
[1] "strength and correlation complete"
[1] "Evaluating forest 20 of 25"
[1] "training"
[1] "training complete"
[1] "elapsed time: 151.886"
[1] "computing out-of-bag predictions"
[1] "out-of-bag predictions complete"
[1] "elapsed time: 1.39799999999968"
[1] "computing predictions on test set"
[1] "test set predictions complete"
[1] "elapsed time: 1.0930000000003"
[1] "computing tree strength and correlation"
[1] "strength and correlation complete"
[1] "Evaluating forest 21 of 25"
[1] "training"
[1] "training complete"
[1] "elapsed time: 1.48600000000033"
[1] "computing out-of-bag predictions"
[1] "out-of-bag predictions complete"
[1] "elapsed time: 4.0619999999999"
[1] "computing predictions on test set"
[1] "test set predictions complete"
[1] "elapsed time: 3.58699999999999"
[1] "computing tree strength and correlation"
[1] "strength and correlation complete"
[1] "Evaluating forest 22 of 25"
[1] "training"
[1] "training complete"
[1] "elapsed time: 1.87400000000025"
[1] "computing out-of-bag predictions"
[1] "out-of-bag predictions complete"
[1] "elapsed time: 1.88200000000006"
[1] "computing predictions on test set"
[1] "test set predictions complete"
[1] "elapsed time: 1.45199999999977"
[1] "computing tree strength and correlation"
[1] "strength and correlation complete"
[1] "Evaluating forest 23 of 25"
[1] "training"
[1] "training complete"
[1] "elapsed time: 2.87800000000016"
[1] "computing out-of-bag predictions"
[1] "out-of-bag predictions complete"
[1] "elapsed time: 1.63200000000006"
[1] "computing predictions on test set"
[1] "test set predictions complete"
[1] "elapsed time: 1.29999999999973"
[1] "computing tree strength and correlation"
[1] "strength and correlation complete"
[1] "Evaluating forest 24 of 25"
[1] "training"
[1] "training complete"
[1] "elapsed time: 5.47200000000021"
[1] "computing out-of-bag predictions"
[1] "out-of-bag predictions complete"
[1] "elapsed time: 1.56100000000015"
[1] "computing predictions on test set"
[1] "test set predictions complete"
[1] "elapsed time: 1.21399999999994"
[1] "computing tree strength and correlation"
[1] "strength and correlation complete"
[1] "Evaluating forest 25 of 25"
[1] "training"
[1] "training complete"
[1] "elapsed time: 161.517"
[1] "computing out-of-bag predictions"
[1] "out-of-bag predictions complete"
[1] "elapsed time: 1.39099999999962"
[1] "computing predictions on test set"
[1] "test set predictions complete"
[1] "elapsed time: 1.09999999999945"
[1] "computing tree strength and correlation"
[1] "strength and correlation complete"
job complete
