My SLURM_ARRAY_TASK_ID:  19
AUC 0.3.0
Type AUCNews() to see the change log and ?AUC to get an overview.
dummies-1.5.6 provided by Decision Patterns

[1] "fold 1"
[1] "Evaluating forest 1 of 75"
[1] "training"
[1] "training complete"
[1] "elapsed time: 11.19"
[1] "computing out-of-bag predictions"
[1] "out-of-bag predictions complete"
[1] "elapsed time: 13.906"
[1] "computing predictions on test set"
[1] "test set predictions complete"
[1] "elapsed time: 11.356"
[1] "computing tree strength and correlation"
[1] "strength and correlation complete"
[1] "Evaluating forest 2 of 75"
[1] "training"
[1] "training complete"
[1] "elapsed time: 44.708"
[1] "computing out-of-bag predictions"
[1] "out-of-bag predictions complete"
[1] "elapsed time: 31.401"
[1] "computing predictions on test set"
[1] "test set predictions complete"
[1] "elapsed time: 29.024"
[1] "computing tree strength and correlation"
[1] "strength and correlation complete"
[1] "Evaluating forest 3 of 75"
[1] "training"
[1] "training complete"
[1] "elapsed time: 94.335"
[1] "computing out-of-bag predictions"
[1] "out-of-bag predictions complete"
[1] "elapsed time: 41.991"
[1] "computing predictions on test set"
[1] "test set predictions complete"
[1] "elapsed time: 39.318"
[1] "computing tree strength and correlation"
[1] "strength and correlation complete"
[1] "Evaluating forest 4 of 75"
[1] "training"
[1] "training complete"
[1] "elapsed time: 174.052"
[1] "computing out-of-bag predictions"
[1] "out-of-bag predictions complete"
[1] "elapsed time: 39.768"
[1] "computing predictions on test set"
[1] "test set predictions complete"
[1] "elapsed time: 37.11"
[1] "computing tree strength and correlation"
[1] "strength and correlation complete"
[1] "Evaluating forest 5 of 75"
[1] "training"
[1] "training complete"
[1] "elapsed time: 4526.478"
[1] "computing out-of-bag predictions"
[1] "out-of-bag predictions complete"
[1] "elapsed time: 30.0990000000002"
[1] "computing predictions on test set"
[1] "test set predictions complete"
[1] "elapsed time: 27.433"
[1] "computing tree strength and correlation"
[1] "strength and correlation complete"
[1] "Evaluating forest 6 of 75"
[1] "training"
[1] "training complete"
[1] "elapsed time: 32.0129999999999"
[1] "computing out-of-bag predictions"
[1] "out-of-bag predictions complete"
[1] "elapsed time: 31.4639999999999"
[1] "computing predictions on test set"
[1] "test set predictions complete"
[1] "elapsed time: 28.491"
[1] "computing tree strength and correlation"
[1] "strength and correlation complete"
[1] "Evaluating forest 7 of 75"
[1] "training"
[1] "training complete"
[1] "elapsed time: 69.6900000000005"
[1] "computing out-of-bag predictions"
[1] "out-of-bag predictions complete"
[1] "elapsed time: 45.3319999999994"
[1] "computing predictions on test set"
[1] "test set predictions complete"
[1] "elapsed time: 42.4470000000001"
[1] "computing tree strength and correlation"
[1] "strength and correlation complete"
[1] "Evaluating forest 8 of 75"
[1] "training"
[1] "training complete"
[1] "elapsed time: 113.318"
[1] "computing out-of-bag predictions"
[1] "out-of-bag predictions complete"
[1] "elapsed time: 43.835"
[1] "computing predictions on test set"
[1] "test set predictions complete"
[1] "elapsed time: 40.6800000000003"
[1] "computing tree strength and correlation"
[1] "strength and correlation complete"
[1] "Evaluating forest 9 of 75"
[1] "training"
[1] "training complete"
[1] "elapsed time: 218.445"
[1] "computing out-of-bag predictions"
[1] "out-of-bag predictions complete"
[1] "elapsed time: 38.2730000000001"
[1] "computing predictions on test set"
[1] "test set predictions complete"
[1] "elapsed time: 35.3290000000006"
[1] "computing tree strength and correlation"
[1] "strength and correlation complete"
[1] "Evaluating forest 10 of 75"
[1] "training"
[1] "training complete"
[1] "elapsed time: 5851.477"
[1] "computing out-of-bag predictions"
[1] "out-of-bag predictions complete"
[1] "elapsed time: 29.1130000000012"
[1] "computing predictions on test set"
[1] "test set predictions complete"
[1] "elapsed time: 26.387999999999"
[1] "computing tree strength and correlation"
[1] "strength and correlation complete"
[1] "Evaluating forest 11 of 75"
[1] "training"
[1] "training complete"
[1] "elapsed time: 43.5540000000001"
[1] "computing out-of-bag predictions"
[1] "out-of-bag predictions complete"
[1] "elapsed time: 43.6579999999994"
[1] "computing predictions on test set"
[1] "test set predictions complete"
[1] "elapsed time: 40.6059999999998"
[1] "computing tree strength and correlation"
[1] "strength and correlation complete"
[1] "Evaluating forest 12 of 75"
[1] "training"
[1] "training complete"
[1] "elapsed time: 73.5799999999999"
[1] "computing out-of-bag predictions"
[1] "out-of-bag predictions complete"
[1] "elapsed time: 47.9419999999991"
[1] "computing predictions on test set"
[1] "test set predictions complete"
[1] "elapsed time: 45.6350000000002"
[1] "computing tree strength and correlation"
[1] "strength and correlation complete"
[1] "Evaluating forest 13 of 75"
[1] "training"
[1] "training complete"
[1] "elapsed time: 120.111000000001"
[1] "computing out-of-bag predictions"
[1] "out-of-bag predictions complete"
[1] "elapsed time: 42.357"
[1] "computing predictions on test set"
[1] "test set predictions complete"
[1] "elapsed time: 39.7019999999993"
[1] "computing tree strength and correlation"
[1] "strength and correlation complete"
[1] "Evaluating forest 14 of 75"
[1] "training"
[1] "training complete"
[1] "elapsed time: 238.342000000001"
[1] "computing out-of-bag predictions"
[1] "out-of-bag predictions complete"
[1] "elapsed time: 39.4050000000007"
[1] "computing predictions on test set"
[1] "test set predictions complete"
[1] "elapsed time: 36.7549999999992"
[1] "computing tree strength and correlation"
[1] "strength and correlation complete"
[1] "Evaluating forest 15 of 75"
[1] "training"
[1] "training complete"
[1] "elapsed time: 6459.774"
[1] "computing out-of-bag predictions"
[1] "out-of-bag predictions complete"
[1] "elapsed time: 28.0139999999992"
[1] "computing predictions on test set"
[1] "test set predictions complete"
[1] "elapsed time: 25.3399999999965"
[1] "computing tree strength and correlation"
[1] "strength and correlation complete"
[1] "Evaluating forest 16 of 75"
[1] "training"
[1] "training complete"
[1] "elapsed time: 48.119999999999"
[1] "computing out-of-bag predictions"
[1] "out-of-bag predictions complete"
[1] "elapsed time: 51.768"
[1] "computing predictions on test set"
[1] "test set predictions complete"
[1] "elapsed time: 49.0920000000006"
[1] "computing tree strength and correlation"
[1] "strength and correlation complete"
[1] "Evaluating forest 17 of 75"
[1] "training"
[1] "training complete"
[1] "elapsed time: 73.882999999998"
[1] "computing out-of-bag predictions"
[1] "out-of-bag predictions complete"
[1] "elapsed time: 49.0870000000032"
[1] "computing predictions on test set"
[1] "test set predictions complete"
[1] "elapsed time: 46.6280000000006"
[1] "computing tree strength and correlation"
[1] "strength and correlation complete"
[1] "Evaluating forest 18 of 75"
[1] "training"
[1] "training complete"
[1] "elapsed time: 122.440000000002"
[1] "computing out-of-bag predictions"
[1] "out-of-bag predictions complete"
[1] "elapsed time: 42.7929999999978"
[1] "computing predictions on test set"
[1] "test set predictions complete"
[1] "elapsed time: 39.7770000000019"
[1] "computing tree strength and correlation"
[1] "strength and correlation complete"
[1] "Evaluating forest 19 of 75"
[1] "training"
[1] "training complete"
[1] "elapsed time: 247.566999999999"
[1] "computing out-of-bag predictions"
[1] "out-of-bag predictions complete"
[1] "elapsed time: 38.6939999999995"
[1] "computing predictions on test set"
[1] "test set predictions complete"
[1] "elapsed time: 35.982"
[1] "computing tree strength and correlation"
[1] "strength and correlation complete"
[1] "Evaluating forest 20 of 75"
[1] "training"
[1] "training complete"
[1] "elapsed time: 6795.72"
[1] "computing out-of-bag predictions"
[1] "out-of-bag predictions complete"
[1] "elapsed time: 27.773000000001"
[1] "computing predictions on test set"
[1] "test set predictions complete"
[1] "elapsed time: 25.1119999999974"
[1] "computing tree strength and correlation"
[1] "strength and correlation complete"
[1] "Evaluating forest 21 of 75"
[1] "training"
[1] "training complete"
[1] "elapsed time: 50.1000000000022"
[1] "computing out-of-bag predictions"
[1] "out-of-bag predictions complete"
[1] "elapsed time: 56.0540000000001"
[1] "computing predictions on test set"
[1] "test set predictions complete"
[1] "elapsed time: 53.0800000000017"
[1] "computing tree strength and correlation"
[1] "strength and correlation complete"
[1] "Evaluating forest 22 of 75"
[1] "training"
[1] "training complete"
[1] "elapsed time: 75.4390000000021"
[1] "computing out-of-bag predictions"
[1] "out-of-bag predictions complete"
[1] "elapsed time: 49.5349999999999"
[1] "computing predictions on test set"
[1] "test set predictions complete"
[1] "elapsed time: 47.3940000000002"
[1] "computing tree strength and correlation"
[1] "strength and correlation complete"
[1] "Evaluating forest 23 of 75"
[1] "training"
[1] "training complete"
[1] "elapsed time: 125.718999999997"
[1] "computing out-of-bag predictions"
[1] "out-of-bag predictions complete"
[1] "elapsed time: 45.1850000000013"
[1] "computing predictions on test set"
[1] "test set predictions complete"
[1] "elapsed time: 41.8529999999992"
[1] "computing tree strength and correlation"
[1] "strength and correlation complete"
[1] "Evaluating forest 24 of 75"
[1] "training"
[1] "training complete"
[1] "elapsed time: 253.362000000001"
[1] "computing out-of-bag predictions"
[1] "out-of-bag predictions complete"
[1] "elapsed time: 40.1929999999993"
[1] "computing predictions on test set"
[1] "test set predictions complete"
[1] "elapsed time: 37.7170000000006"
[1] "computing tree strength and correlation"
[1] "strength and correlation complete"
[1] "Evaluating forest 25 of 75"
[1] "training"
[1] "training complete"
[1] "elapsed time: 7111.947"
[1] "computing out-of-bag predictions"
[1] "out-of-bag predictions complete"
[1] "elapsed time: 28.1660000000047"
[1] "computing predictions on test set"
[1] "test set predictions complete"
[1] "elapsed time: 25.512999999999"
[1] "computing tree strength and correlation"
[1] "strength and correlation complete"
[1] "Evaluating forest 26 of 75"
[1] "training"
[1] "training complete"
[1] "elapsed time: 11.573000000004"
[1] "computing out-of-bag predictions"
[1] "out-of-bag predictions complete"
[1] "elapsed time: 13.2719999999972"
[1] "computing predictions on test set"
[1] "test set predictions complete"
[1] "elapsed time: 10.5440000000017"
[1] "computing tree strength and correlation"
[1] "strength and correlation complete"
[1] "Evaluating forest 27 of 75"
[1] "training"
[1] "training complete"
[1] "elapsed time: 45.4140000000043"
[1] "computing out-of-bag predictions"
[1] "out-of-bag predictions complete"
[1] "elapsed time: 33.6909999999989"
[1] "computing predictions on test set"
[1] "test set predictions complete"
[1] "elapsed time: 31.0190000000002"
[1] "computing tree strength and correlation"
[1] "strength and correlation complete"
[1] "Evaluating forest 28 of 75"
[1] "training"
[1] "training complete"
[1] "elapsed time: 94.3869999999952"
[1] "computing out-of-bag predictions"
[1] "out-of-bag predictions complete"
[1] "elapsed time: 41.9929999999949"
[1] "computing predictions on test set"
[1] "test set predictions complete"
[1] "elapsed time: 39.0279999999984"
[1] "computing tree strength and correlation"
[1] "strength and correlation complete"
[1] "Evaluating forest 29 of 75"
[1] "training"
[1] "training complete"
[1] "elapsed time: 173.245000000003"
[1] "computing out-of-bag predictions"
[1] "out-of-bag predictions complete"
[1] "elapsed time: 39.6659999999974"
[1] "computing predictions on test set"
[1] "test set predictions complete"
[1] "elapsed time: 37.1490000000049"
[1] "computing tree strength and correlation"
[1] "strength and correlation complete"
[1] "Evaluating forest 30 of 75"
[1] "training"
[1] "training complete"
[1] "elapsed time: 4449.633"
[1] "computing out-of-bag predictions"
[1] "out-of-bag predictions complete"
[1] "elapsed time: 29.8709999999992"
[1] "computing predictions on test set"
[1] "test set predictions complete"
[1] "elapsed time: 27.0599999999977"
[1] "computing tree strength and correlation"
[1] "strength and correlation complete"
[1] "Evaluating forest 31 of 75"
[1] "training"
[1] "training complete"
[1] "elapsed time: 32.0689999999959"
[1] "computing out-of-bag predictions"
[1] "out-of-bag predictions complete"
[1] "elapsed time: 31.6630000000005"
[1] "computing predictions on test set"
[1] "test set predictions complete"
[1] "elapsed time: 28.5570000000007"
[1] "computing tree strength and correlation"
[1] "strength and correlation complete"
[1] "Evaluating forest 32 of 75"
[1] "training"
[1] "training complete"
[1] "elapsed time: 68.8179999999993"
[1] "computing out-of-bag predictions"
[1] "out-of-bag predictions complete"
[1] "elapsed time: 45.3289999999979"
[1] "computing predictions on test set"
[1] "test set predictions complete"
[1] "elapsed time: 42.7580000000016"
[1] "computing tree strength and correlation"
[1] "strength and correlation complete"
[1] "Evaluating forest 33 of 75"
[1] "training"
[1] "training complete"
[1] "elapsed time: 113.970999999998"
[1] "computing out-of-bag predictions"
[1] "out-of-bag predictions complete"
[1] "elapsed time: 42.7469999999958"
[1] "computing predictions on test set"
[1] "test set predictions complete"
[1] "elapsed time: 40.288999999997"
[1] "computing tree strength and correlation"
[1] "strength and correlation complete"
[1] "Evaluating forest 34 of 75"
[1] "training"
[1] "training complete"
[1] "elapsed time: 216.985000000001"
[1] "computing out-of-bag predictions"
[1] "out-of-bag predictions complete"
[1] "elapsed time: 39.7090000000026"
[1] "computing predictions on test set"
[1] "test set predictions complete"
[1] "elapsed time: 36.7719999999972"
[1] "computing tree strength and correlation"
[1] "strength and correlation complete"
[1] "Evaluating forest 35 of 75"
[1] "training"
[1] "training complete"
[1] "elapsed time: 5751.529"
[1] "computing out-of-bag predictions"
[1] "out-of-bag predictions complete"
[1] "elapsed time: 27.8209999999963"
[1] "computing predictions on test set"
[1] "test set predictions complete"
[1] "elapsed time: 25.2940000000017"
[1] "computing tree strength and correlation"
[1] "strength and correlation complete"
[1] "Evaluating forest 36 of 75"
[1] "training"
[1] "training complete"
[1] "elapsed time: 43.3340000000026"
[1] "computing out-of-bag predictions"
[1] "out-of-bag predictions complete"
[1] "elapsed time: 45.4879999999976"
[1] "computing predictions on test set"
[1] "test set predictions complete"
[1] "elapsed time: 42.6999999999971"
[1] "computing tree strength and correlation"
[1] "strength and correlation complete"
[1] "Evaluating forest 37 of 75"
[1] "training"
[1] "training complete"
[1] "elapsed time: 72.9530000000013"
[1] "computing out-of-bag predictions"
[1] "out-of-bag predictions complete"
[1] "elapsed time: 48.5889999999999"
[1] "computing predictions on test set"
[1] "test set predictions complete"
[1] "elapsed time: 45.7429999999949"
[1] "computing tree strength and correlation"
[1] "strength and correlation complete"
[1] "Evaluating forest 38 of 75"
[1] "training"
[1] "training complete"
[1] "elapsed time: 118.880000000005"
[1] "computing out-of-bag predictions"
[1] "out-of-bag predictions complete"
[1] "elapsed time: 44.0449999999983"
[1] "computing predictions on test set"
[1] "test set predictions complete"
[1] "elapsed time: 41.5529999999999"
[1] "computing tree strength and correlation"
[1] "strength and correlation complete"
[1] "Evaluating forest 39 of 75"
[1] "training"
[1] "training complete"
[1] "elapsed time: 233.392999999996"
[1] "computing out-of-bag predictions"
[1] "out-of-bag predictions complete"
[1] "elapsed time: 38.5780000000013"
[1] "computing predictions on test set"
[1] "test set predictions complete"
[1] "elapsed time: 36.1039999999994"
[1] "computing tree strength and correlation"
[1] "strength and correlation complete"
[1] "Evaluating forest 40 of 75"
[1] "training"
[1] "training complete"
[1] "elapsed time: 6351.078"
[1] "computing out-of-bag predictions"
[1] "out-of-bag predictions complete"
[1] "elapsed time: 27.4799999999959"
[1] "computing predictions on test set"
[1] "test set predictions complete"
[1] "elapsed time: 24.7160000000003"
[1] "computing tree strength and correlation"
[1] "strength and correlation complete"
[1] "Evaluating forest 41 of 75"
[1] "training"
[1] "training complete"
[1] "elapsed time: 47.8509999999951"
[1] "computing out-of-bag predictions"
[1] "out-of-bag predictions complete"
[1] "elapsed time: 51.0089999999982"
[1] "computing predictions on test set"
[1] "test set predictions complete"
[1] "elapsed time: 48.2010000000009"
[1] "computing tree strength and correlation"
[1] "strength and correlation complete"
[1] "Evaluating forest 42 of 75"
[1] "training"
[1] "training complete"
[1] "elapsed time: 73.7939999999944"
[1] "computing out-of-bag predictions"
[1] "out-of-bag predictions complete"
[1] "elapsed time: 49.0030000000042"
[1] "computing predictions on test set"
[1] "test set predictions complete"
[1] "elapsed time: 46.5750000000044"
[1] "computing tree strength and correlation"
[1] "strength and correlation complete"
[1] "Evaluating forest 43 of 75"
[1] "training"
[1] "training complete"
[1] "elapsed time: 121.804000000004"
[1] "computing out-of-bag predictions"
[1] "out-of-bag predictions complete"
[1] "elapsed time: 43.1749999999956"
[1] "computing predictions on test set"
[1] "test set predictions complete"
[1] "elapsed time: 40.4989999999962"
[1] "computing tree strength and correlation"
[1] "strength and correlation complete"
[1] "Evaluating forest 44 of 75"
[1] "training"
[1] "training complete"
[1] "elapsed time: 245.508999999998"
[1] "computing out-of-bag predictions"
[1] "out-of-bag predictions complete"
[1] "elapsed time: 38.609000000004"
[1] "computing predictions on test set"
[1] "test set predictions complete"
[1] "elapsed time: 35.0839999999953"
[1] "computing tree strength and correlation"
[1] "strength and correlation complete"
[1] "Evaluating forest 45 of 75"
[1] "training"
[1] "training complete"
[1] "elapsed time: 6710.03999999999"
[1] "computing out-of-bag predictions"
[1] "out-of-bag predictions complete"
[1] "elapsed time: 27.512999999999"
[1] "computing predictions on test set"
[1] "test set predictions complete"
[1] "elapsed time: 24.7939999999944"
[1] "computing tree strength and correlation"
[1] "strength and correlation complete"
[1] "Evaluating forest 46 of 75"
[1] "training"
[1] "training complete"
[1] "elapsed time: 50.1300000000047"
[1] "computing out-of-bag predictions"
[1] "out-of-bag predictions complete"
[1] "elapsed time: 55.4179999999978"
[1] "computing predictions on test set"
[1] "test set predictions complete"
[1] "elapsed time: 53.1340000000055"
[1] "computing tree strength and correlation"
[1] "strength and correlation complete"
[1] "Evaluating forest 47 of 75"
[1] "training"
[1] "training complete"
[1] "elapsed time: 75.1320000000051"
[1] "computing out-of-bag predictions"
[1] "out-of-bag predictions complete"
[1] "elapsed time: 49.2849999999962"
[1] "computing predictions on test set"
[1] "test set predictions complete"
[1] "elapsed time: 46.7169999999969"
[1] "computing tree strength and correlation"
[1] "strength and correlation complete"
[1] "Evaluating forest 48 of 75"
[1] "training"
[1] "training complete"
[1] "elapsed time: 123.832999999999"
[1] "computing out-of-bag predictions"
[1] "out-of-bag predictions complete"
[1] "elapsed time: 44.5550000000003"
[1] "computing predictions on test set"
[1] "test set predictions complete"
[1] "elapsed time: 41.6399999999994"
[1] "computing tree strength and correlation"
[1] "strength and correlation complete"
[1] "Evaluating forest 49 of 75"
[1] "training"
[1] "training complete"
[1] "elapsed time: 251.121999999996"
[1] "computing out-of-bag predictions"
[1] "out-of-bag predictions complete"
[1] "elapsed time: 40.1219999999958"
[1] "computing predictions on test set"
[1] "test set predictions complete"
[1] "elapsed time: 37.7669999999998"
[1] "computing tree strength and correlation"
[1] "strength and correlation complete"
[1] "Evaluating forest 50 of 75"
[1] "training"
[1] "training complete"
[1] "elapsed time: 7029.957"
[1] "computing out-of-bag predictions"
[1] "out-of-bag predictions complete"
[1] "elapsed time: 27.9670000000042"
[1] "computing predictions on test set"
[1] "test set predictions complete"
[1] "elapsed time: 25.2039999999979"
[1] "computing tree strength and correlation"
[1] "strength and correlation complete"
[1] "Evaluating forest 51 of 75"
[1] "training"
[1] "training complete"
[1] "elapsed time: 11.8080000000045"
[1] "computing out-of-bag predictions"
[1] "out-of-bag predictions complete"
[1] "elapsed time: 13.2859999999928"
[1] "computing predictions on test set"
[1] "test set predictions complete"
[1] "elapsed time: 10.5069999999978"
[1] "computing tree strength and correlation"
[1] "strength and correlation complete"
[1] "Evaluating forest 52 of 75"
[1] "training"
[1] "training complete"
[1] "elapsed time: 44.9499999999971"
[1] "computing out-of-bag predictions"
[1] "out-of-bag predictions complete"
[1] "elapsed time: 35.7629999999917"
[1] "computing predictions on test set"
[1] "test set predictions complete"
[1] "elapsed time: 33.0069999999978"
[1] "computing tree strength and correlation"
[1] "strength and correlation complete"
[1] "Evaluating forest 53 of 75"
[1] "training"
[1] "training complete"
[1] "elapsed time: 94.3439999999973"
[1] "computing out-of-bag predictions"
[1] "out-of-bag predictions complete"
[1] "elapsed time: 44.4349999999977"
[1] "computing predictions on test set"
[1] "test set predictions complete"
[1] "elapsed time: 41.8669999999984"
[1] "computing tree strength and correlation"
[1] "strength and correlation complete"
[1] "Evaluating forest 54 of 75"
[1] "training"
[1] "training complete"
[1] "elapsed time: 173.476999999999"
[1] "computing out-of-bag predictions"
[1] "out-of-bag predictions complete"
[1] "elapsed time: 39.5509999999922"
[1] "computing predictions on test set"
[1] "test set predictions complete"
[1] "elapsed time: 37.3410000000003"
[1] "computing tree strength and correlation"
[1] "strength and correlation complete"
[1] "Evaluating forest 55 of 75"
[1] "training"
[1] "training complete"
[1] "elapsed time: 4339.774"
[1] "computing out-of-bag predictions"
[1] "out-of-bag predictions complete"
[1] "elapsed time: 29.3950000000041"
[1] "computing predictions on test set"
[1] "test set predictions complete"
[1] "elapsed time: 26.346000000005"
[1] "computing tree strength and correlation"
[1] "strength and correlation complete"
[1] "Evaluating forest 56 of 75"
[1] "training"
[1] "training complete"
[1] "elapsed time: 31.7649999999994"
[1] "computing out-of-bag predictions"
[1] "out-of-bag predictions complete"
[1] "elapsed time: 32.4579999999987"
[1] "computing predictions on test set"
[1] "test set predictions complete"
[1] "elapsed time: 29.6560000000027"
[1] "computing tree strength and correlation"
[1] "strength and correlation complete"
[1] "Evaluating forest 57 of 75"
[1] "training"
[1] "training complete"
[1] "elapsed time: 69.1729999999952"
[1] "computing out-of-bag predictions"
[1] "out-of-bag predictions complete"
[1] "elapsed time: 45.4819999999891"
[1] "computing predictions on test set"
[1] "test set predictions complete"
[1] "elapsed time: 42.4929999999877"
[1] "computing tree strength and correlation"
[1] "strength and correlation complete"
[1] "Evaluating forest 58 of 75"
[1] "training"
[1] "training complete"
[1] "elapsed time: 112.754000000001"
[1] "computing out-of-bag predictions"
[1] "out-of-bag predictions complete"
[1] "elapsed time: 42.9809999999998"
[1] "computing predictions on test set"
[1] "test set predictions complete"
[1] "elapsed time: 40.1159999999945"
[1] "computing tree strength and correlation"
[1] "strength and correlation complete"
[1] "Evaluating forest 59 of 75"
[1] "training"
[1] "training complete"
[1] "elapsed time: 214.452000000005"
[1] "computing out-of-bag predictions"
[1] "out-of-bag predictions complete"
[1] "elapsed time: 39.1959999999963"
[1] "computing predictions on test set"
[1] "test set predictions complete"
[1] "elapsed time: 36.4379999999946"
[1] "computing tree strength and correlation"
[1] "strength and correlation complete"
[1] "Evaluating forest 60 of 75"
[1] "training"
[1] "training complete"
[1] "elapsed time: 5678.754"
[1] "computing out-of-bag predictions"
[1] "out-of-bag predictions complete"
[1] "elapsed time: 27.7100000000064"
[1] "computing predictions on test set"
[1] "test set predictions complete"
[1] "elapsed time: 25.1040000000066"
[1] "computing tree strength and correlation"
[1] "strength and correlation complete"
[1] "Evaluating forest 61 of 75"
[1] "training"
[1] "training complete"
[1] "elapsed time: 43.2140000000072"
[1] "computing out-of-bag predictions"
[1] "out-of-bag predictions complete"
[1] "elapsed time: 44.9909999999945"
[1] "computing predictions on test set"
[1] "test set predictions complete"
[1] "elapsed time: 42.0480000000098"
[1] "computing tree strength and correlation"
[1] "strength and correlation complete"
[1] "Evaluating forest 62 of 75"
[1] "training"
[1] "training complete"
[1] "elapsed time: 73.1910000000062"
[1] "computing out-of-bag predictions"
[1] "out-of-bag predictions complete"
[1] "elapsed time: 48.4920000000129"
[1] "computing predictions on test set"
[1] "test set predictions complete"
[1] "elapsed time: 46.8679999999877"
[1] "computing tree strength and correlation"
[1] "strength and correlation complete"
[1] "Evaluating forest 63 of 75"
[1] "training"
[1] "training complete"
[1] "elapsed time: 119.467000000004"
[1] "computing out-of-bag predictions"
[1] "out-of-bag predictions complete"
[1] "elapsed time: 43.4719999999943"
[1] "computing predictions on test set"
[1] "test set predictions complete"
[1] "elapsed time: 40.8879999999917"
[1] "computing tree strength and correlation"
[1] "strength and correlation complete"
[1] "Evaluating forest 64 of 75"
[1] "training"
[1] "training complete"
[1] "elapsed time: 232.633000000002"
[1] "computing out-of-bag predictions"
[1] "out-of-bag predictions complete"
[1] "elapsed time: 38.648000000001"
[1] "computing predictions on test set"
[1] "test set predictions complete"
[1] "elapsed time: 35.9410000000062"
[1] "computing tree strength and correlation"
[1] "strength and correlation complete"
[1] "Evaluating forest 65 of 75"
[1] "training"
[1] "training complete"
[1] "elapsed time: 6263.47"
[1] "computing out-of-bag predictions"
[1] "out-of-bag predictions complete"
[1] "elapsed time: 26.9410000000062"
[1] "computing predictions on test set"
[1] "test set predictions complete"
[1] "elapsed time: 24.3260000000009"
[1] "computing tree strength and correlation"
[1] "strength and correlation complete"
[1] "Evaluating forest 66 of 75"
[1] "training"
[1] "training complete"
[1] "elapsed time: 47.7979999999952"
[1] "computing out-of-bag predictions"
[1] "out-of-bag predictions complete"
[1] "elapsed time: 50.6699999999983"
[1] "computing predictions on test set"
[1] "test set predictions complete"
[1] "elapsed time: 48.372000000003"
[1] "computing tree strength and correlation"
[1] "strength and correlation complete"
[1] "Evaluating forest 67 of 75"
[1] "training"
[1] "training complete"
[1] "elapsed time: 74.1689999999944"
[1] "computing out-of-bag predictions"
[1] "out-of-bag predictions complete"
[1] "elapsed time: 49.7599999999948"
[1] "computing predictions on test set"
[1] "test set predictions complete"
[1] "elapsed time: 47.0939999999973"
[1] "computing tree strength and correlation"
[1] "strength and correlation complete"
[1] "Evaluating forest 68 of 75"
[1] "training"
[1] "training complete"
[1] "elapsed time: 121.146000000008"
[1] "computing out-of-bag predictions"
[1] "out-of-bag predictions complete"
[1] "elapsed time: 43.8589999999967"
[1] "computing predictions on test set"
[1] "test set predictions complete"
[1] "elapsed time: 41.4259999999922"
[1] "computing tree strength and correlation"
[1] "strength and correlation complete"
[1] "Evaluating forest 69 of 75"
[1] "training"
[1] "training complete"
[1] "elapsed time: 242.041999999987"
[1] "computing out-of-bag predictions"
[1] "out-of-bag predictions complete"
[1] "elapsed time: 37.9860000000044"
[1] "computing predictions on test set"
[1] "test set predictions complete"
[1] "elapsed time: 35.0470000000059"
[1] "computing tree strength and correlation"
[1] "strength and correlation complete"
[1] "Evaluating forest 70 of 75"
[1] "training"
[1] "training complete"
[1] "elapsed time: 6632.29800000001"
[1] "computing out-of-bag predictions"
[1] "out-of-bag predictions complete"
[1] "elapsed time: 27.4630000000034"
[1] "computing predictions on test set"
[1] "test set predictions complete"
[1] "elapsed time: 24.3220000000001"
[1] "computing tree strength and correlation"
[1] "strength and correlation complete"
[1] "Evaluating forest 71 of 75"
[1] "training"
[1] "training complete"
[1] "elapsed time: 50.0650000000023"
[1] "computing out-of-bag predictions"
[1] "out-of-bag predictions complete"
[1] "elapsed time: 54.3010000000068"
[1] "computing predictions on test set"
[1] "test set predictions complete"
[1] "elapsed time: 52.0050000000047"
[1] "computing tree strength and correlation"
[1] "strength and correlation complete"
[1] "Evaluating forest 72 of 75"
[1] "training"
[1] "training complete"
[1] "elapsed time: 75.0200000000041"
[1] "computing out-of-bag predictions"
[1] "out-of-bag predictions complete"
[1] "elapsed time: 51.6800000000076"
[1] "computing predictions on test set"
[1] "test set predictions complete"
[1] "elapsed time: 48.2550000000047"
[1] "computing tree strength and correlation"
[1] "strength and correlation complete"
[1] "Evaluating forest 73 of 75"
[1] "training"
[1] "training complete"
[1] "elapsed time: 124.119999999995"
[1] "computing out-of-bag predictions"
[1] "out-of-bag predictions complete"
[1] "elapsed time: 45.5010000000038"
[1] "computing predictions on test set"
[1] "test set predictions complete"
[1] "elapsed time: 42.4830000000075"
[1] "computing tree strength and correlation"
[1] "strength and correlation complete"
[1] "Evaluating forest 74 of 75"
[1] "training"
[1] "training complete"
[1] "elapsed time: 248.301999999996"
[1] "computing out-of-bag predictions"
[1] "out-of-bag predictions complete"
[1] "elapsed time: 40.0059999999939"
[1] "computing predictions on test set"
[1] "test set predictions complete"
[1] "elapsed time: 37.2540000000008"
[1] "computing tree strength and correlation"
[1] "strength and correlation complete"
[1] "Evaluating forest 75 of 75"
[1] "training"
[1] "training complete"
[1] "elapsed time: 6912.64"
[1] "computing out-of-bag predictions"
[1] "out-of-bag predictions complete"
[1] "elapsed time: 27.4639999999927"
[1] "computing predictions on test set"
[1] "test set predictions complete"
[1] "elapsed time: 24.7329999999929"
[1] "computing tree strength and correlation"
[1] "strength and correlation complete"
[1] "fold 2"
[1] "Evaluating forest 1 of 75"
[1] "training"
[1] "training complete"
[1] "elapsed time: 11.7379999999976"
[1] "computing out-of-bag predictions"
[1] "out-of-bag predictions complete"
[1] "elapsed time: 12.6670000000013"
[1] "computing predictions on test set"
[1] "test set predictions complete"
[1] "elapsed time: 10.0240000000049"
[1] "computing tree strength and correlation"
[1] "strength and correlation complete"
[1] "Evaluating forest 2 of 75"
[1] "training"
[1] "training complete"
[1] "elapsed time: 45.5130000000063"
[1] "computing out-of-bag predictions"
[1] "out-of-bag predictions complete"
[1] "elapsed time: 35.5430000000051"
[1] "computing predictions on test set"
[1] "test set predictions complete"
[1] "elapsed time: 32.8570000000036"
[1] "computing tree strength and correlation"
[1] "strength and correlation complete"
[1] "Evaluating forest 3 of 75"
[1] "training"
[1] "training complete"
[1] "elapsed time: 94.5139999999956"
[1] "computing out-of-bag predictions"
[1] "out-of-bag predictions complete"
[1] "elapsed time: 43.252999999997"
[1] "computing predictions on test set"
[1] "test set predictions complete"
[1] "elapsed time: 41.0270000000019"
[1] "computing tree strength and correlation"
[1] "strength and correlation complete"
[1] "Evaluating forest 4 of 75"
[1] "training"
[1] "training complete"
[1] "elapsed time: 173.442999999999"
[1] "computing out-of-bag predictions"
[1] "out-of-bag predictions complete"
[1] "elapsed time: 40.1970000000001"
[1] "computing predictions on test set"
[1] "test set predictions complete"
[1] "elapsed time: 37.1230000000069"
[1] "computing tree strength and correlation"
[1] "strength and correlation complete"
[1] "Evaluating forest 5 of 75"
[1] "training"
[1] "training complete"
[1] "elapsed time: 4510.59600000001"
[1] "computing out-of-bag predictions"
[1] "out-of-bag predictions complete"
[1] "elapsed time: 31.3689999999915"
[1] "computing predictions on test set"
[1] "test set predictions complete"
[1] "elapsed time: 28.3249999999971"
[1] "computing tree strength and correlation"
[1] "strength and correlation complete"
[1] "Evaluating forest 6 of 75"
[1] "training"
[1] "training complete"
[1] "elapsed time: 32.3260000000009"
[1] "computing out-of-bag predictions"
[1] "out-of-bag predictions complete"
[1] "elapsed time: 32.6030000000028"
[1] "computing predictions on test set"
[1] "test set predictions complete"
[1] "elapsed time: 29.8039999999892"
[1] "computing tree strength and correlation"
[1] "strength and correlation complete"
[1] "Evaluating forest 7 of 75"
[1] "training"
[1] "training complete"
[1] "elapsed time: 69.7250000000058"
[1] "computing out-of-bag predictions"
[1] "out-of-bag predictions complete"
[1] "elapsed time: 45.7119999999995"
[1] "computing predictions on test set"
[1] "test set predictions complete"
[1] "elapsed time: 42.8380000000034"
[1] "computing tree strength and correlation"
[1] "strength and correlation complete"
[1] "Evaluating forest 8 of 75"
[1] "training"
[1] "training complete"
[1] "elapsed time: 113.633000000002"
[1] "computing out-of-bag predictions"
[1] "out-of-bag predictions complete"
[1] "elapsed time: 43.843000000008"
[1] "computing predictions on test set"
[1] "test set predictions complete"
[1] "elapsed time: 40.5140000000101"
[1] "computing tree strength and correlation"
[1] "strength and correlation complete"
[1] "Evaluating forest 9 of 75"
[1] "training"
[1] "training complete"
[1] "elapsed time: 219.02399999999"
[1] "computing out-of-bag predictions"
[1] "out-of-bag predictions complete"
[1] "elapsed time: 39.596000000005"
[1] "computing predictions on test set"
[1] "test set predictions complete"
[1] "elapsed time: 36.2899999999936"
[1] "computing tree strength and correlation"
[1] "strength and correlation complete"
[1] "Evaluating forest 10 of 75"
[1] "training"
[1] "training complete"
[1] "elapsed time: 5863.685"
[1] "computing out-of-bag predictions"
[1] "out-of-bag predictions complete"
[1] "elapsed time: 28.5400000000081"
[1] "computing predictions on test set"
[1] "test set predictions complete"
[1] "elapsed time: 25.8070000000007"
[1] "computing tree strength and correlation"
[1] "strength and correlation complete"
[1] "Evaluating forest 11 of 75"
[1] "training"
[1] "training complete"
[1] "elapsed time: 43.3800000000047"
[1] "computing out-of-bag predictions"
[1] "out-of-bag predictions complete"
[1] "elapsed time: 44.4550000000017"
[1] "computing predictions on test set"
[1] "test set predictions complete"
[1] "elapsed time: 41.3509999999951"
[1] "computing tree strength and correlation"
[1] "strength and correlation complete"
[1] "Evaluating forest 12 of 75"
[1] "training"
[1] "training complete"
[1] "elapsed time: 73.372000000003"
[1] "computing out-of-bag predictions"
[1] "out-of-bag predictions complete"
[1] "elapsed time: 48.0159999999887"
[1] "computing predictions on test set"
[1] "test set predictions complete"
[1] "elapsed time: 45.2550000000047"
[1] "computing tree strength and correlation"
[1] "strength and correlation complete"
[1] "Evaluating forest 13 of 75"
[1] "training"
[1] "training complete"
[1] "elapsed time: 119.789000000004"
[1] "computing out-of-bag predictions"
[1] "out-of-bag predictions complete"
[1] "elapsed time: 42.7130000000034"
[1] "computing predictions on test set"
[1] "test set predictions complete"
[1] "elapsed time: 39.5669999999955"
[1] "computing tree strength and correlation"
[1] "strength and correlation complete"
[1] "Evaluating forest 14 of 75"
[1] "training"
[1] "training complete"
[1] "elapsed time: 239.388000000006"
[1] "computing out-of-bag predictions"
[1] "out-of-bag predictions complete"
[1] "elapsed time: 38.8589999999967"
[1] "computing predictions on test set"
[1] "test set predictions complete"
[1] "elapsed time: 35.583999999988"
[1] "computing tree strength and correlation"
[1] "strength and correlation complete"
[1] "Evaluating forest 15 of 75"
[1] "training"
[1] "training complete"
[1] "elapsed time: 6508.826"
[1] "computing out-of-bag predictions"
[1] "out-of-bag predictions complete"
[1] "elapsed time: 27.9780000000028"
[1] "computing predictions on test set"
[1] "test set predictions complete"
[1] "elapsed time: 26.4979999999923"
[1] "computing tree strength and correlation"
[1] "strength and correlation complete"
[1] "Evaluating forest 16 of 75"
[1] "training"
[1] "training complete"
[1] "elapsed time: 48.2890000000043"
[1] "computing out-of-bag predictions"
[1] "out-of-bag predictions complete"
[1] "elapsed time: 52.2779999999912"
[1] "computing predictions on test set"
[1] "test set predictions complete"
[1] "elapsed time: 49.8849999999948"
[1] "computing tree strength and correlation"
[1] "strength and correlation complete"
[1] "Evaluating forest 17 of 75"
[1] "training"
[1] "training complete"
[1] "elapsed time: 74.7200000000012"
[1] "computing out-of-bag predictions"
[1] "out-of-bag predictions complete"
[1] "elapsed time: 49.7860000000073"
[1] "computing predictions on test set"
[1] "test set predictions complete"
[1] "elapsed time: 47.2280000000028"
[1] "computing tree strength and correlation"
[1] "strength and correlation complete"
[1] "Evaluating forest 18 of 75"
[1] "training"
[1] "training complete"
[1] "elapsed time: 122.603000000003"
[1] "computing out-of-bag predictions"
[1] "out-of-bag predictions complete"
[1] "elapsed time: 44.7259999999951"
[1] "computing predictions on test set"
[1] "test set predictions complete"
[1] "elapsed time: 41.9700000000012"
[1] "computing tree strength and correlation"
[1] "strength and correlation complete"
[1] "Evaluating forest 19 of 75"
[1] "training"
[1] "training complete"
[1] "elapsed time: 248.279999999999"
[1] "computing out-of-bag predictions"
[1] "out-of-bag predictions complete"
[1] "elapsed time: 38.781999999992"
[1] "computing predictions on test set"
[1] "test set predictions complete"
[1] "elapsed time: 35.8769999999931"
[1] "computing tree strength and correlation"
[1] "strength and correlation complete"
[1] "Evaluating forest 20 of 75"
[1] "training"
[1] "training complete"
[1] "elapsed time: 6849.80199999998"
[1] "computing out-of-bag predictions"
[1] "out-of-bag predictions complete"
[1] "elapsed time: 27.9980000000214"
[1] "computing predictions on test set"
[1] "test set predictions complete"
[1] "elapsed time: 25.3169999999809"
[1] "computing tree strength and correlation"
[1] "strength and correlation complete"
[1] "Evaluating forest 21 of 75"
[1] "training"
[1] "training complete"
[1] "elapsed time: 50.752999999997"
[1] "computing out-of-bag predictions"
[1] "out-of-bag predictions complete"
[1] "elapsed time: 54.3399999999965"
[1] "computing predictions on test set"
[1] "test set predictions complete"
[1] "elapsed time: 51.8070000000007"
[1] "computing tree strength and correlation"
[1] "strength and correlation complete"
[1] "Evaluating forest 22 of 75"
[1] "training"
[1] "training complete"
[1] "elapsed time: 74.8310000000056"
[1] "computing out-of-bag predictions"
[1] "out-of-bag predictions complete"
[1] "elapsed time: 50.3989999999758"
[1] "computing predictions on test set"
[1] "test set predictions complete"
[1] "elapsed time: 47.9919999999984"
[1] "computing tree strength and correlation"
[1] "strength and correlation complete"
[1] "Evaluating forest 23 of 75"
[1] "training"
[1] "training complete"
[1] "elapsed time: 126.720000000001"
[1] "computing out-of-bag predictions"
[1] "out-of-bag predictions complete"
[1] "elapsed time: 44.4030000000203"
[1] "computing predictions on test set"
[1] "test set predictions complete"
[1] "elapsed time: 41.0780000000086"
[1] "computing tree strength and correlation"
[1] "strength and correlation complete"
[1] "Evaluating forest 24 of 75"
[1] "training"
[1] "training complete"
[1] "elapsed time: 255.073000000004"
[1] "computing out-of-bag predictions"
[1] "out-of-bag predictions complete"
[1] "elapsed time: 39.3929999999818"
[1] "computing predictions on test set"
[1] "test set predictions complete"
[1] "elapsed time: 36.2520000000077"
[1] "computing tree strength and correlation"
[1] "strength and correlation complete"
[1] "Evaluating forest 25 of 75"
[1] "training"
[1] "training complete"
[1] "elapsed time: 7205.11799999999"
[1] "computing out-of-bag predictions"
[1] "out-of-bag predictions complete"
[1] "elapsed time: 28.1639999999898"
[1] "computing predictions on test set"
[1] "test set predictions complete"
[1] "elapsed time: 26.4719999999797"
[1] "computing tree strength and correlation"
[1] "strength and correlation complete"
[1] "Evaluating forest 26 of 75"
[1] "training"
[1] "training complete"
[1] "elapsed time: 11.7510000000184"
[1] "computing out-of-bag predictions"
[1] "out-of-bag predictions complete"
[1] "elapsed time: 13.2519999999786"
[1] "computing predictions on test set"
[1] "test set predictions complete"
[1] "elapsed time: 10.4010000000126"
[1] "computing tree strength and correlation"
[1] "strength and correlation complete"
[1] "Evaluating forest 27 of 75"
[1] "training"
[1] "training complete"
[1] "elapsed time: 45.0620000000054"
[1] "computing out-of-bag predictions"
[1] "out-of-bag predictions complete"
[1] "elapsed time: 35.6480000000156"
[1] "computing predictions on test set"
[1] "test set predictions complete"
[1] "elapsed time: 32.8740000000107"
[1] "computing tree strength and correlation"
[1] "strength and correlation complete"
[1] "Evaluating forest 28 of 75"
[1] "training"
[1] "training complete"
[1] "elapsed time: 95.5739999999932"
[1] "computing out-of-bag predictions"
[1] "out-of-bag predictions complete"
[1] "elapsed time: 44.335000000021"
[1] "computing predictions on test set"
[1] "test set predictions complete"
[1] "elapsed time: 41.5130000000063"
[1] "computing tree strength and correlation"
[1] "strength and correlation complete"
[1] "Evaluating forest 29 of 75"
[1] "training"
[1] "training complete"
[1] "elapsed time: 173.915000000008"
[1] "computing out-of-bag predictions"
[1] "out-of-bag predictions complete"
[1] "elapsed time: 40.8519999999844"
[1] "computing predictions on test set"
[1] "test set predictions complete"
[1] "elapsed time: 38.1970000000147"
[1] "computing tree strength and correlation"
[1] "strength and correlation complete"
[1] "Evaluating forest 30 of 75"
[1] "training"
[1] "training complete"
[1] "elapsed time: 4403.87"
[1] "computing out-of-bag predictions"
[1] "out-of-bag predictions complete"
[1] "elapsed time: 29.9950000000244"
[1] "computing predictions on test set"
[1] "test set predictions complete"
[1] "elapsed time: 26.9029999999912"
[1] "computing tree strength and correlation"
[1] "strength and correlation complete"
[1] "Evaluating forest 31 of 75"
[1] "training"
[1] "training complete"
[1] "elapsed time: 32.0709999999963"
[1] "computing out-of-bag predictions"
[1] "out-of-bag predictions complete"
[1] "elapsed time: 31.8819999999832"
[1] "computing predictions on test set"
[1] "test set predictions complete"
[1] "elapsed time: 29.051999999996"
[1] "computing tree strength and correlation"
[1] "strength and correlation complete"
[1] "Evaluating forest 32 of 75"
[1] "training"
[1] "training complete"
[1] "elapsed time: 69.4250000000175"
[1] "computing out-of-bag predictions"
[1] "out-of-bag predictions complete"
[1] "elapsed time: 45.9009999999835"
[1] "computing predictions on test set"
[1] "test set predictions complete"
[1] "elapsed time: 43.792999999976"
[1] "computing tree strength and correlation"
[1] "strength and correlation complete"
[1] "Evaluating forest 33 of 75"
[1] "training"
[1] "training complete"
[1] "elapsed time: 113.584999999992"
[1] "computing out-of-bag predictions"
[1] "out-of-bag predictions complete"
[1] "elapsed time: 44.1080000000075"
[1] "computing predictions on test set"
[1] "test set predictions complete"
[1] "elapsed time: 41.2220000000088"
[1] "computing tree strength and correlation"
[1] "strength and correlation complete"
[1] "Evaluating forest 34 of 75"
[1] "training"
[1] "training complete"
[1] "elapsed time: 217.839999999997"
[1] "computing out-of-bag predictions"
[1] "out-of-bag predictions complete"
[1] "elapsed time: 39.5070000000123"
[1] "computing predictions on test set"
[1] "test set predictions complete"
[1] "elapsed time: 36.6730000000098"
[1] "computing tree strength and correlation"
[1] "strength and correlation complete"
[1] "Evaluating forest 35 of 75"
[1] "training"
[1] "training complete"
[1] "elapsed time: 5786.41399999999"
[1] "computing out-of-bag predictions"
[1] "out-of-bag predictions complete"
[1] "elapsed time: 28.1030000000028"
[1] "computing predictions on test set"
[1] "test set predictions complete"
[1] "elapsed time: 25.2239999999874"
[1] "computing tree strength and correlation"
[1] "strength and correlation complete"
[1] "Evaluating forest 36 of 75"
[1] "training"
[1] "training complete"
[1] "elapsed time: 43.4880000000121"
[1] "computing out-of-bag predictions"
[1] "out-of-bag predictions complete"
[1] "elapsed time: 45.0669999999809"
[1] "computing predictions on test set"
[1] "test set predictions complete"
[1] "elapsed time: 41.7930000000051"
[1] "computing tree strength and correlation"
[1] "strength and correlation complete"
[1] "Evaluating forest 37 of 75"
[1] "training"
[1] "training complete"
[1] "elapsed time: 73.5679999999993"
[1] "computing out-of-bag predictions"
[1] "out-of-bag predictions complete"
[1] "elapsed time: 48.3120000000054"
[1] "computing predictions on test set"
[1] "test set predictions complete"
[1] "elapsed time: 45.4750000000058"
[1] "computing tree strength and correlation"
[1] "strength and correlation complete"
[1] "Evaluating forest 38 of 75"
[1] "training"
[1] "training complete"
[1] "elapsed time: 118.741999999998"
[1] "computing out-of-bag predictions"
[1] "out-of-bag predictions complete"
[1] "elapsed time: 43.3589999999967"
[1] "computing predictions on test set"
[1] "test set predictions complete"
[1] "elapsed time: 40.6160000000091"
[1] "computing tree strength and correlation"
[1] "strength and correlation complete"
[1] "Evaluating forest 39 of 75"
[1] "training"
[1] "training complete"
[1] "elapsed time: 235.973999999987"
[1] "computing out-of-bag predictions"
[1] "out-of-bag predictions complete"
[1] "elapsed time: 38.6240000000107"
[1] "computing predictions on test set"
[1] "test set predictions complete"
[1] "elapsed time: 35.3609999999753"
[1] "computing tree strength and correlation"
[1] "strength and correlation complete"
[1] "Evaluating forest 40 of 75"
[1] "training"
[1] "training complete"
[1] "elapsed time: 6415.04399999999"
[1] "computing out-of-bag predictions"
[1] "out-of-bag predictions complete"
[1] "elapsed time: 27.8569999999891"
[1] "computing predictions on test set"
[1] "test set predictions complete"
[1] "elapsed time: 24.877999999997"
[1] "computing tree strength and correlation"
[1] "strength and correlation complete"
[1] "Evaluating forest 41 of 75"
[1] "training"
[1] "training complete"
[1] "elapsed time: 47.8999999999942"
[1] "computing out-of-bag predictions"
[1] "out-of-bag predictions complete"
[1] "elapsed time: 51.6039999999921"
[1] "computing predictions on test set"
[1] "test set predictions complete"
[1] "elapsed time: 48.6560000000172"
[1] "computing tree strength and correlation"
[1] "strength and correlation complete"
[1] "Evaluating forest 42 of 75"
[1] "training"
[1] "training complete"
[1] "elapsed time: 74.6969999999856"
[1] "computing out-of-bag predictions"
[1] "out-of-bag predictions complete"
[1] "elapsed time: 49.8020000000251"
[1] "computing predictions on test set"
[1] "test set predictions complete"
[1] "elapsed time: 47.4670000000042"
[1] "computing tree strength and correlation"
[1] "strength and correlation complete"
[1] "Evaluating forest 43 of 75"
[1] "training"
[1] "training complete"
[1] "elapsed time: 122.927000000025"
[1] "computing out-of-bag predictions"
[1] "out-of-bag predictions complete"
[1] "elapsed time: 43.5370000000112"
[1] "computing predictions on test set"
[1] "test set predictions complete"
[1] "elapsed time: 40.5290000000095"
[1] "computing tree strength and correlation"
[1] "strength and correlation complete"
[1] "Evaluating forest 44 of 75"
[1] "training"
[1] "training complete"
[1] "elapsed time: 245.128999999986"
[1] "computing out-of-bag predictions"
[1] "out-of-bag predictions complete"
[1] "elapsed time: 38.5249999999942"
[1] "computing predictions on test set"
[1] "test set predictions complete"
[1] "elapsed time: 35.6600000000035"
[1] "computing tree strength and correlation"
[1] "strength and correlation complete"
[1] "Evaluating forest 45 of 75"
[1] "training"
[1] "training complete"
[1] "elapsed time: 6769.14300000001"
[1] "computing out-of-bag predictions"
[1] "out-of-bag predictions complete"
[1] "elapsed time: 27.9150000000081"
[1] "computing predictions on test set"
[1] "test set predictions complete"
[1] "elapsed time: 24.7699999999895"
[1] "computing tree strength and correlation"
[1] "strength and correlation complete"
[1] "Evaluating forest 46 of 75"
[1] "training"
[1] "training complete"
[1] "elapsed time: 50.4320000000007"
[1] "computing out-of-bag predictions"
[1] "out-of-bag predictions complete"
[1] "elapsed time: 55.6339999999909"
[1] "computing predictions on test set"
[1] "test set predictions complete"
[1] "elapsed time: 52.9819999999891"
[1] "computing tree strength and correlation"
[1] "strength and correlation complete"
[1] "Evaluating forest 47 of 75"
[1] "training"
[1] "training complete"
[1] "elapsed time: 75.3270000000193"
[1] "computing out-of-bag predictions"
[1] "out-of-bag predictions complete"
[1] "elapsed time: 49.7779999999912"
[1] "computing predictions on test set"
[1] "test set predictions complete"
[1] "elapsed time: 47.1339999999909"
[1] "computing tree strength and correlation"
[1] "strength and correlation complete"
[1] "Evaluating forest 48 of 75"
[1] "training"
[1] "training complete"
[1] "elapsed time: 125.051999999996"
[1] "computing out-of-bag predictions"
[1] "out-of-bag predictions complete"
[1] "elapsed time: 42.801999999996"
[1] "computing predictions on test set"
[1] "test set predictions complete"
[1] "elapsed time: 40.0009999999893"
[1] "computing tree strength and correlation"
[1] "strength and correlation complete"
[1] "Evaluating forest 49 of 75"
[1] "training"
[1] "training complete"
[1] "elapsed time: 252.69200000001"
[1] "computing out-of-bag predictions"
[1] "out-of-bag predictions complete"
[1] "elapsed time: 40.2229999999981"
[1] "computing predictions on test set"
[1] "test set predictions complete"
[1] "elapsed time: 37.1070000000182"
[1] "computing tree strength and correlation"
[1] "strength and correlation complete"
[1] "Evaluating forest 50 of 75"
[1] "training"
[1] "training complete"
[1] "elapsed time: 7065.63999999998"
[1] "computing out-of-bag predictions"
[1] "out-of-bag predictions complete"
[1] "elapsed time: 28.2130000000179"
[1] "computing predictions on test set"
[1] "test set predictions complete"
[1] "elapsed time: 25.0190000000002"
[1] "computing tree strength and correlation"
[1] "strength and correlation complete"
[1] "Evaluating forest 51 of 75"
[1] "training"
[1] "training complete"
[1] "elapsed time: 11.6570000000065"
[1] "computing out-of-bag predictions"
[1] "out-of-bag predictions complete"
[1] "elapsed time: 13.25"
[1] "computing predictions on test set"
[1] "test set predictions complete"
[1] "elapsed time: 10.4729999999981"
[1] "computing tree strength and correlation"
[1] "strength and correlation complete"
[1] "Evaluating forest 52 of 75"
[1] "training"
[1] "training complete"
[1] "elapsed time: 45.1559999999881"
[1] "computing out-of-bag predictions"
[1] "out-of-bag predictions complete"
[1] "elapsed time: 35.5840000000026"
[1] "computing predictions on test set"
[1] "test set predictions complete"
[1] "elapsed time: 32.7060000000056"
[1] "computing tree strength and correlation"
[1] "strength and correlation complete"
[1] "Evaluating forest 53 of 75"
[1] "training"
[1] "training complete"
[1] "elapsed time: 94.1670000000158"
[1] "computing out-of-bag predictions"
[1] "out-of-bag predictions complete"
[1] "elapsed time: 43.6969999999856"
[1] "computing predictions on test set"
[1] "test set predictions complete"
[1] "elapsed time: 41.1180000000168"
[1] "computing tree strength and correlation"
[1] "strength and correlation complete"
[1] "Evaluating forest 54 of 75"
[1] "training"
[1] "training complete"
[1] "elapsed time: 172.978000000003"
[1] "computing out-of-bag predictions"
[1] "out-of-bag predictions complete"
[1] "elapsed time: 40.5859999999811"
[1] "computing predictions on test set"
[1] "test set predictions complete"
[1] "elapsed time: 37.9189999999944"
[1] "computing tree strength and correlation"
[1] "strength and correlation complete"
[1] "Evaluating forest 55 of 75"
[1] "training"
[1] "training complete"
[1] "elapsed time: 4359.815"
[1] "computing out-of-bag predictions"
[1] "out-of-bag predictions complete"
[1] "elapsed time: 29.5989999999874"
[1] "computing predictions on test set"
[1] "test set predictions complete"
[1] "elapsed time: 26.6069999999891"
[1] "computing tree strength and correlation"
[1] "strength and correlation complete"
[1] "Evaluating forest 56 of 75"
[1] "training"
[1] "training complete"
[1] "elapsed time: 31.9819999999891"
[1] "computing out-of-bag predictions"
[1] "out-of-bag predictions complete"
[1] "elapsed time: 32.7779999999912"
[1] "computing predictions on test set"
[1] "test set predictions complete"
[1] "elapsed time: 30.0340000000142"
[1] "computing tree strength and correlation"
[1] "strength and correlation complete"
[1] "Evaluating forest 57 of 75"
[1] "training"
[1] "training complete"
[1] "elapsed time: 69.234999999986"
[1] "computing out-of-bag predictions"
[1] "out-of-bag predictions complete"
[1] "elapsed time: 45.9739999999874"
[1] "computing predictions on test set"
[1] "test set predictions complete"
[1] "elapsed time: 43.1309999999939"
[1] "computing tree strength and correlation"
[1] "strength and correlation complete"
[1] "Evaluating forest 58 of 75"
[1] "training"
[1] "training complete"
[1] "elapsed time: 112.551000000007"
[1] "computing out-of-bag predictions"
[1] "out-of-bag predictions complete"
[1] "elapsed time: 43.6309999999939"
[1] "computing predictions on test set"
[1] "test set predictions complete"
[1] "elapsed time: 40.862999999983"
[1] "computing tree strength and correlation"
[1] "strength and correlation complete"
[1] "Evaluating forest 59 of 75"
[1] "training"
[1] "training complete"
[1] "elapsed time: 217.048999999999"
[1] "computing out-of-bag predictions"
[1] "out-of-bag predictions complete"
[1] "elapsed time: 39.4419999999809"
[1] "computing predictions on test set"
[1] "test set predictions complete"
[1] "elapsed time: 36.3679999999877"
[1] "computing tree strength and correlation"
[1] "strength and correlation complete"
[1] "Evaluating forest 60 of 75"
[1] "training"
[1] "training complete"
[1] "elapsed time: 5714.61800000002"
[1] "computing out-of-bag predictions"
[1] "out-of-bag predictions complete"
[1] "elapsed time: 27.676999999996"
[1] "computing predictions on test set"
[1] "test set predictions complete"
[1] "elapsed time: 24.93299999999"
[1] "computing tree strength and correlation"
[1] "strength and correlation complete"
[1] "Evaluating forest 61 of 75"
[1] "training"
[1] "training complete"
[1] "elapsed time: 43.3810000000231"
[1] "computing out-of-bag predictions"
[1] "out-of-bag predictions complete"
[1] "elapsed time: 45.2269999999844"
[1] "computing predictions on test set"
[1] "test set predictions complete"
[1] "elapsed time: 42.4290000000037"
[1] "computing tree strength and correlation"
[1] "strength and correlation complete"
[1] "Evaluating forest 62 of 75"
[1] "training"
[1] "training complete"
[1] "elapsed time: 73.0970000000088"
[1] "computing out-of-bag predictions"
[1] "out-of-bag predictions complete"
[1] "elapsed time: 49.2399999999907"
[1] "computing predictions on test set"
[1] "test set predictions complete"
[1] "elapsed time: 46.2960000000021"
[1] "computing tree strength and correlation"
[1] "strength and correlation complete"
[1] "Evaluating forest 63 of 75"
[1] "training"
[1] "training complete"
[1] "elapsed time: 117.469000000012"
[1] "computing out-of-bag predictions"
[1] "out-of-bag predictions complete"
[1] "elapsed time: 44.3910000000033"
[1] "computing predictions on test set"
[1] "test set predictions complete"
[1] "elapsed time: 41.8419999999751"
[1] "computing tree strength and correlation"
[1] "strength and correlation complete"
[1] "Evaluating forest 64 of 75"
[1] "training"
[1] "training complete"
[1] "elapsed time: 232.322000000015"
[1] "computing out-of-bag predictions"
[1] "out-of-bag predictions complete"
[1] "elapsed time: 39.1839999999793"
[1] "computing predictions on test set"
[1] "test set predictions complete"
[1] "elapsed time: 36.0869999999995"
[1] "computing tree strength and correlation"
[1] "strength and correlation complete"
[1] "Evaluating forest 65 of 75"
[1] "training"
[1] "training complete"
[1] "elapsed time: 6271.52800000002"
[1] "computing out-of-bag predictions"
[1] "out-of-bag predictions complete"
[1] "elapsed time: 27.1619999999821"
[1] "computing predictions on test set"
[1] "test set predictions complete"
[1] "elapsed time: 24.1600000000035"
[1] "computing tree strength and correlation"
[1] "strength and correlation complete"
[1] "Evaluating forest 66 of 75"
[1] "training"
[1] "training complete"
[1] "elapsed time: 48.0169999999925"
[1] "computing out-of-bag predictions"
[1] "out-of-bag predictions complete"
[1] "elapsed time: 50.7640000000247"
[1] "computing predictions on test set"
[1] "test set predictions complete"
[1] "elapsed time: 47.9519999999902"
[1] "computing tree strength and correlation"
[1] "strength and correlation complete"
[1] "Evaluating forest 67 of 75"
[1] "training"
[1] "training complete"
[1] "elapsed time: 73.5610000000161"
[1] "computing out-of-bag predictions"
[1] "out-of-bag predictions complete"
[1] "elapsed time: 49.359999999986"
[1] "computing predictions on test set"
[1] "test set predictions complete"
[1] "elapsed time: 47.0690000000177"
[1] "computing tree strength and correlation"
[1] "strength and correlation complete"
[1] "Evaluating forest 68 of 75"
[1] "training"
[1] "training complete"
[1] "elapsed time: 120.838000000018"
[1] "computing out-of-bag predictions"
[1] "out-of-bag predictions complete"
[1] "elapsed time: 44.1179999999877"
[1] "computing predictions on test set"
[1] "test set predictions complete"
[1] "elapsed time: 41.301999999996"
[1] "computing tree strength and correlation"
[1] "strength and correlation complete"
[1] "Evaluating forest 69 of 75"
[1] "training"
[1] "training complete"
[1] "elapsed time: 242.130000000005"
[1] "computing out-of-bag predictions"
[1] "out-of-bag predictions complete"
[1] "elapsed time: 38.2350000000151"
[1] "computing predictions on test set"
[1] "test set predictions complete"
[1] "elapsed time: 35.2020000000193"
[1] "computing tree strength and correlation"
[1] "strength and correlation complete"
[1] "Evaluating forest 70 of 75"
[1] "training"
[1] "training complete"
[1] "elapsed time: 6702.83299999998"
[1] "computing out-of-bag predictions"
[1] "out-of-bag predictions complete"
[1] "elapsed time: 27.3789999999863"
[1] "computing predictions on test set"
[1] "test set predictions complete"
[1] "elapsed time: 25.3950000000186"
[1] "computing tree strength and correlation"
[1] "strength and correlation complete"
[1] "Evaluating forest 71 of 75"
[1] "training"
[1] "training complete"
[1] "elapsed time: 50.5249999999942"
[1] "computing out-of-bag predictions"
[1] "out-of-bag predictions complete"
[1] "elapsed time: 55.2340000000258"
[1] "computing predictions on test set"
[1] "test set predictions complete"
[1] "elapsed time: 51.9649999999965"
[1] "computing tree strength and correlation"
[1] "strength and correlation complete"
[1] "Evaluating forest 72 of 75"
[1] "training"
[1] "training complete"
[1] "elapsed time: 74.9159999999974"
[1] "computing out-of-bag predictions"
[1] "out-of-bag predictions complete"
[1] "elapsed time: 50.43299999999"
[1] "computing predictions on test set"
[1] "test set predictions complete"
[1] "elapsed time: 47.9930000000168"
[1] "computing tree strength and correlation"
[1] "strength and correlation complete"
[1] "Evaluating forest 73 of 75"
[1] "training"
[1] "training complete"
[1] "elapsed time: 123.497999999992"
[1] "computing out-of-bag predictions"
[1] "out-of-bag predictions complete"
[1] "elapsed time: 43.7109999999811"
[1] "computing predictions on test set"
[1] "test set predictions complete"
[1] "elapsed time: 40.9649999999965"
[1] "computing tree strength and correlation"
[1] "strength and correlation complete"
[1] "Evaluating forest 74 of 75"
[1] "training"
[1] "training complete"
[1] "elapsed time: 248.138000000006"
[1] "computing out-of-bag predictions"
[1] "out-of-bag predictions complete"
[1] "elapsed time: 39.8509999999951"
[1] "computing predictions on test set"
[1] "test set predictions complete"
[1] "elapsed time: 36.7609999999986"
[1] "computing tree strength and correlation"
[1] "strength and correlation complete"
[1] "Evaluating forest 75 of 75"
[1] "training"
[1] "training complete"
[1] "elapsed time: 6895.18299999999"
[1] "computing out-of-bag predictions"
[1] "out-of-bag predictions complete"
[1] "elapsed time: 27.7360000000044"
[1] "computing predictions on test set"
[1] "test set predictions complete"
[1] "elapsed time: 24.5970000000088"
[1] "computing tree strength and correlation"
[1] "strength and correlation complete"
[1] "fold 3"
[1] "Evaluating forest 1 of 75"
[1] "training"
[1] "training complete"
[1] "elapsed time: 11.6909999999916"
[1] "computing out-of-bag predictions"
[1] "out-of-bag predictions complete"
[1] "elapsed time: 12.5169999999925"
[1] "computing predictions on test set"
[1] "test set predictions complete"
[1] "elapsed time: 9.93000000002212"
[1] "computing tree strength and correlation"
[1] "strength and correlation complete"
[1] "Evaluating forest 2 of 75"
[1] "training"
[1] "training complete"
[1] "elapsed time: 45.5059999999939"
[1] "computing out-of-bag predictions"
[1] "out-of-bag predictions complete"
[1] "elapsed time: 35.8489999999874"
[1] "computing predictions on test set"
[1] "test set predictions complete"
[1] "elapsed time: 32.8249999999825"
[1] "computing tree strength and correlation"
[1] "strength and correlation complete"
[1] "Evaluating forest 3 of 75"
[1] "training"
[1] "training complete"
[1] "elapsed time: 95.3470000000088"
[1] "computing out-of-bag predictions"
[1] "out-of-bag predictions complete"
[1] "elapsed time: 43.8159999999916"
[1] "computing predictions on test set"
[1] "test set predictions complete"
[1] "elapsed time: 41.0979999999981"
[1] "computing tree strength and correlation"
[1] "strength and correlation complete"
[1] "Evaluating forest 4 of 75"
[1] "training"
[1] "training complete"
[1] "elapsed time: 174.001000000018"
[1] "computing out-of-bag predictions"
[1] "out-of-bag predictions complete"
[1] "elapsed time: 40.426999999996"
[1] "computing predictions on test set"
[1] "test set predictions complete"
[1] "elapsed time: 37.3139999999839"
[1] "computing tree strength and correlation"
[1] "strength and correlation complete"
[1] "Evaluating forest 5 of 75"
[1] "training"
[1] "training complete"
[1] "elapsed time: 4496.77900000001"
[1] "computing out-of-bag predictions"
[1] "out-of-bag predictions complete"
[1] "elapsed time: 31.5910000000149"
[1] "computing predictions on test set"
[1] "test set predictions complete"
[1] "elapsed time: 28.2049999999872"
[1] "computing tree strength and correlation"
[1] "strength and correlation complete"
[1] "Evaluating forest 6 of 75"
[1] "training"
[1] "training complete"
[1] "elapsed time: 32.2819999999774"
[1] "computing out-of-bag predictions"
[1] "out-of-bag predictions complete"
[1] "elapsed time: 32.6539999999804"
[1] "computing predictions on test set"
[1] "test set predictions complete"
[1] "elapsed time: 29.7410000000091"
[1] "computing tree strength and correlation"
[1] "strength and correlation complete"
[1] "Evaluating forest 7 of 75"
[1] "training"
[1] "training complete"
[1] "elapsed time: 69.19200000001"
[1] "computing out-of-bag predictions"
[1] "out-of-bag predictions complete"
[1] "elapsed time: 45.6940000000177"
[1] "computing predictions on test set"
[1] "test set predictions complete"
[1] "elapsed time: 42.6909999999916"
[1] "computing tree strength and correlation"
[1] "strength and correlation complete"
[1] "Evaluating forest 8 of 75"
[1] "training"
[1] "training complete"
[1] "elapsed time: 113.737999999983"
[1] "computing out-of-bag predictions"
[1] "out-of-bag predictions complete"
[1] "elapsed time: 43.4750000000058"
[1] "computing predictions on test set"
[1] "test set predictions complete"
[1] "elapsed time: 40.5529999999853"
[1] "computing tree strength and correlation"
[1] "strength and correlation complete"
[1] "Evaluating forest 9 of 75"
[1] "training"
[1] "training complete"
[1] "elapsed time: 218.169000000024"
[1] "computing out-of-bag predictions"
[1] "out-of-bag predictions complete"
[1] "elapsed time: 38.6509999999835"
[1] "computing predictions on test set"
[1] "test set predictions complete"
[1] "elapsed time: 35.7200000000012"
[1] "computing tree strength and correlation"
[1] "strength and correlation complete"
[1] "Evaluating forest 10 of 75"
[1] "training"
[1] "training complete"
[1] "elapsed time: 5867.47899999999"
[1] "computing out-of-bag predictions"
[1] "out-of-bag predictions complete"
[1] "elapsed time: 29.375"
[1] "computing predictions on test set"
[1] "test set predictions complete"
[1] "elapsed time: 26.6389999999956"
[1] "computing tree strength and correlation"
[1] "strength and correlation complete"
[1] "Evaluating forest 11 of 75"
[1] "training"
[1] "training complete"
[1] "elapsed time: 43.2559999999939"
[1] "computing out-of-bag predictions"
[1] "out-of-bag predictions complete"
[1] "elapsed time: 43.804999999993"
[1] "computing predictions on test set"
[1] "test set predictions complete"
[1] "elapsed time: 41.2630000000063"
[1] "computing tree strength and correlation"
[1] "strength and correlation complete"
[1] "Evaluating forest 12 of 75"
[1] "training"
[1] "training complete"
[1] "elapsed time: 73.7219999999797"
[1] "computing out-of-bag predictions"
[1] "out-of-bag predictions complete"
[1] "elapsed time: 47.4410000000207"
[1] "computing predictions on test set"
[1] "test set predictions complete"
[1] "elapsed time: 44.4669999999751"
[1] "computing tree strength and correlation"
[1] "strength and correlation complete"
[1] "Evaluating forest 13 of 75"
[1] "training"
[1] "training complete"
[1] "elapsed time: 138.578999999998"
[1] "computing out-of-bag predictions"
[1] "out-of-bag predictions complete"
[1] "elapsed time: 42.6749999999884"
[1] "computing predictions on test set"
[1] "test set predictions complete"
[1] "elapsed time: 39.3010000000068"
[1] "computing tree strength and correlation"
[1] "strength and correlation complete"
[1] "Evaluating forest 14 of 75"
[1] "training"
[1] "training complete"
[1] "elapsed time: 238.636999999988"
[1] "computing out-of-bag predictions"
[1] "out-of-bag predictions complete"
[1] "elapsed time: 39.9500000000116"
[1] "computing predictions on test set"
[1] "test set predictions complete"
[1] "elapsed time: 36.5589999999793"
[1] "computing tree strength and correlation"
[1] "strength and correlation complete"
[1] "Evaluating forest 15 of 75"
[1] "training"
[1] "training complete"
[1] "elapsed time: 6514.67600000001"
[1] "computing out-of-bag predictions"
[1] "out-of-bag predictions complete"
[1] "elapsed time: 28.2770000000019"
[1] "computing predictions on test set"
[1] "test set predictions complete"
[1] "elapsed time: 26.1570000000065"
[1] "computing tree strength and correlation"
[1] "strength and correlation complete"
[1] "Evaluating forest 16 of 75"
[1] "training"
[1] "training complete"
[1] "elapsed time: 48.3340000000026"
[1] "computing out-of-bag predictions"
[1] "out-of-bag predictions complete"
[1] "elapsed time: 51.9919999999984"
[1] "computing predictions on test set"
[1] "test set predictions complete"
[1] "elapsed time: 49.1570000000065"
[1] "computing tree strength and correlation"
[1] "strength and correlation complete"
[1] "Evaluating forest 17 of 75"
[1] "training"
[1] "training complete"
[1] "elapsed time: 74.7580000000016"
[1] "computing out-of-bag predictions"
[1] "out-of-bag predictions complete"
[1] "elapsed time: 48.7609999999986"
[1] "computing predictions on test set"
[1] "test set predictions complete"
[1] "elapsed time: 46.5829999999842"
[1] "computing tree strength and correlation"
[1] "strength and correlation complete"
[1] "Evaluating forest 18 of 75"
[1] "training"
[1] "training complete"
[1] "elapsed time: 122.837999999989"
[1] "computing out-of-bag predictions"
[1] "out-of-bag predictions complete"
[1] "elapsed time: 43.1600000000035"
[1] "computing predictions on test set"
[1] "test set predictions complete"
[1] "elapsed time: 40.2719999999972"
[1] "computing tree strength and correlation"
[1] "strength and correlation complete"
[1] "Evaluating forest 19 of 75"
[1] "training"
[1] "training complete"
[1] "elapsed time: 250.570000000007"
[1] "computing out-of-bag predictions"
[1] "out-of-bag predictions complete"
[1] "elapsed time: 38.832000000024"
[1] "computing predictions on test set"
[1] "test set predictions complete"
[1] "elapsed time: 35.6670000000158"
[1] "computing tree strength and correlation"
[1] "strength and correlation complete"
[1] "Evaluating forest 20 of 75"
[1] "training"
[1] "training complete"
[1] "elapsed time: 6868.23400000003"
[1] "computing out-of-bag predictions"
[1] "out-of-bag predictions complete"
[1] "elapsed time: 28.0349999999744"
[1] "computing predictions on test set"
[1] "test set predictions complete"
[1] "elapsed time: 25.198000000004"
[1] "computing tree strength and correlation"
[1] "strength and correlation complete"
[1] "Evaluating forest 21 of 75"
[1] "training"
[1] "training complete"
[1] "elapsed time: 50.1910000000207"
[1] "computing out-of-bag predictions"
[1] "out-of-bag predictions complete"
[1] "elapsed time: 55.3609999999753"
[1] "computing predictions on test set"
[1] "test set predictions complete"
[1] "elapsed time: 52.5049999999756"
[1] "computing tree strength and correlation"
[1] "strength and correlation complete"
[1] "Evaluating forest 22 of 75"
[1] "training"
[1] "training complete"
[1] "elapsed time: 75.887000000017"
[1] "computing out-of-bag predictions"
[1] "out-of-bag predictions complete"
[1] "elapsed time: 50.1490000000049"
[1] "computing predictions on test set"
[1] "test set predictions complete"
[1] "elapsed time: 47.1050000000105"
[1] "computing tree strength and correlation"
[1] "strength and correlation complete"
[1] "Evaluating forest 23 of 75"
[1] "training"
[1] "training complete"
[1] "elapsed time: 125.832999999984"
[1] "computing out-of-bag predictions"
[1] "out-of-bag predictions complete"
[1] "elapsed time: 43.3490000000165"
[1] "computing predictions on test set"
[1] "test set predictions complete"
[1] "elapsed time: 40.0289999999804"
[1] "computing tree strength and correlation"
[1] "strength and correlation complete"
[1] "Evaluating forest 24 of 75"
[1] "training"
[1] "training complete"
[1] "elapsed time: 255.775000000023"
[1] "computing out-of-bag predictions"
[1] "out-of-bag predictions complete"
[1] "elapsed time: 39.7459999999846"
[1] "computing predictions on test set"
[1] "test set predictions complete"
[1] "elapsed time: 37.0270000000019"
[1] "computing tree strength and correlation"
[1] "strength and correlation complete"
[1] "Evaluating forest 25 of 75"
[1] "training"
[1] "training complete"
[1] "elapsed time: 7171.46099999998"
[1] "computing out-of-bag predictions"
[1] "out-of-bag predictions complete"
[1] "elapsed time: 28.3530000000028"
[1] "computing predictions on test set"
[1] "test set predictions complete"
[1] "elapsed time: 25.3340000000026"
[1] "computing tree strength and correlation"
[1] "strength and correlation complete"
[1] "Evaluating forest 26 of 75"
[1] "training"
[1] "training complete"
[1] "elapsed time: 11.8429999999935"
[1] "computing out-of-bag predictions"
[1] "out-of-bag predictions complete"
[1] "elapsed time: 13.3830000000016"
[1] "computing predictions on test set"
[1] "test set predictions complete"
[1] "elapsed time: 10.5400000000081"
[1] "computing tree strength and correlation"
[1] "strength and correlation complete"
[1] "Evaluating forest 27 of 75"
[1] "training"
[1] "training complete"
[1] "elapsed time: 45.3700000000244"
[1] "computing out-of-bag predictions"
[1] "out-of-bag predictions complete"
[1] "elapsed time: 35.4709999999905"
[1] "computing predictions on test set"
[1] "test set predictions complete"
[1] "elapsed time: 32.8570000000182"
[1] "computing tree strength and correlation"
[1] "strength and correlation complete"
[1] "Evaluating forest 28 of 75"
[1] "training"
[1] "training complete"
[1] "elapsed time: 95.070000000007"
[1] "computing out-of-bag predictions"
[1] "out-of-bag predictions complete"
[1] "elapsed time: 44.2609999999986"
[1] "computing predictions on test set"
[1] "test set predictions complete"
[1] "elapsed time: 41.1639999999898"
[1] "computing tree strength and correlation"
[1] "strength and correlation complete"
[1] "Evaluating forest 29 of 75"
[1] "training"
[1] "training complete"
[1] "elapsed time: 173.400000000023"
[1] "computing out-of-bag predictions"
[1] "out-of-bag predictions complete"
[1] "elapsed time: 40.2479999999923"
[1] "computing predictions on test set"
[1] "test set predictions complete"
[1] "elapsed time: 37.5510000000068"
[1] "computing tree strength and correlation"
[1] "strength and correlation complete"
[1] "Evaluating forest 30 of 75"
[1] "training"
[1] "training complete"
[1] "elapsed time: 4430.823"
[1] "computing out-of-bag predictions"
[1] "out-of-bag predictions complete"
[1] "elapsed time: 29.8689999999769"
[1] "computing predictions on test set"
[1] "test set predictions complete"
[1] "elapsed time: 26.6870000000054"
[1] "computing tree strength and correlation"
[1] "strength and correlation complete"
[1] "Evaluating forest 31 of 75"
[1] "training"
[1] "training complete"
[1] "elapsed time: 32.2850000000035"
[1] "computing out-of-bag predictions"
[1] "out-of-bag predictions complete"
[1] "elapsed time: 31.4370000000054"
[1] "computing predictions on test set"
[1] "test set predictions complete"
[1] "elapsed time: 28.8979999999865"
[1] "computing tree strength and correlation"
[1] "strength and correlation complete"
[1] "Evaluating forest 32 of 75"
[1] "training"
[1] "training complete"
[1] "elapsed time: 69.0209999999788"
[1] "computing out-of-bag predictions"
[1] "out-of-bag predictions complete"
[1] "elapsed time: 45.8559999999998"
[1] "computing predictions on test set"
[1] "test set predictions complete"
[1] "elapsed time: 43.1529999999912"
[1] "computing tree strength and correlation"
[1] "strength and correlation complete"
[1] "Evaluating forest 33 of 75"
[1] "training"
[1] "training complete"
[1] "elapsed time: 113.283999999985"
[1] "computing out-of-bag predictions"
[1] "out-of-bag predictions complete"
[1] "elapsed time: 43.8030000000144"
[1] "computing predictions on test set"
[1] "test set predictions complete"
[1] "elapsed time: 40.7930000000051"
[1] "computing tree strength and correlation"
[1] "strength and correlation complete"
[1] "Evaluating forest 34 of 75"
[1] "training"
[1] "training complete"
[1] "elapsed time: 218.066999999981"
[1] "computing out-of-bag predictions"
[1] "out-of-bag predictions complete"
[1] "elapsed time: 39.7820000000065"
[1] "computing predictions on test set"
[1] "test set predictions complete"
[1] "elapsed time: 36.7319999999891"
[1] "computing tree strength and correlation"
[1] "strength and correlation complete"
[1] "Evaluating forest 35 of 75"
[1] "training"
[1] "training complete"
[1] "elapsed time: 5798.65699999998"
[1] "computing out-of-bag predictions"
[1] "out-of-bag predictions complete"
[1] "elapsed time: 28.1449999999895"
[1] "computing predictions on test set"
[1] "test set predictions complete"
[1] "elapsed time: 25.1269999999786"
[1] "computing tree strength and correlation"
[1] "strength and correlation complete"
[1] "Evaluating forest 36 of 75"
[1] "training"
[1] "training complete"
[1] "elapsed time: 43.3070000000007"
[1] "computing out-of-bag predictions"
[1] "out-of-bag predictions complete"
[1] "elapsed time: 44.1919999999809"
[1] "computing predictions on test set"
[1] "test set predictions complete"
[1] "elapsed time: 41.0469999999914"
[1] "computing tree strength and correlation"
[1] "strength and correlation complete"
[1] "Evaluating forest 37 of 75"
[1] "training"
[1] "training complete"
[1] "elapsed time: 73.1020000000135"
[1] "computing out-of-bag predictions"
[1] "out-of-bag predictions complete"
[1] "elapsed time: 48.7109999999811"
[1] "computing predictions on test set"
[1] "test set predictions complete"
[1] "elapsed time: 45.7520000000077"
[1] "computing tree strength and correlation"
[1] "strength and correlation complete"
[1] "Evaluating forest 38 of 75"
[1] "training"
[1] "training complete"
[1] "elapsed time: 119.031999999977"
[1] "computing out-of-bag predictions"
[1] "out-of-bag predictions complete"
[1] "elapsed time: 43.0750000000116"
[1] "computing predictions on test set"
[1] "test set predictions complete"
[1] "elapsed time: 40.5219999999972"
[1] "computing tree strength and correlation"
[1] "strength and correlation complete"
[1] "Evaluating forest 39 of 75"
[1] "training"
[1] "training complete"
[1] "elapsed time: 236.177999999985"
[1] "computing out-of-bag predictions"
[1] "out-of-bag predictions complete"
[1] "elapsed time: 38.5789999999979"
[1] "computing predictions on test set"
[1] "test set predictions complete"
[1] "elapsed time: 35.8070000000007"
[1] "computing tree strength and correlation"
[1] "strength and correlation complete"
[1] "Evaluating forest 40 of 75"
[1] "training"
[1] "training complete"
[1] "elapsed time: 6397.209"
[1] "computing out-of-bag predictions"
[1] "out-of-bag predictions complete"
[1] "elapsed time: 27.6030000000028"
[1] "computing predictions on test set"
[1] "test set predictions complete"
[1] "elapsed time: 24.6520000000019"
[1] "computing tree strength and correlation"
[1] "strength and correlation complete"
[1] "Evaluating forest 41 of 75"
[1] "training"
[1] "training complete"
[1] "elapsed time: 48.1180000000168"
[1] "computing out-of-bag predictions"
[1] "out-of-bag predictions complete"
[1] "elapsed time: 50.5680000000284"
[1] "computing predictions on test set"
[1] "test set predictions complete"
[1] "elapsed time: 47.6369999999879"
[1] "computing tree strength and correlation"
[1] "strength and correlation complete"
[1] "Evaluating forest 42 of 75"
[1] "training"
[1] "training complete"
[1] "elapsed time: 74.5910000000149"
[1] "computing out-of-bag predictions"
[1] "out-of-bag predictions complete"
[1] "elapsed time: 48.7019999999902"
[1] "computing predictions on test set"
[1] "test set predictions complete"
[1] "elapsed time: 47.0380000000005"
[1] "computing tree strength and correlation"
[1] "strength and correlation complete"
[1] "Evaluating forest 43 of 75"
[1] "training"
[1] "training complete"
[1] "elapsed time: 122.302000000025"
[1] "computing out-of-bag predictions"
[1] "out-of-bag predictions complete"
[1] "elapsed time: 44.3150000000023"
[1] "computing predictions on test set"
[1] "test set predictions complete"
[1] "elapsed time: 41.4590000000317"
[1] "computing tree strength and correlation"
[1] "strength and correlation complete"
[1] "Evaluating forest 44 of 75"
[1] "training"
[1] "training complete"
[1] "elapsed time: 245.797999999952"
[1] "computing out-of-bag predictions"
[1] "out-of-bag predictions complete"
[1] "elapsed time: 38.6829999999609"
[1] "computing predictions on test set"
[1] "test set predictions complete"
[1] "elapsed time: 35.6219999999739"
[1] "computing tree strength and correlation"
[1] "strength and correlation complete"
[1] "Evaluating forest 45 of 75"
[1] "training"
[1] "training complete"
[1] "elapsed time: 6784.61499999999"
[1] "computing out-of-bag predictions"
[1] "out-of-bag predictions complete"
[1] "elapsed time: 27.8969999999972"
[1] "computing predictions on test set"
[1] "test set predictions complete"
[1] "elapsed time: 25.0910000000149"
[1] "computing tree strength and correlation"
[1] "strength and correlation complete"
[1] "Evaluating forest 46 of 75"
[1] "training"
[1] "training complete"
[1] "elapsed time: 50.3649999999907"
[1] "computing out-of-bag predictions"
[1] "out-of-bag predictions complete"
[1] "elapsed time: 53.7509999999893"
[1] "computing predictions on test set"
[1] "test set predictions complete"
[1] "elapsed time: 51.1410000000033"
[1] "computing tree strength and correlation"
[1] "strength and correlation complete"
[1] "Evaluating forest 47 of 75"
[1] "training"
[1] "training complete"
[1] "elapsed time: 74.5990000000456"
[1] "computing out-of-bag predictions"
[1] "out-of-bag predictions complete"
[1] "elapsed time: 49.7660000000033"
[1] "computing predictions on test set"
[1] "test set predictions complete"
[1] "elapsed time: 47.0819999999949"
[1] "computing tree strength and correlation"
[1] "strength and correlation complete"
[1] "Evaluating forest 48 of 75"
[1] "training"
[1] "training complete"
[1] "elapsed time: 124.594999999972"
[1] "computing out-of-bag predictions"
[1] "out-of-bag predictions complete"
[1] "elapsed time: 43.1919999999809"
[1] "computing predictions on test set"
[1] "test set predictions complete"
[1] "elapsed time: 40.4459999999963"
[1] "computing tree strength and correlation"
[1] "strength and correlation complete"
[1] "Evaluating forest 49 of 75"
[1] "training"
[1] "training complete"
[1] "elapsed time: 252.445999999996"
[1] "computing out-of-bag predictions"
[1] "out-of-bag predictions complete"
[1] "elapsed time: 39.9990000000107"
[1] "computing predictions on test set"
[1] "test set predictions complete"
[1] "elapsed time: 37.0740000000224"
[1] "computing tree strength and correlation"
[1] "strength and correlation complete"
[1] "Evaluating forest 50 of 75"
[1] "training"
[1] "training complete"
[1] "elapsed time: 7075.36700000003"
[1] "computing out-of-bag predictions"
[1] "out-of-bag predictions complete"
[1] "elapsed time: 27.8099999999977"
[1] "computing predictions on test set"
[1] "test set predictions complete"
[1] "elapsed time: 25.1499999999651"
[1] "computing tree strength and correlation"
[1] "strength and correlation complete"
[1] "Evaluating forest 51 of 75"
[1] "training"
[1] "training complete"
[1] "elapsed time: 11.7560000000522"
[1] "computing out-of-bag predictions"
[1] "out-of-bag predictions complete"
[1] "elapsed time: 13.234999999986"
[1] "computing predictions on test set"
[1] "test set predictions complete"
[1] "elapsed time: 10.2399999999907"
[1] "computing tree strength and correlation"
[1] "strength and correlation complete"
[1] "Evaluating forest 52 of 75"
[1] "training"
[1] "training complete"
[1] "elapsed time: 45.25900000002"
[1] "computing out-of-bag predictions"
[1] "out-of-bag predictions complete"
[1] "elapsed time: 34.5059999999939"
[1] "computing predictions on test set"
[1] "test set predictions complete"
[1] "elapsed time: 31.6849999999977"
[1] "computing tree strength and correlation"
[1] "strength and correlation complete"
[1] "Evaluating forest 53 of 75"
[1] "training"
[1] "training complete"
[1] "elapsed time: 94.7189999999828"
[1] "computing out-of-bag predictions"
[1] "out-of-bag predictions complete"
[1] "elapsed time: 42.6130000000121"
[1] "computing predictions on test set"
[1] "test set predictions complete"
[1] "elapsed time: 39.7229999999981"
[1] "computing tree strength and correlation"
[1] "strength and correlation complete"
[1] "Evaluating forest 54 of 75"
[1] "training"
[1] "training complete"
[1] "elapsed time: 173.80700000003"
[1] "computing out-of-bag predictions"
[1] "out-of-bag predictions complete"
[1] "elapsed time: 40.125"
[1] "computing predictions on test set"
[1] "test set predictions complete"
[1] "elapsed time: 37.3790000000154"
[1] "computing tree strength and correlation"
[1] "strength and correlation complete"
[1] "Evaluating forest 55 of 75"
[1] "training"
[1] "training complete"
[1] "elapsed time: 4352.25999999995"
[1] "computing out-of-bag predictions"
[1] "out-of-bag predictions complete"
[1] "elapsed time: 28.9799999999814"
[1] "computing predictions on test set"
[1] "test set predictions complete"
[1] "elapsed time: 26.3010000000359"
[1] "computing tree strength and correlation"
[1] "strength and correlation complete"
[1] "Evaluating forest 56 of 75"
[1] "training"
[1] "training complete"
[1] "elapsed time: 32.2069999999949"
[1] "computing out-of-bag predictions"
[1] "out-of-bag predictions complete"
[1] "elapsed time: 32.2400000000489"
[1] "computing predictions on test set"
[1] "test set predictions complete"
[1] "elapsed time: 29.3360000000102"
[1] "computing tree strength and correlation"
[1] "strength and correlation complete"
[1] "Evaluating forest 57 of 75"
[1] "training"
[1] "training complete"
[1] "elapsed time: 69.1220000000321"
[1] "computing out-of-bag predictions"
[1] "out-of-bag predictions complete"
[1] "elapsed time: 44.8630000000121"
[1] "computing predictions on test set"
[1] "test set predictions complete"
[1] "elapsed time: 41.9809999999707"
[1] "computing tree strength and correlation"
[1] "strength and correlation complete"
[1] "Evaluating forest 58 of 75"
[1] "training"
[1] "training complete"
[1] "elapsed time: 113.505999999994"
[1] "computing out-of-bag predictions"
[1] "out-of-bag predictions complete"
[1] "elapsed time: 43.0800000000163"
[1] "computing predictions on test set"
[1] "test set predictions complete"
[1] "elapsed time: 40.3910000000033"
[1] "computing tree strength and correlation"
[1] "strength and correlation complete"
[1] "Evaluating forest 59 of 75"
[1] "training"
[1] "training complete"
[1] "elapsed time: 215.782000000007"
[1] "computing out-of-bag predictions"
[1] "out-of-bag predictions complete"
[1] "elapsed time: 39.2519999999786"
[1] "computing predictions on test set"
[1] "test set predictions complete"
[1] "elapsed time: 36.359999999986"
[1] "computing tree strength and correlation"
[1] "strength and correlation complete"
[1] "Evaluating forest 60 of 75"
[1] "training"
[1] "training complete"
[1] "elapsed time: 5707.10999999999"
[1] "computing out-of-bag predictions"
[1] "out-of-bag predictions complete"
[1] "elapsed time: 27.3520000000135"
[1] "computing predictions on test set"
[1] "test set predictions complete"
[1] "elapsed time: 24.5610000000452"
[1] "computing tree strength and correlation"
[1] "strength and correlation complete"
[1] "Evaluating forest 61 of 75"
[1] "training"
[1] "training complete"
[1] "elapsed time: 43.2490000000107"
[1] "computing out-of-bag predictions"
[1] "out-of-bag predictions complete"
[1] "elapsed time: 43.5709999999963"
[1] "computing predictions on test set"
[1] "test set predictions complete"
[1] "elapsed time: 40.4899999999907"
[1] "computing tree strength and correlation"
[1] "strength and correlation complete"
[1] "Evaluating forest 62 of 75"
[1] "training"
[1] "training complete"
[1] "elapsed time: 73.8929999999818"
[1] "computing out-of-bag predictions"
[1] "out-of-bag predictions complete"
[1] "elapsed time: 48.8740000000107"
[1] "computing predictions on test set"
[1] "test set predictions complete"
[1] "elapsed time: 46.564000000013"
[1] "computing tree strength and correlation"
[1] "strength and correlation complete"
[1] "Evaluating forest 63 of 75"
[1] "training"
[1] "training complete"
[1] "elapsed time: 117.690999999992"
[1] "computing out-of-bag predictions"
[1] "out-of-bag predictions complete"
[1] "elapsed time: 43.2119999999995"
[1] "computing predictions on test set"
[1] "test set predictions complete"
[1] "elapsed time: 40.3410000000149"
[1] "computing tree strength and correlation"
[1] "strength and correlation complete"
[1] "Evaluating forest 64 of 75"
[1] "training"
[1] "training complete"
[1] "elapsed time: 233.260999999999"
[1] "computing out-of-bag predictions"
[1] "out-of-bag predictions complete"
[1] "elapsed time: 38.3670000000275"
[1] "computing predictions on test set"
[1] "test set predictions complete"
[1] "elapsed time: 35.5440000000526"
[1] "computing tree strength and correlation"
[1] "strength and correlation complete"
[1] "Evaluating forest 65 of 75"
[1] "training"
