My SLURM_ARRAY_TASK_ID:  94
AUC 0.3.0
Type AUCNews() to see the change log and ?AUC to get an overview.
dummies-1.5.6 provided by Decision Patterns

[1] "fold 1"
[1] "Evaluating forest 1 of 3"
[1] "training"
[1] "training complete"
[1] "elapsed time: 0.108"
[1] "computing out-of-bag predictions"
[1] "out-of-bag predictions complete"
[1] "elapsed time: 0.968"
[1] "computing predictions on test set"
[1] "test set predictions complete"
[1] "elapsed time: 0.718"
[1] "computing tree strength and correlation"
[1] "strength and correlation complete"
[1] "elapsed time: 1.103"
[1] "Evaluating forest 2 of 3"
[1] "training"
[1] "training complete"
[1] "elapsed time: 0.186"
[1] "computing out-of-bag predictions"
[1] "out-of-bag predictions complete"
[1] "elapsed time: 0.964"
[1] "computing predictions on test set"
[1] "test set predictions complete"
[1] "elapsed time: 0.791"
[1] "computing tree strength and correlation"
[1] "strength and correlation complete"
[1] "elapsed time: 1.118"
[1] "Evaluating forest 3 of 3"
[1] "training"
[1] "training complete"
[1] "elapsed time: 0.260999999999999"
[1] "computing out-of-bag predictions"
[1] "out-of-bag predictions complete"
[1] "elapsed time: 0.978"
[1] "computing predictions on test set"
[1] "test set predictions complete"
[1] "elapsed time: 0.792000000000001"
[1] "computing tree strength and correlation"
[1] "strength and correlation complete"
[1] "elapsed time: 1.137"
[1] "fold 2"
[1] "Evaluating forest 1 of 3"
[1] "training"
[1] "training complete"
[1] "elapsed time: 0.132999999999999"
[1] "computing out-of-bag predictions"
[1] "out-of-bag predictions complete"
[1] "elapsed time: 0.922000000000001"
[1] "computing predictions on test set"
[1] "test set predictions complete"
[1] "elapsed time: 0.753"
[1] "computing tree strength and correlation"
[1] "strength and correlation complete"
[1] "elapsed time: 1.118"
[1] "Evaluating forest 2 of 3"
[1] "training"
[1] "training complete"
[1] "elapsed time: 0.192"
[1] "computing out-of-bag predictions"
[1] "out-of-bag predictions complete"
[1] "elapsed time: 0.970999999999998"
[1] "computing predictions on test set"
[1] "test set predictions complete"
[1] "elapsed time: 0.806999999999999"
[1] "computing tree strength and correlation"
[1] "strength and correlation complete"
[1] "elapsed time: 1.134"
[1] "Evaluating forest 3 of 3"
[1] "training"
[1] "training complete"
[1] "elapsed time: 0.26"
[1] "computing out-of-bag predictions"
[1] "out-of-bag predictions complete"
[1] "elapsed time: 0.977"
[1] "computing predictions on test set"
[1] "test set predictions complete"
[1] "elapsed time: 0.791"
[1] "computing tree strength and correlation"
[1] "strength and correlation complete"
[1] "elapsed time: 1.13"
[1] "fold 3"
[1] "Evaluating forest 1 of 3"
[1] "training"
[1] "training complete"
[1] "elapsed time: 0.134"
[1] "computing out-of-bag predictions"
[1] "out-of-bag predictions complete"
[1] "elapsed time: 0.922000000000001"
[1] "computing predictions on test set"
[1] "test set predictions complete"
[1] "elapsed time: 0.760999999999999"
[1] "computing tree strength and correlation"
[1] "strength and correlation complete"
[1] "elapsed time: 1.127"
[1] "Evaluating forest 2 of 3"
[1] "training"
[1] "training complete"
[1] "elapsed time: 0.187000000000001"
[1] "computing out-of-bag predictions"
[1] "out-of-bag predictions complete"
[1] "elapsed time: 0.972999999999999"
[1] "computing predictions on test set"
[1] "test set predictions complete"
[1] "elapsed time: 0.789000000000001"
[1] "computing tree strength and correlation"
[1] "strength and correlation complete"
[1] "elapsed time: 1.161"
[1] "Evaluating forest 3 of 3"
[1] "training"
[1] "training complete"
[1] "elapsed time: 0.256999999999998"
[1] "computing out-of-bag predictions"
[1] "out-of-bag predictions complete"
[1] "elapsed time: 0.984999999999999"
[1] "computing predictions on test set"
[1] "test set predictions complete"
[1] "elapsed time: 0.800999999999998"
[1] "computing tree strength and correlation"
[1] "strength and correlation complete"
[1] "elapsed time: 1.135"
[1] "fold 4"
[1] "Evaluating forest 1 of 3"
[1] "training"
[1] "training complete"
[1] "elapsed time: 0.128999999999998"
[1] "computing out-of-bag predictions"
[1] "out-of-bag predictions complete"
[1] "elapsed time: 0.900000000000002"
[1] "computing predictions on test set"
[1] "test set predictions complete"
[1] "elapsed time: 0.763000000000002"
[1] "computing tree strength and correlation"
[1] "strength and correlation complete"
[1] "elapsed time: 1.133"
[1] "Evaluating forest 2 of 3"
[1] "training"
[1] "training complete"
[1] "elapsed time: 0.183"
[1] "computing out-of-bag predictions"
[1] "out-of-bag predictions complete"
[1] "elapsed time: 0.977999999999998"
[1] "computing predictions on test set"
[1] "test set predictions complete"
[1] "elapsed time: 0.798999999999999"
[1] "computing tree strength and correlation"
[1] "strength and correlation complete"
[1] "elapsed time: 1.13"
[1] "Evaluating forest 3 of 3"
[1] "training"
[1] "training complete"
[1] "elapsed time: 0.259"
[1] "computing out-of-bag predictions"
[1] "out-of-bag predictions complete"
[1] "elapsed time: 0.976999999999997"
[1] "computing predictions on test set"
[1] "test set predictions complete"
[1] "elapsed time: 0.793000000000006"
[1] "computing tree strength and correlation"
[1] "strength and correlation complete"
[1] "elapsed time: 1.174"
[1] "fold 5"
[1] "Evaluating forest 1 of 3"
[1] "training"
[1] "training complete"
[1] "elapsed time: 0.128999999999998"
[1] "computing out-of-bag predictions"
[1] "out-of-bag predictions complete"
[1] "elapsed time: 0.927999999999997"
[1] "computing predictions on test set"
[1] "test set predictions complete"
[1] "elapsed time: 0.755000000000003"
[1] "computing tree strength and correlation"
[1] "strength and correlation complete"
[1] "elapsed time: 1.122"
[1] "Evaluating forest 2 of 3"
[1] "training"
[1] "training complete"
[1] "elapsed time: 0.189999999999998"
[1] "computing out-of-bag predictions"
[1] "out-of-bag predictions complete"
[1] "elapsed time: 0.975000000000001"
[1] "computing predictions on test set"
[1] "test set predictions complete"
[1] "elapsed time: 0.799999999999997"
[1] "computing tree strength and correlation"
[1] "strength and correlation complete"
[1] "elapsed time: 1.126"
[1] "Evaluating forest 3 of 3"
[1] "training"
[1] "training complete"
[1] "elapsed time: 0.253"
[1] "computing out-of-bag predictions"
[1] "out-of-bag predictions complete"
[1] "elapsed time: 0.983000000000004"
[1] "computing predictions on test set"
[1] "test set predictions complete"
[1] "elapsed time: 0.807000000000002"
[1] "computing tree strength and correlation"
[1] "strength and correlation complete"
[1] "elapsed time: 1.15799999999999"
[1] "fold 1"
[1] "Evaluating forest 1 of 8"
[1] "training"
[1] "training complete"
[1] "elapsed time: 0.149999999999999"
[1] "computing out-of-bag predictions"
[1] "out-of-bag predictions complete"
[1] "elapsed time: 0.942999999999998"
[1] "computing predictions on test set"
[1] "test set predictions complete"
[1] "elapsed time: 0.757000000000005"
[1] "computing tree strength and correlation"
[1] "strength and correlation complete"
[1] "Evaluating forest 2 of 8"
[1] "training"
[1] "training complete"
[1] "elapsed time: 0.191000000000003"
[1] "computing out-of-bag predictions"
[1] "out-of-bag predictions complete"
[1] "elapsed time: 0.980000000000004"
[1] "computing predictions on test set"
[1] "test set predictions complete"
[1] "elapsed time: 0.790999999999997"
[1] "computing tree strength and correlation"
[1] "strength and correlation complete"
[1] "Evaluating forest 3 of 8"
[1] "training"
[1] "training complete"
[1] "elapsed time: 0.238999999999997"
[1] "computing out-of-bag predictions"
[1] "out-of-bag predictions complete"
[1] "elapsed time: 0.972000000000001"
[1] "computing predictions on test set"
[1] "test set predictions complete"
[1] "elapsed time: 0.798999999999999"
[1] "computing tree strength and correlation"
[1] "strength and correlation complete"
[1] "Evaluating forest 4 of 8"
[1] "training"
[1] "training complete"
[1] "elapsed time: 0.555999999999997"
[1] "computing out-of-bag predictions"
[1] "out-of-bag predictions complete"
[1] "elapsed time: 0.991999999999997"
[1] "computing predictions on test set"
[1] "test set predictions complete"
[1] "elapsed time: 0.819000000000003"
[1] "computing tree strength and correlation"
[1] "strength and correlation complete"
[1] "Evaluating forest 5 of 8"
[1] "training"
[1] "training complete"
[1] "elapsed time: 0.173999999999999"
[1] "computing out-of-bag predictions"
[1] "out-of-bag predictions complete"
[1] "elapsed time: 0.957999999999998"
[1] "computing predictions on test set"
[1] "test set predictions complete"
[1] "elapsed time: 0.813000000000002"
[1] "computing tree strength and correlation"
[1] "strength and correlation complete"
[1] "Evaluating forest 6 of 8"
[1] "training"
[1] "training complete"
[1] "elapsed time: 0.251000000000005"
[1] "computing out-of-bag predictions"
[1] "out-of-bag predictions complete"
[1] "elapsed time: 0.986999999999995"
[1] "computing predictions on test set"
[1] "test set predictions complete"
[1] "elapsed time: 0.809999999999995"
[1] "computing tree strength and correlation"
[1] "strength and correlation complete"
[1] "Evaluating forest 7 of 8"
[1] "training"
[1] "training complete"
[1] "elapsed time: 0.322999999999993"
[1] "computing out-of-bag predictions"
[1] "out-of-bag predictions complete"
[1] "elapsed time: 0.992999999999995"
[1] "computing predictions on test set"
[1] "test set predictions complete"
[1] "elapsed time: 0.812999999999988"
[1] "computing tree strength and correlation"
[1] "strength and correlation complete"
[1] "Evaluating forest 8 of 8"
[1] "training"
[1] "training complete"
[1] "elapsed time: 0.714999999999989"
[1] "computing out-of-bag predictions"
[1] "out-of-bag predictions complete"
[1] "elapsed time: 0.983000000000004"
[1] "computing predictions on test set"
[1] "test set predictions complete"
[1] "elapsed time: 0.834000000000003"
[1] "computing tree strength and correlation"
[1] "strength and correlation complete"
[1] "fold 2"
[1] "Evaluating forest 1 of 8"
[1] "training"
[1] "training complete"
[1] "elapsed time: 0.138000000000005"
[1] "computing out-of-bag predictions"
[1] "out-of-bag predictions complete"
[1] "elapsed time: 0.948999999999998"
[1] "computing predictions on test set"
[1] "test set predictions complete"
[1] "elapsed time: 0.756999999999991"
[1] "computing tree strength and correlation"
[1] "strength and correlation complete"
[1] "Evaluating forest 2 of 8"
[1] "training"
[1] "training complete"
[1] "elapsed time: 0.191000000000003"
[1] "computing out-of-bag predictions"
[1] "out-of-bag predictions complete"
[1] "elapsed time: 0.978999999999999"
[1] "computing predictions on test set"
[1] "test set predictions complete"
[1] "elapsed time: 0.795000000000002"
[1] "computing tree strength and correlation"
[1] "strength and correlation complete"
[1] "Evaluating forest 3 of 8"
[1] "training"
[1] "training complete"
[1] "elapsed time: 0.233999999999995"
[1] "computing out-of-bag predictions"
[1] "out-of-bag predictions complete"
[1] "elapsed time: 0.952999999999989"
[1] "computing predictions on test set"
[1] "test set predictions complete"
[1] "elapsed time: 0.811000000000007"
[1] "computing tree strength and correlation"
[1] "strength and correlation complete"
[1] "Evaluating forest 4 of 8"
[1] "training"
[1] "training complete"
[1] "elapsed time: 0.513000000000005"
[1] "computing out-of-bag predictions"
[1] "out-of-bag predictions complete"
[1] "elapsed time: 0.980000000000004"
[1] "computing predictions on test set"
[1] "test set predictions complete"
[1] "elapsed time: 0.814000000000007"
[1] "computing tree strength and correlation"
[1] "strength and correlation complete"
[1] "Evaluating forest 5 of 8"
[1] "training"
[1] "training complete"
[1] "elapsed time: 0.173000000000002"
[1] "computing out-of-bag predictions"
[1] "out-of-bag predictions complete"
[1] "elapsed time: 0.992000000000004"
[1] "computing predictions on test set"
[1] "test set predictions complete"
[1] "elapsed time: 0.808999999999997"
[1] "computing tree strength and correlation"
[1] "strength and correlation complete"
[1] "Evaluating forest 6 of 8"
[1] "training"
[1] "training complete"
[1] "elapsed time: 0.253"
[1] "computing out-of-bag predictions"
[1] "out-of-bag predictions complete"
[1] "elapsed time: 0.984999999999999"
[1] "computing predictions on test set"
[1] "test set predictions complete"
[1] "elapsed time: 0.828999999999994"
[1] "computing tree strength and correlation"
[1] "strength and correlation complete"
[1] "Evaluating forest 7 of 8"
[1] "training"
[1] "training complete"
[1] "elapsed time: 0.316000000000003"
[1] "computing out-of-bag predictions"
[1] "out-of-bag predictions complete"
[1] "elapsed time: 0.998999999999995"
[1] "computing predictions on test set"
[1] "test set predictions complete"
[1] "elapsed time: 0.814000000000007"
[1] "computing tree strength and correlation"
[1] "strength and correlation complete"
[1] "Evaluating forest 8 of 8"
[1] "training"
[1] "training complete"
[1] "elapsed time: 0.676000000000002"
[1] "computing out-of-bag predictions"
[1] "out-of-bag predictions complete"
[1] "elapsed time: 1.011"
[1] "computing predictions on test set"
[1] "test set predictions complete"
[1] "elapsed time: 0.835999999999999"
[1] "computing tree strength and correlation"
[1] "strength and correlation complete"
[1] "fold 3"
[1] "Evaluating forest 1 of 8"
[1] "training"
[1] "training complete"
[1] "elapsed time: 0.140000000000001"
[1] "computing out-of-bag predictions"
[1] "out-of-bag predictions complete"
[1] "elapsed time: 0.936999999999998"
[1] "computing predictions on test set"
[1] "test set predictions complete"
[1] "elapsed time: 0.771000000000001"
[1] "computing tree strength and correlation"
[1] "strength and correlation complete"
[1] "Evaluating forest 2 of 8"
[1] "training"
[1] "training complete"
[1] "elapsed time: 0.186000000000007"
[1] "computing out-of-bag predictions"
[1] "out-of-bag predictions complete"
[1] "elapsed time: 0.950999999999993"
[1] "computing predictions on test set"
[1] "test set predictions complete"
[1] "elapsed time: 0.795000000000002"
[1] "computing tree strength and correlation"
[1] "strength and correlation complete"
[1] "Evaluating forest 3 of 8"
[1] "training"
[1] "training complete"
[1] "elapsed time: 0.239999999999995"
[1] "computing out-of-bag predictions"
[1] "out-of-bag predictions complete"
[1] "elapsed time: 0.998000000000005"
[1] "computing predictions on test set"
[1] "test set predictions complete"
[1] "elapsed time: 0.813000000000002"
[1] "computing tree strength and correlation"
[1] "strength and correlation complete"
[1] "Evaluating forest 4 of 8"
[1] "training"
[1] "training complete"
[1] "elapsed time: 0.519999999999996"
[1] "computing out-of-bag predictions"
[1] "out-of-bag predictions complete"
[1] "elapsed time: 0.984999999999999"
[1] "computing predictions on test set"
[1] "test set predictions complete"
[1] "elapsed time: 0.816999999999993"
[1] "computing tree strength and correlation"
[1] "strength and correlation complete"
[1] "Evaluating forest 5 of 8"
[1] "training"
[1] "training complete"
[1] "elapsed time: 0.177999999999997"
[1] "computing out-of-bag predictions"
[1] "out-of-bag predictions complete"
[1] "elapsed time: 0.990000000000009"
[1] "computing predictions on test set"
[1] "test set predictions complete"
[1] "elapsed time: 0.801000000000002"
[1] "computing tree strength and correlation"
[1] "strength and correlation complete"
[1] "Evaluating forest 6 of 8"
[1] "training"
[1] "training complete"
[1] "elapsed time: 0.248999999999995"
[1] "computing out-of-bag predictions"
[1] "out-of-bag predictions complete"
[1] "elapsed time: 0.992000000000004"
[1] "computing predictions on test set"
[1] "test set predictions complete"
[1] "elapsed time: 0.825999999999993"
[1] "computing tree strength and correlation"
[1] "strength and correlation complete"
[1] "Evaluating forest 7 of 8"
[1] "training"
[1] "training complete"
[1] "elapsed time: 0.314999999999998"
[1] "computing out-of-bag predictions"
[1] "out-of-bag predictions complete"
[1] "elapsed time: 0.997"
[1] "computing predictions on test set"
[1] "test set predictions complete"
[1] "elapsed time: 0.822000000000003"
[1] "computing tree strength and correlation"
[1] "strength and correlation complete"
[1] "Evaluating forest 8 of 8"
[1] "training"
[1] "training complete"
[1] "elapsed time: 0.670000000000002"
[1] "computing out-of-bag predictions"
[1] "out-of-bag predictions complete"
[1] "elapsed time: 0.969999999999999"
[1] "computing predictions on test set"
[1] "test set predictions complete"
[1] "elapsed time: 0.811000000000007"
[1] "computing tree strength and correlation"
[1] "strength and correlation complete"
[1] "fold 4"
[1] "Evaluating forest 1 of 8"
[1] "training"
[1] "training complete"
[1] "elapsed time: 0.140000000000001"
[1] "computing out-of-bag predictions"
[1] "out-of-bag predictions complete"
[1] "elapsed time: 0.938000000000002"
[1] "computing predictions on test set"
[1] "test set predictions complete"
[1] "elapsed time: 0.759"
[1] "computing tree strength and correlation"
[1] "strength and correlation complete"
[1] "Evaluating forest 2 of 8"
[1] "training"
[1] "training complete"
[1] "elapsed time: 0.184000000000012"
[1] "computing out-of-bag predictions"
[1] "out-of-bag predictions complete"
[1] "elapsed time: 0.980999999999995"
[1] "computing predictions on test set"
[1] "test set predictions complete"
[1] "elapsed time: 0.792000000000002"
[1] "computing tree strength and correlation"
[1] "strength and correlation complete"
[1] "Evaluating forest 3 of 8"
[1] "training"
[1] "training complete"
[1] "elapsed time: 0.236999999999995"
[1] "computing out-of-bag predictions"
[1] "out-of-bag predictions complete"
[1] "elapsed time: 0.980999999999995"
[1] "computing predictions on test set"
[1] "test set predictions complete"
[1] "elapsed time: 0.816000000000003"
[1] "computing tree strength and correlation"
[1] "strength and correlation complete"
[1] "Evaluating forest 4 of 8"
[1] "training"
[1] "training complete"
[1] "elapsed time: 0.556999999999988"
[1] "computing out-of-bag predictions"
[1] "out-of-bag predictions complete"
[1] "elapsed time: 0.990000000000009"
[1] "computing predictions on test set"
[1] "test set predictions complete"
[1] "elapsed time: 0.802999999999997"
[1] "computing tree strength and correlation"
[1] "strength and correlation complete"
[1] "Evaluating forest 5 of 8"
[1] "training"
[1] "training complete"
[1] "elapsed time: 0.164999999999992"
[1] "computing out-of-bag predictions"
[1] "out-of-bag predictions complete"
[1] "elapsed time: 0.992000000000019"
[1] "computing predictions on test set"
[1] "test set predictions complete"
[1] "elapsed time: 0.819999999999993"
[1] "computing tree strength and correlation"
[1] "strength and correlation complete"
[1] "Evaluating forest 6 of 8"
[1] "training"
[1] "training complete"
[1] "elapsed time: 0.246999999999986"
[1] "computing out-of-bag predictions"
[1] "out-of-bag predictions complete"
[1] "elapsed time: 0.986999999999995"
[1] "computing predictions on test set"
[1] "test set predictions complete"
[1] "elapsed time: 0.816000000000003"
[1] "computing tree strength and correlation"
[1] "strength and correlation complete"
[1] "Evaluating forest 7 of 8"
[1] "training"
[1] "training complete"
[1] "elapsed time: 0.307999999999993"
[1] "computing out-of-bag predictions"
[1] "out-of-bag predictions complete"
[1] "elapsed time: 0.989000000000004"
[1] "computing predictions on test set"
[1] "test set predictions complete"
[1] "elapsed time: 0.816000000000003"
[1] "computing tree strength and correlation"
[1] "strength and correlation complete"
[1] "Evaluating forest 8 of 8"
[1] "training"
[1] "training complete"
[1] "elapsed time: 0.670999999999992"
[1] "computing out-of-bag predictions"
[1] "out-of-bag predictions complete"
[1] "elapsed time: 1.00800000000001"
[1] "computing predictions on test set"
[1] "test set predictions complete"
[1] "elapsed time: 0.818999999999988"
[1] "computing tree strength and correlation"
[1] "strength and correlation complete"
[1] "fold 5"
[1] "Evaluating forest 1 of 8"
[1] "training"
[1] "training complete"
[1] "elapsed time: 0.143000000000001"
[1] "computing out-of-bag predictions"
[1] "out-of-bag predictions complete"
[1] "elapsed time: 0.914000000000016"
[1] "computing predictions on test set"
[1] "test set predictions complete"
[1] "elapsed time: 0.745999999999981"
[1] "computing tree strength and correlation"
[1] "strength and correlation complete"
[1] "Evaluating forest 2 of 8"
[1] "training"
[1] "training complete"
[1] "elapsed time: 0.181999999999988"
[1] "computing out-of-bag predictions"
[1] "out-of-bag predictions complete"
[1] "elapsed time: 0.981999999999999"
[1] "computing predictions on test set"
[1] "test set predictions complete"
[1] "elapsed time: 0.801999999999992"
[1] "computing tree strength and correlation"
[1] "strength and correlation complete"
[1] "Evaluating forest 3 of 8"
[1] "training"
[1] "training complete"
[1] "elapsed time: 0.228999999999985"
[1] "computing out-of-bag predictions"
[1] "out-of-bag predictions complete"
[1] "elapsed time: 0.969000000000023"
[1] "computing predictions on test set"
[1] "test set predictions complete"
[1] "elapsed time: 0.811000000000007"
[1] "computing tree strength and correlation"
[1] "strength and correlation complete"
[1] "Evaluating forest 4 of 8"
[1] "training"
[1] "training complete"
[1] "elapsed time: 0.61699999999999"
[1] "computing out-of-bag predictions"
[1] "out-of-bag predictions complete"
[1] "elapsed time: 0.981999999999999"
[1] "computing predictions on test set"
[1] "test set predictions complete"
[1] "elapsed time: 0.807000000000016"
[1] "computing tree strength and correlation"
[1] "strength and correlation complete"
[1] "Evaluating forest 5 of 8"
[1] "training"
[1] "training complete"
[1] "elapsed time: 0.171999999999997"
[1] "computing out-of-bag predictions"
[1] "out-of-bag predictions complete"
[1] "elapsed time: 0.994999999999976"
[1] "computing predictions on test set"
[1] "test set predictions complete"
[1] "elapsed time: 0.811000000000007"
[1] "computing tree strength and correlation"
[1] "strength and correlation complete"
[1] "Evaluating forest 6 of 8"
[1] "training"
[1] "training complete"
[1] "elapsed time: 0.247000000000014"
[1] "computing out-of-bag predictions"
[1] "out-of-bag predictions complete"
[1] "elapsed time: 0.990999999999985"
[1] "computing predictions on test set"
[1] "test set predictions complete"
[1] "elapsed time: 0.814999999999998"
[1] "computing tree strength and correlation"
[1] "strength and correlation complete"
[1] "Evaluating forest 7 of 8"
[1] "training"
[1] "training complete"
[1] "elapsed time: 0.306999999999988"
[1] "computing out-of-bag predictions"
[1] "out-of-bag predictions complete"
[1] "elapsed time: 0.998999999999995"
[1] "computing predictions on test set"
[1] "test set predictions complete"
[1] "elapsed time: 0.826999999999998"
[1] "computing tree strength and correlation"
[1] "strength and correlation complete"
[1] "Evaluating forest 8 of 8"
[1] "training"
[1] "training complete"
[1] "elapsed time: 0.71599999999998"
[1] "computing out-of-bag predictions"
[1] "out-of-bag predictions complete"
[1] "elapsed time: 1.00700000000001"
[1] "computing predictions on test set"
[1] "test set predictions complete"
[1] "elapsed time: 0.822000000000003"
[1] "computing tree strength and correlation"
[1] "strength and correlation complete"
[1] "fold 1"
[1] "Evaluating forest 1 of 8"
[1] "training"
[1] "training complete"
[1] "elapsed time: 0.161000000000001"
[1] "computing out-of-bag predictions"
[1] "out-of-bag predictions complete"
[1] "elapsed time: 0.943999999999988"
[1] "computing predictions on test set"
[1] "test set predictions complete"
[1] "elapsed time: 0.783999999999992"
[1] "computing tree strength and correlation"
[1] "strength and correlation complete"
[1] "Evaluating forest 2 of 8"
[1] "training"
[1] "training complete"
[1] "elapsed time: 0.222999999999985"
[1] "computing out-of-bag predictions"
[1] "out-of-bag predictions complete"
[1] "elapsed time: 0.952000000000027"
[1] "computing predictions on test set"
[1] "test set predictions complete"
[1] "elapsed time: 0.808999999999997"
[1] "computing tree strength and correlation"
[1] "strength and correlation complete"
[1] "Evaluating forest 3 of 8"
[1] "training"
[1] "training complete"
[1] "elapsed time: 0.298000000000002"
[1] "computing out-of-bag predictions"
[1] "out-of-bag predictions complete"
[1] "elapsed time: 0.984999999999985"
[1] "computing predictions on test set"
[1] "test set predictions complete"
[1] "elapsed time: 0.813999999999993"
[1] "computing tree strength and correlation"
[1] "strength and correlation complete"
[1] "Evaluating forest 4 of 8"
[1] "training"
[1] "training complete"
[1] "elapsed time: 0.691000000000003"
[1] "computing out-of-bag predictions"
[1] "out-of-bag predictions complete"
[1] "elapsed time: 0.989999999999981"
[1] "computing predictions on test set"
[1] "test set predictions complete"
[1] "elapsed time: 0.831999999999994"
[1] "computing tree strength and correlation"
[1] "strength and correlation complete"
[1] "Evaluating forest 5 of 8"
[1] "training"
[1] "training complete"
[1] "elapsed time: 0.181999999999988"
[1] "computing out-of-bag predictions"
[1] "out-of-bag predictions complete"
[1] "elapsed time: 0.951999999999998"
[1] "computing predictions on test set"
[1] "test set predictions complete"
[1] "elapsed time: 0.803000000000026"
[1] "computing tree strength and correlation"
[1] "strength and correlation complete"
[1] "Evaluating forest 6 of 8"
[1] "training"
[1] "training complete"
[1] "elapsed time: 0.256"
[1] "computing out-of-bag predictions"
[1] "out-of-bag predictions complete"
[1] "elapsed time: 0.966999999999985"
[1] "computing predictions on test set"
[1] "test set predictions complete"
[1] "elapsed time: 0.832999999999998"
[1] "computing tree strength and correlation"
[1] "strength and correlation complete"
[1] "Evaluating forest 7 of 8"
[1] "training"
[1] "training complete"
[1] "elapsed time: 0.323000000000008"
[1] "computing out-of-bag predictions"
[1] "out-of-bag predictions complete"
[1] "elapsed time: 0.994"
[1] "computing predictions on test set"
[1] "test set predictions complete"
[1] "elapsed time: 0.817000000000007"
[1] "computing tree strength and correlation"
[1] "strength and correlation complete"
[1] "Evaluating forest 8 of 8"
[1] "training"
[1] "training complete"
[1] "elapsed time: 0.768000000000001"
[1] "computing out-of-bag predictions"
[1] "out-of-bag predictions complete"
[1] "elapsed time: 1.01900000000001"
[1] "computing predictions on test set"
[1] "test set predictions complete"
[1] "elapsed time: 0.825999999999993"
[1] "computing tree strength and correlation"
[1] "strength and correlation complete"
[1] "fold 2"
[1] "Evaluating forest 1 of 8"
[1] "training"
[1] "training complete"
[1] "elapsed time: 0.162000000000006"
[1] "computing out-of-bag predictions"
[1] "out-of-bag predictions complete"
[1] "elapsed time: 0.945999999999998"
[1] "computing predictions on test set"
[1] "test set predictions complete"
[1] "elapsed time: 0.775000000000006"
[1] "computing tree strength and correlation"
[1] "strength and correlation complete"
[1] "Evaluating forest 2 of 8"
[1] "training"
[1] "training complete"
[1] "elapsed time: 0.228000000000009"
[1] "computing out-of-bag predictions"
[1] "out-of-bag predictions complete"
[1] "elapsed time: 0.968999999999994"
[1] "computing predictions on test set"
[1] "test set predictions complete"
[1] "elapsed time: 0.800999999999988"
[1] "computing tree strength and correlation"
[1] "strength and correlation complete"
[1] "Evaluating forest 3 of 8"
[1] "training"
[1] "training complete"
[1] "elapsed time: 0.290999999999997"
[1] "computing out-of-bag predictions"
[1] "out-of-bag predictions complete"
[1] "elapsed time: 0.989999999999981"
[1] "computing predictions on test set"
[1] "test set predictions complete"
[1] "elapsed time: 0.810000000000002"
[1] "computing tree strength and correlation"
[1] "strength and correlation complete"
[1] "Evaluating forest 4 of 8"
[1] "training"
[1] "training complete"
[1] "elapsed time: 0.670999999999992"
[1] "computing out-of-bag predictions"
[1] "out-of-bag predictions complete"
[1] "elapsed time: 0.973000000000013"
[1] "computing predictions on test set"
[1] "test set predictions complete"
[1] "elapsed time: 0.817999999999984"
[1] "computing tree strength and correlation"
[1] "strength and correlation complete"
[1] "Evaluating forest 5 of 8"
[1] "training"
[1] "training complete"
[1] "elapsed time: 0.182999999999993"
[1] "computing out-of-bag predictions"
[1] "out-of-bag predictions complete"
[1] "elapsed time: 0.979000000000013"
[1] "computing predictions on test set"
[1] "test set predictions complete"
[1] "elapsed time: 0.817000000000007"
[1] "computing tree strength and correlation"
[1] "strength and correlation complete"
[1] "Evaluating forest 6 of 8"
[1] "training"
[1] "training complete"
[1] "elapsed time: 0.248000000000019"
[1] "computing out-of-bag predictions"
[1] "out-of-bag predictions complete"
[1] "elapsed time: 1.001"
[1] "computing predictions on test set"
[1] "test set predictions complete"
[1] "elapsed time: 0.826999999999998"
[1] "computing tree strength and correlation"
[1] "strength and correlation complete"
[1] "Evaluating forest 7 of 8"
[1] "training"
[1] "training complete"
[1] "elapsed time: 0.326999999999998"
[1] "computing out-of-bag predictions"
[1] "out-of-bag predictions complete"
[1] "elapsed time: 0.996000000000009"
[1] "computing predictions on test set"
[1] "test set predictions complete"
[1] "elapsed time: 0.830000000000013"
[1] "computing tree strength and correlation"
[1] "strength and correlation complete"
[1] "Evaluating forest 8 of 8"
[1] "training"
[1] "training complete"
[1] "elapsed time: 0.730000000000018"
[1] "computing out-of-bag predictions"
[1] "out-of-bag predictions complete"
[1] "elapsed time: 1.00999999999999"
[1] "computing predictions on test set"
[1] "test set predictions complete"
[1] "elapsed time: 0.838000000000022"
[1] "computing tree strength and correlation"
[1] "strength and correlation complete"
[1] "fold 3"
[1] "Evaluating forest 1 of 8"
[1] "training"
[1] "training complete"
[1] "elapsed time: 0.165999999999997"
[1] "computing out-of-bag predictions"
[1] "out-of-bag predictions complete"
[1] "elapsed time: 0.936000000000007"
[1] "computing predictions on test set"
[1] "test set predictions complete"
[1] "elapsed time: 0.775999999999982"
[1] "computing tree strength and correlation"
[1] "strength and correlation complete"
[1] "Evaluating forest 2 of 8"
[1] "training"
[1] "training complete"
[1] "elapsed time: 0.223000000000013"
[1] "computing out-of-bag predictions"
[1] "out-of-bag predictions complete"
[1] "elapsed time: 0.955999999999989"
[1] "computing predictions on test set"
[1] "test set predictions complete"
[1] "elapsed time: 0.813999999999993"
[1] "computing tree strength and correlation"
[1] "strength and correlation complete"
[1] "Evaluating forest 3 of 8"
[1] "training"
[1] "training complete"
[1] "elapsed time: 0.306000000000012"
[1] "computing out-of-bag predictions"
[1] "out-of-bag predictions complete"
[1] "elapsed time: 0.974999999999994"
[1] "computing predictions on test set"
[1] "test set predictions complete"
[1] "elapsed time: 0.810000000000002"
[1] "computing tree strength and correlation"
[1] "strength and correlation complete"
[1] "Evaluating forest 4 of 8"
[1] "training"
[1] "training complete"
[1] "elapsed time: 0.674999999999983"
[1] "computing out-of-bag predictions"
[1] "out-of-bag predictions complete"
[1] "elapsed time: 0.998999999999995"
[1] "computing predictions on test set"
[1] "test set predictions complete"
[1] "elapsed time: 0.817000000000007"
[1] "computing tree strength and correlation"
[1] "strength and correlation complete"
[1] "Evaluating forest 5 of 8"
[1] "training"
[1] "training complete"
[1] "elapsed time: 0.186000000000007"
[1] "computing out-of-bag predictions"
[1] "out-of-bag predictions complete"
[1] "elapsed time: 0.966000000000008"
[1] "computing predictions on test set"
[1] "test set predictions complete"
[1] "elapsed time: 0.807999999999993"
[1] "computing tree strength and correlation"
[1] "strength and correlation complete"
[1] "Evaluating forest 6 of 8"
[1] "training"
[1] "training complete"
[1] "elapsed time: 0.26400000000001"
[1] "computing out-of-bag predictions"
[1] "out-of-bag predictions complete"
[1] "elapsed time: 1"
[1] "computing predictions on test set"
[1] "test set predictions complete"
[1] "elapsed time: 0.816000000000003"
[1] "computing tree strength and correlation"
[1] "strength and correlation complete"
[1] "Evaluating forest 7 of 8"
[1] "training"
[1] "training complete"
[1] "elapsed time: 0.325999999999993"
[1] "computing out-of-bag predictions"
[1] "out-of-bag predictions complete"
[1] "elapsed time: 1.001"
[1] "computing predictions on test set"
[1] "test set predictions complete"
[1] "elapsed time: 0.834000000000003"
[1] "computing tree strength and correlation"
[1] "strength and correlation complete"
[1] "Evaluating forest 8 of 8"
[1] "training"
[1] "training complete"
[1] "elapsed time: 0.717000000000013"
[1] "computing out-of-bag predictions"
[1] "out-of-bag predictions complete"
[1] "elapsed time: 1.01399999999998"
[1] "computing predictions on test set"
[1] "test set predictions complete"
[1] "elapsed time: 0.823999999999984"
[1] "computing tree strength and correlation"
[1] "strength and correlation complete"
[1] "fold 4"
[1] "Evaluating forest 1 of 8"
[1] "training"
[1] "training complete"
[1] "elapsed time: 0.166999999999973"
[1] "computing out-of-bag predictions"
[1] "out-of-bag predictions complete"
[1] "elapsed time: 0.947000000000003"
[1] "computing predictions on test set"
[1] "test set predictions complete"
[1] "elapsed time: 0.786999999999978"
[1] "computing tree strength and correlation"
[1] "strength and correlation complete"
[1] "Evaluating forest 2 of 8"
[1] "training"
[1] "training complete"
[1] "elapsed time: 0.224000000000046"
[1] "computing out-of-bag predictions"
[1] "out-of-bag predictions complete"
[1] "elapsed time: 0.96999999999997"
[1] "computing predictions on test set"
[1] "test set predictions complete"
[1] "elapsed time: 0.797000000000025"
[1] "computing tree strength and correlation"
[1] "strength and correlation complete"
[1] "Evaluating forest 3 of 8"
[1] "training"
[1] "training complete"
[1] "elapsed time: 0.310000000000002"
[1] "computing out-of-bag predictions"
[1] "out-of-bag predictions complete"
[1] "elapsed time: 0.994000000000028"
[1] "computing predictions on test set"
[1] "test set predictions complete"
[1] "elapsed time: 0.807999999999993"
[1] "computing tree strength and correlation"
[1] "strength and correlation complete"
[1] "Evaluating forest 4 of 8"
[1] "training"
[1] "training complete"
[1] "elapsed time: 0.67900000000003"
[1] "computing out-of-bag predictions"
[1] "out-of-bag predictions complete"
[1] "elapsed time: 0.990999999999985"
[1] "computing predictions on test set"
[1] "test set predictions complete"
[1] "elapsed time: 0.822000000000003"
[1] "computing tree strength and correlation"
[1] "strength and correlation complete"
[1] "Evaluating forest 5 of 8"
[1] "training"
[1] "training complete"
[1] "elapsed time: 0.18300000000005"
[1] "computing out-of-bag predictions"
[1] "out-of-bag predictions complete"
[1] "elapsed time: 0.972999999999956"
[1] "computing predictions on test set"
[1] "test set predictions complete"
[1] "elapsed time: 0.80400000000003"
[1] "computing tree strength and correlation"
[1] "strength and correlation complete"
[1] "Evaluating forest 6 of 8"
[1] "training"
[1] "training complete"
[1] "elapsed time: 0.245999999999981"
[1] "computing out-of-bag predictions"
[1] "out-of-bag predictions complete"
[1] "elapsed time: 1.005"
[1] "computing predictions on test set"
[1] "test set predictions complete"
[1] "elapsed time: 0.822000000000003"
[1] "computing tree strength and correlation"
[1] "strength and correlation complete"
[1] "Evaluating forest 7 of 8"
[1] "training"
[1] "training complete"
[1] "elapsed time: 0.338999999999999"
[1] "computing out-of-bag predictions"
[1] "out-of-bag predictions complete"
[1] "elapsed time: 0.96999999999997"
[1] "computing predictions on test set"
[1] "test set predictions complete"
[1] "elapsed time: 0.819000000000017"
[1] "computing tree strength and correlation"
[1] "strength and correlation complete"
[1] "Evaluating forest 8 of 8"
[1] "training"
[1] "training complete"
[1] "elapsed time: 0.776999999999987"
[1] "computing out-of-bag predictions"
[1] "out-of-bag predictions complete"
[1] "elapsed time: 1.02299999999997"
[1] "computing predictions on test set"
[1] "test set predictions complete"
[1] "elapsed time: 0.824000000000012"
[1] "computing tree strength and correlation"
[1] "strength and correlation complete"
[1] "fold 5"
[1] "Evaluating forest 1 of 8"
[1] "training"
[1] "training complete"
[1] "elapsed time: 0.170000000000016"
[1] "computing out-of-bag predictions"
[1] "out-of-bag predictions complete"
[1] "elapsed time: 0.963000000000022"
[1] "computing predictions on test set"
[1] "test set predictions complete"
[1] "elapsed time: 0.775000000000034"
[1] "computing tree strength and correlation"
[1] "strength and correlation complete"
[1] "Evaluating forest 2 of 8"
[1] "training"
[1] "training complete"
[1] "elapsed time: 0.228999999999985"
[1] "computing out-of-bag predictions"
[1] "out-of-bag predictions complete"
[1] "elapsed time: 0.988"
[1] "computing predictions on test set"
[1] "test set predictions complete"
[1] "elapsed time: 0.800000000000011"
[1] "computing tree strength and correlation"
[1] "strength and correlation complete"
[1] "Evaluating forest 3 of 8"
[1] "training"
[1] "training complete"
[1] "elapsed time: 0.288999999999987"
[1] "computing out-of-bag predictions"
[1] "out-of-bag predictions complete"
[1] "elapsed time: 0.970000000000027"
[1] "computing predictions on test set"
[1] "test set predictions complete"
[1] "elapsed time: 0.805000000000007"
[1] "computing tree strength and correlation"
[1] "strength and correlation complete"
[1] "Evaluating forest 4 of 8"
[1] "training"
[1] "training complete"
[1] "elapsed time: 0.694999999999993"
[1] "computing out-of-bag predictions"
[1] "out-of-bag predictions complete"
[1] "elapsed time: 0.97199999999998"
[1] "computing predictions on test set"
[1] "test set predictions complete"
[1] "elapsed time: 0.814000000000021"
[1] "computing tree strength and correlation"
[1] "strength and correlation complete"
[1] "Evaluating forest 5 of 8"
[1] "training"
[1] "training complete"
[1] "elapsed time: 0.187999999999988"
[1] "computing out-of-bag predictions"
[1] "out-of-bag predictions complete"
[1] "elapsed time: 0.983000000000004"
[1] "computing predictions on test set"
[1] "test set predictions complete"
[1] "elapsed time: 0.812000000000012"
[1] "computing tree strength and correlation"
[1] "strength and correlation complete"
[1] "Evaluating forest 6 of 8"
[1] "training"
[1] "training complete"
[1] "elapsed time: 0.259000000000015"
[1] "computing out-of-bag predictions"
[1] "out-of-bag predictions complete"
[1] "elapsed time: 1.00099999999998"
[1] "computing predictions on test set"
[1] "test set predictions complete"
[1] "elapsed time: 0.817999999999984"
[1] "computing tree strength and correlation"
[1] "strength and correlation complete"
[1] "Evaluating forest 7 of 8"
[1] "training"
[1] "training complete"
[1] "elapsed time: 0.317000000000007"
[1] "computing out-of-bag predictions"
[1] "out-of-bag predictions complete"
[1] "elapsed time: 1.012"
[1] "computing predictions on test set"
[1] "test set predictions complete"
[1] "elapsed time: 0.828999999999951"
[1] "computing tree strength and correlation"
[1] "strength and correlation complete"
[1] "Evaluating forest 8 of 8"
[1] "training"
[1] "training complete"
[1] "elapsed time: 0.767999999999972"
[1] "computing out-of-bag predictions"
[1] "out-of-bag predictions complete"
[1] "elapsed time: 0.996000000000038"
[1] "computing predictions on test set"
[1] "test set predictions complete"
[1] "elapsed time: 0.830000000000041"
[1] "computing tree strength and correlation"
[1] "strength and correlation complete"
job complete
