My SLURM_ARRAY_TASK_ID:  69
AUC 0.3.0
Type AUCNews() to see the change log and ?AUC to get an overview.
dummies-1.5.6 provided by Decision Patterns

[1] "fold 1"
[1] "Evaluating forest 1 of 4"
[1] "training"
[1] "training complete"
[1] "elapsed time: 0.237"
[1] "computing out-of-bag predictions"
[1] "out-of-bag predictions complete"
[1] "elapsed time: 3.406"
[1] "computing predictions on test set"
[1] "test set predictions complete"
[1] "elapsed time: 2.976"
[1] "computing tree strength and correlation"
[1] "strength and correlation complete"
[1] "elapsed time: 3.12"
[1] "Evaluating forest 2 of 4"
[1] "training"
[1] "training complete"
[1] "elapsed time: 0.271999999999998"
[1] "computing out-of-bag predictions"
[1] "out-of-bag predictions complete"
[1] "elapsed time: 2.592"
[1] "computing predictions on test set"
[1] "test set predictions complete"
[1] "elapsed time: 2.604"
[1] "computing tree strength and correlation"
[1] "strength and correlation complete"
[1] "elapsed time: 2.804"
[1] "Evaluating forest 3 of 4"
[1] "training"
[1] "training complete"
[1] "elapsed time: 0.374000000000002"
[1] "computing out-of-bag predictions"
[1] "out-of-bag predictions complete"
[1] "elapsed time: 2.679"
[1] "computing predictions on test set"
[1] "test set predictions complete"
[1] "elapsed time: 2.672"
[1] "computing tree strength and correlation"
[1] "strength and correlation complete"
[1] "elapsed time: 2.876"
[1] "Evaluating forest 4 of 4"
[1] "training"
[1] "training complete"
[1] "elapsed time: 0.715999999999998"
[1] "computing out-of-bag predictions"
[1] "out-of-bag predictions complete"
[1] "elapsed time: 2.696"
[1] "computing predictions on test set"
[1] "test set predictions complete"
[1] "elapsed time: 2.722"
[1] "computing tree strength and correlation"
[1] "strength and correlation complete"
[1] "elapsed time: 3.005"
[1] "fold 2"
[1] "Evaluating forest 1 of 4"
[1] "training"
[1] "training complete"
[1] "elapsed time: 0.204999999999998"
[1] "computing out-of-bag predictions"
[1] "out-of-bag predictions complete"
[1] "elapsed time: 3.27800000000001"
[1] "computing predictions on test set"
[1] "test set predictions complete"
[1] "elapsed time: 3.244"
[1] "computing tree strength and correlation"
[1] "strength and correlation complete"
[1] "elapsed time: 3.488"
[1] "Evaluating forest 2 of 4"
[1] "training"
[1] "training complete"
[1] "elapsed time: 0.281999999999996"
[1] "computing out-of-bag predictions"
[1] "out-of-bag predictions complete"
[1] "elapsed time: 2.673"
[1] "computing predictions on test set"
[1] "test set predictions complete"
[1] "elapsed time: 2.67"
[1] "computing tree strength and correlation"
[1] "strength and correlation complete"
[1] "elapsed time: 2.912"
[1] "Evaluating forest 3 of 4"
[1] "training"
[1] "training complete"
[1] "elapsed time: 0.396999999999998"
[1] "computing out-of-bag predictions"
[1] "out-of-bag predictions complete"
[1] "elapsed time: 2.66"
[1] "computing predictions on test set"
[1] "test set predictions complete"
[1] "elapsed time: 2.666"
[1] "computing tree strength and correlation"
[1] "strength and correlation complete"
[1] "elapsed time: 2.955"
[1] "Evaluating forest 4 of 4"
[1] "training"
[1] "training complete"
[1] "elapsed time: 0.778999999999996"
[1] "computing out-of-bag predictions"
[1] "out-of-bag predictions complete"
[1] "elapsed time: 2.66200000000001"
[1] "computing predictions on test set"
[1] "test set predictions complete"
[1] "elapsed time: 2.63"
[1] "computing tree strength and correlation"
[1] "strength and correlation complete"
[1] "elapsed time: 2.96000000000001"
[1] "fold 3"
[1] "Evaluating forest 1 of 4"
[1] "training"
[1] "training complete"
[1] "elapsed time: 0.203000000000003"
[1] "computing out-of-bag predictions"
[1] "out-of-bag predictions complete"
[1] "elapsed time: 3.34899999999999"
[1] "computing predictions on test set"
[1] "test set predictions complete"
[1] "elapsed time: 3.29299999999999"
[1] "computing tree strength and correlation"
[1] "strength and correlation complete"
[1] "elapsed time: 3.49000000000001"
[1] "Evaluating forest 2 of 4"
[1] "training"
[1] "training complete"
[1] "elapsed time: 0.24199999999999"
[1] "computing out-of-bag predictions"
[1] "out-of-bag predictions complete"
[1] "elapsed time: 2.697"
[1] "computing predictions on test set"
[1] "test set predictions complete"
[1] "elapsed time: 2.69799999999999"
[1] "computing tree strength and correlation"
[1] "strength and correlation complete"
[1] "elapsed time: 2.896"
[1] "Evaluating forest 3 of 4"
[1] "training"
[1] "training complete"
[1] "elapsed time: 0.396000000000001"
[1] "computing out-of-bag predictions"
[1] "out-of-bag predictions complete"
[1] "elapsed time: 2.66799999999999"
[1] "computing predictions on test set"
[1] "test set predictions complete"
[1] "elapsed time: 2.71299999999999"
[1] "computing tree strength and correlation"
[1] "strength and correlation complete"
[1] "elapsed time: 2.872"
[1] "Evaluating forest 4 of 4"
[1] "training"
[1] "training complete"
[1] "elapsed time: 0.766000000000005"
[1] "computing out-of-bag predictions"
[1] "out-of-bag predictions complete"
[1] "elapsed time: 2.65100000000001"
[1] "computing predictions on test set"
[1] "test set predictions complete"
[1] "elapsed time: 2.72"
[1] "computing tree strength and correlation"
[1] "strength and correlation complete"
[1] "elapsed time: 2.89100000000001"
[1] "fold 4"
[1] "Evaluating forest 1 of 4"
[1] "training"
[1] "training complete"
[1] "elapsed time: 0.198000000000008"
[1] "computing out-of-bag predictions"
[1] "out-of-bag predictions complete"
[1] "elapsed time: 3.24199999999999"
[1] "computing predictions on test set"
[1] "test set predictions complete"
[1] "elapsed time: 3.17999999999999"
[1] "computing tree strength and correlation"
[1] "strength and correlation complete"
[1] "elapsed time: 3.506"
[1] "Evaluating forest 2 of 4"
[1] "training"
[1] "training complete"
[1] "elapsed time: 0.27300000000001"
[1] "computing out-of-bag predictions"
[1] "out-of-bag predictions complete"
[1] "elapsed time: 3.16499999999999"
[1] "computing predictions on test set"
[1] "test set predictions complete"
[1] "elapsed time: 3.31099999999999"
[1] "computing tree strength and correlation"
[1] "strength and correlation complete"
[1] "elapsed time: 3.44400000000002"
[1] "Evaluating forest 3 of 4"
[1] "training"
[1] "training complete"
[1] "elapsed time: 0.378999999999991"
[1] "computing out-of-bag predictions"
[1] "out-of-bag predictions complete"
[1] "elapsed time: 3.20599999999999"
[1] "computing predictions on test set"
[1] "test set predictions complete"
[1] "elapsed time: 3.285"
[1] "computing tree strength and correlation"
[1] "strength and correlation complete"
[1] "elapsed time: 3.471"
[1] "Evaluating forest 4 of 4"
[1] "training"
[1] "training complete"
[1] "elapsed time: 0.725999999999999"
[1] "computing out-of-bag predictions"
[1] "out-of-bag predictions complete"
[1] "elapsed time: 3.245"
[1] "computing predictions on test set"
[1] "test set predictions complete"
[1] "elapsed time: 3.22899999999998"
[1] "computing tree strength and correlation"
[1] "strength and correlation complete"
[1] "elapsed time: 3.40100000000001"
[1] "fold 5"
[1] "Evaluating forest 1 of 4"
[1] "training"
[1] "training complete"
[1] "elapsed time: 0.197000000000003"
[1] "computing out-of-bag predictions"
[1] "out-of-bag predictions complete"
[1] "elapsed time: 3.749"
[1] "computing predictions on test set"
[1] "test set predictions complete"
[1] "elapsed time: 3.80800000000002"
[1] "computing tree strength and correlation"
[1] "strength and correlation complete"
[1] "elapsed time: 4.03100000000001"
[1] "Evaluating forest 2 of 4"
[1] "training"
[1] "training complete"
[1] "elapsed time: 0.293000000000006"
[1] "computing out-of-bag predictions"
[1] "out-of-bag predictions complete"
[1] "elapsed time: 2.715"
[1] "computing predictions on test set"
[1] "test set predictions complete"
[1] "elapsed time: 2.64599999999999"
[1] "computing tree strength and correlation"
[1] "strength and correlation complete"
[1] "elapsed time: 2.887"
[1] "Evaluating forest 3 of 4"
[1] "training"
[1] "training complete"
[1] "elapsed time: 0.376999999999981"
[1] "computing out-of-bag predictions"
[1] "out-of-bag predictions complete"
[1] "elapsed time: 2.66400000000002"
[1] "computing predictions on test set"
[1] "test set predictions complete"
[1] "elapsed time: 2.708"
[1] "computing tree strength and correlation"
[1] "strength and correlation complete"
[1] "elapsed time: 2.93299999999999"
[1] "Evaluating forest 4 of 4"
[1] "training"
[1] "training complete"
[1] "elapsed time: 0.835000000000008"
[1] "computing out-of-bag predictions"
[1] "out-of-bag predictions complete"
[1] "elapsed time: 2.80399999999997"
[1] "computing predictions on test set"
[1] "test set predictions complete"
[1] "elapsed time: 2.78699999999998"
[1] "computing tree strength and correlation"
[1] "strength and correlation complete"
[1] "elapsed time: 2.93899999999999"
job complete
