My SLURM_ARRAY_TASK_ID:  74
AUC 0.3.0
Type AUCNews() to see the change log and ?AUC to get an overview.
dummies-1.5.6 provided by Decision Patterns

[1] "fold 1"
[1] "Evaluating forest 1 of 4"
[1] "training"
[1] "training complete"
[1] "elapsed time: 0.109"
[1] "computing out-of-bag predictions"
[1] "out-of-bag predictions complete"
[1] "elapsed time: 0.706"
[1] "computing predictions on test set"
[1] "test set predictions complete"
[1] "elapsed time: 0.626"
[1] "computing tree strength and correlation"
[1] "strength and correlation complete"
[1] "elapsed time: 0.851"
[1] "Evaluating forest 2 of 4"
[1] "training"
[1] "training complete"
[1] "elapsed time: 0.131"
[1] "computing out-of-bag predictions"
[1] "out-of-bag predictions complete"
[1] "elapsed time: 0.682"
[1] "computing predictions on test set"
[1] "test set predictions complete"
[1] "elapsed time: 0.678"
[1] "computing tree strength and correlation"
[1] "strength and correlation complete"
[1] "elapsed time: 0.865"
[1] "Evaluating forest 3 of 4"
[1] "training"
[1] "training complete"
[1] "elapsed time: 0.165999999999999"
[1] "computing out-of-bag predictions"
[1] "out-of-bag predictions complete"
[1] "elapsed time: 0.664"
[1] "computing predictions on test set"
[1] "test set predictions complete"
[1] "elapsed time: 0.66"
[1] "computing tree strength and correlation"
[1] "strength and correlation complete"
[1] "elapsed time: 0.845"
[1] "Evaluating forest 4 of 4"
[1] "training"
[1] "training complete"
[1] "elapsed time: 0.191000000000001"
[1] "computing out-of-bag predictions"
[1] "out-of-bag predictions complete"
[1] "elapsed time: 0.678"
[1] "computing predictions on test set"
[1] "test set predictions complete"
[1] "elapsed time: 0.667000000000002"
[1] "computing tree strength and correlation"
[1] "strength and correlation complete"
[1] "elapsed time: 0.861000000000001"
[1] "fold 2"
[1] "Evaluating forest 1 of 4"
[1] "training"
[1] "training complete"
[1] "elapsed time: 0.131"
[1] "computing out-of-bag predictions"
[1] "out-of-bag predictions complete"
[1] "elapsed time: 0.667"
[1] "computing predictions on test set"
[1] "test set predictions complete"
[1] "elapsed time: 0.657"
[1] "computing tree strength and correlation"
[1] "strength and correlation complete"
[1] "elapsed time: 0.856"
[1] "Evaluating forest 2 of 4"
[1] "training"
[1] "training complete"
[1] "elapsed time: 0.146999999999998"
[1] "computing out-of-bag predictions"
[1] "out-of-bag predictions complete"
[1] "elapsed time: 0.680999999999999"
[1] "computing predictions on test set"
[1] "test set predictions complete"
[1] "elapsed time: 0.677"
[1] "computing tree strength and correlation"
[1] "strength and correlation complete"
[1] "elapsed time: 0.856999999999999"
[1] "Evaluating forest 3 of 4"
[1] "training"
[1] "training complete"
[1] "elapsed time: 0.166"
[1] "computing out-of-bag predictions"
[1] "out-of-bag predictions complete"
[1] "elapsed time: 0.668000000000001"
[1] "computing predictions on test set"
[1] "test set predictions complete"
[1] "elapsed time: 0.663"
[1] "computing tree strength and correlation"
[1] "strength and correlation complete"
[1] "elapsed time: 0.849"
[1] "Evaluating forest 4 of 4"
[1] "training"
[1] "training complete"
[1] "elapsed time: 0.196999999999999"
[1] "computing out-of-bag predictions"
[1] "out-of-bag predictions complete"
[1] "elapsed time: 0.675000000000001"
[1] "computing predictions on test set"
[1] "test set predictions complete"
[1] "elapsed time: 0.669999999999998"
[1] "computing tree strength and correlation"
[1] "strength and correlation complete"
[1] "elapsed time: 0.859999999999999"
[1] "fold 3"
[1] "Evaluating forest 1 of 4"
[1] "training"
[1] "training complete"
[1] "elapsed time: 0.138999999999999"
[1] "computing out-of-bag predictions"
[1] "out-of-bag predictions complete"
[1] "elapsed time: 0.665000000000003"
[1] "computing predictions on test set"
[1] "test set predictions complete"
[1] "elapsed time: 0.663"
[1] "computing tree strength and correlation"
[1] "strength and correlation complete"
[1] "elapsed time: 0.856999999999999"
[1] "Evaluating forest 2 of 4"
[1] "training"
[1] "training complete"
[1] "elapsed time: 0.145"
[1] "computing out-of-bag predictions"
[1] "out-of-bag predictions complete"
[1] "elapsed time: 0.681000000000001"
[1] "computing predictions on test set"
[1] "test set predictions complete"
[1] "elapsed time: 0.673999999999999"
[1] "computing tree strength and correlation"
[1] "strength and correlation complete"
[1] "elapsed time: 0.864000000000001"
[1] "Evaluating forest 3 of 4"
[1] "training"
[1] "training complete"
[1] "elapsed time: 0.169"
[1] "computing out-of-bag predictions"
[1] "out-of-bag predictions complete"
[1] "elapsed time: 0.671999999999997"
[1] "computing predictions on test set"
[1] "test set predictions complete"
[1] "elapsed time: 0.666"
[1] "computing tree strength and correlation"
[1] "strength and correlation complete"
[1] "elapsed time: 0.890999999999998"
[1] "Evaluating forest 4 of 4"
[1] "training"
[1] "training complete"
[1] "elapsed time: 0.204000000000001"
[1] "computing out-of-bag predictions"
[1] "out-of-bag predictions complete"
[1] "elapsed time: 0.672999999999998"
[1] "computing predictions on test set"
[1] "test set predictions complete"
[1] "elapsed time: 0.675999999999998"
[1] "computing tree strength and correlation"
[1] "strength and correlation complete"
[1] "elapsed time: 0.861000000000001"
[1] "fold 4"
[1] "Evaluating forest 1 of 4"
[1] "training"
[1] "training complete"
[1] "elapsed time: 0.135999999999999"
[1] "computing out-of-bag predictions"
[1] "out-of-bag predictions complete"
[1] "elapsed time: 0.659000000000002"
[1] "computing predictions on test set"
[1] "test set predictions complete"
[1] "elapsed time: 0.652999999999999"
[1] "computing tree strength and correlation"
[1] "strength and correlation complete"
[1] "elapsed time: 0.855"
[1] "Evaluating forest 2 of 4"
[1] "training"
[1] "training complete"
[1] "elapsed time: 0.141000000000002"
[1] "computing out-of-bag predictions"
[1] "out-of-bag predictions complete"
[1] "elapsed time: 0.678000000000001"
[1] "computing predictions on test set"
[1] "test set predictions complete"
[1] "elapsed time: 0.666000000000004"
[1] "computing tree strength and correlation"
[1] "strength and correlation complete"
[1] "elapsed time: 0.868000000000002"
[1] "Evaluating forest 3 of 4"
[1] "training"
[1] "training complete"
[1] "elapsed time: 0.164999999999999"
[1] "computing out-of-bag predictions"
[1] "out-of-bag predictions complete"
[1] "elapsed time: 0.661999999999999"
[1] "computing predictions on test set"
[1] "test set predictions complete"
[1] "elapsed time: 0.661999999999999"
[1] "computing tree strength and correlation"
[1] "strength and correlation complete"
[1] "elapsed time: 0.864000000000004"
[1] "Evaluating forest 4 of 4"
[1] "training"
[1] "training complete"
[1] "elapsed time: 0.198"
[1] "computing out-of-bag predictions"
[1] "out-of-bag predictions complete"
[1] "elapsed time: 0.681999999999995"
[1] "computing predictions on test set"
[1] "test set predictions complete"
[1] "elapsed time: 0.665999999999997"
[1] "computing tree strength and correlation"
[1] "strength and correlation complete"
[1] "elapsed time: 0.863"
[1] "fold 5"
[1] "Evaluating forest 1 of 4"
[1] "training"
[1] "training complete"
[1] "elapsed time: 0.126999999999995"
[1] "computing out-of-bag predictions"
[1] "out-of-bag predictions complete"
[1] "elapsed time: 0.661000000000001"
[1] "computing predictions on test set"
[1] "test set predictions complete"
[1] "elapsed time: 0.652999999999999"
[1] "computing tree strength and correlation"
[1] "strength and correlation complete"
[1] "elapsed time: 0.845999999999997"
[1] "Evaluating forest 2 of 4"
[1] "training"
[1] "training complete"
[1] "elapsed time: 0.140000000000001"
[1] "computing out-of-bag predictions"
[1] "out-of-bag predictions complete"
[1] "elapsed time: 0.667000000000002"
[1] "computing predictions on test set"
[1] "test set predictions complete"
[1] "elapsed time: 0.663999999999994"
[1] "computing tree strength and correlation"
[1] "strength and correlation complete"
[1] "elapsed time: 0.847000000000001"
[1] "Evaluating forest 3 of 4"
[1] "training"
[1] "training complete"
[1] "elapsed time: 0.158000000000001"
[1] "computing out-of-bag predictions"
[1] "out-of-bag predictions complete"
[1] "elapsed time: 0.655000000000001"
[1] "computing predictions on test set"
[1] "test set predictions complete"
[1] "elapsed time: 0.658000000000001"
[1] "computing tree strength and correlation"
[1] "strength and correlation complete"
[1] "elapsed time: 0.841999999999999"
[1] "Evaluating forest 4 of 4"
[1] "training"
[1] "training complete"
[1] "elapsed time: 0.18"
[1] "computing out-of-bag predictions"
[1] "out-of-bag predictions complete"
[1] "elapsed time: 0.668999999999997"
[1] "computing predictions on test set"
[1] "test set predictions complete"
[1] "elapsed time: 0.659999999999997"
[1] "computing tree strength and correlation"
[1] "strength and correlation complete"
[1] "elapsed time: 0.853999999999999"
job complete
