My SLURM_ARRAY_TASK_ID:  55
AUC 0.3.0
Type AUCNews() to see the change log and ?AUC to get an overview.
dummies-1.5.6 provided by Decision Patterns

[1] "fold 1"
[1] "Evaluating forest 1 of 4"
[1] "training"
[1] "training complete"
[1] "elapsed time: 0.112"
[1] "computing out-of-bag predictions"
[1] "out-of-bag predictions complete"
[1] "elapsed time: 0.725"
[1] "computing predictions on test set"
[1] "test set predictions complete"
[1] "elapsed time: 0.637"
[1] "computing tree strength and correlation"
[1] "strength and correlation complete"
[1] "elapsed time: 0.853"
[1] "Evaluating forest 2 of 4"
[1] "training"
[1] "training complete"
[1] "elapsed time: 0.134"
[1] "computing out-of-bag predictions"
[1] "out-of-bag predictions complete"
[1] "elapsed time: 0.706"
[1] "computing predictions on test set"
[1] "test set predictions complete"
[1] "elapsed time: 0.69"
[1] "computing tree strength and correlation"
[1] "strength and correlation complete"
[1] "elapsed time: 0.886"
[1] "Evaluating forest 3 of 4"
[1] "training"
[1] "training complete"
[1] "elapsed time: 0.175999999999999"
[1] "computing out-of-bag predictions"
[1] "out-of-bag predictions complete"
[1] "elapsed time: 0.675"
[1] "computing predictions on test set"
[1] "test set predictions complete"
[1] "elapsed time: 0.675000000000001"
[1] "computing tree strength and correlation"
[1] "strength and correlation complete"
[1] "elapsed time: 0.871"
[1] "Evaluating forest 4 of 4"
[1] "training"
[1] "training complete"
[1] "elapsed time: 0.236000000000001"
[1] "computing out-of-bag predictions"
[1] "out-of-bag predictions complete"
[1] "elapsed time: 0.688000000000001"
[1] "computing predictions on test set"
[1] "test set predictions complete"
[1] "elapsed time: 0.681000000000001"
[1] "computing tree strength and correlation"
[1] "strength and correlation complete"
[1] "elapsed time: 0.865"
[1] "fold 2"
[1] "Evaluating forest 1 of 4"
[1] "training"
[1] "training complete"
[1] "elapsed time: 0.142000000000001"
[1] "computing out-of-bag predictions"
[1] "out-of-bag predictions complete"
[1] "elapsed time: 0.668999999999999"
[1] "computing predictions on test set"
[1] "test set predictions complete"
[1] "elapsed time: 0.666"
[1] "computing tree strength and correlation"
[1] "strength and correlation complete"
[1] "elapsed time: 0.864000000000001"
[1] "Evaluating forest 2 of 4"
[1] "training"
[1] "training complete"
[1] "elapsed time: 0.147"
[1] "computing out-of-bag predictions"
[1] "out-of-bag predictions complete"
[1] "elapsed time: 0.702"
[1] "computing predictions on test set"
[1] "test set predictions complete"
[1] "elapsed time: 0.68"
[1] "computing tree strength and correlation"
[1] "strength and correlation complete"
[1] "elapsed time: 0.9"
[1] "Evaluating forest 3 of 4"
[1] "training"
[1] "training complete"
[1] "elapsed time: 0.186999999999999"
[1] "computing out-of-bag predictions"
[1] "out-of-bag predictions complete"
[1] "elapsed time: 0.686999999999999"
[1] "computing predictions on test set"
[1] "test set predictions complete"
[1] "elapsed time: 0.683999999999999"
[1] "computing tree strength and correlation"
[1] "strength and correlation complete"
[1] "elapsed time: 0.872999999999998"
[1] "Evaluating forest 4 of 4"
[1] "training"
[1] "training complete"
[1] "elapsed time: 0.297000000000001"
[1] "computing out-of-bag predictions"
[1] "out-of-bag predictions complete"
[1] "elapsed time: 0.690000000000001"
[1] "computing predictions on test set"
[1] "test set predictions complete"
[1] "elapsed time: 0.672999999999998"
[1] "computing tree strength and correlation"
[1] "strength and correlation complete"
[1] "elapsed time: 0.923999999999999"
[1] "fold 3"
[1] "Evaluating forest 1 of 4"
[1] "training"
[1] "training complete"
[1] "elapsed time: 0.137"
[1] "computing out-of-bag predictions"
[1] "out-of-bag predictions complete"
[1] "elapsed time: 0.670999999999999"
[1] "computing predictions on test set"
[1] "test set predictions complete"
[1] "elapsed time: 0.648999999999997"
[1] "computing tree strength and correlation"
[1] "strength and correlation complete"
[1] "elapsed time: 0.861999999999998"
[1] "Evaluating forest 2 of 4"
[1] "training"
[1] "training complete"
[1] "elapsed time: 0.150000000000002"
[1] "computing out-of-bag predictions"
[1] "out-of-bag predictions complete"
[1] "elapsed time: 0.707999999999998"
[1] "computing predictions on test set"
[1] "test set predictions complete"
[1] "elapsed time: 0.708000000000002"
[1] "computing tree strength and correlation"
[1] "strength and correlation complete"
[1] "elapsed time: 0.913"
[1] "Evaluating forest 3 of 4"
[1] "training"
[1] "training complete"
[1] "elapsed time: 0.187000000000001"
[1] "computing out-of-bag predictions"
[1] "out-of-bag predictions complete"
[1] "elapsed time: 0.684999999999999"
[1] "computing predictions on test set"
[1] "test set predictions complete"
[1] "elapsed time: 0.657"
[1] "computing tree strength and correlation"
[1] "strength and correlation complete"
[1] "elapsed time: 0.841999999999999"
[1] "Evaluating forest 4 of 4"
[1] "training"
[1] "training complete"
[1] "elapsed time: 0.234999999999999"
[1] "computing out-of-bag predictions"
[1] "out-of-bag predictions complete"
[1] "elapsed time: 0.694000000000003"
[1] "computing predictions on test set"
[1] "test set predictions complete"
[1] "elapsed time: 0.672000000000001"
[1] "computing tree strength and correlation"
[1] "strength and correlation complete"
[1] "elapsed time: 0.881"
[1] "fold 4"
[1] "Evaluating forest 1 of 4"
[1] "training"
[1] "training complete"
[1] "elapsed time: 0.133000000000003"
[1] "computing out-of-bag predictions"
[1] "out-of-bag predictions complete"
[1] "elapsed time: 0.675000000000001"
[1] "computing predictions on test set"
[1] "test set predictions complete"
[1] "elapsed time: 0.666"
[1] "computing tree strength and correlation"
[1] "strength and correlation complete"
[1] "elapsed time: 0.884"
[1] "Evaluating forest 2 of 4"
[1] "training"
[1] "training complete"
[1] "elapsed time: 0.151999999999997"
[1] "computing out-of-bag predictions"
[1] "out-of-bag predictions complete"
[1] "elapsed time: 0.698999999999998"
[1] "computing predictions on test set"
[1] "test set predictions complete"
[1] "elapsed time: 0.694000000000003"
[1] "computing tree strength and correlation"
[1] "strength and correlation complete"
[1] "elapsed time: 0.892000000000003"
[1] "Evaluating forest 3 of 4"
[1] "training"
[1] "training complete"
[1] "elapsed time: 0.188000000000002"
[1] "computing out-of-bag predictions"
[1] "out-of-bag predictions complete"
[1] "elapsed time: 0.672999999999995"
[1] "computing predictions on test set"
[1] "test set predictions complete"
[1] "elapsed time: 0.678000000000004"
[1] "computing tree strength and correlation"
[1] "strength and correlation complete"
[1] "elapsed time: 0.863999999999997"
[1] "Evaluating forest 4 of 4"
[1] "training"
[1] "training complete"
[1] "elapsed time: 0.241"
[1] "computing out-of-bag predictions"
[1] "out-of-bag predictions complete"
[1] "elapsed time: 0.691000000000003"
[1] "computing predictions on test set"
[1] "test set predictions complete"
[1] "elapsed time: 0.683999999999997"
[1] "computing tree strength and correlation"
[1] "strength and correlation complete"
[1] "elapsed time: 0.881999999999998"
[1] "fold 5"
[1] "Evaluating forest 1 of 4"
[1] "training"
[1] "training complete"
[1] "elapsed time: 0.141000000000005"
[1] "computing out-of-bag predictions"
[1] "out-of-bag predictions complete"
[1] "elapsed time: 0.673999999999999"
[1] "computing predictions on test set"
[1] "test set predictions complete"
[1] "elapsed time: 0.662999999999997"
[1] "computing tree strength and correlation"
[1] "strength and correlation complete"
[1] "elapsed time: 0.848999999999997"
[1] "Evaluating forest 2 of 4"
[1] "training"
[1] "training complete"
[1] "elapsed time: 0.152000000000001"
[1] "computing out-of-bag predictions"
[1] "out-of-bag predictions complete"
[1] "elapsed time: 0.704000000000001"
[1] "computing predictions on test set"
[1] "test set predictions complete"
[1] "elapsed time: 0.695"
[1] "computing tree strength and correlation"
[1] "strength and correlation complete"
[1] "elapsed time: 0.881999999999998"
[1] "Evaluating forest 3 of 4"
[1] "training"
[1] "training complete"
[1] "elapsed time: 0.186999999999998"
[1] "computing out-of-bag predictions"
[1] "out-of-bag predictions complete"
[1] "elapsed time: 0.674999999999997"
[1] "computing predictions on test set"
[1] "test set predictions complete"
[1] "elapsed time: 0.673999999999999"
[1] "computing tree strength and correlation"
[1] "strength and correlation complete"
[1] "elapsed time: 0.872"
[1] "Evaluating forest 4 of 4"
[1] "training"
[1] "training complete"
[1] "elapsed time: 0.242000000000004"
[1] "computing out-of-bag predictions"
[1] "out-of-bag predictions complete"
[1] "elapsed time: 0.689999999999998"
[1] "computing predictions on test set"
[1] "test set predictions complete"
[1] "elapsed time: 0.673999999999999"
[1] "computing tree strength and correlation"
[1] "strength and correlation complete"
[1] "elapsed time: 0.873999999999995"
Warning messages:
1: In stats::cor(rmg) : the standard deviation is zero
2: In stats::cor(rmg) : the standard deviation is zero
3: In stats::cor(rmg) : the standard deviation is zero
job complete
