My SLURM_ARRAY_TASK_ID:  93
AUC 0.3.0
Type AUCNews() to see the change log and ?AUC to get an overview.
dummies-1.5.6 provided by Decision Patterns

[1] "fold 1"
[1] "Evaluating forest 1 of 4"
[1] "training"
[1] "training complete"
[1] "elapsed time: 0.602"
[1] "computing out-of-bag predictions"
[1] "out-of-bag predictions complete"
[1] "elapsed time: 2.562"
[1] "computing predictions on test set"
[1] "test set predictions complete"
[1] "elapsed time: 1.964"
[1] "computing tree strength and correlation"
[1] "strength and correlation complete"
[1] "elapsed time: 2.286"
[1] "Evaluating forest 2 of 4"
[1] "training"
[1] "training complete"
[1] "elapsed time: 0.835"
[1] "computing out-of-bag predictions"
[1] "out-of-bag predictions complete"
[1] "elapsed time: 1.17"
[1] "computing predictions on test set"
[1] "test set predictions complete"
[1] "elapsed time: 1.089"
[1] "computing tree strength and correlation"
[1] "strength and correlation complete"
[1] "elapsed time: 1.36"
[1] "Evaluating forest 3 of 4"
[1] "training"
[1] "training complete"
[1] "elapsed time: 1.34"
[1] "computing out-of-bag predictions"
[1] "out-of-bag predictions complete"
[1] "elapsed time: 1.138"
[1] "computing predictions on test set"
[1] "test set predictions complete"
[1] "elapsed time: 1.056"
[1] "computing tree strength and correlation"
[1] "strength and correlation complete"
[1] "elapsed time: 1.305"
[1] "Evaluating forest 4 of 4"
[1] "training"
[1] "training complete"
[1] "elapsed time: 2.614"
[1] "computing out-of-bag predictions"
[1] "out-of-bag predictions complete"
[1] "elapsed time: 1.143"
[1] "computing predictions on test set"
[1] "test set predictions complete"
[1] "elapsed time: 1.047"
[1] "computing tree strength and correlation"
[1] "strength and correlation complete"
[1] "elapsed time: 1.319"
[1] "fold 2"
[1] "Evaluating forest 1 of 4"
[1] "training"
[1] "training complete"
[1] "elapsed time: 0.59"
[1] "computing out-of-bag predictions"
[1] "out-of-bag predictions complete"
[1] "elapsed time: 1.281"
[1] "computing predictions on test set"
[1] "test set predictions complete"
[1] "elapsed time: 1.18"
[1] "computing tree strength and correlation"
[1] "strength and correlation complete"
[1] "elapsed time: 1.436"
[1] "Evaluating forest 2 of 4"
[1] "training"
[1] "training complete"
[1] "elapsed time: 0.838999999999999"
[1] "computing out-of-bag predictions"
[1] "out-of-bag predictions complete"
[1] "elapsed time: 1.253"
[1] "computing predictions on test set"
[1] "test set predictions complete"
[1] "elapsed time: 1.17"
[1] "computing tree strength and correlation"
[1] "strength and correlation complete"
[1] "elapsed time: 1.424"
[1] "Evaluating forest 3 of 4"
[1] "training"
[1] "training complete"
[1] "elapsed time: 1.347"
[1] "computing out-of-bag predictions"
[1] "out-of-bag predictions complete"
[1] "elapsed time: 1.195"
[1] "computing predictions on test set"
[1] "test set predictions complete"
[1] "elapsed time: 1.092"
[1] "computing tree strength and correlation"
[1] "strength and correlation complete"
[1] "elapsed time: 1.36499999999999"
[1] "Evaluating forest 4 of 4"
[1] "training"
[1] "training complete"
[1] "elapsed time: 2.63800000000001"
[1] "computing out-of-bag predictions"
[1] "out-of-bag predictions complete"
[1] "elapsed time: 1.208"
[1] "computing predictions on test set"
[1] "test set predictions complete"
[1] "elapsed time: 1.121"
[1] "computing tree strength and correlation"
[1] "strength and correlation complete"
[1] "elapsed time: 1.431"
[1] "fold 3"
[1] "Evaluating forest 1 of 4"
[1] "training"
[1] "training complete"
[1] "elapsed time: 0.588000000000001"
[1] "computing out-of-bag predictions"
[1] "out-of-bag predictions complete"
[1] "elapsed time: 2.248"
[1] "computing predictions on test set"
[1] "test set predictions complete"
[1] "elapsed time: 2.174"
[1] "computing tree strength and correlation"
[1] "strength and correlation complete"
[1] "elapsed time: 2.436"
[1] "Evaluating forest 2 of 4"
[1] "training"
[1] "training complete"
[1] "elapsed time: 0.817999999999998"
[1] "computing out-of-bag predictions"
[1] "out-of-bag predictions complete"
[1] "elapsed time: 1.246"
[1] "computing predictions on test set"
[1] "test set predictions complete"
[1] "elapsed time: 1.154"
[1] "computing tree strength and correlation"
[1] "strength and correlation complete"
[1] "elapsed time: 1.418"
[1] "Evaluating forest 3 of 4"
[1] "training"
[1] "training complete"
[1] "elapsed time: 1.353"
[1] "computing out-of-bag predictions"
[1] "out-of-bag predictions complete"
[1] "elapsed time: 1.185"
[1] "computing predictions on test set"
[1] "test set predictions complete"
[1] "elapsed time: 1.10299999999999"
[1] "computing tree strength and correlation"
[1] "strength and correlation complete"
[1] "elapsed time: 1.366"
[1] "Evaluating forest 4 of 4"
[1] "training"
[1] "training complete"
[1] "elapsed time: 2.645"
[1] "computing out-of-bag predictions"
[1] "out-of-bag predictions complete"
[1] "elapsed time: 1.2"
[1] "computing predictions on test set"
[1] "test set predictions complete"
[1] "elapsed time: 1.12"
[1] "computing tree strength and correlation"
[1] "strength and correlation complete"
[1] "elapsed time: 1.38800000000001"
[1] "fold 4"
[1] "Evaluating forest 1 of 4"
[1] "training"
[1] "training complete"
[1] "elapsed time: 0.637999999999991"
[1] "computing out-of-bag predictions"
[1] "out-of-bag predictions complete"
[1] "elapsed time: 2.21599999999999"
[1] "computing predictions on test set"
[1] "test set predictions complete"
[1] "elapsed time: 2.117"
[1] "computing tree strength and correlation"
[1] "strength and correlation complete"
[1] "elapsed time: 2.392"
[1] "Evaluating forest 2 of 4"
[1] "training"
[1] "training complete"
[1] "elapsed time: 0.825000000000003"
[1] "computing out-of-bag predictions"
[1] "out-of-bag predictions complete"
[1] "elapsed time: 1.29300000000001"
[1] "computing predictions on test set"
[1] "test set predictions complete"
[1] "elapsed time: 1.16000000000001"
[1] "computing tree strength and correlation"
[1] "strength and correlation complete"
[1] "elapsed time: 1.42"
[1] "Evaluating forest 3 of 4"
[1] "training"
[1] "training complete"
[1] "elapsed time: 1.384"
[1] "computing out-of-bag predictions"
[1] "out-of-bag predictions complete"
[1] "elapsed time: 1.185"
[1] "computing predictions on test set"
[1] "test set predictions complete"
[1] "elapsed time: 1.108"
[1] "computing tree strength and correlation"
[1] "strength and correlation complete"
[1] "elapsed time: 1.35600000000001"
[1] "Evaluating forest 4 of 4"
[1] "training"
[1] "training complete"
[1] "elapsed time: 2.687"
[1] "computing out-of-bag predictions"
[1] "out-of-bag predictions complete"
[1] "elapsed time: 1.20599999999999"
[1] "computing predictions on test set"
[1] "test set predictions complete"
[1] "elapsed time: 1.13"
[1] "computing tree strength and correlation"
[1] "strength and correlation complete"
[1] "elapsed time: 1.38300000000001"
[1] "fold 5"
[1] "Evaluating forest 1 of 4"
[1] "training"
[1] "training complete"
[1] "elapsed time: 0.59899999999999"
[1] "computing out-of-bag predictions"
[1] "out-of-bag predictions complete"
[1] "elapsed time: 2.28100000000001"
[1] "computing predictions on test set"
[1] "test set predictions complete"
[1] "elapsed time: 2.212"
[1] "computing tree strength and correlation"
[1] "strength and correlation complete"
[1] "elapsed time: 2.432"
[1] "Evaluating forest 2 of 4"
[1] "training"
[1] "training complete"
[1] "elapsed time: 0.816000000000003"
[1] "computing out-of-bag predictions"
[1] "out-of-bag predictions complete"
[1] "elapsed time: 1.298"
[1] "computing predictions on test set"
[1] "test set predictions complete"
[1] "elapsed time: 1.21899999999999"
[1] "computing tree strength and correlation"
[1] "strength and correlation complete"
[1] "elapsed time: 1.47200000000001"
[1] "Evaluating forest 3 of 4"
[1] "training"
[1] "training complete"
[1] "elapsed time: 1.372"
[1] "computing out-of-bag predictions"
[1] "out-of-bag predictions complete"
[1] "elapsed time: 1.19800000000001"
[1] "computing predictions on test set"
[1] "test set predictions complete"
[1] "elapsed time: 1.113"
[1] "computing tree strength and correlation"
[1] "strength and correlation complete"
[1] "elapsed time: 1.35499999999999"
[1] "Evaluating forest 4 of 4"
[1] "training"
[1] "training complete"
[1] "elapsed time: 2.73999999999999"
[1] "computing out-of-bag predictions"
[1] "out-of-bag predictions complete"
[1] "elapsed time: 1.221"
[1] "computing predictions on test set"
[1] "test set predictions complete"
[1] "elapsed time: 1.137"
[1] "computing tree strength and correlation"
[1] "strength and correlation complete"
[1] "elapsed time: 1.387"
job complete
