My SLURM_ARRAY_TASK_ID:  23
AUC 0.3.0
Type AUCNews() to see the change log and ?AUC to get an overview.
dummies-1.5.6 provided by Decision Patterns

[1] "fold 1"
[1] "Evaluating forest 1 of 4"
[1] "training"
[1] "training complete"
[1] "elapsed time: 0.378"
[1] "computing out-of-bag predictions"
[1] "out-of-bag predictions complete"
[1] "elapsed time: 2.296"
[1] "computing predictions on test set"
[1] "test set predictions complete"
[1] "elapsed time: 2.033"
[1] "computing tree strength and correlation"
[1] "strength and correlation complete"
[1] "elapsed time: 2.24"
[1] "Evaluating forest 2 of 4"
[1] "training"
[1] "training complete"
[1] "elapsed time: 0.56"
[1] "computing out-of-bag predictions"
[1] "out-of-bag predictions complete"
[1] "elapsed time: 1.07"
[1] "computing predictions on test set"
[1] "test set predictions complete"
[1] "elapsed time: 1.044"
[1] "computing tree strength and correlation"
[1] "strength and correlation complete"
[1] "elapsed time: 1.26"
[1] "Evaluating forest 3 of 4"
[1] "training"
[1] "training complete"
[1] "elapsed time: 0.669"
[1] "computing out-of-bag predictions"
[1] "out-of-bag predictions complete"
[1] "elapsed time: 1.042"
[1] "computing predictions on test set"
[1] "test set predictions complete"
[1] "elapsed time: 0.997999999999999"
[1] "computing tree strength and correlation"
[1] "strength and correlation complete"
[1] "elapsed time: 1.217"
[1] "Evaluating forest 4 of 4"
[1] "training"
[1] "training complete"
[1] "elapsed time: 0.920999999999999"
[1] "computing out-of-bag predictions"
[1] "out-of-bag predictions complete"
[1] "elapsed time: 1.049"
[1] "computing predictions on test set"
[1] "test set predictions complete"
[1] "elapsed time: 0.988999999999997"
[1] "computing tree strength and correlation"
[1] "strength and correlation complete"
[1] "elapsed time: 1.241"
[1] "fold 2"
[1] "Evaluating forest 1 of 4"
[1] "training"
[1] "training complete"
[1] "elapsed time: 0.375"
[1] "computing out-of-bag predictions"
[1] "out-of-bag predictions complete"
[1] "elapsed time: 1.785"
[1] "computing predictions on test set"
[1] "test set predictions complete"
[1] "elapsed time: 2.023"
[1] "computing tree strength and correlation"
[1] "strength and correlation complete"
[1] "elapsed time: 2.01"
[1] "Evaluating forest 2 of 4"
[1] "training"
[1] "training complete"
[1] "elapsed time: 0.492000000000001"
[1] "computing out-of-bag predictions"
[1] "out-of-bag predictions complete"
[1] "elapsed time: 1.172"
[1] "computing predictions on test set"
[1] "test set predictions complete"
[1] "elapsed time: 1.102"
[1] "computing tree strength and correlation"
[1] "strength and correlation complete"
[1] "elapsed time: 1.352"
[1] "Evaluating forest 3 of 4"
[1] "training"
[1] "training complete"
[1] "elapsed time: 0.675999999999998"
[1] "computing out-of-bag predictions"
[1] "out-of-bag predictions complete"
[1] "elapsed time: 1.093"
[1] "computing predictions on test set"
[1] "test set predictions complete"
[1] "elapsed time: 1.046"
[1] "computing tree strength and correlation"
[1] "strength and correlation complete"
[1] "elapsed time: 1.271"
[1] "Evaluating forest 4 of 4"
[1] "training"
[1] "training complete"
[1] "elapsed time: 0.912999999999997"
[1] "computing out-of-bag predictions"
[1] "out-of-bag predictions complete"
[1] "elapsed time: 1.04"
[1] "computing predictions on test set"
[1] "test set predictions complete"
[1] "elapsed time: 1.008"
[1] "computing tree strength and correlation"
[1] "strength and correlation complete"
[1] "elapsed time: 1.247"
[1] "fold 3"
[1] "Evaluating forest 1 of 4"
[1] "training"
[1] "training complete"
[1] "elapsed time: 0.395000000000003"
[1] "computing out-of-bag predictions"
[1] "out-of-bag predictions complete"
[1] "elapsed time: 2.179"
[1] "computing predictions on test set"
[1] "test set predictions complete"
[1] "elapsed time: 2.125"
[1] "computing tree strength and correlation"
[1] "strength and correlation complete"
[1] "elapsed time: 2.397"
[1] "Evaluating forest 2 of 4"
[1] "training"
[1] "training complete"
[1] "elapsed time: 0.494"
[1] "computing out-of-bag predictions"
[1] "out-of-bag predictions complete"
[1] "elapsed time: 1.163"
[1] "computing predictions on test set"
[1] "test set predictions complete"
[1] "elapsed time: 1.125"
[1] "computing tree strength and correlation"
[1] "strength and correlation complete"
[1] "elapsed time: 1.361"
[1] "Evaluating forest 3 of 4"
[1] "training"
[1] "training complete"
[1] "elapsed time: 0.686999999999998"
[1] "computing out-of-bag predictions"
[1] "out-of-bag predictions complete"
[1] "elapsed time: 1.1"
[1] "computing predictions on test set"
[1] "test set predictions complete"
[1] "elapsed time: 1.056"
[1] "computing tree strength and correlation"
[1] "strength and correlation complete"
[1] "elapsed time: 1.262"
[1] "Evaluating forest 4 of 4"
[1] "training"
[1] "training complete"
[1] "elapsed time: 0.969999999999999"
[1] "computing out-of-bag predictions"
[1] "out-of-bag predictions complete"
[1] "elapsed time: 1.154"
[1] "computing predictions on test set"
[1] "test set predictions complete"
[1] "elapsed time: 1.093"
[1] "computing tree strength and correlation"
[1] "strength and correlation complete"
[1] "elapsed time: 1.313"
[1] "fold 4"
[1] "Evaluating forest 1 of 4"
[1] "training"
[1] "training complete"
[1] "elapsed time: 0.433"
[1] "computing out-of-bag predictions"
[1] "out-of-bag predictions complete"
[1] "elapsed time: 2.179"
[1] "computing predictions on test set"
[1] "test set predictions complete"
[1] "elapsed time: 2.117"
[1] "computing tree strength and correlation"
[1] "strength and correlation complete"
[1] "elapsed time: 2.398"
[1] "Evaluating forest 2 of 4"
[1] "training"
[1] "training complete"
[1] "elapsed time: 0.494"
[1] "computing out-of-bag predictions"
[1] "out-of-bag predictions complete"
[1] "elapsed time: 1.20100000000001"
[1] "computing predictions on test set"
[1] "test set predictions complete"
[1] "elapsed time: 1.16"
[1] "computing tree strength and correlation"
[1] "strength and correlation complete"
[1] "elapsed time: 1.402"
[1] "Evaluating forest 3 of 4"
[1] "training"
[1] "training complete"
[1] "elapsed time: 0.691000000000003"
[1] "computing out-of-bag predictions"
[1] "out-of-bag predictions complete"
[1] "elapsed time: 1.121"
[1] "computing predictions on test set"
[1] "test set predictions complete"
[1] "elapsed time: 1.059"
[1] "computing tree strength and correlation"
[1] "strength and correlation complete"
[1] "elapsed time: 1.309"
[1] "Evaluating forest 4 of 4"
[1] "training"
[1] "training complete"
[1] "elapsed time: 0.917000000000002"
[1] "computing out-of-bag predictions"
[1] "out-of-bag predictions complete"
[1] "elapsed time: 1.16"
[1] "computing predictions on test set"
[1] "test set predictions complete"
[1] "elapsed time: 1.021"
[1] "computing tree strength and correlation"
[1] "strength and correlation complete"
[1] "elapsed time: 1.27200000000001"
[1] "fold 5"
[1] "Evaluating forest 1 of 4"
[1] "training"
[1] "training complete"
[1] "elapsed time: 0.397000000000006"
[1] "computing out-of-bag predictions"
[1] "out-of-bag predictions complete"
[1] "elapsed time: 2.211"
[1] "computing predictions on test set"
[1] "test set predictions complete"
[1] "elapsed time: 2.15600000000001"
[1] "computing tree strength and correlation"
[1] "strength and correlation complete"
[1] "elapsed time: 2.438"
[1] "Evaluating forest 2 of 4"
[1] "training"
[1] "training complete"
[1] "elapsed time: 0.495999999999995"
[1] "computing out-of-bag predictions"
[1] "out-of-bag predictions complete"
[1] "elapsed time: 1.214"
[1] "computing predictions on test set"
[1] "test set predictions complete"
[1] "elapsed time: 1.17800000000001"
[1] "computing tree strength and correlation"
[1] "strength and correlation complete"
[1] "elapsed time: 1.38900000000001"
[1] "Evaluating forest 3 of 4"
[1] "training"
[1] "training complete"
[1] "elapsed time: 0.695999999999998"
[1] "computing out-of-bag predictions"
[1] "out-of-bag predictions complete"
[1] "elapsed time: 1.13000000000001"
[1] "computing predictions on test set"
[1] "test set predictions complete"
[1] "elapsed time: 1.077"
[1] "computing tree strength and correlation"
[1] "strength and correlation complete"
[1] "elapsed time: 1.318"
[1] "Evaluating forest 4 of 4"
[1] "training"
[1] "training complete"
[1] "elapsed time: 0.923000000000002"
[1] "computing out-of-bag predictions"
[1] "out-of-bag predictions complete"
[1] "elapsed time: 1.11500000000001"
[1] "computing predictions on test set"
[1] "test set predictions complete"
[1] "elapsed time: 1.071"
[1] "computing tree strength and correlation"
[1] "strength and correlation complete"
[1] "elapsed time: 1.30999999999999"
job complete
