My SLURM_ARRAY_TASK_ID:  91
AUC 0.3.0
Type AUCNews() to see the change log and ?AUC to get an overview.
dummies-1.5.6 provided by Decision Patterns

[1] "fold 1"
[1] "Evaluating forest 1 of 4"
[1] "training"
[1] "training complete"
[1] "elapsed time: 0.258"
[1] "computing out-of-bag predictions"
[1] "out-of-bag predictions complete"
[1] "elapsed time: 3.094"
[1] "computing predictions on test set"
[1] "test set predictions complete"
[1] "elapsed time: 2.727"
[1] "computing tree strength and correlation"
[1] "strength and correlation complete"
[1] "elapsed time: 2.951"
[1] "Evaluating forest 2 of 4"
[1] "training"
[1] "training complete"
[1] "elapsed time: 0.406000000000001"
[1] "computing out-of-bag predictions"
[1] "out-of-bag predictions complete"
[1] "elapsed time: 2.485"
[1] "computing predictions on test set"
[1] "test set predictions complete"
[1] "elapsed time: 2.445"
[1] "computing tree strength and correlation"
[1] "strength and correlation complete"
[1] "elapsed time: 2.676"
[1] "Evaluating forest 3 of 4"
[1] "training"
[1] "training complete"
[1] "elapsed time: 0.538999999999998"
[1] "computing out-of-bag predictions"
[1] "out-of-bag predictions complete"
[1] "elapsed time: 2.474"
[1] "computing predictions on test set"
[1] "test set predictions complete"
[1] "elapsed time: 2.453"
[1] "computing tree strength and correlation"
[1] "strength and correlation complete"
[1] "elapsed time: 2.647"
[1] "Evaluating forest 4 of 4"
[1] "training"
[1] "training complete"
[1] "elapsed time: 1.193"
[1] "computing out-of-bag predictions"
[1] "out-of-bag predictions complete"
[1] "elapsed time: 2.481"
[1] "computing predictions on test set"
[1] "test set predictions complete"
[1] "elapsed time: 2.477"
[1] "computing tree strength and correlation"
[1] "strength and correlation complete"
[1] "elapsed time: 2.717"
[1] "fold 2"
[1] "Evaluating forest 1 of 4"
[1] "training"
[1] "training complete"
[1] "elapsed time: 0.231999999999999"
[1] "computing out-of-bag predictions"
[1] "out-of-bag predictions complete"
[1] "elapsed time: 2.907"
[1] "computing predictions on test set"
[1] "test set predictions complete"
[1] "elapsed time: 2.958"
[1] "computing tree strength and correlation"
[1] "strength and correlation complete"
[1] "elapsed time: 3.16099999999999"
[1] "Evaluating forest 2 of 4"
[1] "training"
[1] "training complete"
[1] "elapsed time: 0.354999999999997"
[1] "computing out-of-bag predictions"
[1] "out-of-bag predictions complete"
[1] "elapsed time: 2.482"
[1] "computing predictions on test set"
[1] "test set predictions complete"
[1] "elapsed time: 2.457"
[1] "computing tree strength and correlation"
[1] "strength and correlation complete"
[1] "elapsed time: 2.712"
[1] "Evaluating forest 3 of 4"
[1] "training"
[1] "training complete"
[1] "elapsed time: 0.557000000000002"
[1] "computing out-of-bag predictions"
[1] "out-of-bag predictions complete"
[1] "elapsed time: 2.454"
[1] "computing predictions on test set"
[1] "test set predictions complete"
[1] "elapsed time: 2.469"
[1] "computing tree strength and correlation"
[1] "strength and correlation complete"
[1] "elapsed time: 2.692"
[1] "Evaluating forest 4 of 4"
[1] "training"
[1] "training complete"
[1] "elapsed time: 1.13800000000001"
[1] "computing out-of-bag predictions"
[1] "out-of-bag predictions complete"
[1] "elapsed time: 2.495"
[1] "computing predictions on test set"
[1] "test set predictions complete"
[1] "elapsed time: 2.495"
[1] "computing tree strength and correlation"
[1] "strength and correlation complete"
[1] "elapsed time: 2.726"
[1] "fold 3"
[1] "Evaluating forest 1 of 4"
[1] "training"
[1] "training complete"
[1] "elapsed time: 0.225000000000009"
[1] "computing out-of-bag predictions"
[1] "out-of-bag predictions complete"
[1] "elapsed time: 3.04799999999999"
[1] "computing predictions on test set"
[1] "test set predictions complete"
[1] "elapsed time: 3.107"
[1] "computing tree strength and correlation"
[1] "strength and correlation complete"
[1] "elapsed time: 3.29599999999999"
[1] "Evaluating forest 2 of 4"
[1] "training"
[1] "training complete"
[1] "elapsed time: 0.349000000000004"
[1] "computing out-of-bag predictions"
[1] "out-of-bag predictions complete"
[1] "elapsed time: 2.438"
[1] "computing predictions on test set"
[1] "test set predictions complete"
[1] "elapsed time: 2.41"
[1] "computing tree strength and correlation"
[1] "strength and correlation complete"
[1] "elapsed time: 2.631"
[1] "Evaluating forest 3 of 4"
[1] "training"
[1] "training complete"
[1] "elapsed time: 0.525000000000006"
[1] "computing out-of-bag predictions"
[1] "out-of-bag predictions complete"
[1] "elapsed time: 2.47"
[1] "computing predictions on test set"
[1] "test set predictions complete"
[1] "elapsed time: 2.47799999999999"
[1] "computing tree strength and correlation"
[1] "strength and correlation complete"
[1] "elapsed time: 2.633"
[1] "Evaluating forest 4 of 4"
[1] "training"
[1] "training complete"
[1] "elapsed time: 1.098"
[1] "computing out-of-bag predictions"
[1] "out-of-bag predictions complete"
[1] "elapsed time: 2.45699999999999"
[1] "computing predictions on test set"
[1] "test set predictions complete"
[1] "elapsed time: 2.431"
[1] "computing tree strength and correlation"
[1] "strength and correlation complete"
[1] "elapsed time: 2.622"
[1] "fold 4"
[1] "Evaluating forest 1 of 4"
[1] "training"
[1] "training complete"
[1] "elapsed time: 0.239000000000004"
[1] "computing out-of-bag predictions"
[1] "out-of-bag predictions complete"
[1] "elapsed time: 3.02200000000001"
[1] "computing predictions on test set"
[1] "test set predictions complete"
[1] "elapsed time: 3.01000000000001"
[1] "computing tree strength and correlation"
[1] "strength and correlation complete"
[1] "elapsed time: 3.16799999999999"
[1] "Evaluating forest 2 of 4"
[1] "training"
[1] "training complete"
[1] "elapsed time: 0.365000000000009"
[1] "computing out-of-bag predictions"
[1] "out-of-bag predictions complete"
[1] "elapsed time: 2.50999999999999"
[1] "computing predictions on test set"
[1] "test set predictions complete"
[1] "elapsed time: 2.48899999999999"
[1] "computing tree strength and correlation"
[1] "strength and correlation complete"
[1] "elapsed time: 2.696"
[1] "Evaluating forest 3 of 4"
[1] "training"
[1] "training complete"
[1] "elapsed time: 0.575000000000003"
[1] "computing out-of-bag predictions"
[1] "out-of-bag predictions complete"
[1] "elapsed time: 2.47"
[1] "computing predictions on test set"
[1] "test set predictions complete"
[1] "elapsed time: 2.458"
[1] "computing tree strength and correlation"
[1] "strength and correlation complete"
[1] "elapsed time: 2.67500000000001"
[1] "Evaluating forest 4 of 4"
[1] "training"
[1] "training complete"
[1] "elapsed time: 1.172"
[1] "computing out-of-bag predictions"
[1] "out-of-bag predictions complete"
[1] "elapsed time: 2.52799999999999"
[1] "computing predictions on test set"
[1] "test set predictions complete"
[1] "elapsed time: 2.50800000000001"
[1] "computing tree strength and correlation"
[1] "strength and correlation complete"
[1] "elapsed time: 2.714"
[1] "fold 5"
[1] "Evaluating forest 1 of 4"
[1] "training"
[1] "training complete"
[1] "elapsed time: 0.234999999999985"
[1] "computing out-of-bag predictions"
[1] "out-of-bag predictions complete"
[1] "elapsed time: 2.99800000000002"
[1] "computing predictions on test set"
[1] "test set predictions complete"
[1] "elapsed time: 3.00899999999999"
[1] "computing tree strength and correlation"
[1] "strength and correlation complete"
[1] "elapsed time: 3.17400000000001"
[1] "Evaluating forest 2 of 4"
[1] "training"
[1] "training complete"
[1] "elapsed time: 0.35899999999998"
[1] "computing out-of-bag predictions"
[1] "out-of-bag predictions complete"
[1] "elapsed time: 2.44200000000001"
[1] "computing predictions on test set"
[1] "test set predictions complete"
[1] "elapsed time: 2.40700000000001"
[1] "computing tree strength and correlation"
[1] "strength and correlation complete"
[1] "elapsed time: 2.61799999999999"
[1] "Evaluating forest 3 of 4"
[1] "training"
[1] "training complete"
[1] "elapsed time: 0.594000000000023"
[1] "computing out-of-bag predictions"
[1] "out-of-bag predictions complete"
[1] "elapsed time: 2.39399999999998"
[1] "computing predictions on test set"
[1] "test set predictions complete"
[1] "elapsed time: 2.32999999999998"
[1] "computing tree strength and correlation"
[1] "strength and correlation complete"
[1] "elapsed time: 2.608"
[1] "Evaluating forest 4 of 4"
[1] "training"
[1] "training complete"
[1] "elapsed time: 1.143"
[1] "computing out-of-bag predictions"
[1] "out-of-bag predictions complete"
[1] "elapsed time: 2.506"
[1] "computing predictions on test set"
[1] "test set predictions complete"
[1] "elapsed time: 2.46799999999999"
[1] "computing tree strength and correlation"
[1] "strength and correlation complete"
[1] "elapsed time: 2.637"
job complete
