My SLURM_ARRAY_TASK_ID:  35
AUC 0.3.0
Type AUCNews() to see the change log and ?AUC to get an overview.
dummies-1.5.6 provided by Decision Patterns

Loading required package: R.oo
Loading required package: R.methodsS3
R.methodsS3 v1.7.1 (2016-02-15) successfully loaded. See ?R.methodsS3 for help.
R.oo v1.21.0 (2016-10-30) successfully loaded. See ?R.oo for help.

Attaching package: ‘R.oo’

The following objects are masked from ‘package:base’:

    attach, detach, gc, load, save

R.utils v2.6.0 (2017-11-04) successfully loaded. See ?R.utils for help.

Attaching package: ‘R.utils’

The following object is masked from ‘package:utils’:

    timestamp

The following objects are masked from ‘package:base’:

    cat, commandArgs, getOption, inherits, isOpen, parse, warnings

[1] "fold 1"
[1] "Evaluating forest 1 of 3"
[1] "training"
[1] "training complete"
[1] "elapsed time: 0.175"
[1] "computing out-of-bag predictions"
[1] "out-of-bag predictions complete"
[1] "elapsed time: 0.894"
[1] "computing predictions on test set"
[1] "test set predictions complete"
[1] "elapsed time: 0.766"
[1] "computing tree strength and correlation"
[1] "strength and correlation complete"
[1] "elapsed time: 0.998"
[1] "Evaluating forest 2 of 3"
[1] "training"
[1] "training complete"
[1] "elapsed time: 0.222"
[1] "computing out-of-bag predictions"
[1] "out-of-bag predictions complete"
[1] "elapsed time: 0.847"
[1] "computing predictions on test set"
[1] "test set predictions complete"
[1] "elapsed time: 0.83"
[1] "computing tree strength and correlation"
[1] "strength and correlation complete"
[1] "elapsed time: 1.043"
[1] "Evaluating forest 3 of 3"
[1] "training"
[1] "training complete"
[1] "elapsed time: 0.318000000000001"
[1] "computing out-of-bag predictions"
[1] "out-of-bag predictions complete"
[1] "elapsed time: 0.798"
[1] "computing predictions on test set"
[1] "test set predictions complete"
[1] "elapsed time: 0.766999999999999"
[1] "computing tree strength and correlation"
[1] "strength and correlation complete"
[1] "elapsed time: 0.987"
Error in testError[[dataSet]][[m]][k, ] <- res$testError : 
  number of items to replace is not a multiple of replacement length
Execution halted
job complete
