My SLURM_ARRAY_TASK_ID:  6
AUC 0.3.0
Type AUCNews() to see the change log and ?AUC to get an overview.
dummies-1.5.6 provided by Decision Patterns

[1] "fold 1"
[1] "Evaluating forest 1 of 3"
[1] "training"
[1] "training complete"
[1] "elapsed time: 2.644"
[1] "computing out-of-bag predictions"
[1] "out-of-bag predictions complete"
[1] "elapsed time: 19.479"
[1] "computing predictions on test set"
[1] "test set predictions complete"
[1] "elapsed time: 19.288"
[1] "computing tree strength and correlation"
[1] "strength and correlation complete"
[1] "elapsed time: 19.638"
[1] "Evaluating forest 2 of 3"
[1] "training"
[1] "training complete"
[1] "elapsed time: 3.18"
[1] "computing out-of-bag predictions"
[1] "out-of-bag predictions complete"
[1] "elapsed time: 19.471"
[1] "computing predictions on test set"
[1] "test set predictions complete"
[1] "elapsed time: 19.71"
[1] "computing tree strength and correlation"
[1] "strength and correlation complete"
[1] "elapsed time: 19.924"
[1] "Evaluating forest 3 of 3"
[1] "training"
[1] "training complete"
[1] "elapsed time: 6.62"
[1] "computing out-of-bag predictions"
[1] "out-of-bag predictions complete"
[1] "elapsed time: 19.633"
[1] "computing predictions on test set"
[1] "test set predictions complete"
[1] "elapsed time: 20.345"
[1] "computing tree strength and correlation"
[1] "strength and correlation complete"
[1] "elapsed time: 20.627"
[1] "fold 2"
[1] "Evaluating forest 1 of 3"
[1] "training"
[1] "training complete"
[1] "elapsed time: 2.42400000000001"
[1] "computing out-of-bag predictions"
[1] "out-of-bag predictions complete"
[1] "elapsed time: 19.89"
[1] "computing predictions on test set"
[1] "test set predictions complete"
[1] "elapsed time: 20.062"
[1] "computing tree strength and correlation"
[1] "strength and correlation complete"
[1] "elapsed time: 20.443"
[1] "Evaluating forest 2 of 3"
[1] "training"
[1] "training complete"
[1] "elapsed time: 3.17200000000003"
[1] "computing out-of-bag predictions"
[1] "out-of-bag predictions complete"
[1] "elapsed time: 19.313"
[1] "computing predictions on test set"
[1] "test set predictions complete"
[1] "elapsed time: 20.179"
[1] "computing tree strength and correlation"
[1] "strength and correlation complete"
[1] "elapsed time: 20.172"
[1] "Evaluating forest 3 of 3"
[1] "training"
[1] "training complete"
[1] "elapsed time: 6.58699999999999"
[1] "computing out-of-bag predictions"
[1] "out-of-bag predictions complete"
[1] "elapsed time: 19.955"
[1] "computing predictions on test set"
[1] "test set predictions complete"
[1] "elapsed time: 20.079"
[1] "computing tree strength and correlation"
[1] "strength and correlation complete"
[1] "elapsed time: 20.402"
[1] "fold 3"
[1] "Evaluating forest 1 of 3"
[1] "training"
[1] "training complete"
[1] "elapsed time: 2.41499999999996"
[1] "computing out-of-bag predictions"
[1] "out-of-bag predictions complete"
[1] "elapsed time: 19.87"
[1] "computing predictions on test set"
[1] "test set predictions complete"
[1] "elapsed time: 20.097"
[1] "computing tree strength and correlation"
[1] "strength and correlation complete"
[1] "elapsed time: 20.563"
[1] "Evaluating forest 2 of 3"
[1] "training"
[1] "training complete"
[1] "elapsed time: 3.20799999999997"
[1] "computing out-of-bag predictions"
[1] "out-of-bag predictions complete"
[1] "elapsed time: 20.025"
[1] "computing predictions on test set"
[1] "test set predictions complete"
[1] "elapsed time: 20.0050000000001"
[1] "computing tree strength and correlation"
[1] "strength and correlation complete"
[1] "elapsed time: 20.466"
[1] "Evaluating forest 3 of 3"
[1] "training"
[1] "training complete"
[1] "elapsed time: 6.57099999999997"
[1] "computing out-of-bag predictions"
[1] "out-of-bag predictions complete"
[1] "elapsed time: 19.856"
[1] "computing predictions on test set"
[1] "test set predictions complete"
[1] "elapsed time: 20.158"
[1] "computing tree strength and correlation"
[1] "strength and correlation complete"
[1] "elapsed time: 20.4309999999999"
[1] "fold 4"
[1] "Evaluating forest 1 of 3"
[1] "training"
[1] "training complete"
[1] "elapsed time: 2.42399999999998"
[1] "computing out-of-bag predictions"
[1] "out-of-bag predictions complete"
[1] "elapsed time: 20.117"
[1] "computing predictions on test set"
[1] "test set predictions complete"
[1] "elapsed time: 19.7900000000001"
[1] "computing tree strength and correlation"
[1] "strength and correlation complete"
[1] "elapsed time: 20.049"
[1] "Evaluating forest 2 of 3"
[1] "training"
[1] "training complete"
[1] "elapsed time: 3.18399999999997"
[1] "computing out-of-bag predictions"
[1] "out-of-bag predictions complete"
[1] "elapsed time: 19.7859999999999"
[1] "computing predictions on test set"
[1] "test set predictions complete"
[1] "elapsed time: 20.1450000000001"
[1] "computing tree strength and correlation"
[1] "strength and correlation complete"
[1] "elapsed time: 20.4590000000001"
[1] "Evaluating forest 3 of 3"
[1] "training"
[1] "training complete"
[1] "elapsed time: 6.66999999999996"
[1] "computing out-of-bag predictions"
[1] "out-of-bag predictions complete"
[1] "elapsed time: 19.9330000000001"
[1] "computing predictions on test set"
[1] "test set predictions complete"
[1] "elapsed time: 20.1419999999999"
[1] "computing tree strength and correlation"
[1] "strength and correlation complete"
[1] "elapsed time: 20.458"
[1] "fold 5"
[1] "Evaluating forest 1 of 3"
[1] "training"
[1] "training complete"
[1] "elapsed time: 2.41399999999999"
[1] "computing out-of-bag predictions"
[1] "out-of-bag predictions complete"
[1] "elapsed time: 20.27"
[1] "computing predictions on test set"
[1] "test set predictions complete"
[1] "elapsed time: 20.655"
[1] "computing tree strength and correlation"
[1] "strength and correlation complete"
[1] "elapsed time: 20.617"
[1] "Evaluating forest 2 of 3"
[1] "training"
[1] "training complete"
[1] "elapsed time: 3.19899999999996"
[1] "computing out-of-bag predictions"
[1] "out-of-bag predictions complete"
[1] "elapsed time: 19.2620000000001"
[1] "computing predictions on test set"
[1] "test set predictions complete"
[1] "elapsed time: 19.73"
[1] "computing tree strength and correlation"
[1] "strength and correlation complete"
[1] "elapsed time: 20.14"
[1] "Evaluating forest 3 of 3"
[1] "training"
[1] "training complete"
[1] "elapsed time: 6.62800000000004"
[1] "computing out-of-bag predictions"
[1] "out-of-bag predictions complete"
[1] "elapsed time: 20.024"
[1] "computing predictions on test set"
[1] "test set predictions complete"
[1] "elapsed time: 20.2940000000001"
[1] "computing tree strength and correlation"
[1] "strength and correlation complete"
[1] "elapsed time: 20.502"
job complete
