My SLURM_ARRAY_TASK_ID:  72
AUC 0.3.0
Type AUCNews() to see the change log and ?AUC to get an overview.
dummies-1.5.6 provided by Decision Patterns

[1] "fold 1"
[1] "Evaluating forest 1 of 4"
[1] "training"
[1] "training complete"
[1] "elapsed time: 0.28"
[1] "computing out-of-bag predictions"
[1] "out-of-bag predictions complete"
[1] "elapsed time: 2.863"
[1] "computing predictions on test set"
[1] "test set predictions complete"
[1] "elapsed time: 2.948"
[1] "computing tree strength and correlation"
[1] "strength and correlation complete"
[1] "elapsed time: 3.202"
[1] "Evaluating forest 2 of 4"
[1] "training"
[1] "training complete"
[1] "elapsed time: 0.324"
[1] "computing out-of-bag predictions"
[1] "out-of-bag predictions complete"
[1] "elapsed time: 3.164"
[1] "computing predictions on test set"
[1] "test set predictions complete"
[1] "elapsed time: 3.128"
[1] "computing tree strength and correlation"
[1] "strength and correlation complete"
[1] "elapsed time: 3.364"
[1] "Evaluating forest 3 of 4"
[1] "training"
[1] "training complete"
[1] "elapsed time: 0.491"
[1] "computing out-of-bag predictions"
[1] "out-of-bag predictions complete"
[1] "elapsed time: 2.933"
[1] "computing predictions on test set"
[1] "test set predictions complete"
[1] "elapsed time: 2.733"
[1] "computing tree strength and correlation"
[1] "strength and correlation complete"
[1] "elapsed time: 3.093"
[1] "Evaluating forest 4 of 4"
[1] "training"
[1] "training complete"
[1] "elapsed time: 1.023"
[1] "computing out-of-bag predictions"
[1] "out-of-bag predictions complete"
[1] "elapsed time: 2.74"
[1] "computing predictions on test set"
[1] "test set predictions complete"
[1] "elapsed time: 2.75"
[1] "computing tree strength and correlation"
[1] "strength and correlation complete"
[1] "elapsed time: 2.9"
[1] "fold 2"
[1] "Evaluating forest 1 of 4"
[1] "training"
[1] "training complete"
[1] "elapsed time: 0.231000000000002"
[1] "computing out-of-bag predictions"
[1] "out-of-bag predictions complete"
[1] "elapsed time: 3.65"
[1] "computing predictions on test set"
[1] "test set predictions complete"
[1] "elapsed time: 3.627"
[1] "computing tree strength and correlation"
[1] "strength and correlation complete"
[1] "elapsed time: 3.961"
[1] "Evaluating forest 2 of 4"
[1] "training"
[1] "training complete"
[1] "elapsed time: 0.345999999999997"
[1] "computing out-of-bag predictions"
[1] "out-of-bag predictions complete"
[1] "elapsed time: 2.58000000000001"
[1] "computing predictions on test set"
[1] "test set predictions complete"
[1] "elapsed time: 2.72"
[1] "computing tree strength and correlation"
[1] "strength and correlation complete"
[1] "elapsed time: 2.86499999999999"
[1] "Evaluating forest 3 of 4"
[1] "training"
[1] "training complete"
[1] "elapsed time: 0.512"
[1] "computing out-of-bag predictions"
[1] "out-of-bag predictions complete"
[1] "elapsed time: 2.666"
[1] "computing predictions on test set"
[1] "test set predictions complete"
[1] "elapsed time: 2.731"
[1] "computing tree strength and correlation"
[1] "strength and correlation complete"
[1] "elapsed time: 2.931"
[1] "Evaluating forest 4 of 4"
[1] "training"
[1] "training complete"
[1] "elapsed time: 1.06299999999999"
[1] "computing out-of-bag predictions"
[1] "out-of-bag predictions complete"
[1] "elapsed time: 2.70399999999999"
[1] "computing predictions on test set"
[1] "test set predictions complete"
[1] "elapsed time: 2.71900000000001"
[1] "computing tree strength and correlation"
[1] "strength and correlation complete"
[1] "elapsed time: 2.935"
[1] "fold 3"
[1] "Evaluating forest 1 of 4"
[1] "training"
[1] "training complete"
[1] "elapsed time: 0.228999999999999"
[1] "computing out-of-bag predictions"
[1] "out-of-bag predictions complete"
[1] "elapsed time: 3.21300000000001"
[1] "computing predictions on test set"
[1] "test set predictions complete"
[1] "elapsed time: 3.14099999999999"
[1] "computing tree strength and correlation"
[1] "strength and correlation complete"
[1] "elapsed time: 3.444"
[1] "Evaluating forest 2 of 4"
[1] "training"
[1] "training complete"
[1] "elapsed time: 0.317999999999998"
[1] "computing out-of-bag predictions"
[1] "out-of-bag predictions complete"
[1] "elapsed time: 2.688"
[1] "computing predictions on test set"
[1] "test set predictions complete"
[1] "elapsed time: 2.69999999999999"
[1] "computing tree strength and correlation"
[1] "strength and correlation complete"
[1] "elapsed time: 2.935"
[1] "Evaluating forest 3 of 4"
[1] "training"
[1] "training complete"
[1] "elapsed time: 0.497"
[1] "computing out-of-bag predictions"
[1] "out-of-bag predictions complete"
[1] "elapsed time: 2.733"
[1] "computing predictions on test set"
[1] "test set predictions complete"
[1] "elapsed time: 2.741"
[1] "computing tree strength and correlation"
[1] "strength and correlation complete"
[1] "elapsed time: 2.955"
[1] "Evaluating forest 4 of 4"
[1] "training"
[1] "training complete"
[1] "elapsed time: 1.041"
[1] "computing out-of-bag predictions"
[1] "out-of-bag predictions complete"
[1] "elapsed time: 2.72"
[1] "computing predictions on test set"
[1] "test set predictions complete"
[1] "elapsed time: 2.70099999999999"
[1] "computing tree strength and correlation"
[1] "strength and correlation complete"
[1] "elapsed time: 2.94500000000001"
[1] "fold 4"
[1] "Evaluating forest 1 of 4"
[1] "training"
[1] "training complete"
[1] "elapsed time: 0.227000000000004"
[1] "computing out-of-bag predictions"
[1] "out-of-bag predictions complete"
[1] "elapsed time: 3.17700000000001"
[1] "computing predictions on test set"
[1] "test set predictions complete"
[1] "elapsed time: 3.175"
[1] "computing tree strength and correlation"
[1] "strength and correlation complete"
[1] "elapsed time: 3.446"
[1] "Evaluating forest 2 of 4"
[1] "training"
[1] "training complete"
[1] "elapsed time: 0.326999999999998"
[1] "computing out-of-bag predictions"
[1] "out-of-bag predictions complete"
[1] "elapsed time: 2.51000000000001"
[1] "computing predictions on test set"
[1] "test set predictions complete"
[1] "elapsed time: 2.581"
[1] "computing tree strength and correlation"
[1] "strength and correlation complete"
[1] "elapsed time: 2.87300000000002"
[1] "Evaluating forest 3 of 4"
[1] "training"
[1] "training complete"
[1] "elapsed time: 0.48399999999998"
[1] "computing out-of-bag predictions"
[1] "out-of-bag predictions complete"
[1] "elapsed time: 2.648"
[1] "computing predictions on test set"
[1] "test set predictions complete"
[1] "elapsed time: 2.71200000000002"
[1] "computing tree strength and correlation"
[1] "strength and correlation complete"
[1] "elapsed time: 2.94500000000002"
[1] "Evaluating forest 4 of 4"
[1] "training"
[1] "training complete"
[1] "elapsed time: 1.018"
[1] "computing out-of-bag predictions"
[1] "out-of-bag predictions complete"
[1] "elapsed time: 2.678"
[1] "computing predictions on test set"
[1] "test set predictions complete"
[1] "elapsed time: 2.79300000000001"
[1] "computing tree strength and correlation"
[1] "strength and correlation complete"
[1] "elapsed time: 2.92999999999998"
[1] "fold 5"
[1] "Evaluating forest 1 of 4"
[1] "training"
[1] "training complete"
[1] "elapsed time: 0.229000000000013"
[1] "computing out-of-bag predictions"
[1] "out-of-bag predictions complete"
[1] "elapsed time: 3.18699999999998"
[1] "computing predictions on test set"
[1] "test set predictions complete"
[1] "elapsed time: 3.184"
[1] "computing tree strength and correlation"
[1] "strength and correlation complete"
[1] "elapsed time: 3.45599999999999"
[1] "Evaluating forest 2 of 4"
[1] "training"
[1] "training complete"
[1] "elapsed time: 0.325000000000017"
[1] "computing out-of-bag predictions"
[1] "out-of-bag predictions complete"
[1] "elapsed time: 2.67800000000003"
[1] "computing predictions on test set"
[1] "test set predictions complete"
[1] "elapsed time: 2.70999999999998"
[1] "computing tree strength and correlation"
[1] "strength and correlation complete"
[1] "elapsed time: 2.93299999999999"
[1] "Evaluating forest 3 of 4"
[1] "training"
[1] "training complete"
[1] "elapsed time: 0.507000000000005"
[1] "computing out-of-bag predictions"
[1] "out-of-bag predictions complete"
[1] "elapsed time: 2.702"
[1] "computing predictions on test set"
[1] "test set predictions complete"
[1] "elapsed time: 2.71199999999999"
[1] "computing tree strength and correlation"
[1] "strength and correlation complete"
[1] "elapsed time: 2.90600000000001"
[1] "Evaluating forest 4 of 4"
[1] "training"
[1] "training complete"
[1] "elapsed time: 1.02599999999998"
[1] "computing out-of-bag predictions"
[1] "out-of-bag predictions complete"
[1] "elapsed time: 2.71199999999999"
[1] "computing predictions on test set"
[1] "test set predictions complete"
[1] "elapsed time: 2.68300000000002"
[1] "computing tree strength and correlation"
[1] "strength and correlation complete"
[1] "elapsed time: 2.90200000000002"
job complete
