My SLURM_ARRAY_TASK_ID:  7
AUC 0.3.0
Type AUCNews() to see the change log and ?AUC to get an overview.
dummies-1.5.6 provided by Decision Patterns

[1] "fold 1"
[1] "Evaluating forest 1 of 3"
[1] "training"
[1] "training complete"
[1] "elapsed time: 0.38"
[1] "computing out-of-bag predictions"
[1] "out-of-bag predictions complete"
[1] "elapsed time: 3.669"
[1] "computing predictions on test set"
[1] "test set predictions complete"
[1] "elapsed time: 3.496"
[1] "computing tree strength and correlation"
[1] "strength and correlation complete"
[1] "elapsed time: 3.656"
[1] "Evaluating forest 2 of 3"
[1] "training"
[1] "training complete"
[1] "elapsed time: 0.558999999999999"
[1] "computing out-of-bag predictions"
[1] "out-of-bag predictions complete"
[1] "elapsed time: 3.119"
[1] "computing predictions on test set"
[1] "test set predictions complete"
[1] "elapsed time: 3.173"
[1] "computing tree strength and correlation"
[1] "strength and correlation complete"
[1] "elapsed time: 3.339"
[1] "Evaluating forest 3 of 3"
[1] "training"
[1] "training complete"
[1] "elapsed time: 1.044"
[1] "computing out-of-bag predictions"
[1] "out-of-bag predictions complete"
[1] "elapsed time: 3.217"
[1] "computing predictions on test set"
[1] "test set predictions complete"
[1] "elapsed time: 3.183"
[1] "computing tree strength and correlation"
[1] "strength and correlation complete"
[1] "elapsed time: 3.363"
[1] "fold 2"
[1] "Evaluating forest 1 of 3"
[1] "training"
[1] "training complete"
[1] "elapsed time: 0.317999999999998"
[1] "computing out-of-bag predictions"
[1] "out-of-bag predictions complete"
[1] "elapsed time: 3.695"
[1] "computing predictions on test set"
[1] "test set predictions complete"
[1] "elapsed time: 3.8"
[1] "computing tree strength and correlation"
[1] "strength and correlation complete"
[1] "elapsed time: 3.986"
[1] "Evaluating forest 2 of 3"
[1] "training"
[1] "training complete"
[1] "elapsed time: 0.518999999999998"
[1] "computing out-of-bag predictions"
[1] "out-of-bag predictions complete"
[1] "elapsed time: 3.19"
[1] "computing predictions on test set"
[1] "test set predictions complete"
[1] "elapsed time: 3.198"
[1] "computing tree strength and correlation"
[1] "strength and correlation complete"
[1] "elapsed time: 3.368"
[1] "Evaluating forest 3 of 3"
[1] "training"
[1] "training complete"
[1] "elapsed time: 0.914000000000001"
[1] "computing out-of-bag predictions"
[1] "out-of-bag predictions complete"
[1] "elapsed time: 3.132"
[1] "computing predictions on test set"
[1] "test set predictions complete"
[1] "elapsed time: 3.15"
[1] "computing tree strength and correlation"
[1] "strength and correlation complete"
[1] "elapsed time: 3.395"
[1] "fold 3"
[1] "Evaluating forest 1 of 3"
[1] "training"
[1] "training complete"
[1] "elapsed time: 0.335999999999999"
[1] "computing out-of-bag predictions"
[1] "out-of-bag predictions complete"
[1] "elapsed time: 4.16800000000001"
[1] "computing predictions on test set"
[1] "test set predictions complete"
[1] "elapsed time: 4.13199999999999"
[1] "computing tree strength and correlation"
[1] "strength and correlation complete"
[1] "elapsed time: 4.369"
[1] "Evaluating forest 2 of 3"
[1] "training"
[1] "training complete"
[1] "elapsed time: 0.542999999999992"
[1] "computing out-of-bag predictions"
[1] "out-of-bag predictions complete"
[1] "elapsed time: 3.63900000000001"
[1] "computing predictions on test set"
[1] "test set predictions complete"
[1] "elapsed time: 3.70800000000001"
[1] "computing tree strength and correlation"
[1] "strength and correlation complete"
[1] "elapsed time: 3.89200000000001"
[1] "Evaluating forest 3 of 3"
[1] "training"
[1] "training complete"
[1] "elapsed time: 1.03599999999999"
[1] "computing out-of-bag predictions"
[1] "out-of-bag predictions complete"
[1] "elapsed time: 3.673"
[1] "computing predictions on test set"
[1] "test set predictions complete"
[1] "elapsed time: 3.66600000000001"
[1] "computing tree strength and correlation"
[1] "strength and correlation complete"
[1] "elapsed time: 3.861"
[1] "fold 4"
[1] "Evaluating forest 1 of 3"
[1] "training"
[1] "training complete"
[1] "elapsed time: 0.335000000000008"
[1] "computing out-of-bag predictions"
[1] "out-of-bag predictions complete"
[1] "elapsed time: 4.182"
[1] "computing predictions on test set"
[1] "test set predictions complete"
[1] "elapsed time: 4.316"
[1] "computing tree strength and correlation"
[1] "strength and correlation complete"
[1] "elapsed time: 4.51599999999999"
[1] "Evaluating forest 2 of 3"
[1] "training"
[1] "training complete"
[1] "elapsed time: 0.542000000000002"
[1] "computing out-of-bag predictions"
[1] "out-of-bag predictions complete"
[1] "elapsed time: 3.711"
[1] "computing predictions on test set"
[1] "test set predictions complete"
[1] "elapsed time: 3.727"
[1] "computing tree strength and correlation"
[1] "strength and correlation complete"
[1] "elapsed time: 3.93899999999999"
[1] "Evaluating forest 3 of 3"
[1] "training"
[1] "training complete"
[1] "elapsed time: 1.02099999999999"
[1] "computing out-of-bag predictions"
[1] "out-of-bag predictions complete"
[1] "elapsed time: 3.63500000000002"
[1] "computing predictions on test set"
[1] "test set predictions complete"
[1] "elapsed time: 3.60999999999999"
[1] "computing tree strength and correlation"
[1] "strength and correlation complete"
[1] "elapsed time: 3.84899999999999"
[1] "fold 5"
[1] "Evaluating forest 1 of 3"
[1] "training"
[1] "training complete"
[1] "elapsed time: 0.335000000000008"
[1] "computing out-of-bag predictions"
[1] "out-of-bag predictions complete"
[1] "elapsed time: 4.19"
[1] "computing predictions on test set"
[1] "test set predictions complete"
[1] "elapsed time: 4.18199999999999"
[1] "computing tree strength and correlation"
[1] "strength and correlation complete"
[1] "elapsed time: 4.34"
[1] "Evaluating forest 2 of 3"
[1] "training"
[1] "training complete"
[1] "elapsed time: 0.613"
[1] "computing out-of-bag predictions"
[1] "out-of-bag predictions complete"
[1] "elapsed time: 3.07900000000001"
[1] "computing predictions on test set"
[1] "test set predictions complete"
[1] "elapsed time: 3.095"
[1] "computing tree strength and correlation"
[1] "strength and correlation complete"
[1] "elapsed time: 3.32900000000001"
[1] "Evaluating forest 3 of 3"
[1] "training"
[1] "training complete"
[1] "elapsed time: 1.02700000000002"
[1] "computing out-of-bag predictions"
[1] "out-of-bag predictions complete"
[1] "elapsed time: 3.06099999999998"
[1] "computing predictions on test set"
[1] "test set predictions complete"
[1] "elapsed time: 3.042"
[1] "computing tree strength and correlation"
[1] "strength and correlation complete"
[1] "elapsed time: 3.26899999999998"
job complete
