My SLURM_ARRAY_TASK_ID:  34
AUC 0.3.0
Type AUCNews() to see the change log and ?AUC to get an overview.
dummies-1.5.6 provided by Decision Patterns

[1] "fold 1"
[1] "Evaluating forest 1 of 3"
[1] "training"
[1] "training complete"
[1] "elapsed time: 0.174"
[1] "computing out-of-bag predictions"
[1] "out-of-bag predictions complete"
[1] "elapsed time: 0.867"
[1] "computing predictions on test set"
[1] "test set predictions complete"
[1] "elapsed time: 0.797"
[1] "computing tree strength and correlation"
[1] "strength and correlation complete"
[1] "elapsed time: 1.034"
[1] "Evaluating forest 2 of 3"
[1] "training"
[1] "training complete"
[1] "elapsed time: 0.216"
[1] "computing out-of-bag predictions"
[1] "out-of-bag predictions complete"
[1] "elapsed time: 0.794"
[1] "computing predictions on test set"
[1] "test set predictions complete"
[1] "elapsed time: 0.764"
[1] "computing tree strength and correlation"
[1] "strength and correlation complete"
[1] "elapsed time: 1"
[1] "Evaluating forest 3 of 3"
[1] "training"
[1] "training complete"
[1] "elapsed time: 0.295"
[1] "computing out-of-bag predictions"
[1] "out-of-bag predictions complete"
[1] "elapsed time: 0.767"
[1] "computing predictions on test set"
[1] "test set predictions complete"
[1] "elapsed time: 0.728"
[1] "computing tree strength and correlation"
[1] "strength and correlation complete"
[1] "elapsed time: 0.931"
[1] "fold 2"
[1] "Evaluating forest 1 of 3"
[1] "training"
[1] "training complete"
[1] "elapsed time: 0.193999999999999"
[1] "computing out-of-bag predictions"
[1] "out-of-bag predictions complete"
[1] "elapsed time: 0.751999999999999"
[1] "computing predictions on test set"
[1] "test set predictions complete"
[1] "elapsed time: 0.719999999999999"
[1] "computing tree strength and correlation"
[1] "strength and correlation complete"
[1] "elapsed time: 0.923999999999999"
[1] "Evaluating forest 2 of 3"
[1] "training"
[1] "training complete"
[1] "elapsed time: 0.212999999999999"
[1] "computing out-of-bag predictions"
[1] "out-of-bag predictions complete"
[1] "elapsed time: 0.789999999999999"
[1] "computing predictions on test set"
[1] "test set predictions complete"
[1] "elapsed time: 0.76"
[1] "computing tree strength and correlation"
[1] "strength and correlation complete"
[1] "elapsed time: 0.978"
[1] "Evaluating forest 3 of 3"
[1] "training"
[1] "training complete"
[1] "elapsed time: 0.292999999999999"
[1] "computing out-of-bag predictions"
[1] "out-of-bag predictions complete"
[1] "elapsed time: 0.767999999999999"
[1] "computing predictions on test set"
[1] "test set predictions complete"
[1] "elapsed time: 0.728"
[1] "computing tree strength and correlation"
[1] "strength and correlation complete"
[1] "elapsed time: 0.951000000000001"
[1] "fold 3"
[1] "Evaluating forest 1 of 3"
[1] "training"
[1] "training complete"
[1] "elapsed time: 0.198"
[1] "computing out-of-bag predictions"
[1] "out-of-bag predictions complete"
[1] "elapsed time: 0.750999999999998"
[1] "computing predictions on test set"
[1] "test set predictions complete"
[1] "elapsed time: 0.727"
[1] "computing tree strength and correlation"
[1] "strength and correlation complete"
[1] "elapsed time: 0.958000000000002"
[1] "Evaluating forest 2 of 3"
[1] "training"
[1] "training complete"
[1] "elapsed time: 0.204999999999998"
[1] "computing out-of-bag predictions"
[1] "out-of-bag predictions complete"
[1] "elapsed time: 0.805"
[1] "computing predictions on test set"
[1] "test set predictions complete"
[1] "elapsed time: 0.762"
[1] "computing tree strength and correlation"
[1] "strength and correlation complete"
[1] "elapsed time: 0.984000000000002"
[1] "Evaluating forest 3 of 3"
[1] "training"
[1] "training complete"
[1] "elapsed time: 0.302999999999997"
[1] "computing out-of-bag predictions"
[1] "out-of-bag predictions complete"
[1] "elapsed time: 0.765000000000001"
[1] "computing predictions on test set"
[1] "test set predictions complete"
[1] "elapsed time: 0.747999999999998"
[1] "computing tree strength and correlation"
[1] "strength and correlation complete"
[1] "elapsed time: 0.957000000000001"
[1] "fold 4"
[1] "Evaluating forest 1 of 3"
[1] "training"
[1] "training complete"
[1] "elapsed time: 0.196999999999999"
[1] "computing out-of-bag predictions"
[1] "out-of-bag predictions complete"
[1] "elapsed time: 0.782"
[1] "computing predictions on test set"
[1] "test set predictions complete"
[1] "elapsed time: 0.765000000000001"
[1] "computing tree strength and correlation"
[1] "strength and correlation complete"
[1] "elapsed time: 0.954000000000001"
[1] "Evaluating forest 2 of 3"
[1] "training"
[1] "training complete"
[1] "elapsed time: 0.227999999999998"
[1] "computing out-of-bag predictions"
[1] "out-of-bag predictions complete"
[1] "elapsed time: 0.803000000000001"
[1] "computing predictions on test set"
[1] "test set predictions complete"
[1] "elapsed time: 0.786999999999999"
[1] "computing tree strength and correlation"
[1] "strength and correlation complete"
[1] "elapsed time: 0.990000000000002"
[1] "Evaluating forest 3 of 3"
[1] "training"
[1] "training complete"
[1] "elapsed time: 0.318000000000001"
[1] "computing out-of-bag predictions"
[1] "out-of-bag predictions complete"
[1] "elapsed time: 0.776"
[1] "computing predictions on test set"
[1] "test set predictions complete"
[1] "elapsed time: 0.751000000000001"
[1] "computing tree strength and correlation"
[1] "strength and correlation complete"
[1] "elapsed time: 0.960000000000001"
[1] "fold 5"
[1] "Evaluating forest 1 of 3"
[1] "training"
[1] "training complete"
[1] "elapsed time: 0.204000000000001"
[1] "computing out-of-bag predictions"
[1] "out-of-bag predictions complete"
[1] "elapsed time: 0.774999999999999"
[1] "computing predictions on test set"
[1] "test set predictions complete"
[1] "elapsed time: 0.753999999999998"
[1] "computing tree strength and correlation"
[1] "strength and correlation complete"
[1] "elapsed time: 0.989000000000004"
[1] "Evaluating forest 2 of 3"
[1] "training"
[1] "training complete"
[1] "elapsed time: 0.219999999999999"
[1] "computing out-of-bag predictions"
[1] "out-of-bag predictions complete"
[1] "elapsed time: 0.810000000000002"
[1] "computing predictions on test set"
[1] "test set predictions complete"
[1] "elapsed time: 0.784999999999997"
[1] "computing tree strength and correlation"
[1] "strength and correlation complete"
[1] "elapsed time: 0.997999999999998"
[1] "Evaluating forest 3 of 3"
[1] "training"
[1] "training complete"
[1] "elapsed time: 0.308"
[1] "computing out-of-bag predictions"
[1] "out-of-bag predictions complete"
[1] "elapsed time: 0.786999999999999"
[1] "computing predictions on test set"
[1] "test set predictions complete"
[1] "elapsed time: 0.760000000000005"
[1] "computing tree strength and correlation"
[1] "strength and correlation complete"
[1] "elapsed time: 0.973000000000006"
job complete
