My SLURM_ARRAY_TASK_ID:  87
AUC 0.3.0
Type AUCNews() to see the change log and ?AUC to get an overview.
dummies-1.5.6 provided by Decision Patterns

[1] "fold 1"
[1] "Evaluating forest 1 of 4"
[1] "training"
[1] "training complete"
[1] "elapsed time: 6.593"
[1] "computing out-of-bag predictions"
[1] "out-of-bag predictions complete"
[1] "elapsed time: 9.204"
[1] "computing predictions on test set"
[1] "test set predictions complete"
[1] "elapsed time: 4.752"
[1] "computing tree strength and correlation"
[1] "strength and correlation complete"
[1] "elapsed time: 8.616"
[1] "Evaluating forest 2 of 4"
[1] "training"
[1] "training complete"
[1] "elapsed time: 8.439"
[1] "computing out-of-bag predictions"
[1] "out-of-bag predictions complete"
[1] "elapsed time: 8.21"
[1] "computing predictions on test set"
[1] "test set predictions complete"
[1] "elapsed time: 4.615"
[1] "computing tree strength and correlation"
[1] "strength and correlation complete"
[1] "elapsed time: 8.329"
[1] "Evaluating forest 3 of 4"
[1] "training"
[1] "training complete"
[1] "elapsed time: 17.125"
[1] "computing out-of-bag predictions"
[1] "out-of-bag predictions complete"
[1] "elapsed time: 7.99199999999999"
[1] "computing predictions on test set"
[1] "test set predictions complete"
[1] "elapsed time: 4.45999999999999"
[1] "computing tree strength and correlation"
[1] "strength and correlation complete"
[1] "elapsed time: 8.35100000000001"
[1] "Evaluating forest 4 of 4"
[1] "training"
[1] "training complete"
[1] "elapsed time: 26.592"
[1] "computing out-of-bag predictions"
[1] "out-of-bag predictions complete"
[1] "elapsed time: 8.09400000000001"
[1] "computing predictions on test set"
[1] "test set predictions complete"
[1] "elapsed time: 4.523"
[1] "computing tree strength and correlation"
[1] "strength and correlation complete"
[1] "elapsed time: 8.27199999999999"
[1] "fold 2"
[1] "Evaluating forest 1 of 4"
[1] "training"
[1] "training complete"
[1] "elapsed time: 6.11600000000001"
[1] "computing out-of-bag predictions"
[1] "out-of-bag predictions complete"
[1] "elapsed time: 7.36999999999998"
[1] "computing predictions on test set"
[1] "test set predictions complete"
[1] "elapsed time: 4.05000000000001"
[1] "computing tree strength and correlation"
[1] "strength and correlation complete"
[1] "elapsed time: 7.99000000000001"
[1] "Evaluating forest 2 of 4"
[1] "training"
[1] "training complete"
[1] "elapsed time: 8.708"
[1] "computing out-of-bag predictions"
[1] "out-of-bag predictions complete"
[1] "elapsed time: 8.21000000000001"
[1] "computing predictions on test set"
[1] "test set predictions complete"
[1] "elapsed time: 4.626"
[1] "computing tree strength and correlation"
[1] "strength and correlation complete"
[1] "elapsed time: 8.36799999999999"
[1] "Evaluating forest 3 of 4"
[1] "training"
[1] "training complete"
[1] "elapsed time: 17.801"
[1] "computing out-of-bag predictions"
[1] "out-of-bag predictions complete"
[1] "elapsed time: 7.988"
[1] "computing predictions on test set"
[1] "test set predictions complete"
[1] "elapsed time: 4.51499999999999"
[1] "computing tree strength and correlation"
[1] "strength and correlation complete"
[1] "elapsed time: 8.28899999999999"
[1] "Evaluating forest 4 of 4"
[1] "training"
[1] "training complete"
[1] "elapsed time: 26.075"
[1] "computing out-of-bag predictions"
[1] "out-of-bag predictions complete"
[1] "elapsed time: 8.09699999999998"
[1] "computing predictions on test set"
[1] "test set predictions complete"
[1] "elapsed time: 4.56300000000005"
[1] "computing tree strength and correlation"
[1] "strength and correlation complete"
[1] "elapsed time: 8.34300000000002"
[1] "fold 3"
[1] "Evaluating forest 1 of 4"
[1] "training"
[1] "training complete"
[1] "elapsed time: 6.24299999999999"
[1] "computing out-of-bag predictions"
[1] "out-of-bag predictions complete"
[1] "elapsed time: 7.46100000000001"
[1] "computing predictions on test set"
[1] "test set predictions complete"
[1] "elapsed time: 3.988"
[1] "computing tree strength and correlation"
[1] "strength and correlation complete"
[1] "elapsed time: 7.89600000000002"
[1] "Evaluating forest 2 of 4"
[1] "training"
[1] "training complete"
[1] "elapsed time: 8.56999999999999"
[1] "computing out-of-bag predictions"
[1] "out-of-bag predictions complete"
[1] "elapsed time: 8.178"
[1] "computing predictions on test set"
[1] "test set predictions complete"
[1] "elapsed time: 4.56700000000001"
[1] "computing tree strength and correlation"
[1] "strength and correlation complete"
[1] "elapsed time: 8.45599999999996"
[1] "Evaluating forest 3 of 4"
[1] "training"
[1] "training complete"
[1] "elapsed time: 17.212"
[1] "computing out-of-bag predictions"
[1] "out-of-bag predictions complete"
[1] "elapsed time: 7.99599999999998"
[1] "computing predictions on test set"
[1] "test set predictions complete"
[1] "elapsed time: 4.49900000000002"
[1] "computing tree strength and correlation"
[1] "strength and correlation complete"
[1] "elapsed time: 8.30700000000002"
[1] "Evaluating forest 4 of 4"
[1] "training"
[1] "training complete"
[1] "elapsed time: 26.513"
[1] "computing out-of-bag predictions"
[1] "out-of-bag predictions complete"
[1] "elapsed time: 8.01299999999998"
[1] "computing predictions on test set"
[1] "test set predictions complete"
[1] "elapsed time: 4.57499999999999"
[1] "computing tree strength and correlation"
[1] "strength and correlation complete"
[1] "elapsed time: 8.35500000000002"
[1] "fold 4"
[1] "Evaluating forest 1 of 4"
[1] "training"
[1] "training complete"
[1] "elapsed time: 6.04000000000002"
[1] "computing out-of-bag predictions"
[1] "out-of-bag predictions complete"
[1] "elapsed time: 7.46799999999996"
[1] "computing predictions on test set"
[1] "test set predictions complete"
[1] "elapsed time: 3.971"
[1] "computing tree strength and correlation"
[1] "strength and correlation complete"
[1] "elapsed time: 7.84800000000001"
[1] "Evaluating forest 2 of 4"
[1] "training"
[1] "training complete"
[1] "elapsed time: 8.62900000000002"
[1] "computing out-of-bag predictions"
[1] "out-of-bag predictions complete"
[1] "elapsed time: 8.11900000000003"
[1] "computing predictions on test set"
[1] "test set predictions complete"
[1] "elapsed time: 4.54500000000002"
[1] "computing tree strength and correlation"
[1] "strength and correlation complete"
[1] "elapsed time: 8.339"
[1] "Evaluating forest 3 of 4"
[1] "training"
[1] "training complete"
[1] "elapsed time: 17.334"
[1] "computing out-of-bag predictions"
[1] "out-of-bag predictions complete"
[1] "elapsed time: 8.07299999999998"
[1] "computing predictions on test set"
[1] "test set predictions complete"
[1] "elapsed time: 4.50700000000001"
[1] "computing tree strength and correlation"
[1] "strength and correlation complete"
[1] "elapsed time: 8.28899999999999"
[1] "Evaluating forest 4 of 4"
[1] "training"
[1] "training complete"
[1] "elapsed time: 27.072"
[1] "computing out-of-bag predictions"
[1] "out-of-bag predictions complete"
[1] "elapsed time: 7.99400000000003"
[1] "computing predictions on test set"
[1] "test set predictions complete"
[1] "elapsed time: 4.53200000000004"
[1] "computing tree strength and correlation"
[1] "strength and correlation complete"
[1] "elapsed time: 8.36300000000006"
[1] "fold 5"
[1] "Evaluating forest 1 of 4"
[1] "training"
[1] "training complete"
[1] "elapsed time: 5.899"
[1] "computing out-of-bag predictions"
[1] "out-of-bag predictions complete"
[1] "elapsed time: 7.62700000000007"
[1] "computing predictions on test set"
[1] "test set predictions complete"
[1] "elapsed time: 4.06700000000001"
[1] "computing tree strength and correlation"
[1] "strength and correlation complete"
[1] "elapsed time: 7.88"
[1] "Evaluating forest 2 of 4"
[1] "training"
[1] "training complete"
[1] "elapsed time: 8.57399999999996"
[1] "computing out-of-bag predictions"
[1] "out-of-bag predictions complete"
[1] "elapsed time: 8.18100000000004"
[1] "computing predictions on test set"
[1] "test set predictions complete"
[1] "elapsed time: 4.60299999999995"
[1] "computing tree strength and correlation"
[1] "strength and correlation complete"
[1] "elapsed time: 8.31700000000001"
[1] "Evaluating forest 3 of 4"
[1] "training"
[1] "training complete"
[1] "elapsed time: 16.832"
[1] "computing out-of-bag predictions"
[1] "out-of-bag predictions complete"
[1] "elapsed time: 8.23000000000002"
[1] "computing predictions on test set"
[1] "test set predictions complete"
[1] "elapsed time: 4.52300000000002"
[1] "computing tree strength and correlation"
[1] "strength and correlation complete"
[1] "elapsed time: 8.35799999999995"
[1] "Evaluating forest 4 of 4"
[1] "training"
[1] "training complete"
[1] "elapsed time: 25.172"
[1] "computing out-of-bag predictions"
[1] "out-of-bag predictions complete"
[1] "elapsed time: 8.16399999999999"
[1] "computing predictions on test set"
[1] "test set predictions complete"
[1] "elapsed time: 4.52499999999998"
[1] "computing tree strength and correlation"
[1] "strength and correlation complete"
[1] "elapsed time: 8.3599999999999"
job complete
