My SLURM_ARRAY_TASK_ID:  26
AUC 0.3.0
Type AUCNews() to see the change log and ?AUC to get an overview.
dummies-1.5.6 provided by Decision Patterns

[1] "fold 1"
[1] "Evaluating forest 1 of 4"
[1] "training"
[1] "training complete"
[1] "elapsed time: 0.461"
[1] "computing out-of-bag predictions"
[1] "out-of-bag predictions complete"
[1] "elapsed time: 2.632"
[1] "computing predictions on test set"
[1] "test set predictions complete"
[1] "elapsed time: 2.134"
[1] "computing tree strength and correlation"
[1] "strength and correlation complete"
[1] "elapsed time: 2.407"
[1] "Evaluating forest 2 of 4"
[1] "training"
[1] "training complete"
[1] "elapsed time: 0.701000000000001"
[1] "computing out-of-bag predictions"
[1] "out-of-bag predictions complete"
[1] "elapsed time: 2.313"
[1] "computing predictions on test set"
[1] "test set predictions complete"
[1] "elapsed time: 2.245"
[1] "computing tree strength and correlation"
[1] "strength and correlation complete"
[1] "elapsed time: 2.498"
[1] "Evaluating forest 3 of 4"
[1] "training"
[1] "training complete"
[1] "elapsed time: 1.145"
[1] "computing out-of-bag predictions"
[1] "out-of-bag predictions complete"
[1] "elapsed time: 1.397"
[1] "computing predictions on test set"
[1] "test set predictions complete"
[1] "elapsed time: 1.302"
[1] "computing tree strength and correlation"
[1] "strength and correlation complete"
[1] "elapsed time: 1.537"
[1] "Evaluating forest 4 of 4"
[1] "training"
[1] "training complete"
[1] "elapsed time: 2.425"
[1] "computing out-of-bag predictions"
[1] "out-of-bag predictions complete"
[1] "elapsed time: 1.395"
[1] "computing predictions on test set"
[1] "test set predictions complete"
[1] "elapsed time: 1.335"
[1] "computing tree strength and correlation"
[1] "strength and correlation complete"
[1] "elapsed time: 1.56"
[1] "fold 2"
[1] "Evaluating forest 1 of 4"
[1] "training"
[1] "training complete"
[1] "elapsed time: 0.440000000000001"
[1] "computing out-of-bag predictions"
[1] "out-of-bag predictions complete"
[1] "elapsed time: 2.367"
[1] "computing predictions on test set"
[1] "test set predictions complete"
[1] "elapsed time: 2.249"
[1] "computing tree strength and correlation"
[1] "strength and correlation complete"
[1] "elapsed time: 2.512"
[1] "Evaluating forest 2 of 4"
[1] "training"
[1] "training complete"
[1] "elapsed time: 0.675000000000004"
[1] "computing out-of-bag predictions"
[1] "out-of-bag predictions complete"
[1] "elapsed time: 2.287"
[1] "computing predictions on test set"
[1] "test set predictions complete"
[1] "elapsed time: 2.244"
[1] "computing tree strength and correlation"
[1] "strength and correlation complete"
[1] "elapsed time: 2.494"
[1] "Evaluating forest 3 of 4"
[1] "training"
[1] "training complete"
[1] "elapsed time: 1.145"
[1] "computing out-of-bag predictions"
[1] "out-of-bag predictions complete"
[1] "elapsed time: 2.25"
[1] "computing predictions on test set"
[1] "test set predictions complete"
[1] "elapsed time: 2.22799999999999"
[1] "computing tree strength and correlation"
[1] "strength and correlation complete"
[1] "elapsed time: 2.355"
[1] "Evaluating forest 4 of 4"
[1] "training"
[1] "training complete"
[1] "elapsed time: 2.487"
[1] "computing out-of-bag predictions"
[1] "out-of-bag predictions complete"
[1] "elapsed time: 1.744"
[1] "computing predictions on test set"
[1] "test set predictions complete"
[1] "elapsed time: 1.528"
[1] "computing tree strength and correlation"
[1] "strength and correlation complete"
[1] "elapsed time: 1.652"
[1] "fold 3"
[1] "Evaluating forest 1 of 4"
[1] "training"
[1] "training complete"
[1] "elapsed time: 0.449000000000005"
[1] "computing out-of-bag predictions"
[1] "out-of-bag predictions complete"
[1] "elapsed time: 2.826"
[1] "computing predictions on test set"
[1] "test set predictions complete"
[1] "elapsed time: 2.77100000000001"
[1] "computing tree strength and correlation"
[1] "strength and correlation complete"
[1] "elapsed time: 3.041"
[1] "Evaluating forest 2 of 4"
[1] "training"
[1] "training complete"
[1] "elapsed time: 0.622"
[1] "computing out-of-bag predictions"
[1] "out-of-bag predictions complete"
[1] "elapsed time: 2.319"
[1] "computing predictions on test set"
[1] "test set predictions complete"
[1] "elapsed time: 2.26599999999999"
[1] "computing tree strength and correlation"
[1] "strength and correlation complete"
[1] "elapsed time: 2.49199999999999"
[1] "Evaluating forest 3 of 4"
[1] "training"
[1] "training complete"
[1] "elapsed time: 1.167"
[1] "computing out-of-bag predictions"
[1] "out-of-bag predictions complete"
[1] "elapsed time: 2.291"
[1] "computing predictions on test set"
[1] "test set predictions complete"
[1] "elapsed time: 2.235"
[1] "computing tree strength and correlation"
[1] "strength and correlation complete"
[1] "elapsed time: 2.474"
[1] "Evaluating forest 4 of 4"
[1] "training"
[1] "training complete"
[1] "elapsed time: 2.483"
[1] "computing out-of-bag predictions"
[1] "out-of-bag predictions complete"
[1] "elapsed time: 2.306"
[1] "computing predictions on test set"
[1] "test set predictions complete"
[1] "elapsed time: 2.23999999999999"
[1] "computing tree strength and correlation"
[1] "strength and correlation complete"
[1] "elapsed time: 2.46600000000001"
[1] "fold 4"
[1] "Evaluating forest 1 of 4"
[1] "training"
[1] "training complete"
[1] "elapsed time: 0.438999999999993"
[1] "computing out-of-bag predictions"
[1] "out-of-bag predictions complete"
[1] "elapsed time: 2.77199999999999"
[1] "computing predictions on test set"
[1] "test set predictions complete"
[1] "elapsed time: 2.708"
[1] "computing tree strength and correlation"
[1] "strength and correlation complete"
[1] "elapsed time: 2.949"
[1] "Evaluating forest 2 of 4"
[1] "training"
[1] "training complete"
[1] "elapsed time: 0.664000000000001"
[1] "computing out-of-bag predictions"
[1] "out-of-bag predictions complete"
[1] "elapsed time: 2.22799999999999"
[1] "computing predictions on test set"
[1] "test set predictions complete"
[1] "elapsed time: 2.21000000000001"
[1] "computing tree strength and correlation"
[1] "strength and correlation complete"
[1] "elapsed time: 2.429"
[1] "Evaluating forest 3 of 4"
[1] "training"
[1] "training complete"
[1] "elapsed time: 1.154"
[1] "computing out-of-bag predictions"
[1] "out-of-bag predictions complete"
[1] "elapsed time: 2.19200000000001"
[1] "computing predictions on test set"
[1] "test set predictions complete"
[1] "elapsed time: 2.13200000000001"
[1] "computing tree strength and correlation"
[1] "strength and correlation complete"
[1] "elapsed time: 2.393"
[1] "Evaluating forest 4 of 4"
[1] "training"
[1] "training complete"
[1] "elapsed time: 2.45800000000001"
[1] "computing out-of-bag predictions"
[1] "out-of-bag predictions complete"
[1] "elapsed time: 1.97500000000001"
[1] "computing predictions on test set"
[1] "test set predictions complete"
[1] "elapsed time: 1.776"
[1] "computing tree strength and correlation"
[1] "strength and correlation complete"
[1] "elapsed time: 1.98399999999999"
[1] "fold 5"
[1] "Evaluating forest 1 of 4"
[1] "training"
[1] "training complete"
[1] "elapsed time: 0.445999999999998"
[1] "computing out-of-bag predictions"
[1] "out-of-bag predictions complete"
[1] "elapsed time: 2.76599999999999"
[1] "computing predictions on test set"
[1] "test set predictions complete"
[1] "elapsed time: 2.77300000000002"
[1] "computing tree strength and correlation"
[1] "strength and correlation complete"
[1] "elapsed time: 3.011"
[1] "Evaluating forest 2 of 4"
[1] "training"
[1] "training complete"
[1] "elapsed time: 0.643000000000001"
[1] "computing out-of-bag predictions"
[1] "out-of-bag predictions complete"
[1] "elapsed time: 2.32000000000002"
[1] "computing predictions on test set"
[1] "test set predictions complete"
[1] "elapsed time: 2.25799999999998"
[1] "computing tree strength and correlation"
[1] "strength and correlation complete"
[1] "elapsed time: 2.48099999999999"
[1] "Evaluating forest 3 of 4"
[1] "training"
[1] "training complete"
[1] "elapsed time: 1.17100000000002"
[1] "computing out-of-bag predictions"
[1] "out-of-bag predictions complete"
[1] "elapsed time: 2.251"
[1] "computing predictions on test set"
[1] "test set predictions complete"
[1] "elapsed time: 2.191"
[1] "computing tree strength and correlation"
[1] "strength and correlation complete"
[1] "elapsed time: 2.452"
[1] "Evaluating forest 4 of 4"
[1] "training"
[1] "training complete"
[1] "elapsed time: 2.49199999999999"
[1] "computing out-of-bag predictions"
[1] "out-of-bag predictions complete"
[1] "elapsed time: 2.30500000000001"
[1] "computing predictions on test set"
[1] "test set predictions complete"
[1] "elapsed time: 2.24199999999999"
[1] "computing tree strength and correlation"
[1] "strength and correlation complete"
[1] "elapsed time: 2.46899999999999"
job complete
