My SLURM_ARRAY_TASK_ID:  19
AUC 0.3.0
Type AUCNews() to see the change log and ?AUC to get an overview.
dummies-1.5.6 provided by Decision Patterns

[1] "fold 1"
[1] "Evaluating forest 1 of 4"
[1] "training"
[1] "training complete"
[1] "elapsed time: 10.67"
[1] "computing out-of-bag predictions"
[1] "out-of-bag predictions complete"
[1] "elapsed time: 13.098"
[1] "computing predictions on test set"
[1] "test set predictions complete"
[1] "elapsed time: 10.993"
[1] "computing tree strength and correlation"
[1] "strength and correlation complete"
[1] "elapsed time: 14.233"
[1] "Evaluating forest 2 of 4"
[1] "training"
[1] "training complete"
[1] "elapsed time: 49.761"
[1] "computing out-of-bag predictions"
[1] "out-of-bag predictions complete"
[1] "elapsed time: 32.229"
[1] "computing predictions on test set"
[1] "test set predictions complete"
[1] "elapsed time: 29.584"
[1] "computing tree strength and correlation"
[1] "strength and correlation complete"
[1] "elapsed time: 32.968"
[1] "Evaluating forest 3 of 4"
[1] "training"
[1] "training complete"
[1] "elapsed time: 113.256"
[1] "computing out-of-bag predictions"
[1] "out-of-bag predictions complete"
[1] "elapsed time: 41.972"
[1] "computing predictions on test set"
[1] "test set predictions complete"
[1] "elapsed time: 39.478"
[1] "computing tree strength and correlation"
[1] "strength and correlation complete"
[1] "elapsed time: 42.805"
[1] "Evaluating forest 4 of 4"
[1] "training"
[1] "training complete"
[1] "elapsed time: 209.642"
[1] "computing out-of-bag predictions"
[1] "out-of-bag predictions complete"
[1] "elapsed time: 34.7869999999999"
[1] "computing predictions on test set"
[1] "test set predictions complete"
[1] "elapsed time: 32.2430000000001"
[1] "computing tree strength and correlation"
[1] "strength and correlation complete"
[1] "elapsed time: 35.282"
[1] "fold 2"
[1] "Evaluating forest 1 of 4"
[1] "training"
[1] "training complete"
[1] "elapsed time: 10.8570000000001"
[1] "computing out-of-bag predictions"
[1] "out-of-bag predictions complete"
[1] "elapsed time: 12.276"
[1] "computing predictions on test set"
[1] "test set predictions complete"
[1] "elapsed time: 9.67200000000003"
[1] "computing tree strength and correlation"
[1] "strength and correlation complete"
[1] "elapsed time: 13.026"
[1] "Evaluating forest 2 of 4"
[1] "training"
[1] "training complete"
[1] "elapsed time: 50.336"
[1] "computing out-of-bag predictions"
[1] "out-of-bag predictions complete"
[1] "elapsed time: 35.284"
[1] "computing predictions on test set"
[1] "test set predictions complete"
[1] "elapsed time: 32.4930000000001"
[1] "computing tree strength and correlation"
[1] "strength and correlation complete"
[1] "elapsed time: 36.0359999999999"
[1] "Evaluating forest 3 of 4"
[1] "training"
[1] "training complete"
[1] "elapsed time: 113.373"
[1] "computing out-of-bag predictions"
[1] "out-of-bag predictions complete"
[1] "elapsed time: 41.5420000000001"
[1] "computing predictions on test set"
[1] "test set predictions complete"
[1] "elapsed time: 39.2060000000001"
[1] "computing tree strength and correlation"
[1] "strength and correlation complete"
[1] "elapsed time: 42.549"
[1] "Evaluating forest 4 of 4"
[1] "training"
[1] "training complete"
[1] "elapsed time: 210.279"
[1] "computing out-of-bag predictions"
[1] "out-of-bag predictions complete"
[1] "elapsed time: 35.0999999999999"
[1] "computing predictions on test set"
[1] "test set predictions complete"
[1] "elapsed time: 32.1499999999999"
[1] "computing tree strength and correlation"
[1] "strength and correlation complete"
[1] "elapsed time: 35.49"
[1] "fold 3"
[1] "Evaluating forest 1 of 4"
[1] "training"
[1] "training complete"
[1] "elapsed time: 10.9269999999999"
[1] "computing out-of-bag predictions"
[1] "out-of-bag predictions complete"
[1] "elapsed time: 12.211"
[1] "computing predictions on test set"
[1] "test set predictions complete"
[1] "elapsed time: 9.78099999999995"
[1] "computing tree strength and correlation"
[1] "strength and correlation complete"
[1] "elapsed time: 13.076"
[1] "Evaluating forest 2 of 4"
[1] "training"
[1] "training complete"
[1] "elapsed time: 50.377"
[1] "computing out-of-bag predictions"
[1] "out-of-bag predictions complete"
[1] "elapsed time: 34.732"
[1] "computing predictions on test set"
[1] "test set predictions complete"
[1] "elapsed time: 32.6400000000001"
[1] "computing tree strength and correlation"
[1] "strength and correlation complete"
[1] "elapsed time: 36"
[1] "Evaluating forest 3 of 4"
[1] "training"
[1] "training complete"
[1] "elapsed time: 113.422"
[1] "computing out-of-bag predictions"
[1] "out-of-bag predictions complete"
[1] "elapsed time: 41.652"
[1] "computing predictions on test set"
[1] "test set predictions complete"
[1] "elapsed time: 38.952"
[1] "computing tree strength and correlation"
[1] "strength and correlation complete"
[1] "elapsed time: 42.2389999999998"
[1] "Evaluating forest 4 of 4"
[1] "training"
[1] "training complete"
[1] "elapsed time: 209.873"
[1] "computing out-of-bag predictions"
[1] "out-of-bag predictions complete"
[1] "elapsed time: 35.9089999999997"
[1] "computing predictions on test set"
[1] "test set predictions complete"
[1] "elapsed time: 33.5160000000001"
[1] "computing tree strength and correlation"
[1] "strength and correlation complete"
[1] "elapsed time: 36.6120000000001"
[1] "fold 4"
[1] "Evaluating forest 1 of 4"
[1] "training"
[1] "training complete"
[1] "elapsed time: 11.2309999999998"
[1] "computing out-of-bag predictions"
[1] "out-of-bag predictions complete"
[1] "elapsed time: 12.2539999999999"
[1] "computing predictions on test set"
[1] "test set predictions complete"
[1] "elapsed time: 9.86599999999999"
[1] "computing tree strength and correlation"
[1] "strength and correlation complete"
[1] "elapsed time: 13.1959999999999"
[1] "Evaluating forest 2 of 4"
[1] "training"
[1] "training complete"
[1] "elapsed time: 50.1289999999999"
[1] "computing out-of-bag predictions"
[1] "out-of-bag predictions complete"
[1] "elapsed time: 35.1870000000004"
[1] "computing predictions on test set"
[1] "test set predictions complete"
[1] "elapsed time: 32.8899999999999"
[1] "computing tree strength and correlation"
[1] "strength and correlation complete"
[1] "elapsed time: 36.163"
[1] "Evaluating forest 3 of 4"
[1] "training"
[1] "training complete"
[1] "elapsed time: 112.441"
[1] "computing out-of-bag predictions"
[1] "out-of-bag predictions complete"
[1] "elapsed time: 40.7289999999998"
[1] "computing predictions on test set"
[1] "test set predictions complete"
[1] "elapsed time: 38.5970000000002"
[1] "computing tree strength and correlation"
[1] "strength and correlation complete"
[1] "elapsed time: 42.0540000000001"
[1] "Evaluating forest 4 of 4"
[1] "training"
[1] "training complete"
[1] "elapsed time: 209.674"
[1] "computing out-of-bag predictions"
[1] "out-of-bag predictions complete"
[1] "elapsed time: 35.873"
[1] "computing predictions on test set"
[1] "test set predictions complete"
[1] "elapsed time: 33.4449999999997"
[1] "computing tree strength and correlation"
[1] "strength and correlation complete"
[1] "elapsed time: 36.2570000000001"
[1] "fold 5"
[1] "Evaluating forest 1 of 4"
[1] "training"
[1] "training complete"
[1] "elapsed time: 10.799"
[1] "computing out-of-bag predictions"
[1] "out-of-bag predictions complete"
[1] "elapsed time: 11.6710000000003"
[1] "computing predictions on test set"
[1] "test set predictions complete"
[1] "elapsed time: 9.12700000000041"
[1] "computing tree strength and correlation"
[1] "strength and correlation complete"
[1] "elapsed time: 12.4000000000001"
[1] "Evaluating forest 2 of 4"
[1] "training"
[1] "training complete"
[1] "elapsed time: 50.3709999999996"
[1] "computing out-of-bag predictions"
[1] "out-of-bag predictions complete"
[1] "elapsed time: 32.1000000000004"
[1] "computing predictions on test set"
[1] "test set predictions complete"
[1] "elapsed time: 29.4650000000001"
[1] "computing tree strength and correlation"
[1] "strength and correlation complete"
[1] "elapsed time: 32.6179999999999"
[1] "Evaluating forest 3 of 4"
[1] "training"
[1] "training complete"
[1] "elapsed time: 113.504"
[1] "computing out-of-bag predictions"
[1] "out-of-bag predictions complete"
[1] "elapsed time: 41.3319999999999"
[1] "computing predictions on test set"
[1] "test set predictions complete"
[1] "elapsed time: 39.2820000000002"
[1] "computing tree strength and correlation"
[1] "strength and correlation complete"
[1] "elapsed time: 42.4050000000002"
[1] "Evaluating forest 4 of 4"
[1] "training"
[1] "training complete"
[1] "elapsed time: 210.275"
[1] "computing out-of-bag predictions"
[1] "out-of-bag predictions complete"
[1] "elapsed time: 36.2750000000001"
[1] "computing predictions on test set"
[1] "test set predictions complete"
[1] "elapsed time: 33.2709999999997"
[1] "computing tree strength and correlation"
[1] "strength and correlation complete"
[1] "elapsed time: 36.3389999999999"
[1] "fold 1"
[1] "Evaluating forest 1 of 25"
[1] "training"
[1] "training complete"
[1] "elapsed time: 11.4430000000002"
[1] "computing out-of-bag predictions"
[1] "out-of-bag predictions complete"
[1] "elapsed time: 13.2240000000002"
[1] "computing predictions on test set"
[1] "test set predictions complete"
[1] "elapsed time: 10.6150000000002"
[1] "computing tree strength and correlation"
[1] "strength and correlation complete"
[1] "Evaluating forest 2 of 25"
[1] "training"
[1] "training complete"
[1] "elapsed time: 45.1550000000002"
[1] "computing out-of-bag predictions"
[1] "out-of-bag predictions complete"
[1] "elapsed time: 36.1790000000001"
[1] "computing predictions on test set"
[1] "test set predictions complete"
[1] "elapsed time: 33.6259999999997"
[1] "computing tree strength and correlation"
[1] "strength and correlation complete"
[1] "Evaluating forest 3 of 25"
[1] "training"
[1] "training complete"
[1] "elapsed time: 93.2570000000001"
[1] "computing out-of-bag predictions"
[1] "out-of-bag predictions complete"
[1] "elapsed time: 44.7040000000002"
[1] "computing predictions on test set"
[1] "test set predictions complete"
[1] "elapsed time: 42.973"
[1] "computing tree strength and correlation"
[1] "strength and correlation complete"
[1] "Evaluating forest 4 of 25"
[1] "training"
[1] "training complete"
[1] "elapsed time: 172.791"
[1] "computing out-of-bag predictions"
[1] "out-of-bag predictions complete"
[1] "elapsed time: 42.2510000000002"
[1] "computing predictions on test set"
[1] "test set predictions complete"
[1] "elapsed time: 39.8650000000007"
[1] "computing tree strength and correlation"
[1] "strength and correlation complete"
[1] "Evaluating forest 5 of 25"
[1] "training"
[1] "training complete"
[1] "elapsed time: 4469.903"
[1] "computing out-of-bag predictions"
[1] "out-of-bag predictions complete"
[1] "elapsed time: 33.8950000000004"
[1] "computing predictions on test set"
[1] "test set predictions complete"
[1] "elapsed time: 31.4110000000001"
[1] "computing tree strength and correlation"
[1] "strength and correlation complete"
[1] "Evaluating forest 6 of 25"
[1] "training"
[1] "training complete"
[1] "elapsed time: 31.7669999999998"
[1] "computing out-of-bag predictions"
[1] "out-of-bag predictions complete"
[1] "elapsed time: 35.7860000000001"
[1] "computing predictions on test set"
[1] "test set predictions complete"
[1] "elapsed time: 33.0669999999991"
[1] "computing tree strength and correlation"
[1] "strength and correlation complete"
[1] "Evaluating forest 7 of 25"
[1] "training"
[1] "training complete"
[1] "elapsed time: 68.7489999999998"
[1] "computing out-of-bag predictions"
[1] "out-of-bag predictions complete"
[1] "elapsed time: 50.6910000000007"
[1] "computing predictions on test set"
[1] "test set predictions complete"
[1] "elapsed time: 47.6829999999991"
[1] "computing tree strength and correlation"
[1] "strength and correlation complete"
[1] "Evaluating forest 8 of 25"
[1] "training"
[1] "training complete"
[1] "elapsed time: 114.07"
[1] "computing out-of-bag predictions"
[1] "out-of-bag predictions complete"
[1] "elapsed time: 48.3359999999993"
[1] "computing predictions on test set"
[1] "test set predictions complete"
[1] "elapsed time: 45.2079999999987"
[1] "computing tree strength and correlation"
[1] "strength and correlation complete"
[1] "Evaluating forest 9 of 25"
[1] "training"
[1] "training complete"
[1] "elapsed time: 217.17"
[1] "computing out-of-bag predictions"
[1] "out-of-bag predictions complete"
[1] "elapsed time: 42.8259999999991"
[1] "computing predictions on test set"
[1] "test set predictions complete"
[1] "elapsed time: 40.0349999999999"
[1] "computing tree strength and correlation"
[1] "strength and correlation complete"
[1] "Evaluating forest 10 of 25"
[1] "training"
[1] "training complete"
[1] "elapsed time: 5822.002"
[1] "computing out-of-bag predictions"
[1] "out-of-bag predictions complete"
[1] "elapsed time: 32.6639999999989"
[1] "computing predictions on test set"
[1] "test set predictions complete"
[1] "elapsed time: 30.027"
[1] "computing tree strength and correlation"
[1] "strength and correlation complete"
[1] "Evaluating forest 11 of 25"
[1] "training"
[1] "training complete"
[1] "elapsed time: 42.8639999999996"
[1] "computing out-of-bag predictions"
[1] "out-of-bag predictions complete"
[1] "elapsed time: 49.2199999999993"
[1] "computing predictions on test set"
[1] "test set predictions complete"
[1] "elapsed time: 46.3109999999997"
[1] "computing tree strength and correlation"
[1] "strength and correlation complete"
[1] "Evaluating forest 12 of 25"
[1] "training"
[1] "training complete"
[1] "elapsed time: 73.3670000000002"
[1] "computing out-of-bag predictions"
[1] "out-of-bag predictions complete"
[1] "elapsed time: 54.4889999999996"
[1] "computing predictions on test set"
[1] "test set predictions complete"
[1] "elapsed time: 51.655999999999"
[1] "computing tree strength and correlation"
[1] "strength and correlation complete"
[1] "Evaluating forest 13 of 25"
[1] "training"
[1] "training complete"
[1] "elapsed time: 119.921000000002"
[1] "computing out-of-bag predictions"
[1] "out-of-bag predictions complete"
[1] "elapsed time: 47.7259999999987"
[1] "computing predictions on test set"
[1] "test set predictions complete"
[1] "elapsed time: 45.9000000000015"
[1] "computing tree strength and correlation"
[1] "strength and correlation complete"
[1] "Evaluating forest 14 of 25"
[1] "training"
[1] "training complete"
[1] "elapsed time: 235.642"
[1] "computing out-of-bag predictions"
[1] "out-of-bag predictions complete"
[1] "elapsed time: 44.4890000000014"
[1] "computing predictions on test set"
[1] "test set predictions complete"
[1] "elapsed time: 42.1219999999994"
[1] "computing tree strength and correlation"
[1] "strength and correlation complete"
[1] "Evaluating forest 15 of 25"
[1] "training"
[1] "training complete"
[1] "elapsed time: 6444.03"
[1] "computing out-of-bag predictions"
[1] "out-of-bag predictions complete"
[1] "elapsed time: 32.1110000000008"
[1] "computing predictions on test set"
[1] "test set predictions complete"
[1] "elapsed time: 28.6679999999978"
[1] "computing tree strength and correlation"
[1] "strength and correlation complete"
[1] "Evaluating forest 16 of 25"
[1] "training"
[1] "training complete"
[1] "elapsed time: 47.8940000000002"
[1] "computing out-of-bag predictions"
[1] "out-of-bag predictions complete"
[1] "elapsed time: 59.8350000000028"
[1] "computing predictions on test set"
[1] "test set predictions complete"
[1] "elapsed time: 57.4680000000008"
[1] "computing tree strength and correlation"
[1] "strength and correlation complete"
[1] "Evaluating forest 17 of 25"
[1] "training"
[1] "training complete"
[1] "elapsed time: 74.2289999999994"
[1] "computing out-of-bag predictions"
[1] "out-of-bag predictions complete"
[1] "elapsed time: 57.8459999999977"
[1] "computing predictions on test set"
[1] "test set predictions complete"
[1] "elapsed time: 55.4050000000025"
[1] "computing tree strength and correlation"
[1] "strength and correlation complete"
[1] "Evaluating forest 18 of 25"
[1] "training"
[1] "training complete"
[1] "elapsed time: 121.850000000002"
[1] "computing out-of-bag predictions"
[1] "out-of-bag predictions complete"
[1] "elapsed time: 50.4529999999977"
[1] "computing predictions on test set"
[1] "test set predictions complete"
[1] "elapsed time: 47.9119999999966"
[1] "computing tree strength and correlation"
[1] "strength and correlation complete"
[1] "Evaluating forest 19 of 25"
[1] "training"
[1] "training complete"
[1] "elapsed time: 246.382999999998"
[1] "computing out-of-bag predictions"
[1] "out-of-bag predictions complete"
[1] "elapsed time: 46.0190000000002"
[1] "computing predictions on test set"
[1] "test set predictions complete"
[1] "elapsed time: 42.6280000000006"
[1] "computing tree strength and correlation"
[1] "strength and correlation complete"
[1] "Evaluating forest 20 of 25"
[1] "training"
[1] "training complete"
[1] "elapsed time: 7334.418"
[1] "computing out-of-bag predictions"
[1] "out-of-bag predictions complete"
[1] "elapsed time: 32.8199999999997"
[1] "computing predictions on test set"
[1] "test set predictions complete"
[1] "elapsed time: 31.2950000000019"
[1] "computing tree strength and correlation"
[1] "strength and correlation complete"
[1] "Evaluating forest 21 of 25"
[1] "training"
[1] "training complete"
[1] "elapsed time: 49.9650000000001"
[1] "computing out-of-bag predictions"
[1] "out-of-bag predictions complete"
[1] "elapsed time: 66.7439999999988"
[1] "computing predictions on test set"
[1] "test set predictions complete"
[1] "elapsed time: 64.3679999999986"
[1] "computing tree strength and correlation"
[1] "strength and correlation complete"
[1] "Evaluating forest 22 of 25"
[1] "training"
[1] "training complete"
[1] "elapsed time: 75.0629999999983"
[1] "computing out-of-bag predictions"
[1] "out-of-bag predictions complete"
[1] "elapsed time: 61.130000000001"
[1] "computing predictions on test set"
[1] "test set predictions complete"
[1] "elapsed time: 57.9809999999998"
[1] "computing tree strength and correlation"
[1] "strength and correlation complete"
[1] "Evaluating forest 23 of 25"
[1] "training"
[1] "training complete"
[1] "elapsed time: 124.613000000001"
[1] "computing out-of-bag predictions"
[1] "out-of-bag predictions complete"
[1] "elapsed time: 53.1709999999985"
[1] "computing predictions on test set"
[1] "test set predictions complete"
[1] "elapsed time: 50.3179999999993"
[1] "computing tree strength and correlation"
[1] "strength and correlation complete"
[1] "Evaluating forest 24 of 25"
[1] "training"
[1] "training complete"
[1] "elapsed time: 253.047999999995"
[1] "computing out-of-bag predictions"
[1] "out-of-bag predictions complete"
[1] "elapsed time: 46.8080000000045"
[1] "computing predictions on test set"
[1] "test set predictions complete"
[1] "elapsed time: 44.0140000000029"
[1] "computing tree strength and correlation"
[1] "strength and correlation complete"
[1] "Evaluating forest 25 of 25"
[1] "training"
[1] "training complete"
[1] "elapsed time: 7664.366"
[1] "computing out-of-bag predictions"
[1] "out-of-bag predictions complete"
[1] "elapsed time: 33.6800000000003"
[1] "computing predictions on test set"
[1] "test set predictions complete"
[1] "elapsed time: 30.9819999999963"
[1] "computing tree strength and correlation"
[1] "strength and correlation complete"
[1] "fold 2"
[1] "Evaluating forest 1 of 25"
[1] "training"
[1] "training complete"
[1] "elapsed time: 11.6759999999995"
[1] "computing out-of-bag predictions"
[1] "out-of-bag predictions complete"
[1] "elapsed time: 13.1949999999997"
[1] "computing predictions on test set"
[1] "test set predictions complete"
[1] "elapsed time: 10.6290000000008"
[1] "computing tree strength and correlation"
[1] "strength and correlation complete"
[1] "Evaluating forest 2 of 25"
[1] "training"
[1] "training complete"
[1] "elapsed time: 45.1659999999974"
[1] "computing out-of-bag predictions"
[1] "out-of-bag predictions complete"
[1] "elapsed time: 35.6569999999992"
[1] "computing predictions on test set"
[1] "test set predictions complete"
[1] "elapsed time: 33.2999999999956"
[1] "computing tree strength and correlation"
[1] "strength and correlation complete"
[1] "Evaluating forest 3 of 25"
[1] "training"
[1] "training complete"
[1] "elapsed time: 93.6229999999996"
[1] "computing out-of-bag predictions"
[1] "out-of-bag predictions complete"
[1] "elapsed time: 45.6270000000004"
[1] "computing predictions on test set"
[1] "test set predictions complete"
[1] "elapsed time: 43.099000000002"
[1] "computing tree strength and correlation"
[1] "strength and correlation complete"
[1] "Evaluating forest 4 of 25"
[1] "training"
[1] "training complete"
[1] "elapsed time: 173.477999999996"
[1] "computing out-of-bag predictions"
[1] "out-of-bag predictions complete"
[1] "elapsed time: 43.8359999999957"
[1] "computing predictions on test set"
[1] "test set predictions complete"
[1] "elapsed time: 41.1679999999978"
[1] "computing tree strength and correlation"
[1] "strength and correlation complete"
[1] "Evaluating forest 5 of 25"
[1] "training"
[1] "training complete"
[1] "elapsed time: 4480.324"
[1] "computing out-of-bag predictions"
[1] "out-of-bag predictions complete"
[1] "elapsed time: 32.9639999999999"
[1] "computing predictions on test set"
[1] "test set predictions complete"
[1] "elapsed time: 30.3150000000023"
[1] "computing tree strength and correlation"
[1] "strength and correlation complete"
[1] "Evaluating forest 6 of 25"
[1] "training"
[1] "training complete"
[1] "elapsed time: 32.0169999999998"
[1] "computing out-of-bag predictions"
[1] "out-of-bag predictions complete"
[1] "elapsed time: 35.476999999999"
[1] "computing predictions on test set"
[1] "test set predictions complete"
[1] "elapsed time: 32.8199999999997"
[1] "computing tree strength and correlation"
[1] "strength and correlation complete"
[1] "Evaluating forest 7 of 25"
[1] "training"
[1] "training complete"
[1] "elapsed time: 68.5199999999968"
[1] "computing out-of-bag predictions"
[1] "out-of-bag predictions complete"
[1] "elapsed time: 49.0030000000042"
[1] "computing predictions on test set"
[1] "test set predictions complete"
[1] "elapsed time: 46.5590000000011"
[1] "computing tree strength and correlation"
[1] "strength and correlation complete"
[1] "Evaluating forest 8 of 25"
[1] "training"
[1] "training complete"
[1] "elapsed time: 112.358"
[1] "computing out-of-bag predictions"
[1] "out-of-bag predictions complete"
[1] "elapsed time: 47.8280000000013"
[1] "computing predictions on test set"
[1] "test set predictions complete"
[1] "elapsed time: 45.2229999999981"
[1] "computing tree strength and correlation"
[1] "strength and correlation complete"
[1] "Evaluating forest 9 of 25"
[1] "training"
[1] "training complete"
[1] "elapsed time: 216.650000000001"
[1] "computing out-of-bag predictions"
[1] "out-of-bag predictions complete"
[1] "elapsed time: 42.484000000004"
[1] "computing predictions on test set"
[1] "test set predictions complete"
[1] "elapsed time: 39.4749999999985"
[1] "computing tree strength and correlation"
[1] "strength and correlation complete"
[1] "Evaluating forest 10 of 25"
[1] "training"
[1] "training complete"
[1] "elapsed time: 5836.696"
[1] "computing out-of-bag predictions"
[1] "out-of-bag predictions complete"
[1] "elapsed time: 31.4959999999992"
[1] "computing predictions on test set"
[1] "test set predictions complete"
[1] "elapsed time: 28.8139999999985"
[1] "computing tree strength and correlation"
[1] "strength and correlation complete"
[1] "Evaluating forest 11 of 25"
[1] "training"
[1] "training complete"
[1] "elapsed time: 43.038999999997"
[1] "computing out-of-bag predictions"
[1] "out-of-bag predictions complete"
[1] "elapsed time: 49.8690000000061"
[1] "computing predictions on test set"
[1] "test set predictions complete"
[1] "elapsed time: 47.6510000000053"
[1] "computing tree strength and correlation"
[1] "strength and correlation complete"
[1] "Evaluating forest 12 of 25"
[1] "training"
[1] "training complete"
[1] "elapsed time: 72.7940000000017"
[1] "computing out-of-bag predictions"
[1] "out-of-bag predictions complete"
[1] "elapsed time: 54.7959999999948"
[1] "computing predictions on test set"
[1] "test set predictions complete"
[1] "elapsed time: 52.2860000000001"
[1] "computing tree strength and correlation"
[1] "strength and correlation complete"
[1] "Evaluating forest 13 of 25"
[1] "training"
[1] "training complete"
[1] "elapsed time: 118.769"
[1] "computing out-of-bag predictions"
[1] "out-of-bag predictions complete"
[1] "elapsed time: 48.4150000000009"
[1] "computing predictions on test set"
[1] "test set predictions complete"
[1] "elapsed time: 45.9219999999987"
[1] "computing tree strength and correlation"
[1] "strength and correlation complete"
[1] "Evaluating forest 14 of 25"
[1] "training"
[1] "training complete"
[1] "elapsed time: 234.674999999996"
[1] "computing out-of-bag predictions"
[1] "out-of-bag predictions complete"
[1] "elapsed time: 43.5199999999968"
[1] "computing predictions on test set"
[1] "test set predictions complete"
[1] "elapsed time: 40.5149999999994"
[1] "computing tree strength and correlation"
[1] "strength and correlation complete"
[1] "Evaluating forest 15 of 25"
[1] "training"
[1] "training complete"
[1] "elapsed time: 6449.712"
[1] "computing out-of-bag predictions"
[1] "out-of-bag predictions complete"
[1] "elapsed time: 32.8179999999993"
[1] "computing predictions on test set"
[1] "test set predictions complete"
[1] "elapsed time: 30.0559999999969"
[1] "computing tree strength and correlation"
[1] "strength and correlation complete"
[1] "Evaluating forest 16 of 25"
[1] "training"
[1] "training complete"
[1] "elapsed time: 47.5979999999981"
[1] "computing out-of-bag predictions"
[1] "out-of-bag predictions complete"
[1] "elapsed time: 59.5169999999998"
[1] "computing predictions on test set"
[1] "test set predictions complete"
[1] "elapsed time: 55.9400000000023"
[1] "computing tree strength and correlation"
[1] "strength and correlation complete"
[1] "Evaluating forest 17 of 25"
[1] "training"
[1] "training complete"
[1] "elapsed time: 73.9519999999975"
[1] "computing out-of-bag predictions"
[1] "out-of-bag predictions complete"
[1] "elapsed time: 58.0930000000008"
[1] "computing predictions on test set"
[1] "test set predictions complete"
[1] "elapsed time: 55.4369999999981"
[1] "computing tree strength and correlation"
[1] "strength and correlation complete"
[1] "Evaluating forest 18 of 25"
[1] "training"
[1] "training complete"
[1] "elapsed time: 122.283000000003"
[1] "computing out-of-bag predictions"
[1] "out-of-bag predictions complete"
[1] "elapsed time: 48.7669999999998"
[1] "computing predictions on test set"
[1] "test set predictions complete"
[1] "elapsed time: 46.7779999999984"
[1] "computing tree strength and correlation"
[1] "strength and correlation complete"
[1] "Evaluating forest 19 of 25"
[1] "training"
[1] "training complete"
[1] "elapsed time: 246.514999999999"
[1] "computing out-of-bag predictions"
[1] "out-of-bag predictions complete"
[1] "elapsed time: 46.4410000000062"
[1] "computing predictions on test set"
[1] "test set predictions complete"
[1] "elapsed time: 43.8090000000011"
[1] "computing tree strength and correlation"
[1] "strength and correlation complete"
[1] "Evaluating forest 20 of 25"
[1] "training"
[1] "training complete"
[1] "elapsed time: 6832.365"
[1] "computing out-of-bag predictions"
[1] "out-of-bag predictions complete"
[1] "elapsed time: 32.7039999999979"
[1] "computing predictions on test set"
[1] "test set predictions complete"
[1] "elapsed time: 29.6750000000029"
[1] "computing tree strength and correlation"
[1] "strength and correlation complete"
[1] "Evaluating forest 21 of 25"
[1] "training"
[1] "training complete"
[1] "elapsed time: 49.6970000000001"
[1] "computing out-of-bag predictions"
[1] "out-of-bag predictions complete"
[1] "elapsed time: 65.3700000000099"
[1] "computing predictions on test set"
[1] "test set predictions complete"
[1] "elapsed time: 62.4409999999916"
[1] "computing tree strength and correlation"
[1] "strength and correlation complete"
[1] "Evaluating forest 22 of 25"
[1] "training"
[1] "training complete"
[1] "elapsed time: 74.2619999999879"
[1] "computing out-of-bag predictions"
[1] "out-of-bag predictions complete"
[1] "elapsed time: 61.1080000000075"
[1] "computing predictions on test set"
[1] "test set predictions complete"
[1] "elapsed time: 57.9260000000068"
[1] "computing tree strength and correlation"
[1] "strength and correlation complete"
[1] "Evaluating forest 23 of 25"
[1] "training"
[1] "training complete"
[1] "elapsed time: 124.322"
[1] "computing out-of-bag predictions"
[1] "out-of-bag predictions complete"
[1] "elapsed time: 52.0139999999956"
[1] "computing predictions on test set"
[1] "test set predictions complete"
[1] "elapsed time: 49.554999999993"
[1] "computing tree strength and correlation"
[1] "strength and correlation complete"
[1] "Evaluating forest 24 of 25"
[1] "training"
[1] "training complete"
[1] "elapsed time: 252.358000000007"
[1] "computing out-of-bag predictions"
[1] "out-of-bag predictions complete"
[1] "elapsed time: 46.9079999999958"
[1] "computing predictions on test set"
[1] "test set predictions complete"
[1] "elapsed time: 43.8000000000029"
[1] "computing tree strength and correlation"
[1] "strength and correlation complete"
[1] "Evaluating forest 25 of 25"
[1] "training"
[1] "training complete"
[1] "elapsed time: 7825.958"
[1] "computing out-of-bag predictions"
[1] "out-of-bag predictions complete"
[1] "elapsed time: 33.8899999999994"
[1] "computing predictions on test set"
[1] "test set predictions complete"
[1] "elapsed time: 30.6319999999978"
[1] "computing tree strength and correlation"
[1] "strength and correlation complete"
[1] "fold 3"
[1] "Evaluating forest 1 of 25"
[1] "training"
[1] "training complete"
[1] "elapsed time: 11.7889999999898"
[1] "computing out-of-bag predictions"
[1] "out-of-bag predictions complete"
[1] "elapsed time: 13.3680000000022"
[1] "computing predictions on test set"
[1] "test set predictions complete"
[1] "elapsed time: 10.6600000000035"
[1] "computing tree strength and correlation"
[1] "strength and correlation complete"
[1] "Evaluating forest 2 of 25"
[1] "training"
[1] "training complete"
[1] "elapsed time: 45.3610000000044"
[1] "computing out-of-bag predictions"
[1] "out-of-bag predictions complete"
[1] "elapsed time: 37.875"
[1] "computing predictions on test set"
[1] "test set predictions complete"
[1] "elapsed time: 35.5240000000049"
[1] "computing tree strength and correlation"
[1] "strength and correlation complete"
[1] "Evaluating forest 3 of 25"
[1] "training"
[1] "training complete"
[1] "elapsed time: 94.3760000000038"
[1] "computing out-of-bag predictions"
[1] "out-of-bag predictions complete"
[1] "elapsed time: 49.2049999999872"
[1] "computing predictions on test set"
[1] "test set predictions complete"
[1] "elapsed time: 46.7889999999898"
[1] "computing tree strength and correlation"
[1] "strength and correlation complete"
[1] "Evaluating forest 4 of 25"
[1] "training"
[1] "training complete"
[1] "elapsed time: 172.08600000001"
[1] "computing out-of-bag predictions"
[1] "out-of-bag predictions complete"
[1] "elapsed time: 45.6369999999879"
[1] "computing predictions on test set"
[1] "test set predictions complete"
[1] "elapsed time: 43.0820000000094"
[1] "computing tree strength and correlation"
[1] "strength and correlation complete"
[1] "Evaluating forest 5 of 25"
[1] "training"
[1] "training complete"
[1] "elapsed time: 4487.969"
[1] "computing out-of-bag predictions"
[1] "out-of-bag predictions complete"
[1] "elapsed time: 34.0900000000111"
[1] "computing predictions on test set"
[1] "test set predictions complete"
[1] "elapsed time: 31.1199999999953"
[1] "computing tree strength and correlation"
[1] "strength and correlation complete"
[1] "Evaluating forest 6 of 25"
[1] "training"
[1] "training complete"
[1] "elapsed time: 32.4560000000056"
[1] "computing out-of-bag predictions"
[1] "out-of-bag predictions complete"
[1] "elapsed time: 36.0639999999985"
[1] "computing predictions on test set"
[1] "test set predictions complete"
[1] "elapsed time: 33.1469999999972"
[1] "computing tree strength and correlation"
[1] "strength and correlation complete"
[1] "Evaluating forest 7 of 25"
[1] "training"
[1] "training complete"
[1] "elapsed time: 69.1429999999964"
[1] "computing out-of-bag predictions"
[1] "out-of-bag predictions complete"
[1] "elapsed time: 52.169000000009"
[1] "computing predictions on test set"
[1] "test set predictions complete"
[1] "elapsed time: 50.150999999998"
[1] "computing tree strength and correlation"
[1] "strength and correlation complete"
[1] "Evaluating forest 8 of 25"
[1] "training"
[1] "training complete"
[1] "elapsed time: 112.080000000002"
[1] "computing out-of-bag predictions"
[1] "out-of-bag predictions complete"
[1] "elapsed time: 50.2020000000048"
[1] "computing predictions on test set"
[1] "test set predictions complete"
[1] "elapsed time: 47.6490000000049"
[1] "computing tree strength and correlation"
[1] "strength and correlation complete"
[1] "Evaluating forest 9 of 25"
[1] "training"
[1] "training complete"
[1] "elapsed time: 218.021000000008"
[1] "computing out-of-bag predictions"
[1] "out-of-bag predictions complete"
[1] "elapsed time: 44.5950000000012"
[1] "computing predictions on test set"
[1] "test set predictions complete"
[1] "elapsed time: 41.5880000000034"
[1] "computing tree strength and correlation"
[1] "strength and correlation complete"
[1] "Evaluating forest 10 of 25"
[1] "training"
[1] "training complete"
[1] "elapsed time: 5867.914"
[1] "computing out-of-bag predictions"
[1] "out-of-bag predictions complete"
[1] "elapsed time: 31.6989999999932"
[1] "computing predictions on test set"
[1] "test set predictions complete"
[1] "elapsed time: 28.7859999999928"
[1] "computing tree strength and correlation"
[1] "strength and correlation complete"
[1] "Evaluating forest 11 of 25"
[1] "training"
[1] "training complete"
[1] "elapsed time: 42.997000000003"
[1] "computing out-of-bag predictions"
[1] "out-of-bag predictions complete"
[1] "elapsed time: 51.2350000000006"
[1] "computing predictions on test set"
[1] "test set predictions complete"
[1] "elapsed time: 48.8559999999998"
[1] "computing tree strength and correlation"
[1] "strength and correlation complete"
[1] "Evaluating forest 12 of 25"
[1] "training"
[1] "training complete"
[1] "elapsed time: 73.25"
[1] "computing out-of-bag predictions"
[1] "out-of-bag predictions complete"
[1] "elapsed time: 55.9890000000014"
[1] "computing predictions on test set"
[1] "test set predictions complete"
[1] "elapsed time: 53.153999999995"
[1] "computing tree strength and correlation"
[1] "strength and correlation complete"
[1] "Evaluating forest 13 of 25"
[1] "training"
[1] "training complete"
[1] "elapsed time: 118.631999999998"
[1] "computing out-of-bag predictions"
[1] "out-of-bag predictions complete"
[1] "elapsed time: 50.3559999999998"
[1] "computing predictions on test set"
[1] "test set predictions complete"
[1] "elapsed time: 47.3959999999934"
[1] "computing tree strength and correlation"
[1] "strength and correlation complete"
[1] "Evaluating forest 14 of 25"
[1] "training"
[1] "training complete"
[1] "elapsed time: 236.414999999994"
[1] "computing out-of-bag predictions"
[1] "out-of-bag predictions complete"
[1] "elapsed time: 45.4149999999936"
[1] "computing predictions on test set"
[1] "test set predictions complete"
[1] "elapsed time: 42.8589999999967"
[1] "computing tree strength and correlation"
[1] "strength and correlation complete"
[1] "Evaluating forest 15 of 25"
[1] "training"
[1] "training complete"
[1] "elapsed time: 6410.114"
[1] "computing out-of-bag predictions"
[1] "out-of-bag predictions complete"
[1] "elapsed time: 32.0149999999994"
[1] "computing predictions on test set"
[1] "test set predictions complete"
[1] "elapsed time: 30.5449999999983"
[1] "computing tree strength and correlation"
[1] "strength and correlation complete"
[1] "Evaluating forest 16 of 25"
[1] "training"
[1] "training complete"
[1] "elapsed time: 48.0190000000002"
[1] "computing out-of-bag predictions"
[1] "out-of-bag predictions complete"
[1] "elapsed time: 60.1059999999998"
[1] "computing predictions on test set"
[1] "test set predictions complete"
[1] "elapsed time: 57.5900000000111"
[1] "computing tree strength and correlation"
[1] "strength and correlation complete"
[1] "Evaluating forest 17 of 25"
[1] "training"
[1] "training complete"
[1] "elapsed time: 74.6240000000107"
[1] "computing out-of-bag predictions"
[1] "out-of-bag predictions complete"
[1] "elapsed time: 57.8099999999977"
[1] "computing predictions on test set"
[1] "test set predictions complete"
[1] "elapsed time: 55.6809999999969"
[1] "computing tree strength and correlation"
[1] "strength and correlation complete"
[1] "Evaluating forest 18 of 25"
[1] "training"
[1] "training complete"
[1] "elapsed time: 122.380999999994"
[1] "computing out-of-bag predictions"
[1] "out-of-bag predictions complete"
[1] "elapsed time: 50.2489999999962"
[1] "computing predictions on test set"
[1] "test set predictions complete"
[1] "elapsed time: 47.6399999999994"
[1] "computing tree strength and correlation"
[1] "strength and correlation complete"
[1] "Evaluating forest 19 of 25"
[1] "training"
[1] "training complete"
[1] "elapsed time: 246.274000000005"
[1] "computing out-of-bag predictions"
[1] "out-of-bag predictions complete"
[1] "elapsed time: 45.5869999999995"
[1] "computing predictions on test set"
[1] "test set predictions complete"
[1] "elapsed time: 42.8680000000022"
[1] "computing tree strength and correlation"
[1] "strength and correlation complete"
[1] "Evaluating forest 20 of 25"
[1] "training"
[1] "training complete"
[1] "elapsed time: 7261.664"
[1] "computing out-of-bag predictions"
[1] "out-of-bag predictions complete"
[1] "elapsed time: 32.8479999999981"
[1] "computing predictions on test set"
[1] "test set predictions complete"
[1] "elapsed time: 30.849000000002"
[1] "computing tree strength and correlation"
[1] "strength and correlation complete"
[1] "Evaluating forest 21 of 25"
[1] "training"
[1] "training complete"
[1] "elapsed time: 50.2010000000009"
[1] "computing out-of-bag predictions"
[1] "out-of-bag predictions complete"
[1] "elapsed time: 66.4959999999992"
[1] "computing predictions on test set"
[1] "test set predictions complete"
[1] "elapsed time: 64.5249999999942"
[1] "computing tree strength and correlation"
[1] "strength and correlation complete"
[1] "Evaluating forest 22 of 25"
[1] "training"
[1] "training complete"
[1] "elapsed time: 75.1759999999922"
[1] "computing out-of-bag predictions"
[1] "out-of-bag predictions complete"
[1] "elapsed time: 60.669000000009"
[1] "computing predictions on test set"
[1] "test set predictions complete"
[1] "elapsed time: 58.226999999999"
[1] "computing tree strength and correlation"
[1] "strength and correlation complete"
[1] "Evaluating forest 23 of 25"
[1] "training"
[1] "training complete"
[1] "elapsed time: 125.277000000002"
[1] "computing out-of-bag predictions"
[1] "out-of-bag predictions complete"
[1] "elapsed time: 52.9020000000019"
[1] "computing predictions on test set"
[1] "test set predictions complete"
[1] "elapsed time: 50.3420000000042"
[1] "computing tree strength and correlation"
[1] "strength and correlation complete"
[1] "Evaluating forest 24 of 25"
[1] "training"
[1] "training complete"
[1] "elapsed time: 252.505999999994"
[1] "computing out-of-bag predictions"
[1] "out-of-bag predictions complete"
[1] "elapsed time: 48.5250000000087"
[1] "computing predictions on test set"
[1] "test set predictions complete"
[1] "elapsed time: 45.0589999999938"
[1] "computing tree strength and correlation"
[1] "strength and correlation complete"
[1] "Evaluating forest 25 of 25"
[1] "training"
[1] "training complete"
[1] "elapsed time: 7127.92700000001"
[1] "computing out-of-bag predictions"
[1] "out-of-bag predictions complete"
[1] "elapsed time: 33.7090000000026"
[1] "computing predictions on test set"
[1] "test set predictions complete"
[1] "elapsed time: 31.0580000000045"
[1] "computing tree strength and correlation"
[1] "strength and correlation complete"
[1] "fold 4"
[1] "Evaluating forest 1 of 25"
[1] "training"
[1] "training complete"
[1] "elapsed time: 11.3760000000038"
[1] "computing out-of-bag predictions"
[1] "out-of-bag predictions complete"
[1] "elapsed time: 13.1510000000126"
[1] "computing predictions on test set"
[1] "test set predictions complete"
[1] "elapsed time: 10.6109999999899"
[1] "computing tree strength and correlation"
[1] "strength and correlation complete"
[1] "Evaluating forest 2 of 25"
[1] "training"
[1] "training complete"
[1] "elapsed time: 44.9290000000037"
[1] "computing out-of-bag predictions"
[1] "out-of-bag predictions complete"
[1] "elapsed time: 35.3620000000083"
[1] "computing predictions on test set"
[1] "test set predictions complete"
[1] "elapsed time: 31.8130000000092"
[1] "computing tree strength and correlation"
[1] "strength and correlation complete"
[1] "Evaluating forest 3 of 25"
[1] "training"
[1] "training complete"
[1] "elapsed time: 94.1360000000132"
[1] "computing out-of-bag predictions"
[1] "out-of-bag predictions complete"
[1] "elapsed time: 45.002999999997"
[1] "computing predictions on test set"
[1] "test set predictions complete"
[1] "elapsed time: 42.0950000000012"
[1] "computing tree strength and correlation"
[1] "strength and correlation complete"
[1] "Evaluating forest 4 of 25"
[1] "training"
[1] "training complete"
[1] "elapsed time: 174.500999999989"
[1] "computing out-of-bag predictions"
[1] "out-of-bag predictions complete"
[1] "elapsed time: 43.3990000000049"
[1] "computing predictions on test set"
[1] "test set predictions complete"
[1] "elapsed time: 40.7820000000065"
[1] "computing tree strength and correlation"
[1] "strength and correlation complete"
[1] "Evaluating forest 5 of 25"
[1] "training"
[1] "training complete"
[1] "elapsed time: 4486.216"
[1] "computing out-of-bag predictions"
[1] "out-of-bag predictions complete"
[1] "elapsed time: 32.8760000000038"
[1] "computing predictions on test set"
[1] "test set predictions complete"
[1] "elapsed time: 30.169000000009"
[1] "computing tree strength and correlation"
[1] "strength and correlation complete"
[1] "Evaluating forest 6 of 25"
[1] "training"
[1] "training complete"
[1] "elapsed time: 32.0709999999963"
[1] "computing out-of-bag predictions"
[1] "out-of-bag predictions complete"
[1] "elapsed time: 34.5479999999952"
[1] "computing predictions on test set"
[1] "test set predictions complete"
[1] "elapsed time: 31.4919999999984"
[1] "computing tree strength and correlation"
[1] "strength and correlation complete"
[1] "Evaluating forest 7 of 25"
[1] "training"
[1] "training complete"
[1] "elapsed time: 68.8540000000066"
[1] "computing out-of-bag predictions"
[1] "out-of-bag predictions complete"
[1] "elapsed time: 49.554999999993"
[1] "computing predictions on test set"
[1] "test set predictions complete"
[1] "elapsed time: 47.5819999999949"
[1] "computing tree strength and correlation"
[1] "strength and correlation complete"
[1] "Evaluating forest 8 of 25"
[1] "training"
[1] "training complete"
[1] "elapsed time: 113.463999999993"
[1] "computing out-of-bag predictions"
[1] "out-of-bag predictions complete"
[1] "elapsed time: 47.7690000000002"
[1] "computing predictions on test set"
[1] "test set predictions complete"
[1] "elapsed time: 44.8070000000007"
[1] "computing tree strength and correlation"
[1] "strength and correlation complete"
[1] "Evaluating forest 9 of 25"
[1] "training"
[1] "training complete"
[1] "elapsed time: 217.638999999996"
[1] "computing out-of-bag predictions"
[1] "out-of-bag predictions complete"
[1] "elapsed time: 42.3480000000127"
[1] "computing predictions on test set"
[1] "test set predictions complete"
[1] "elapsed time: 40.2030000000086"
[1] "computing tree strength and correlation"
[1] "strength and correlation complete"
[1] "Evaluating forest 10 of 25"
[1] "training"
[1] "training complete"
[1] "elapsed time: 5842.249"
[1] "computing out-of-bag predictions"
[1] "out-of-bag predictions complete"
[1] "elapsed time: 31.4829999999929"
[1] "computing predictions on test set"
[1] "test set predictions complete"
[1] "elapsed time: 28.5580000000045"
[1] "computing tree strength and correlation"
[1] "strength and correlation complete"
[1] "Evaluating forest 11 of 25"
[1] "training"
[1] "training complete"
[1] "elapsed time: 42.9959999999992"
[1] "computing out-of-bag predictions"
[1] "out-of-bag predictions complete"
[1] "elapsed time: 48.3160000000062"
[1] "computing predictions on test set"
[1] "test set predictions complete"
[1] "elapsed time: 45.8429999999935"
[1] "computing tree strength and correlation"
[1] "strength and correlation complete"
[1] "Evaluating forest 12 of 25"
[1] "training"
[1] "training complete"
[1] "elapsed time: 72.9839999999967"
[1] "computing out-of-bag predictions"
[1] "out-of-bag predictions complete"
[1] "elapsed time: 55.0669999999955"
[1] "computing predictions on test set"
[1] "test set predictions complete"
[1] "elapsed time: 51.9630000000034"
[1] "computing tree strength and correlation"
[1] "strength and correlation complete"
[1] "Evaluating forest 13 of 25"
[1] "training"
[1] "training complete"
[1] "elapsed time: 118.195999999996"
[1] "computing out-of-bag predictions"
[1] "out-of-bag predictions complete"
[1] "elapsed time: 48.8690000000061"
[1] "computing predictions on test set"
[1] "test set predictions complete"
[1] "elapsed time: 46.6530000000057"
[1] "computing tree strength and correlation"
[1] "strength and correlation complete"
[1] "Evaluating forest 14 of 25"
[1] "training"
[1] "training complete"
[1] "elapsed time: 236.805000000008"
[1] "computing out-of-bag predictions"
[1] "out-of-bag predictions complete"
[1] "elapsed time: 43.7369999999937"
[1] "computing predictions on test set"
[1] "test set predictions complete"
[1] "elapsed time: 41.0120000000024"
[1] "computing tree strength and correlation"
[1] "strength and correlation complete"
[1] "Evaluating forest 15 of 25"
[1] "training"
[1] "training complete"
[1] "elapsed time: 6474.802"
[1] "computing out-of-bag predictions"
[1] "out-of-bag predictions complete"
[1] "elapsed time: 31.7920000000158"
[1] "computing predictions on test set"
[1] "test set predictions complete"
[1] "elapsed time: 28.8419999999751"
[1] "computing tree strength and correlation"
[1] "strength and correlation complete"
[1] "Evaluating forest 16 of 25"
[1] "training"
[1] "training complete"
[1] "elapsed time: 48.3059999999823"
[1] "computing out-of-bag predictions"
[1] "out-of-bag predictions complete"
[1] "elapsed time: 58.929999999993"
[1] "computing predictions on test set"
[1] "test set predictions complete"
[1] "elapsed time: 55.8520000000135"
[1] "computing tree strength and correlation"
[1] "strength and correlation complete"
[1] "Evaluating forest 17 of 25"
[1] "training"
[1] "training complete"
[1] "elapsed time: 73.7900000000081"
[1] "computing out-of-bag predictions"
[1] "out-of-bag predictions complete"
[1] "elapsed time: 56.8869999999879"
[1] "computing predictions on test set"
[1] "test set predictions complete"
[1] "elapsed time: 55.4630000000179"
[1] "computing tree strength and correlation"
[1] "strength and correlation complete"
[1] "Evaluating forest 18 of 25"
[1] "training"
[1] "training complete"
[1] "elapsed time: 122.795000000013"
[1] "computing out-of-bag predictions"
[1] "out-of-bag predictions complete"
[1] "elapsed time: 49.8980000000156"
[1] "computing predictions on test set"
[1] "test set predictions complete"
[1] "elapsed time: 47.24099999998"
[1] "computing tree strength and correlation"
[1] "strength and correlation complete"
[1] "Evaluating forest 19 of 25"
[1] "training"
[1] "training complete"
[1] "elapsed time: 246.488000000012"
[1] "computing out-of-bag predictions"
[1] "out-of-bag predictions complete"
[1] "elapsed time: 46.4659999999858"
[1] "computing predictions on test set"
[1] "test set predictions complete"
[1] "elapsed time: 43.5840000000026"
[1] "computing tree strength and correlation"
[1] "strength and correlation complete"
[1] "Evaluating forest 20 of 25"
[1] "training"
[1] "training complete"
[1] "elapsed time: 6913.91099999999"
[1] "computing out-of-bag predictions"
[1] "out-of-bag predictions complete"
[1] "elapsed time: 32.5819999999949"
[1] "computing predictions on test set"
[1] "test set predictions complete"
[1] "elapsed time: 31.1199999999953"
[1] "computing tree strength and correlation"
[1] "strength and correlation complete"
[1] "Evaluating forest 21 of 25"
[1] "training"
[1] "training complete"
[1] "elapsed time: 49.9230000000098"
[1] "computing out-of-bag predictions"
[1] "out-of-bag predictions complete"
[1] "elapsed time: 64.8640000000014"
[1] "computing predictions on test set"
[1] "test set predictions complete"
[1] "elapsed time: 63.1399999999849"
[1] "computing tree strength and correlation"
[1] "strength and correlation complete"
[1] "Evaluating forest 22 of 25"
[1] "training"
[1] "training complete"
[1] "elapsed time: 74.5639999999839"
[1] "computing out-of-bag predictions"
[1] "out-of-bag predictions complete"
[1] "elapsed time: 60.0080000000016"
[1] "computing predictions on test set"
[1] "test set predictions complete"
[1] "elapsed time: 58.3379999999888"
[1] "computing tree strength and correlation"
[1] "strength and correlation complete"
[1] "Evaluating forest 23 of 25"
[1] "training"
[1] "training complete"
[1] "elapsed time: 125.332999999984"
[1] "computing out-of-bag predictions"
[1] "out-of-bag predictions complete"
[1] "elapsed time: 52.2609999999986"
[1] "computing predictions on test set"
[1] "test set predictions complete"
[1] "elapsed time: 49.7949999999837"
[1] "computing tree strength and correlation"
[1] "strength and correlation complete"
[1] "Evaluating forest 24 of 25"
[1] "training"
[1] "training complete"
[1] "elapsed time: 254.652000000002"
[1] "computing out-of-bag predictions"
[1] "out-of-bag predictions complete"
[1] "elapsed time: 46.8090000000084"
[1] "computing predictions on test set"
[1] "test set predictions complete"
[1] "elapsed time: 43.4740000000165"
[1] "computing tree strength and correlation"
[1] "strength and correlation complete"
[1] "Evaluating forest 25 of 25"
[1] "training"
[1] "training complete"
[1] "elapsed time: 7964.60499999998"
[1] "computing out-of-bag predictions"
[1] "out-of-bag predictions complete"
[1] "elapsed time: 33.4499999999825"
[1] "computing predictions on test set"
[1] "test set predictions complete"
[1] "elapsed time: 32.3369999999995"
[1] "computing tree strength and correlation"
[1] "strength and correlation complete"
[1] "fold 5"
[1] "Evaluating forest 1 of 25"
[1] "training"
[1] "training complete"
[1] "elapsed time: 11.4960000000137"
[1] "computing out-of-bag predictions"
[1] "out-of-bag predictions complete"
[1] "elapsed time: 13.3759999999893"
[1] "computing predictions on test set"
[1] "test set predictions complete"
[1] "elapsed time: 10.7130000000179"
[1] "computing tree strength and correlation"
[1] "strength and correlation complete"
[1] "Evaluating forest 2 of 25"
[1] "training"
[1] "training complete"
[1] "elapsed time: 45.0049999999756"
[1] "computing out-of-bag predictions"
[1] "out-of-bag predictions complete"
[1] "elapsed time: 38.7380000000121"
[1] "computing predictions on test set"
[1] "test set predictions complete"
[1] "elapsed time: 35.7790000000095"
[1] "computing tree strength and correlation"
[1] "strength and correlation complete"
[1] "Evaluating forest 3 of 25"
[1] "training"
[1] "training complete"
[1] "elapsed time: 94.6760000000068"
[1] "computing out-of-bag predictions"
[1] "out-of-bag predictions complete"
[1] "elapsed time: 50.0380000000005"
[1] "computing predictions on test set"
[1] "test set predictions complete"
[1] "elapsed time: 46.9199999999837"
[1] "computing tree strength and correlation"
[1] "strength and correlation complete"
[1] "Evaluating forest 4 of 25"
[1] "training"
[1] "training complete"
[1] "elapsed time: 173.171999999991"
[1] "computing out-of-bag predictions"
[1] "out-of-bag predictions complete"
[1] "elapsed time: 45.4290000000037"
[1] "computing predictions on test set"
[1] "test set predictions complete"
[1] "elapsed time: 43.0160000000033"
[1] "computing tree strength and correlation"
[1] "strength and correlation complete"
[1] "Evaluating forest 5 of 25"
[1] "training"
[1] "training complete"
[1] "elapsed time: 4496.86900000001"
[1] "computing out-of-bag predictions"
[1] "out-of-bag predictions complete"
[1] "elapsed time: 33.4860000000044"
[1] "computing predictions on test set"
[1] "test set predictions complete"
[1] "elapsed time: 30.3219999999856"
[1] "computing tree strength and correlation"
[1] "strength and correlation complete"
[1] "Evaluating forest 6 of 25"
[1] "training"
[1] "training complete"
[1] "elapsed time: 31.9720000000088"
[1] "computing out-of-bag predictions"
[1] "out-of-bag predictions complete"
[1] "elapsed time: 35.2430000000168"
[1] "computing predictions on test set"
[1] "test set predictions complete"
[1] "elapsed time: 32.5119999999879"
[1] "computing tree strength and correlation"
[1] "strength and correlation complete"
[1] "Evaluating forest 7 of 25"
[1] "training"
[1] "training complete"
[1] "elapsed time: 69.0879999999888"
[1] "computing out-of-bag predictions"
[1] "out-of-bag predictions complete"
[1] "elapsed time: 51.6659999999974"
[1] "computing predictions on test set"
[1] "test set predictions complete"
[1] "elapsed time: 50.2369999999937"
[1] "computing tree strength and correlation"
[1] "strength and correlation complete"
[1] "Evaluating forest 8 of 25"
[1] "training"
[1] "training complete"
[1] "elapsed time: 114.243000000017"
[1] "computing out-of-bag predictions"
[1] "out-of-bag predictions complete"
[1] "elapsed time: 50.1719999999914"
[1] "computing predictions on test set"
[1] "test set predictions complete"
[1] "elapsed time: 47.7619999999879"
[1] "computing tree strength and correlation"
[1] "strength and correlation complete"
[1] "Evaluating forest 9 of 25"
[1] "training"
[1] "training complete"
[1] "elapsed time: 219.41399999999"
[1] "computing out-of-bag predictions"
[1] "out-of-bag predictions complete"
[1] "elapsed time: 45.25"
[1] "computing predictions on test set"
[1] "test set predictions complete"
[1] "elapsed time: 41.765000000014"
[1] "computing tree strength and correlation"
[1] "strength and correlation complete"
[1] "Evaluating forest 10 of 25"
[1] "training"
[1] "training complete"
[1] "elapsed time: 5929.88999999998"
[1] "computing out-of-bag predictions"
[1] "out-of-bag predictions complete"
[1] "elapsed time: 31.9310000000114"
[1] "computing predictions on test set"
[1] "test set predictions complete"
[1] "elapsed time: 29.2209999999905"
[1] "computing tree strength and correlation"
[1] "strength and correlation complete"
[1] "Evaluating forest 11 of 25"
[1] "training"
[1] "training complete"
[1] "elapsed time: 43.2280000000028"
[1] "computing out-of-bag predictions"
[1] "out-of-bag predictions complete"
[1] "elapsed time: 51.4219999999914"
[1] "computing predictions on test set"
[1] "test set predictions complete"
[1] "elapsed time: 48.8319999999949"
[1] "computing tree strength and correlation"
[1] "strength and correlation complete"
[1] "Evaluating forest 12 of 25"
[1] "training"
[1] "training complete"
[1] "elapsed time: 73.2989999999991"
[1] "computing out-of-bag predictions"
[1] "out-of-bag predictions complete"
[1] "elapsed time: 56.1520000000019"
[1] "computing predictions on test set"
[1] "test set predictions complete"
[1] "elapsed time: 53.5289999999804"
[1] "computing tree strength and correlation"
[1] "strength and correlation complete"
[1] "Evaluating forest 13 of 25"
[1] "training"
[1] "training complete"
[1] "elapsed time: 119.290000000008"
[1] "computing out-of-bag predictions"
[1] "out-of-bag predictions complete"
[1] "elapsed time: 50.542999999976"
[1] "computing predictions on test set"
[1] "test set predictions complete"
[1] "elapsed time: 47.9819999999891"
[1] "computing tree strength and correlation"
[1] "strength and correlation complete"
[1] "Evaluating forest 14 of 25"
[1] "training"
[1] "training complete"
[1] "elapsed time: 237.595000000001"
[1] "computing out-of-bag predictions"
[1] "out-of-bag predictions complete"
[1] "elapsed time: 44.2820000000065"
[1] "computing predictions on test set"
[1] "test set predictions complete"
[1] "elapsed time: 41.0340000000142"
[1] "computing tree strength and correlation"
[1] "strength and correlation complete"
[1] "Evaluating forest 15 of 25"
[1] "training"
[1] "training complete"
[1] "elapsed time: 6789.565"
[1] "computing out-of-bag predictions"
[1] "out-of-bag predictions complete"
[1] "elapsed time: 31.9670000000042"
[1] "computing predictions on test set"
[1] "test set predictions complete"
[1] "elapsed time: 30.3699999999953"
[1] "computing tree strength and correlation"
[1] "strength and correlation complete"
[1] "Evaluating forest 16 of 25"
[1] "training"
[1] "training complete"
[1] "elapsed time: 47.8689999999769"
[1] "computing out-of-bag predictions"
[1] "out-of-bag predictions complete"
[1] "elapsed time: 60.3700000000244"
[1] "computing predictions on test set"
[1] "test set predictions complete"
[1] "elapsed time: 58.0650000000023"
[1] "computing tree strength and correlation"
[1] "strength and correlation complete"
[1] "Evaluating forest 17 of 25"
[1] "training"
[1] "training complete"
[1] "elapsed time: 74.1669999999867"
[1] "computing out-of-bag predictions"
[1] "out-of-bag predictions complete"
[1] "elapsed time: 57.7639999999956"
[1] "computing predictions on test set"
[1] "test set predictions complete"
[1] "elapsed time: 55.2259999999951"
[1] "computing tree strength and correlation"
[1] "strength and correlation complete"
[1] "Evaluating forest 18 of 25"
[1] "training"
[1] "training complete"
[1] "elapsed time: 122.290999999997"
[1] "computing out-of-bag predictions"
[1] "out-of-bag predictions complete"
[1] "elapsed time: 51.4189999999944"
[1] "computing predictions on test set"
[1] "test set predictions complete"
[1] "elapsed time: 48.9159999999974"
[1] "computing tree strength and correlation"
[1] "strength and correlation complete"
[1] "Evaluating forest 19 of 25"
[1] "training"
[1] "training complete"
[1] "elapsed time: 245.928999999975"
[1] "computing out-of-bag predictions"
[1] "out-of-bag predictions complete"
[1] "elapsed time: 44.7760000000126"
[1] "computing predictions on test set"
[1] "test set predictions complete"
[1] "elapsed time: 42.4230000000098"
[1] "computing tree strength and correlation"
[1] "strength and correlation complete"
[1] "Evaluating forest 20 of 25"
[1] "training"
[1] "training complete"
[1] "elapsed time: 7285.799"
[1] "computing out-of-bag predictions"
[1] "out-of-bag predictions complete"
[1] "elapsed time: 32.6009999999951"
[1] "computing predictions on test set"
[1] "test set predictions complete"
[1] "elapsed time: 29.2259999999951"
[1] "computing tree strength and correlation"
[1] "strength and correlation complete"
[1] "Evaluating forest 21 of 25"
[1] "training"
[1] "training complete"
[1] "elapsed time: 49.9639999999781"
[1] "computing out-of-bag predictions"
[1] "out-of-bag predictions complete"
[1] "elapsed time: 66.7220000000088"
[1] "computing predictions on test set"
[1] "test set predictions complete"
[1] "elapsed time: 63.820000000007"
[1] "computing tree strength and correlation"
[1] "strength and correlation complete"
[1] "Evaluating forest 22 of 25"
[1] "training"
[1] "training complete"
[1] "elapsed time: 74.9490000000224"
[1] "computing out-of-bag predictions"
[1] "out-of-bag predictions complete"
[1] "elapsed time: 59.4199999999837"
[1] "computing predictions on test set"
[1] "test set predictions complete"
[1] "elapsed time: 57.1589999999851"
[1] "computing tree strength and correlation"
[1] "strength and correlation complete"
[1] "Evaluating forest 23 of 25"
[1] "training"
[1] "training complete"
[1] "elapsed time: 125.714000000007"
[1] "computing out-of-bag predictions"
[1] "out-of-bag predictions complete"
[1] "elapsed time: 53.4159999999974"
[1] "computing predictions on test set"
[1] "test set predictions complete"
[1] "elapsed time: 51.3930000000109"
[1] "computing tree strength and correlation"
[1] "strength and correlation complete"
[1] "Evaluating forest 24 of 25"
[1] "training"
[1] "training complete"
[1] "elapsed time: 254.983999999997"
[1] "computing out-of-bag predictions"
[1] "out-of-bag predictions complete"
[1] "elapsed time: 47.5650000000023"
[1] "computing predictions on test set"
[1] "test set predictions complete"
[1] "elapsed time: 45.4930000000168"
[1] "computing tree strength and correlation"
[1] "strength and correlation complete"
[1] "Evaluating forest 25 of 25"
[1] "training"
[1] "training complete"
[1] "elapsed time: 7161.66200000001"
[1] "computing out-of-bag predictions"
[1] "out-of-bag predictions complete"
[1] "elapsed time: 33.4469999999856"
[1] "computing predictions on test set"
[1] "test set predictions complete"
[1] "elapsed time: 30.7020000000193"
[1] "computing tree strength and correlation"
[1] "strength and correlation complete"
[1] "fold 1"
[1] "Evaluating forest 1 of 20"
[1] "training"
[1] "training complete"
[1] "elapsed time: 31.0450000000128"
[1] "computing out-of-bag predictions"
[1] "out-of-bag predictions complete"
[1] "elapsed time: 31.9279999999853"
[1] "computing predictions on test set"
[1] "test set predictions complete"
[1] "elapsed time: 29.1929999999993"
[1] "computing tree strength and correlation"
[1] "strength and correlation complete"
[1] "Evaluating forest 2 of 20"
[1] "training"
[1] "training complete"
[1] "elapsed time: 77.0469999999914"
[1] "computing out-of-bag predictions"
[1] "out-of-bag predictions complete"
[1] "elapsed time: 49.2759999999835"
[1] "computing predictions on test set"
[1] "test set predictions complete"
[1] "elapsed time: 46.9549999999872"
[1] "computing tree strength and correlation"
[1] "strength and correlation complete"
[1] "Evaluating forest 3 of 20"
[1] "training"
[1] "training complete"
[1] "elapsed time: 136.581999999995"
[1] "computing out-of-bag predictions"
[1] "out-of-bag predictions complete"
[1] "elapsed time: 46.8310000000056"
[1] "computing predictions on test set"
[1] "test set predictions complete"
[1] "elapsed time: 43.8879999999772"
[1] "computing tree strength and correlation"
[1] "strength and correlation complete"
[1] "Evaluating forest 4 of 20"
[1] "training"
[1] "training complete"
[1] "elapsed time: 276.421999999991"
[1] "computing out-of-bag predictions"
[1] "out-of-bag predictions complete"
[1] "elapsed time: 39.710000000021"
[1] "computing predictions on test set"
[1] "test set predictions complete"
[1] "elapsed time: 37.3760000000184"
[1] "computing tree strength and correlation"
[1] "strength and correlation complete"
[1] "Evaluating forest 5 of 20"
[1] "training"
[1] "training complete"
[1] "elapsed time: 7837.00599999999"
[1] "computing out-of-bag predictions"
[1] "out-of-bag predictions complete"
[1] "elapsed time: 29.9459999999963"
[1] "computing predictions on test set"
[1] "test set predictions complete"
[1] "elapsed time: 28.3289999999979"
[1] "computing tree strength and correlation"
[1] "strength and correlation complete"
[1] "Evaluating forest 6 of 20"
[1] "training"
[1] "training complete"
[1] "elapsed time: 42.2079999999842"
[1] "computing out-of-bag predictions"
[1] "out-of-bag predictions complete"
[1] "elapsed time: 49.2330000000075"
[1] "computing predictions on test set"
[1] "test set predictions complete"
[1] "elapsed time: 46.1290000000154"
[1] "computing tree strength and correlation"
[1] "strength and correlation complete"
[1] "Evaluating forest 7 of 20"
[1] "training"
[1] "training complete"
[1] "elapsed time: 78.9550000000163"
[1] "computing out-of-bag predictions"
[1] "out-of-bag predictions complete"
[1] "elapsed time: 51.8910000000033"
[1] "computing predictions on test set"
[1] "test set predictions complete"
[1] "elapsed time: 48.9339999999793"
[1] "computing tree strength and correlation"
[1] "strength and correlation complete"
[1] "Evaluating forest 8 of 20"
[1] "training"
[1] "training complete"
[1] "elapsed time: 134.709000000003"
[1] "computing out-of-bag predictions"
[1] "out-of-bag predictions complete"
[1] "elapsed time: 46.9260000000068"
[1] "computing predictions on test set"
[1] "test set predictions complete"
[1] "elapsed time: 44.4409999999916"
[1] "computing tree strength and correlation"
[1] "strength and correlation complete"
[1] "Evaluating forest 9 of 20"
[1] "training"
[1] "training complete"
[1] "elapsed time: 279.655999999988"
[1] "computing out-of-bag predictions"
[1] "out-of-bag predictions complete"
[1] "elapsed time: 42.5140000000247"
[1] "computing predictions on test set"
[1] "test set predictions complete"
[1] "elapsed time: 39.9949999999953"
[1] "computing tree strength and correlation"
[1] "strength and correlation complete"
[1] "Evaluating forest 10 of 20"
[1] "training"
[1] "training complete"
[1] "elapsed time: 7931.06999999998"
[1] "computing out-of-bag predictions"
[1] "out-of-bag predictions complete"
[1] "elapsed time: 30.1570000000065"
[1] "computing predictions on test set"
[1] "test set predictions complete"
[1] "elapsed time: 27.2429999999877"
[1] "computing tree strength and correlation"
[1] "strength and correlation complete"
[1] "Evaluating forest 11 of 20"
[1] "training"
[1] "training complete"
[1] "elapsed time: 47.2110000000102"
[1] "computing out-of-bag predictions"
[1] "out-of-bag predictions complete"
[1] "elapsed time: 56.4769999999844"
[1] "computing predictions on test set"
[1] "test set predictions complete"
[1] "elapsed time: 53.6810000000114"
[1] "computing tree strength and correlation"
[1] "strength and correlation complete"
[1] "Evaluating forest 12 of 20"
[1] "training"
[1] "training complete"
[1] "elapsed time: 80.00900000002"
[1] "computing out-of-bag predictions"
[1] "out-of-bag predictions complete"
[1] "elapsed time: 54.8189999999886"
[1] "computing predictions on test set"
[1] "test set predictions complete"
[1] "elapsed time: 52.3330000000133"
[1] "computing tree strength and correlation"
[1] "strength and correlation complete"
[1] "Evaluating forest 13 of 20"
[1] "training"
[1] "training complete"
[1] "elapsed time: 139.590999999986"
[1] "computing out-of-bag predictions"
[1] "out-of-bag predictions complete"
[1] "elapsed time: 47.1339999999909"
[1] "computing predictions on test set"
[1] "test set predictions complete"
[1] "elapsed time: 44.5620000000054"
[1] "computing tree strength and correlation"
[1] "strength and correlation complete"
[1] "Evaluating forest 14 of 20"
[1] "training"
[1] "training complete"
[1] "elapsed time: 286.729999999981"
[1] "computing out-of-bag predictions"
[1] "out-of-bag predictions complete"
[1] "elapsed time: 41.7780000000203"
[1] "computing predictions on test set"
[1] "test set predictions complete"
[1] "elapsed time: 38.9820000000182"
[1] "computing tree strength and correlation"
[1] "strength and correlation complete"
[1] "Evaluating forest 15 of 20"
[1] "training"
[1] "training complete"
[1] "elapsed time: 8271.462"
[1] "computing out-of-bag predictions"
[1] "out-of-bag predictions complete"
[1] "elapsed time: 30.8289999999979"
[1] "computing predictions on test set"
[1] "test set predictions complete"
[1] "elapsed time: 29.2419999999984"
[1] "computing tree strength and correlation"
[1] "strength and correlation complete"
[1] "Evaluating forest 16 of 20"
[1] "training"
[1] "training complete"
[1] "elapsed time: 50.252999999997"
[1] "computing out-of-bag predictions"
[1] "out-of-bag predictions complete"
[1] "elapsed time: 61.9309999999823"
[1] "computing predictions on test set"
[1] "test set predictions complete"
[1] "elapsed time: 58.8979999999865"
[1] "computing tree strength and correlation"
[1] "strength and correlation complete"
[1] "Evaluating forest 17 of 20"
[1] "training"
[1] "training complete"
[1] "elapsed time: 81.2580000000016"
[1] "computing out-of-bag predictions"
[1] "out-of-bag predictions complete"
[1] "elapsed time: 56.6079999999783"
[1] "computing predictions on test set"
[1] "test set predictions complete"
[1] "elapsed time: 52.9429999999993"
[1] "computing tree strength and correlation"
[1] "strength and correlation complete"
[1] "Evaluating forest 18 of 20"
[1] "training"
[1] "training complete"
[1] "elapsed time: 141.449000000022"
[1] "computing out-of-bag predictions"
[1] "out-of-bag predictions complete"
[1] "elapsed time: 50.1149999999907"
[1] "computing predictions on test set"
[1] "test set predictions complete"
[1] "elapsed time: 47.8590000000258"
[1] "computing tree strength and correlation"
[1] "strength and correlation complete"
[1] "Evaluating forest 19 of 20"
[1] "training"
[1] "training complete"
[1] "elapsed time: 295.484999999986"
[1] "computing out-of-bag predictions"
[1] "out-of-bag predictions complete"
[1] "elapsed time: 43.4020000000019"
[1] "computing predictions on test set"
[1] "test set predictions complete"
[1] "elapsed time: 40.9709999999905"
[1] "computing tree strength and correlation"
[1] "strength and correlation complete"
[1] "Evaluating forest 20 of 20"
[1] "training"
[1] "training complete"
[1] "elapsed time: 9304.37"
[1] "computing out-of-bag predictions"
[1] "out-of-bag predictions complete"
[1] "elapsed time: 31.112999999983"
[1] "computing predictions on test set"
[1] "test set predictions complete"
[1] "elapsed time: 28.2750000000233"
[1] "computing tree strength and correlation"
[1] "strength and correlation complete"
[1] "fold 2"
[1] "Evaluating forest 1 of 20"
[1] "training"
[1] "training complete"
[1] "elapsed time: 30.8420000000042"
[1] "computing out-of-bag predictions"
[1] "out-of-bag predictions complete"
[1] "elapsed time: 31.8489999999874"
[1] "computing predictions on test set"
[1] "test set predictions complete"
[1] "elapsed time: 29.179999999993"
[1] "computing tree strength and correlation"
[1] "strength and correlation complete"
[1] "Evaluating forest 2 of 20"
[1] "training"
[1] "training complete"
[1] "elapsed time: 76.3349999999919"
[1] "computing out-of-bag predictions"
[1] "out-of-bag predictions complete"
[1] "elapsed time: 48.872000000003"
[1] "computing predictions on test set"
[1] "test set predictions complete"
[1] "elapsed time: 46.7640000000247"
[1] "computing tree strength and correlation"
[1] "strength and correlation complete"
[1] "Evaluating forest 3 of 20"
[1] "training"
[1] "training complete"
[1] "elapsed time: 135.891999999993"
[1] "computing out-of-bag predictions"
[1] "out-of-bag predictions complete"
[1] "elapsed time: 45.801999999996"
[1] "computing predictions on test set"
[1] "test set predictions complete"
[1] "elapsed time: 44.1650000000081"
[1] "computing tree strength and correlation"
[1] "strength and correlation complete"
[1] "Evaluating forest 4 of 20"
[1] "training"
[1] "training complete"
[1] "elapsed time: 274.388999999996"
[1] "computing out-of-bag predictions"
[1] "out-of-bag predictions complete"
[1] "elapsed time: 41.5959999999905"
[1] "computing predictions on test set"
[1] "test set predictions complete"
[1] "elapsed time: 38.6350000000093"
[1] "computing tree strength and correlation"
[1] "strength and correlation complete"
[1] "Evaluating forest 5 of 20"
[1] "training"
[1] "training complete"
[1] "elapsed time: 7862.973"
[1] "computing out-of-bag predictions"
[1] "out-of-bag predictions complete"
[1] "elapsed time: 30.0590000000084"
[1] "computing predictions on test set"
[1] "test set predictions complete"
[1] "elapsed time: 27.3800000000047"
[1] "computing tree strength and correlation"
[1] "strength and correlation complete"
[1] "Evaluating forest 6 of 20"
[1] "training"
[1] "training complete"
[1] "elapsed time: 42.1289999999863"
[1] "computing out-of-bag predictions"
[1] "out-of-bag predictions complete"
[1] "elapsed time: 47.3660000000091"
[1] "computing predictions on test set"
[1] "test set predictions complete"
[1] "elapsed time: 45.8040000000037"
[1] "computing tree strength and correlation"
[1] "strength and correlation complete"
[1] "Evaluating forest 7 of 20"
[1] "training"
[1] "training complete"
[1] "elapsed time: 78.4699999999721"
[1] "computing out-of-bag predictions"
[1] "out-of-bag predictions complete"
[1] "elapsed time: 52.1989999999932"
[1] "computing predictions on test set"
[1] "test set predictions complete"
[1] "elapsed time: 49.7300000000105"
[1] "computing tree strength and correlation"
[1] "strength and correlation complete"
[1] "Evaluating forest 8 of 20"
[1] "training"
[1] "training complete"
[1] "elapsed time: 135.621000000014"
[1] "computing out-of-bag predictions"
[1] "out-of-bag predictions complete"
[1] "elapsed time: 46.1369999999879"
[1] "computing predictions on test set"
[1] "test set predictions complete"
[1] "elapsed time: 43.6669999999867"
[1] "computing tree strength and correlation"
[1] "strength and correlation complete"
[1] "Evaluating forest 9 of 20"
[1] "training"
[1] "training complete"
[1] "elapsed time: 307.533999999985"
[1] "computing out-of-bag predictions"
[1] "out-of-bag predictions complete"
[1] "elapsed time: 41.2720000000263"
[1] "computing predictions on test set"
[1] "test set predictions complete"
[1] "elapsed time: 38.6059999999998"
[1] "computing tree strength and correlation"
[1] "strength and correlation complete"
[1] "Evaluating forest 10 of 20"
[1] "training"
[1] "training complete"
[1] "elapsed time: 7975.50700000001"
[1] "computing out-of-bag predictions"
[1] "out-of-bag predictions complete"
[1] "elapsed time: 30.0909999999858"
[1] "computing predictions on test set"
[1] "test set predictions complete"
[1] "elapsed time: 28.6690000000235"
[1] "computing tree strength and correlation"
[1] "strength and correlation complete"
[1] "Evaluating forest 11 of 20"
[1] "training"
[1] "training complete"
[1] "elapsed time: 46.8949999999895"
[1] "computing out-of-bag predictions"
[1] "out-of-bag predictions complete"
[1] "elapsed time: 57.1359999999986"
[1] "computing predictions on test set"
[1] "test set predictions complete"
[1] "elapsed time: 53.3239999999932"
[1] "computing tree strength and correlation"
[1] "strength and correlation complete"
[1] "Evaluating forest 12 of 20"
[1] "training"
[1] "training complete"
[1] "elapsed time: 79.2229999999981"
[1] "computing out-of-bag predictions"
[1] "out-of-bag predictions complete"
[1] "elapsed time: 54.5740000000224"
[1] "computing predictions on test set"
[1] "test set predictions complete"
[1] "elapsed time: 51.9910000000091"
[1] "computing tree strength and correlation"
[1] "strength and correlation complete"
[1] "Evaluating forest 13 of 20"
[1] "training"
[1] "training complete"
[1] "elapsed time: 136.650999999983"
[1] "computing out-of-bag predictions"
[1] "out-of-bag predictions complete"
[1] "elapsed time: 46.8800000000047"
[1] "computing predictions on test set"
[1] "test set predictions complete"
[1] "elapsed time: 44.9629999999888"
[1] "computing tree strength and correlation"
[1] "strength and correlation complete"
[1] "Evaluating forest 14 of 20"
[1] "training"
[1] "training complete"
[1] "elapsed time: 284.19200000001"
[1] "computing out-of-bag predictions"
[1] "out-of-bag predictions complete"
[1] "elapsed time: 42.1309999999939"
[1] "computing predictions on test set"
[1] "test set predictions complete"
[1] "elapsed time: 39.2719999999972"
[1] "computing tree strength and correlation"
[1] "strength and correlation complete"
[1] "Evaluating forest 15 of 20"
[1] "training"
[1] "training complete"
[1] "elapsed time: 8648.93100000001"
[1] "computing out-of-bag predictions"
[1] "out-of-bag predictions complete"
[1] "elapsed time: 30.609999999986"
[1] "computing predictions on test set"
[1] "test set predictions complete"
[1] "elapsed time: 27.4070000000065"
[1] "computing tree strength and correlation"
[1] "strength and correlation complete"
[1] "Evaluating forest 16 of 20"
[1] "training"
[1] "training complete"
[1] "elapsed time: 50.2740000000049"
[1] "computing out-of-bag predictions"
[1] "out-of-bag predictions complete"
[1] "elapsed time: 62.0550000000221"
[1] "computing predictions on test set"
[1] "test set predictions complete"
[1] "elapsed time: 58.3869999999879"
[1] "computing tree strength and correlation"
[1] "strength and correlation complete"
[1] "Evaluating forest 17 of 20"
[1] "training"
[1] "training complete"
[1] "elapsed time: 80.8280000000086"
[1] "computing out-of-bag predictions"
[1] "out-of-bag predictions complete"
[1] "elapsed time: 55.7050000000163"
[1] "computing predictions on test set"
[1] "test set predictions complete"
[1] "elapsed time: 52.426999999996"
[1] "computing tree strength and correlation"
[1] "strength and correlation complete"
[1] "Evaluating forest 18 of 20"
[1] "training"
[1] "training complete"
[1] "elapsed time: 139.521999999997"
[1] "computing out-of-bag predictions"
[1] "out-of-bag predictions complete"
[1] "elapsed time: 48.1929999999993"
[1] "computing predictions on test set"
[1] "test set predictions complete"
[1] "elapsed time: 44.1900000000023"
[1] "computing tree strength and correlation"
[1] "strength and correlation complete"
[1] "Evaluating forest 19 of 20"
[1] "training"
[1] "training complete"
[1] "elapsed time: 293.58600000001"
[1] "computing out-of-bag predictions"
[1] "out-of-bag predictions complete"
[1] "elapsed time: 43.9820000000182"
[1] "computing predictions on test set"
[1] "test set predictions complete"
[1] "elapsed time: 41.8070000000007"
[1] "computing tree strength and correlation"
[1] "strength and correlation complete"
[1] "Evaluating forest 20 of 20"
[1] "training"
[1] "training complete"
[1] "elapsed time: 8378.70099999997"
[1] "computing out-of-bag predictions"
[1] "out-of-bag predictions complete"
[1] "elapsed time: 31.3580000000075"
[1] "computing predictions on test set"
[1] "test set predictions complete"
[1] "elapsed time: 28.7210000000196"
[1] "computing tree strength and correlation"
[1] "strength and correlation complete"
[1] "fold 3"
[1] "Evaluating forest 1 of 20"
[1] "training"
[1] "training complete"
[1] "elapsed time: 30.7569999999832"
[1] "computing out-of-bag predictions"
[1] "out-of-bag predictions complete"
[1] "elapsed time: 31.875"
[1] "computing predictions on test set"
[1] "test set predictions complete"
[1] "elapsed time: 29.1790000000037"
[1] "computing tree strength and correlation"
[1] "strength and correlation complete"
[1] "Evaluating forest 2 of 20"
[1] "training"
[1] "training complete"
[1] "elapsed time: 76.2939999999944"
[1] "computing out-of-bag predictions"
[1] "out-of-bag predictions complete"
[1] "elapsed time: 49.0270000000019"
[1] "computing predictions on test set"
[1] "test set predictions complete"
[1] "elapsed time: 45.5840000000317"
[1] "computing tree strength and correlation"
[1] "strength and correlation complete"
[1] "Evaluating forest 3 of 20"
[1] "training"
[1] "training complete"
[1] "elapsed time: 136.532000000007"
[1] "computing out-of-bag predictions"
[1] "out-of-bag predictions complete"
[1] "elapsed time: 45.8420000000042"
[1] "computing predictions on test set"
[1] "test set predictions complete"
[1] "elapsed time: 44.1500000000233"
[1] "computing tree strength and correlation"
[1] "strength and correlation complete"
[1] "Evaluating forest 4 of 20"
[1] "training"
[1] "training complete"
[1] "elapsed time: 274.799999999988"
[1] "computing out-of-bag predictions"
[1] "out-of-bag predictions complete"
[1] "elapsed time: 40.7400000000489"
[1] "computing predictions on test set"
[1] "test set predictions complete"
[1] "elapsed time: 38.0960000000196"
[1] "computing tree strength and correlation"
[1] "strength and correlation complete"
[1] "Evaluating forest 5 of 20"
[1] "training"
[1] "training complete"
[1] "elapsed time: 7929.23600000003"
[1] "computing out-of-bag predictions"
[1] "out-of-bag predictions complete"
[1] "elapsed time: 29.6919999999809"
[1] "computing predictions on test set"
[1] "test set predictions complete"
[1] "elapsed time: 26.8709999999846"
[1] "computing tree strength and correlation"
[1] "strength and correlation complete"
[1] "Evaluating forest 6 of 20"
[1] "training"
[1] "training complete"
[1] "elapsed time: 42.0030000000261"
[1] "computing out-of-bag predictions"
[1] "out-of-bag predictions complete"
[1] "elapsed time: 47.429999999993"
[1] "computing predictions on test set"
[1] "test set predictions complete"
[1] "elapsed time: 44.899000000034"
[1] "computing tree strength and correlation"
[1] "strength and correlation complete"
[1] "Evaluating forest 7 of 20"
[1] "training"
[1] "training complete"
[1] "elapsed time: 78.5439999999944"
[1] "computing out-of-bag predictions"
[1] "out-of-bag predictions complete"
[1] "elapsed time: 53.2399999999907"
[1] "computing predictions on test set"
[1] "test set predictions complete"
[1] "elapsed time: 50.63400000002"
[1] "computing tree strength and correlation"
[1] "strength and correlation complete"
[1] "Evaluating forest 8 of 20"
[1] "training"
[1] "training complete"
[1] "elapsed time: 135.704000000027"
[1] "computing out-of-bag predictions"
[1] "out-of-bag predictions complete"
[1] "elapsed time: 47.9629999999888"
[1] "computing predictions on test set"
[1] "test set predictions complete"
[1] "elapsed time: 44.7940000000526"
[1] "computing tree strength and correlation"
[1] "strength and correlation complete"
[1] "Evaluating forest 9 of 20"
[1] "training"
[1] "training complete"
[1] "elapsed time: 280.934999999998"
[1] "computing out-of-bag predictions"
[1] "out-of-bag predictions complete"
[1] "elapsed time: 42.1479999999865"
[1] "computing predictions on test set"
[1] "test set predictions complete"
[1] "elapsed time: 39.7399999999907"
[1] "computing tree strength and correlation"
[1] "strength and correlation complete"
[1] "Evaluating forest 10 of 20"
[1] "training"
[1] "training complete"
[1] "elapsed time: 7925.38099999999"
[1] "computing out-of-bag predictions"
[1] "out-of-bag predictions complete"
[1] "elapsed time: 30.0160000000033"
[1] "computing predictions on test set"
[1] "test set predictions complete"
[1] "elapsed time: 27.2709999999497"
[1] "computing tree strength and correlation"
[1] "strength and correlation complete"
[1] "Evaluating forest 11 of 20"
[1] "training"
[1] "training complete"
[1] "elapsed time: 47.4510000000009"
[1] "computing out-of-bag predictions"
[1] "out-of-bag predictions complete"
[1] "elapsed time: 56.4110000000219"
[1] "computing predictions on test set"
[1] "test set predictions complete"
[1] "elapsed time: 53.8950000000186"
[1] "computing tree strength and correlation"
[1] "strength and correlation complete"
[1] "Evaluating forest 12 of 20"
[1] "training"
[1] "training complete"
[1] "elapsed time: 79.3710000000428"
[1] "computing out-of-bag predictions"
[1] "out-of-bag predictions complete"
[1] "elapsed time: 54.7079999999842"
[1] "computing predictions on test set"
[1] "test set predictions complete"
[1] "elapsed time: 51.9960000000428"
[1] "computing tree strength and correlation"
[1] "strength and correlation complete"
[1] "Evaluating forest 13 of 20"
[1] "training"
[1] "training complete"
[1] "elapsed time: 136.832000000053"
[1] "computing out-of-bag predictions"
[1] "out-of-bag predictions complete"
[1] "elapsed time: 47.4409999999916"
[1] "computing predictions on test set"
[1] "test set predictions complete"
[1] "elapsed time: 45.01800000004"
[1] "computing tree strength and correlation"
[1] "strength and correlation complete"
[1] "Evaluating forest 14 of 20"
[1] "training"
[1] "training complete"
[1] "elapsed time: 284.817000000039"
[1] "computing out-of-bag predictions"
[1] "out-of-bag predictions complete"
[1] "elapsed time: 43.3349999999627"
[1] "computing predictions on test set"
[1] "test set predictions complete"
[1] "elapsed time: 40.7509999999893"
[1] "computing tree strength and correlation"
[1] "strength and correlation complete"
[1] "Evaluating forest 15 of 20"
[1] "training"
[1] "training complete"
[1] "elapsed time: 8123.81299999997"
[1] "computing out-of-bag predictions"
[1] "out-of-bag predictions complete"
[1] "elapsed time: 30.6129999999539"
[1] "computing predictions on test set"
[1] "test set predictions complete"
[1] "elapsed time: 27.6439999999711"
[1] "computing tree strength and correlation"
[1] "strength and correlation complete"
[1] "Evaluating forest 16 of 20"
[1] "training"
[1] "training complete"
[1] "elapsed time: 50.1300000000047"
[1] "computing out-of-bag predictions"
[1] "out-of-bag predictions complete"
[1] "elapsed time: 60.4920000000275"
[1] "computing predictions on test set"
[1] "test set predictions complete"
[1] "elapsed time: 59.1959999999963"
[1] "computing tree strength and correlation"
[1] "strength and correlation complete"
[1] "Evaluating forest 17 of 20"
[1] "training"
[1] "training complete"
[1] "elapsed time: 81.2099999999627"
[1] "computing out-of-bag predictions"
[1] "out-of-bag predictions complete"
[1] "elapsed time: 56.6450000000186"
[1] "computing predictions on test set"
[1] "test set predictions complete"
[1] "elapsed time: 55.0239999999758"
[1] "computing tree strength and correlation"
[1] "strength and correlation complete"
[1] "Evaluating forest 18 of 20"
[1] "training"
[1] "training complete"
[1] "elapsed time: 139.744000000006"
[1] "computing out-of-bag predictions"
[1] "out-of-bag predictions complete"
[1] "elapsed time: 48.6570000000065"
[1] "computing predictions on test set"
[1] "test set predictions complete"
[1] "elapsed time: 46.5210000000079"
[1] "computing tree strength and correlation"
[1] "strength and correlation complete"
[1] "Evaluating forest 19 of 20"
[1] "training"
[1] "training complete"
[1] "elapsed time: 294.907000000007"
[1] "computing out-of-bag predictions"
[1] "out-of-bag predictions complete"
[1] "elapsed time: 43.2609999999986"
[1] "computing predictions on test set"
[1] "test set predictions complete"
[1] "elapsed time: 40.945000000007"
[1] "computing tree strength and correlation"
[1] "strength and correlation complete"
[1] "Evaluating forest 20 of 20"
[1] "training"
[1] "training complete"
[1] "elapsed time: 9059.30900000001"
[1] "computing out-of-bag predictions"
[1] "out-of-bag predictions complete"
[1] "elapsed time: 30.8209999999963"
[1] "computing predictions on test set"
[1] "test set predictions complete"
[1] "elapsed time: 28.3329999999842"
[1] "computing tree strength and correlation"
[1] "strength and correlation complete"
[1] "fold 4"
[1] "Evaluating forest 1 of 20"
[1] "training"
[1] "training complete"
[1] "elapsed time: 30.6969999999856"
[1] "computing out-of-bag predictions"
[1] "out-of-bag predictions complete"
[1] "elapsed time: 31.7660000000033"
[1] "computing predictions on test set"
[1] "test set predictions complete"
[1] "elapsed time: 29.8420000000042"
[1] "computing tree strength and correlation"
[1] "strength and correlation complete"
[1] "Evaluating forest 2 of 20"
[1] "training"
[1] "training complete"
[1] "elapsed time: 76.4650000000256"
[1] "computing out-of-bag predictions"
[1] "out-of-bag predictions complete"
[1] "elapsed time: 49.2550000000047"
[1] "computing predictions on test set"
[1] "test set predictions complete"
[1] "elapsed time: 46.3559999999707"
[1] "computing tree strength and correlation"
[1] "strength and correlation complete"
[1] "Evaluating forest 3 of 20"
[1] "training"
[1] "training complete"
[1] "elapsed time: 136.326000000001"
[1] "computing out-of-bag predictions"
[1] "out-of-bag predictions complete"
[1] "elapsed time: 46.3040000000037"
[1] "computing predictions on test set"
[1] "test set predictions complete"
[1] "elapsed time: 43.6719999999623"
[1] "computing tree strength and correlation"
[1] "strength and correlation complete"
[1] "Evaluating forest 4 of 20"
[1] "training"
[1] "training complete"
[1] "elapsed time: 273.868000000017"
[1] "computing out-of-bag predictions"
[1] "out-of-bag predictions complete"
[1] "elapsed time: 41.4610000000102"
[1] "computing predictions on test set"
[1] "test set predictions complete"
[1] "elapsed time: 38.7999999999884"
[1] "computing tree strength and correlation"
[1] "strength and correlation complete"
[1] "Evaluating forest 5 of 20"
[1] "training"
[1] "training complete"
[1] "elapsed time: 7794.31400000001"
[1] "computing out-of-bag predictions"
[1] "out-of-bag predictions complete"
[1] "elapsed time: 31.2399999999907"
[1] "computing predictions on test set"
[1] "test set predictions complete"
[1] "elapsed time: 27.9310000000405"
[1] "computing tree strength and correlation"
[1] "strength and correlation complete"
[1] "Evaluating forest 6 of 20"
[1] "training"
[1] "training complete"
[1] "elapsed time: 42.1419999999925"
[1] "computing out-of-bag predictions"
[1] "out-of-bag predictions complete"
[1] "elapsed time: 47.5310000000172"
[1] "computing predictions on test set"
[1] "test set predictions complete"
[1] "elapsed time: 45.170999999973"
[1] "computing tree strength and correlation"
[1] "strength and correlation complete"
[1] "Evaluating forest 7 of 20"
[1] "training"
[1] "training complete"
[1] "elapsed time: 79.4099999999744"
[1] "computing out-of-bag predictions"
[1] "out-of-bag predictions complete"
[1] "elapsed time: 52.2189999999828"
[1] "computing predictions on test set"
[1] "test set predictions complete"
[1] "elapsed time: 49.2870000000112"
[1] "computing tree strength and correlation"
[1] "strength and correlation complete"
[1] "Evaluating forest 8 of 20"
[1] "training"
[1] "training complete"
[1] "elapsed time: 134.772999999986"
[1] "computing out-of-bag predictions"
[1] "out-of-bag predictions complete"
[1] "elapsed time: 46.1370000000461"
[1] "computing predictions on test set"
[1] "test set predictions complete"
[1] "elapsed time: 43.6120000000228"
[1] "computing tree strength and correlation"
[1] "strength and correlation complete"
[1] "Evaluating forest 9 of 20"
[1] "training"
[1] "training complete"
[1] "elapsed time: 279.120999999985"
[1] "computing out-of-bag predictions"
[1] "out-of-bag predictions complete"
[1] "elapsed time: 42.0629999999655"
[1] "computing predictions on test set"
[1] "test set predictions complete"
[1] "elapsed time: 39.6070000000182"
[1] "computing tree strength and correlation"
[1] "strength and correlation complete"
[1] "Evaluating forest 10 of 20"
[1] "training"
[1] "training complete"
[1] "elapsed time: 7925.64899999998"
[1] "computing out-of-bag predictions"
[1] "out-of-bag predictions complete"
[1] "elapsed time: 29.9380000000237"
[1] "computing predictions on test set"
[1] "test set predictions complete"
[1] "elapsed time: 27.2960000000312"
[1] "computing tree strength and correlation"
[1] "strength and correlation complete"
[1] "Evaluating forest 11 of 20"
[1] "training"
[1] "training complete"
[1] "elapsed time: 47.3890000000247"
[1] "computing out-of-bag predictions"
[1] "out-of-bag predictions complete"
[1] "elapsed time: 56.2880000000005"
[1] "computing predictions on test set"
[1] "test set predictions complete"
[1] "elapsed time: 53.1670000000158"
[1] "computing tree strength and correlation"
[1] "strength and correlation complete"
[1] "Evaluating forest 12 of 20"
[1] "training"
[1] "training complete"
[1] "elapsed time: 79.4910000000382"
[1] "computing out-of-bag predictions"
[1] "out-of-bag predictions complete"
[1] "elapsed time: 53.0999999999767"
[1] "computing predictions on test set"
[1] "test set predictions complete"
[1] "elapsed time: 51.6150000000489"
[1] "computing tree strength and correlation"
[1] "strength and correlation complete"
[1] "Evaluating forest 13 of 20"
[1] "training"
[1] "training complete"
[1] "elapsed time: 136.699000000022"
[1] "computing out-of-bag predictions"
[1] "out-of-bag predictions complete"
[1] "elapsed time: 47.1760000000359"
[1] "computing predictions on test set"
[1] "test set predictions complete"
[1] "elapsed time: 44.7989999999991"
[1] "computing tree strength and correlation"
[1] "strength and correlation complete"
[1] "Evaluating forest 14 of 20"
[1] "training"
[1] "training complete"
[1] "elapsed time: 285.838999999978"
[1] "computing out-of-bag predictions"
[1] "out-of-bag predictions complete"
[1] "elapsed time: 42.6100000000442"
[1] "computing predictions on test set"
[1] "test set predictions complete"
[1] "elapsed time: 39.6280000000261"
[1] "computing tree strength and correlation"
[1] "strength and correlation complete"
[1] "Evaluating forest 15 of 20"
[1] "training"
[1] "training complete"
[1] "elapsed time: 8525.42099999997"
[1] "computing out-of-bag predictions"
[1] "out-of-bag predictions complete"
[1] "elapsed time: 30.4920000000275"
[1] "computing predictions on test set"
[1] "test set predictions complete"
[1] "elapsed time: 27.5939999999828"
[1] "computing tree strength and correlation"
[1] "strength and correlation complete"
[1] "Evaluating forest 16 of 20"
[1] "training"
[1] "training complete"
[1] "elapsed time: 50.2710000000079"
[1] "computing out-of-bag predictions"
[1] "out-of-bag predictions complete"
[1] "elapsed time: 62.0489999999991"
[1] "computing predictions on test set"
[1] "test set predictions complete"
[1] "elapsed time: 59.7870000000112"
[1] "computing tree strength and correlation"
[1] "strength and correlation complete"
[1] "Evaluating forest 17 of 20"
[1] "training"
[1] "training complete"
[1] "elapsed time: 81.2750000000233"
[1] "computing out-of-bag predictions"
[1] "out-of-bag predictions complete"
[1] "elapsed time: 55.5109999999986"
[1] "computing predictions on test set"
[1] "test set predictions complete"
[1] "elapsed time: 53.4249999999884"
[1] "computing tree strength and correlation"
[1] "strength and correlation complete"
[1] "Evaluating forest 18 of 20"
[1] "training"
[1] "training complete"
[1] "elapsed time: 141.640000000014"
[1] "computing out-of-bag predictions"
[1] "out-of-bag predictions complete"
[1] "elapsed time: 48.0329999999958"
[1] "computing predictions on test set"
[1] "test set predictions complete"
[1] "elapsed time: 45.3549999999814"
[1] "computing tree strength and correlation"
[1] "strength and correlation complete"
[1] "Evaluating forest 19 of 20"
[1] "training"
[1] "training complete"
[1] "elapsed time: 294.407999999996"
[1] "computing out-of-bag predictions"
[1] "out-of-bag predictions complete"
[1] "elapsed time: 44.5599999999977"
[1] "computing predictions on test set"
[1] "test set predictions complete"
[1] "elapsed time: 42.3310000000056"
[1] "computing tree strength and correlation"
[1] "strength and correlation complete"
[1] "Evaluating forest 20 of 20"
[1] "training"
[1] "training complete"
[1] "elapsed time: 8356.30200000003"
[1] "computing out-of-bag predictions"
[1] "out-of-bag predictions complete"
[1] "elapsed time: 31.5040000000154"
[1] "computing predictions on test set"
[1] "test set predictions complete"
[1] "elapsed time: 28.8090000000084"
[1] "computing tree strength and correlation"
[1] "strength and correlation complete"
[1] "fold 5"
[1] "Evaluating forest 1 of 20"
[1] "training"
[1] "training complete"
[1] "elapsed time: 31.320000000007"
[1] "computing out-of-bag predictions"
[1] "out-of-bag predictions complete"
[1] "elapsed time: 31.8690000000061"
[1] "computing predictions on test set"
[1] "test set predictions complete"
[1] "elapsed time: 29.2459999999846"
[1] "computing tree strength and correlation"
[1] "strength and correlation complete"
[1] "Evaluating forest 2 of 20"
[1] "training"
[1] "training complete"
[1] "elapsed time: 76.484999999986"
[1] "computing out-of-bag predictions"
[1] "out-of-bag predictions complete"
[1] "elapsed time: 48.5779999999795"
[1] "computing predictions on test set"
[1] "test set predictions complete"
[1] "elapsed time: 45.9870000000228"
[1] "computing tree strength and correlation"
[1] "strength and correlation complete"
[1] "Evaluating forest 3 of 20"
[1] "training"
[1] "training complete"
[1] "elapsed time: 136.06799999997"
[1] "computing out-of-bag predictions"
[1] "out-of-bag predictions complete"
[1] "elapsed time: 46.3270000000484"
[1] "computing predictions on test set"
[1] "test set predictions complete"
[1] "elapsed time: 43.6379999999772"
[1] "computing tree strength and correlation"
[1] "strength and correlation complete"
[1] "Evaluating forest 4 of 20"
[1] "training"
[1] "training complete"
[1] "elapsed time: 277.391000000003"
[1] "computing out-of-bag predictions"
[1] "out-of-bag predictions complete"
[1] "elapsed time: 41.4440000000177"
[1] "computing predictions on test set"
[1] "test set predictions complete"
[1] "elapsed time: 39.1909999999916"
[1] "computing tree strength and correlation"
[1] "strength and correlation complete"
[1] "Evaluating forest 5 of 20"
[1] "training"
slurmstepd: error: *** JOB 23591499 ON compute0227 CANCELLED AT 2018-02-11T20:27:14 DUE TO TIME LIMIT ***
