My SLURM_ARRAY_TASK_ID:  44
AUC 0.3.0
Type AUCNews() to see the change log and ?AUC to get an overview.
dummies-1.5.6 provided by Decision Patterns

[1] "fold 1"
[1] "Evaluating forest 1 of 4"
[1] "training"
[1] "training complete"
[1] "elapsed time: 0.078"
[1] "computing out-of-bag predictions"
[1] "out-of-bag predictions complete"
[1] "elapsed time: 0.624"
[1] "computing predictions on test set"
[1] "test set predictions complete"
[1] "elapsed time: 0.565"
[1] "computing tree strength and correlation"
[1] "strength and correlation complete"
[1] "elapsed time: 0.763"
[1] "Evaluating forest 2 of 4"
[1] "training"
[1] "training complete"
[1] "elapsed time: 0.081"
[1] "computing out-of-bag predictions"
[1] "out-of-bag predictions complete"
[1] "elapsed time: 0.583"
[1] "computing predictions on test set"
[1] "test set predictions complete"
[1] "elapsed time: 0.563"
[1] "computing tree strength and correlation"
[1] "strength and correlation complete"
[1] "elapsed time: 0.797000000000001"
[1] "Evaluating forest 3 of 4"
[1] "training"
[1] "training complete"
[1] "elapsed time: 0.0829999999999993"
[1] "computing out-of-bag predictions"
[1] "out-of-bag predictions complete"
[1] "elapsed time: 0.577"
[1] "computing predictions on test set"
[1] "test set predictions complete"
[1] "elapsed time: 0.566"
[1] "computing tree strength and correlation"
[1] "strength and correlation complete"
[1] "elapsed time: 0.749000000000001"
[1] "Evaluating forest 4 of 4"
[1] "training"
[1] "training complete"
[1] "elapsed time: 0.0979999999999999"
[1] "computing out-of-bag predictions"
[1] "out-of-bag predictions complete"
[1] "elapsed time: 0.579"
[1] "computing predictions on test set"
[1] "test set predictions complete"
[1] "elapsed time: 0.588"
[1] "computing tree strength and correlation"
[1] "strength and correlation complete"
[1] "elapsed time: 0.773000000000001"
[1] "fold 2"
[1] "Evaluating forest 1 of 4"
[1] "training"
[1] "training complete"
[1] "elapsed time: 0.0909999999999993"
[1] "computing out-of-bag predictions"
[1] "out-of-bag predictions complete"
[1] "elapsed time: 0.581"
[1] "computing predictions on test set"
[1] "test set predictions complete"
[1] "elapsed time: 0.57"
[1] "computing tree strength and correlation"
[1] "strength and correlation complete"
[1] "elapsed time: 0.759"
[1] "Evaluating forest 2 of 4"
[1] "training"
[1] "training complete"
[1] "elapsed time: 0.0839999999999996"
[1] "computing out-of-bag predictions"
[1] "out-of-bag predictions complete"
[1] "elapsed time: 0.590999999999999"
[1] "computing predictions on test set"
[1] "test set predictions complete"
[1] "elapsed time: 0.587"
[1] "computing tree strength and correlation"
[1] "strength and correlation complete"
[1] "elapsed time: 0.800000000000001"
[1] "Evaluating forest 3 of 4"
[1] "training"
[1] "training complete"
[1] "elapsed time: 0.0839999999999996"
[1] "computing out-of-bag predictions"
[1] "out-of-bag predictions complete"
[1] "elapsed time: 0.586"
[1] "computing predictions on test set"
[1] "test set predictions complete"
[1] "elapsed time: 0.565"
[1] "computing tree strength and correlation"
[1] "strength and correlation complete"
[1] "elapsed time: 0.786999999999999"
[1] "Evaluating forest 4 of 4"
[1] "training"
[1] "training complete"
[1] "elapsed time: 0.0920000000000005"
[1] "computing out-of-bag predictions"
[1] "out-of-bag predictions complete"
[1] "elapsed time: 0.585000000000001"
[1] "computing predictions on test set"
[1] "test set predictions complete"
[1] "elapsed time: 0.612"
[1] "computing tree strength and correlation"
[1] "strength and correlation complete"
[1] "elapsed time: 0.765999999999998"
[1] "fold 3"
[1] "Evaluating forest 1 of 4"
[1] "training"
[1] "training complete"
[1] "elapsed time: 0.0899999999999999"
[1] "computing out-of-bag predictions"
[1] "out-of-bag predictions complete"
[1] "elapsed time: 0.582999999999998"
[1] "computing predictions on test set"
[1] "test set predictions complete"
[1] "elapsed time: 0.565999999999999"
[1] "computing tree strength and correlation"
[1] "strength and correlation complete"
[1] "elapsed time: 0.759"
[1] "Evaluating forest 2 of 4"
[1] "training"
[1] "training complete"
[1] "elapsed time: 0.0919999999999987"
[1] "computing out-of-bag predictions"
[1] "out-of-bag predictions complete"
[1] "elapsed time: 0.593"
[1] "computing predictions on test set"
[1] "test set predictions complete"
[1] "elapsed time: 0.575999999999997"
[1] "computing tree strength and correlation"
[1] "strength and correlation complete"
[1] "elapsed time: 0.775000000000002"
[1] "Evaluating forest 3 of 4"
[1] "training"
[1] "training complete"
[1] "elapsed time: 0.0909999999999975"
[1] "computing out-of-bag predictions"
[1] "out-of-bag predictions complete"
[1] "elapsed time: 0.588000000000001"
[1] "computing predictions on test set"
[1] "test set predictions complete"
[1] "elapsed time: 0.565000000000001"
[1] "computing tree strength and correlation"
[1] "strength and correlation complete"
[1] "elapsed time: 0.752000000000002"
[1] "Evaluating forest 4 of 4"
[1] "training"
[1] "training complete"
[1] "elapsed time: 0.097999999999999"
[1] "computing out-of-bag predictions"
[1] "out-of-bag predictions complete"
[1] "elapsed time: 0.593999999999998"
[1] "computing predictions on test set"
[1] "test set predictions complete"
[1] "elapsed time: 0.582000000000001"
[1] "computing tree strength and correlation"
[1] "strength and correlation complete"
[1] "elapsed time: 0.756"
[1] "fold 4"
[1] "Evaluating forest 1 of 4"
[1] "training"
[1] "training complete"
[1] "elapsed time: 0.0919999999999987"
[1] "computing out-of-bag predictions"
[1] "out-of-bag predictions complete"
[1] "elapsed time: 0.593"
[1] "computing predictions on test set"
[1] "test set predictions complete"
[1] "elapsed time: 0.57"
[1] "computing tree strength and correlation"
[1] "strength and correlation complete"
[1] "elapsed time: 0.757000000000001"
[1] "Evaluating forest 2 of 4"
[1] "training"
[1] "training complete"
[1] "elapsed time: 0.093"
[1] "computing out-of-bag predictions"
[1] "out-of-bag predictions complete"
[1] "elapsed time: 0.593"
[1] "computing predictions on test set"
[1] "test set predictions complete"
[1] "elapsed time: 0.573"
[1] "computing tree strength and correlation"
[1] "strength and correlation complete"
[1] "elapsed time: 0.777999999999999"
[1] "Evaluating forest 3 of 4"
[1] "training"
[1] "training complete"
[1] "elapsed time: 0.0950000000000024"
[1] "computing out-of-bag predictions"
[1] "out-of-bag predictions complete"
[1] "elapsed time: 0.581999999999997"
[1] "computing predictions on test set"
[1] "test set predictions complete"
[1] "elapsed time: 0.565999999999999"
[1] "computing tree strength and correlation"
[1] "strength and correlation complete"
[1] "elapsed time: 0.768999999999998"
[1] "Evaluating forest 4 of 4"
[1] "training"
[1] "training complete"
[1] "elapsed time: 0.0970000000000013"
[1] "computing out-of-bag predictions"
[1] "out-of-bag predictions complete"
[1] "elapsed time: 0.593999999999998"
[1] "computing predictions on test set"
[1] "test set predictions complete"
[1] "elapsed time: 0.596000000000004"
[1] "computing tree strength and correlation"
[1] "strength and correlation complete"
[1] "elapsed time: 0.792999999999999"
[1] "fold 5"
[1] "Evaluating forest 1 of 4"
[1] "training"
[1] "training complete"
[1] "elapsed time: 0.088000000000001"
[1] "computing out-of-bag predictions"
[1] "out-of-bag predictions complete"
[1] "elapsed time: 0.592999999999996"
[1] "computing predictions on test set"
[1] "test set predictions complete"
[1] "elapsed time: 0.575000000000003"
[1] "computing tree strength and correlation"
[1] "strength and correlation complete"
[1] "elapsed time: 0.781999999999996"
[1] "Evaluating forest 2 of 4"
[1] "training"
[1] "training complete"
[1] "elapsed time: 0.0860000000000056"
[1] "computing out-of-bag predictions"
[1] "out-of-bag predictions complete"
[1] "elapsed time: 0.596999999999994"
[1] "computing predictions on test set"
[1] "test set predictions complete"
[1] "elapsed time: 0.571999999999996"
[1] "computing tree strength and correlation"
[1] "strength and correlation complete"
[1] "elapsed time: 0.798000000000002"
[1] "Evaluating forest 3 of 4"
[1] "training"
[1] "training complete"
[1] "elapsed time: 0.0820000000000007"
[1] "computing out-of-bag predictions"
[1] "out-of-bag predictions complete"
[1] "elapsed time: 0.585999999999999"
[1] "computing predictions on test set"
[1] "test set predictions complete"
[1] "elapsed time: 0.562000000000005"
[1] "computing tree strength and correlation"
[1] "strength and correlation complete"
[1] "elapsed time: 0.756999999999998"
[1] "Evaluating forest 4 of 4"
[1] "training"
[1] "training complete"
[1] "elapsed time: 0.0930000000000035"
[1] "computing out-of-bag predictions"
[1] "out-of-bag predictions complete"
[1] "elapsed time: 0.582999999999998"
[1] "computing predictions on test set"
[1] "test set predictions complete"
[1] "elapsed time: 0.567"
[1] "computing tree strength and correlation"
[1] "strength and correlation complete"
[1] "elapsed time: 0.759999999999998"
[1] "fold 1"
[1] "Evaluating forest 1 of 15"
[1] "training"
[1] "training complete"
[1] "elapsed time: 0.106000000000002"
[1] "computing out-of-bag predictions"
[1] "out-of-bag predictions complete"
[1] "elapsed time: 0.578000000000003"
[1] "computing predictions on test set"
[1] "test set predictions complete"
[1] "elapsed time: 0.566000000000003"
[1] "computing tree strength and correlation"
[1] "strength and correlation complete"
[1] "Evaluating forest 2 of 15"
[1] "training"
[1] "training complete"
[1] "elapsed time: 0.107999999999997"
[1] "computing out-of-bag predictions"
[1] "out-of-bag predictions complete"
[1] "elapsed time: 0.604999999999997"
[1] "computing predictions on test set"
[1] "test set predictions complete"
[1] "elapsed time: 0.591000000000001"
[1] "computing tree strength and correlation"
[1] "strength and correlation complete"
[1] "Evaluating forest 3 of 15"
[1] "training"
[1] "training complete"
[1] "elapsed time: 0.114000000000004"
[1] "computing out-of-bag predictions"
[1] "out-of-bag predictions complete"
[1] "elapsed time: 0.582999999999998"
[1] "computing predictions on test set"
[1] "test set predictions complete"
[1] "elapsed time: 0.567"
[1] "computing tree strength and correlation"
[1] "strength and correlation complete"
[1] "Evaluating forest 4 of 15"
[1] "training"
[1] "training complete"
[1] "elapsed time: 0.115000000000002"
[1] "computing out-of-bag predictions"
[1] "out-of-bag predictions complete"
[1] "elapsed time: 0.586999999999996"
[1] "computing predictions on test set"
[1] "test set predictions complete"
[1] "elapsed time: 0.571000000000005"
[1] "computing tree strength and correlation"
[1] "strength and correlation complete"
[1] "Evaluating forest 5 of 15"
[1] "training"
[1] "training complete"
[1] "elapsed time: 0.152000000000001"
[1] "computing out-of-bag predictions"
[1] "out-of-bag predictions complete"
[1] "elapsed time: 0.588000000000001"
[1] "computing predictions on test set"
[1] "test set predictions complete"
[1] "elapsed time: 0.567999999999998"
[1] "computing tree strength and correlation"
[1] "strength and correlation complete"
[1] "Evaluating forest 6 of 15"
[1] "training"
[1] "training complete"
[1] "elapsed time: 0.120000000000005"
[1] "computing out-of-bag predictions"
[1] "out-of-bag predictions complete"
[1] "elapsed time: 0.600999999999999"
[1] "computing predictions on test set"
[1] "test set predictions complete"
[1] "elapsed time: 0.588000000000001"
[1] "computing tree strength and correlation"
[1] "strength and correlation complete"
[1] "Evaluating forest 7 of 15"
[1] "training"
[1] "training complete"
[1] "elapsed time: 0.113"
[1] "computing out-of-bag predictions"
[1] "out-of-bag predictions complete"
[1] "elapsed time: 0.588999999999999"
[1] "computing predictions on test set"
[1] "test set predictions complete"
[1] "elapsed time: 0.572000000000003"
[1] "computing tree strength and correlation"
[1] "strength and correlation complete"
[1] "Evaluating forest 8 of 15"
[1] "training"
[1] "training complete"
[1] "elapsed time: 0.120999999999995"
[1] "computing out-of-bag predictions"
[1] "out-of-bag predictions complete"
[1] "elapsed time: 0.593000000000004"
[1] "computing predictions on test set"
[1] "test set predictions complete"
[1] "elapsed time: 0.576999999999998"
[1] "computing tree strength and correlation"
[1] "strength and correlation complete"
[1] "Evaluating forest 9 of 15"
[1] "training"
[1] "training complete"
[1] "elapsed time: 0.124000000000002"
[1] "computing out-of-bag predictions"
[1] "out-of-bag predictions complete"
[1] "elapsed time: 0.585000000000001"
[1] "computing predictions on test set"
[1] "test set predictions complete"
[1] "elapsed time: 0.569000000000003"
[1] "computing tree strength and correlation"
[1] "strength and correlation complete"
[1] "Evaluating forest 10 of 15"
[1] "training"
[1] "training complete"
[1] "elapsed time: 0.169999999999995"
[1] "computing out-of-bag predictions"
[1] "out-of-bag predictions complete"
[1] "elapsed time: 0.596000000000004"
[1] "computing predictions on test set"
[1] "test set predictions complete"
[1] "elapsed time: 0.573999999999998"
[1] "computing tree strength and correlation"
[1] "strength and correlation complete"
[1] "Evaluating forest 11 of 15"
[1] "training"
[1] "training complete"
[1] "elapsed time: 0.122"
[1] "computing out-of-bag predictions"
[1] "out-of-bag predictions complete"
[1] "elapsed time: 0.600000000000001"
[1] "computing predictions on test set"
[1] "test set predictions complete"
[1] "elapsed time: 0.588000000000001"
[1] "computing tree strength and correlation"
[1] "strength and correlation complete"
[1] "Evaluating forest 12 of 15"
[1] "training"
[1] "training complete"
[1] "elapsed time: 0.119"
[1] "computing out-of-bag predictions"
[1] "out-of-bag predictions complete"
[1] "elapsed time: 0.603999999999999"
[1] "computing predictions on test set"
[1] "test set predictions complete"
[1] "elapsed time: 0.591999999999999"
[1] "computing tree strength and correlation"
[1] "strength and correlation complete"
[1] "Evaluating forest 13 of 15"
[1] "training"
[1] "training complete"
[1] "elapsed time: 0.123000000000005"
[1] "computing out-of-bag predictions"
[1] "out-of-bag predictions complete"
[1] "elapsed time: 0.588999999999999"
[1] "computing predictions on test set"
[1] "test set predictions complete"
[1] "elapsed time: 0.570999999999998"
[1] "computing tree strength and correlation"
[1] "strength and correlation complete"
[1] "Evaluating forest 14 of 15"
[1] "training"
[1] "training complete"
[1] "elapsed time: 0.177999999999997"
[1] "computing out-of-bag predictions"
[1] "out-of-bag predictions complete"
[1] "elapsed time: 0.600999999999999"
[1] "computing predictions on test set"
[1] "test set predictions complete"
[1] "elapsed time: 0.575999999999993"
[1] "computing tree strength and correlation"
[1] "strength and correlation complete"
[1] "Evaluating forest 15 of 15"
[1] "training"
[1] "training complete"
[1] "elapsed time: 0.182000000000002"
[1] "computing out-of-bag predictions"
[1] "out-of-bag predictions complete"
[1] "elapsed time: 0.580999999999989"
[1] "computing predictions on test set"
[1] "test set predictions complete"
[1] "elapsed time: 0.570999999999998"
[1] "computing tree strength and correlation"
[1] "strength and correlation complete"
[1] "fold 2"
[1] "Evaluating forest 1 of 15"
[1] "training"
[1] "training complete"
[1] "elapsed time: 0.105999999999995"
[1] "computing out-of-bag predictions"
[1] "out-of-bag predictions complete"
[1] "elapsed time: 0.578000000000003"
[1] "computing predictions on test set"
[1] "test set predictions complete"
[1] "elapsed time: 0.564000000000007"
[1] "computing tree strength and correlation"
[1] "strength and correlation complete"
[1] "Evaluating forest 2 of 15"
[1] "training"
[1] "training complete"
[1] "elapsed time: 0.105000000000004"
[1] "computing out-of-bag predictions"
[1] "out-of-bag predictions complete"
[1] "elapsed time: 0.597999999999999"
[1] "computing predictions on test set"
[1] "test set predictions complete"
[1] "elapsed time: 0.576999999999998"
[1] "computing tree strength and correlation"
[1] "strength and correlation complete"
[1] "Evaluating forest 3 of 15"
[1] "training"
[1] "training complete"
[1] "elapsed time: 0.0999999999999943"
[1] "computing out-of-bag predictions"
[1] "out-of-bag predictions complete"
[1] "elapsed time: 0.587000000000003"
[1] "computing predictions on test set"
[1] "test set predictions complete"
[1] "elapsed time: 0.562000000000012"
[1] "computing tree strength and correlation"
[1] "strength and correlation complete"
[1] "Evaluating forest 4 of 15"
[1] "training"
[1] "training complete"
[1] "elapsed time: 0.100000000000009"
[1] "computing out-of-bag predictions"
[1] "out-of-bag predictions complete"
[1] "elapsed time: 0.588999999999999"
[1] "computing predictions on test set"
[1] "test set predictions complete"
[1] "elapsed time: 0.576000000000008"
[1] "computing tree strength and correlation"
[1] "strength and correlation complete"
[1] "Evaluating forest 5 of 15"
[1] "training"
[1] "training complete"
[1] "elapsed time: 0.135999999999996"
[1] "computing out-of-bag predictions"
[1] "out-of-bag predictions complete"
[1] "elapsed time: 0.579999999999998"
[1] "computing predictions on test set"
[1] "test set predictions complete"
[1] "elapsed time: 0.605999999999995"
[1] "computing tree strength and correlation"
[1] "strength and correlation complete"
[1] "Evaluating forest 6 of 15"
[1] "training"
[1] "training complete"
[1] "elapsed time: 0.120999999999995"
[1] "computing out-of-bag predictions"
[1] "out-of-bag predictions complete"
[1] "elapsed time: 0.594999999999999"
[1] "computing predictions on test set"
[1] "test set predictions complete"
[1] "elapsed time: 0.581000000000003"
[1] "computing tree strength and correlation"
[1] "strength and correlation complete"
[1] "Evaluating forest 7 of 15"
[1] "training"
[1] "training complete"
[1] "elapsed time: 0.106999999999999"
[1] "computing out-of-bag predictions"
[1] "out-of-bag predictions complete"
[1] "elapsed time: 0.596000000000004"
[1] "computing predictions on test set"
[1] "test set predictions complete"
[1] "elapsed time: 0.576999999999998"
[1] "computing tree strength and correlation"
[1] "strength and correlation complete"
[1] "Evaluating forest 8 of 15"
[1] "training"
[1] "training complete"
[1] "elapsed time: 0.106999999999999"
[1] "computing out-of-bag predictions"
[1] "out-of-bag predictions complete"
[1] "elapsed time: 0.596000000000004"
[1] "computing predictions on test set"
[1] "test set predictions complete"
[1] "elapsed time: 0.578000000000003"
[1] "computing tree strength and correlation"
[1] "strength and correlation complete"
[1] "Evaluating forest 9 of 15"
[1] "training"
[1] "training complete"
[1] "elapsed time: 0.108000000000004"
[1] "computing out-of-bag predictions"
[1] "out-of-bag predictions complete"
[1] "elapsed time: 0.593999999999994"
[1] "computing predictions on test set"
[1] "test set predictions complete"
[1] "elapsed time: 0.573000000000008"
[1] "computing tree strength and correlation"
[1] "strength and correlation complete"
[1] "Evaluating forest 10 of 15"
[1] "training"
[1] "training complete"
[1] "elapsed time: 0.145999999999987"
[1] "computing out-of-bag predictions"
[1] "out-of-bag predictions complete"
[1] "elapsed time: 0.587000000000003"
[1] "computing predictions on test set"
[1] "test set predictions complete"
[1] "elapsed time: 0.569999999999993"
[1] "computing tree strength and correlation"
[1] "strength and correlation complete"
[1] "Evaluating forest 11 of 15"
[1] "training"
[1] "training complete"
[1] "elapsed time: 0.117999999999995"
[1] "computing out-of-bag predictions"
[1] "out-of-bag predictions complete"
[1] "elapsed time: 0.603999999999999"
[1] "computing predictions on test set"
[1] "test set predictions complete"
[1] "elapsed time: 0.596999999999994"
[1] "computing tree strength and correlation"
[1] "strength and correlation complete"
[1] "Evaluating forest 12 of 15"
[1] "training"
[1] "training complete"
[1] "elapsed time: 0.117999999999995"
[1] "computing out-of-bag predictions"
[1] "out-of-bag predictions complete"
[1] "elapsed time: 0.590999999999994"
[1] "computing predictions on test set"
[1] "test set predictions complete"
[1] "elapsed time: 0.591999999999999"
[1] "computing tree strength and correlation"
[1] "strength and correlation complete"
[1] "Evaluating forest 13 of 15"
[1] "training"
[1] "training complete"
[1] "elapsed time: 0.121000000000009"
[1] "computing out-of-bag predictions"
[1] "out-of-bag predictions complete"
[1] "elapsed time: 0.591000000000008"
[1] "computing predictions on test set"
[1] "test set predictions complete"
[1] "elapsed time: 0.579000000000008"
[1] "computing tree strength and correlation"
[1] "strength and correlation complete"
[1] "Evaluating forest 14 of 15"
[1] "training"
[1] "training complete"
[1] "elapsed time: 0.119"
[1] "computing out-of-bag predictions"
[1] "out-of-bag predictions complete"
[1] "elapsed time: 0.605999999999995"
[1] "computing predictions on test set"
[1] "test set predictions complete"
[1] "elapsed time: 0.582999999999998"
[1] "computing tree strength and correlation"
[1] "strength and correlation complete"
[1] "Evaluating forest 15 of 15"
[1] "training"
[1] "training complete"
[1] "elapsed time: 0.162000000000006"
[1] "computing out-of-bag predictions"
[1] "out-of-bag predictions complete"
[1] "elapsed time: 0.587999999999994"
[1] "computing predictions on test set"
[1] "test set predictions complete"
[1] "elapsed time: 0.579999999999998"
[1] "computing tree strength and correlation"
[1] "strength and correlation complete"
[1] "fold 3"
[1] "Evaluating forest 1 of 15"
[1] "training"
[1] "training complete"
[1] "elapsed time: 0.109999999999999"
[1] "computing out-of-bag predictions"
[1] "out-of-bag predictions complete"
[1] "elapsed time: 0.585000000000008"
[1] "computing predictions on test set"
[1] "test set predictions complete"
[1] "elapsed time: 0.570999999999998"
[1] "computing tree strength and correlation"
[1] "strength and correlation complete"
[1] "Evaluating forest 2 of 15"
[1] "training"
[1] "training complete"
[1] "elapsed time: 0.111000000000004"
[1] "computing out-of-bag predictions"
[1] "out-of-bag predictions complete"
[1] "elapsed time: 0.591999999999999"
[1] "computing predictions on test set"
[1] "test set predictions complete"
[1] "elapsed time: 0.584000000000003"
[1] "computing tree strength and correlation"
[1] "strength and correlation complete"
[1] "Evaluating forest 3 of 15"
[1] "training"
[1] "training complete"
[1] "elapsed time: 0.109999999999999"
[1] "computing out-of-bag predictions"
[1] "out-of-bag predictions complete"
[1] "elapsed time: 0.597000000000008"
[1] "computing predictions on test set"
[1] "test set predictions complete"
[1] "elapsed time: 0.570999999999998"
[1] "computing tree strength and correlation"
[1] "strength and correlation complete"
[1] "Evaluating forest 4 of 15"
[1] "training"
[1] "training complete"
[1] "elapsed time: 0.109999999999999"
[1] "computing out-of-bag predictions"
[1] "out-of-bag predictions complete"
[1] "elapsed time: 0.591000000000008"
[1] "computing predictions on test set"
[1] "test set predictions complete"
[1] "elapsed time: 0.585999999999999"
[1] "computing tree strength and correlation"
[1] "strength and correlation complete"
[1] "Evaluating forest 5 of 15"
[1] "training"
[1] "training complete"
[1] "elapsed time: 0.156000000000006"
[1] "computing out-of-bag predictions"
[1] "out-of-bag predictions complete"
[1] "elapsed time: 0.592999999999989"
[1] "computing predictions on test set"
[1] "test set predictions complete"
[1] "elapsed time: 0.573000000000008"
[1] "computing tree strength and correlation"
[1] "strength and correlation complete"
[1] "Evaluating forest 6 of 15"
[1] "training"
[1] "training complete"
[1] "elapsed time: 0.122"
[1] "computing out-of-bag predictions"
[1] "out-of-bag predictions complete"
[1] "elapsed time: 0.60199999999999"
[1] "computing predictions on test set"
[1] "test set predictions complete"
[1] "elapsed time: 0.588999999999999"
[1] "computing tree strength and correlation"
[1] "strength and correlation complete"
[1] "Evaluating forest 7 of 15"
[1] "training"
[1] "training complete"
[1] "elapsed time: 0.112000000000009"
[1] "computing out-of-bag predictions"
[1] "out-of-bag predictions complete"
[1] "elapsed time: 0.585000000000008"
[1] "computing predictions on test set"
[1] "test set predictions complete"
[1] "elapsed time: 0.570999999999998"
[1] "computing tree strength and correlation"
[1] "strength and correlation complete"
[1] "Evaluating forest 8 of 15"
[1] "training"
[1] "training complete"
[1] "elapsed time: 0.117000000000004"
[1] "computing out-of-bag predictions"
[1] "out-of-bag predictions complete"
[1] "elapsed time: 0.590999999999994"
[1] "computing predictions on test set"
[1] "test set predictions complete"
[1] "elapsed time: 0.569000000000003"
[1] "computing tree strength and correlation"
[1] "strength and correlation complete"
[1] "Evaluating forest 9 of 15"
[1] "training"
[1] "training complete"
[1] "elapsed time: 0.122"
[1] "computing out-of-bag predictions"
[1] "out-of-bag predictions complete"
[1] "elapsed time: 0.593999999999994"
[1] "computing predictions on test set"
[1] "test set predictions complete"
[1] "elapsed time: 0.60799999999999"
[1] "computing tree strength and correlation"
[1] "strength and correlation complete"
[1] "Evaluating forest 10 of 15"
[1] "training"
[1] "training complete"
[1] "elapsed time: 0.165999999999997"
[1] "computing out-of-bag predictions"
[1] "out-of-bag predictions complete"
[1] "elapsed time: 0.599000000000004"
[1] "computing predictions on test set"
[1] "test set predictions complete"
[1] "elapsed time: 0.572999999999993"
[1] "computing tree strength and correlation"
[1] "strength and correlation complete"
[1] "Evaluating forest 11 of 15"
[1] "training"
[1] "training complete"
[1] "elapsed time: 0.122"
[1] "computing out-of-bag predictions"
[1] "out-of-bag predictions complete"
[1] "elapsed time: 0.608000000000004"
[1] "computing predictions on test set"
[1] "test set predictions complete"
[1] "elapsed time: 0.594999999999999"
[1] "computing tree strength and correlation"
[1] "strength and correlation complete"
[1] "Evaluating forest 12 of 15"
[1] "training"
[1] "training complete"
[1] "elapsed time: 0.117999999999995"
[1] "computing out-of-bag predictions"
[1] "out-of-bag predictions complete"
[1] "elapsed time: 0.605000000000004"
[1] "computing predictions on test set"
[1] "test set predictions complete"
[1] "elapsed time: 0.594999999999999"
[1] "computing tree strength and correlation"
[1] "strength and correlation complete"
[1] "Evaluating forest 13 of 15"
[1] "training"
[1] "training complete"
[1] "elapsed time: 0.11699999999999"
[1] "computing out-of-bag predictions"
[1] "out-of-bag predictions complete"
[1] "elapsed time: 0.588999999999999"
[1] "computing predictions on test set"
[1] "test set predictions complete"
[1] "elapsed time: 0.574999999999989"
[1] "computing tree strength and correlation"
[1] "strength and correlation complete"
[1] "Evaluating forest 14 of 15"
[1] "training"
[1] "training complete"
[1] "elapsed time: 0.123999999999995"
[1] "computing out-of-bag predictions"
[1] "out-of-bag predictions complete"
[1] "elapsed time: 0.603000000000009"
[1] "computing predictions on test set"
[1] "test set predictions complete"
[1] "elapsed time: 0.581999999999994"
[1] "computing tree strength and correlation"
[1] "strength and correlation complete"
[1] "Evaluating forest 15 of 15"
[1] "training"
[1] "training complete"
[1] "elapsed time: 0.173000000000002"
[1] "computing out-of-bag predictions"
[1] "out-of-bag predictions complete"
[1] "elapsed time: 0.584000000000003"
[1] "computing predictions on test set"
[1] "test set predictions complete"
[1] "elapsed time: 0.566999999999979"
[1] "computing tree strength and correlation"
[1] "strength and correlation complete"
[1] "fold 4"
[1] "Evaluating forest 1 of 15"
[1] "training"
[1] "training complete"
[1] "elapsed time: 0.109000000000009"
[1] "computing out-of-bag predictions"
[1] "out-of-bag predictions complete"
[1] "elapsed time: 0.587999999999994"
[1] "computing predictions on test set"
[1] "test set predictions complete"
[1] "elapsed time: 0.575000000000017"
[1] "computing tree strength and correlation"
[1] "strength and correlation complete"
[1] "Evaluating forest 2 of 15"
[1] "training"
[1] "training complete"
[1] "elapsed time: 0.111000000000018"
[1] "computing out-of-bag predictions"
[1] "out-of-bag predictions complete"
[1] "elapsed time: 0.600000000000023"
[1] "computing predictions on test set"
[1] "test set predictions complete"
[1] "elapsed time: 0.587999999999994"
[1] "computing tree strength and correlation"
[1] "strength and correlation complete"
[1] "Evaluating forest 3 of 15"
[1] "training"
[1] "training complete"
[1] "elapsed time: 0.113"
[1] "computing out-of-bag predictions"
[1] "out-of-bag predictions complete"
[1] "elapsed time: 0.590000000000003"
[1] "computing predictions on test set"
[1] "test set predictions complete"
[1] "elapsed time: 0.574000000000012"
[1] "computing tree strength and correlation"
[1] "strength and correlation complete"
[1] "Evaluating forest 4 of 15"
[1] "training"
[1] "training complete"
[1] "elapsed time: 0.108000000000004"
[1] "computing out-of-bag predictions"
[1] "out-of-bag predictions complete"
[1] "elapsed time: 0.587000000000018"
[1] "computing predictions on test set"
[1] "test set predictions complete"
[1] "elapsed time: 0.602000000000004"
[1] "computing tree strength and correlation"
[1] "strength and correlation complete"
[1] "Evaluating forest 5 of 15"
[1] "training"
[1] "training complete"
[1] "elapsed time: 0.145999999999987"
[1] "computing out-of-bag predictions"
[1] "out-of-bag predictions complete"
[1] "elapsed time: 0.590000000000003"
[1] "computing predictions on test set"
[1] "test set predictions complete"
[1] "elapsed time: 0.564999999999998"
[1] "computing tree strength and correlation"
[1] "strength and correlation complete"
[1] "Evaluating forest 6 of 15"
[1] "training"
[1] "training complete"
[1] "elapsed time: 0.119"
[1] "computing out-of-bag predictions"
[1] "out-of-bag predictions complete"
[1] "elapsed time: 0.606000000000023"
[1] "computing predictions on test set"
[1] "test set predictions complete"
[1] "elapsed time: 0.592999999999989"
[1] "computing tree strength and correlation"
[1] "strength and correlation complete"
[1] "Evaluating forest 7 of 15"
[1] "training"
[1] "training complete"
[1] "elapsed time: 0.111999999999995"
[1] "computing out-of-bag predictions"
[1] "out-of-bag predictions complete"
[1] "elapsed time: 0.596000000000004"
[1] "computing predictions on test set"
[1] "test set predictions complete"
[1] "elapsed time: 0.588999999999999"
[1] "computing tree strength and correlation"
[1] "strength and correlation complete"
[1] "Evaluating forest 8 of 15"
[1] "training"
[1] "training complete"
[1] "elapsed time: 0.120000000000005"
[1] "computing out-of-bag predictions"
[1] "out-of-bag predictions complete"
[1] "elapsed time: 0.591000000000008"
[1] "computing predictions on test set"
[1] "test set predictions complete"
[1] "elapsed time: 0.576999999999998"
[1] "computing tree strength and correlation"
[1] "strength and correlation complete"
[1] "Evaluating forest 9 of 15"
[1] "training"
[1] "training complete"
[1] "elapsed time: 0.12299999999999"
[1] "computing out-of-bag predictions"
[1] "out-of-bag predictions complete"
[1] "elapsed time: 0.590000000000003"
[1] "computing predictions on test set"
[1] "test set predictions complete"
[1] "elapsed time: 0.574000000000012"
[1] "computing tree strength and correlation"
[1] "strength and correlation complete"
[1] "Evaluating forest 10 of 15"
[1] "training"
[1] "training complete"
[1] "elapsed time: 0.168999999999983"
[1] "computing out-of-bag predictions"
[1] "out-of-bag predictions complete"
[1] "elapsed time: 0.592000000000013"
[1] "computing predictions on test set"
[1] "test set predictions complete"
[1] "elapsed time: 0.575000000000017"
[1] "computing tree strength and correlation"
[1] "strength and correlation complete"
[1] "Evaluating forest 11 of 15"
[1] "training"
[1] "training complete"
[1] "elapsed time: 0.119"
[1] "computing out-of-bag predictions"
[1] "out-of-bag predictions complete"
[1] "elapsed time: 0.614000000000004"
[1] "computing predictions on test set"
[1] "test set predictions complete"
[1] "elapsed time: 0.598000000000013"
[1] "computing tree strength and correlation"
[1] "strength and correlation complete"
[1] "Evaluating forest 12 of 15"
[1] "training"
[1] "training complete"
[1] "elapsed time: 0.117999999999995"
[1] "computing out-of-bag predictions"
[1] "out-of-bag predictions complete"
[1] "elapsed time: 0.602000000000004"
[1] "computing predictions on test set"
[1] "test set predictions complete"
[1] "elapsed time: 0.591000000000008"
[1] "computing tree strength and correlation"
[1] "strength and correlation complete"
[1] "Evaluating forest 13 of 15"
[1] "training"
[1] "training complete"
[1] "elapsed time: 0.126000000000005"
[1] "computing out-of-bag predictions"
[1] "out-of-bag predictions complete"
[1] "elapsed time: 0.594999999999999"
[1] "computing predictions on test set"
[1] "test set predictions complete"
[1] "elapsed time: 0.585000000000008"
[1] "computing tree strength and correlation"
[1] "strength and correlation complete"
[1] "Evaluating forest 14 of 15"
[1] "training"
[1] "training complete"
[1] "elapsed time: 0.126000000000005"
[1] "computing out-of-bag predictions"
[1] "out-of-bag predictions complete"
[1] "elapsed time: 0.59899999999999"
[1] "computing predictions on test set"
[1] "test set predictions complete"
[1] "elapsed time: 0.588999999999999"
[1] "computing tree strength and correlation"
[1] "strength and correlation complete"
[1] "Evaluating forest 15 of 15"
[1] "training"
[1] "training complete"
[1] "elapsed time: 0.176999999999992"
[1] "computing out-of-bag predictions"
[1] "out-of-bag predictions complete"
[1] "elapsed time: 0.590000000000003"
[1] "computing predictions on test set"
[1] "test set predictions complete"
[1] "elapsed time: 0.570000000000022"
[1] "computing tree strength and correlation"
[1] "strength and correlation complete"
[1] "fold 5"
[1] "Evaluating forest 1 of 15"
[1] "training"
[1] "training complete"
[1] "elapsed time: 0.10299999999998"
[1] "computing out-of-bag predictions"
[1] "out-of-bag predictions complete"
[1] "elapsed time: 0.587000000000018"
[1] "computing predictions on test set"
[1] "test set predictions complete"
[1] "elapsed time: 0.568999999999988"
[1] "computing tree strength and correlation"
[1] "strength and correlation complete"
[1] "Evaluating forest 2 of 15"
[1] "training"
[1] "training complete"
[1] "elapsed time: 0.099000000000018"
[1] "computing out-of-bag predictions"
[1] "out-of-bag predictions complete"
[1] "elapsed time: 0.59099999999998"
[1] "computing predictions on test set"
[1] "test set predictions complete"
[1] "elapsed time: 0.570999999999998"
[1] "computing tree strength and correlation"
[1] "strength and correlation complete"
[1] "Evaluating forest 3 of 15"
[1] "training"
[1] "training complete"
[1] "elapsed time: 0.106999999999999"
[1] "computing out-of-bag predictions"
[1] "out-of-bag predictions complete"
[1] "elapsed time: 0.58499999999998"
[1] "computing predictions on test set"
[1] "test set predictions complete"
[1] "elapsed time: 0.564999999999998"
[1] "computing tree strength and correlation"
[1] "strength and correlation complete"
[1] "Evaluating forest 4 of 15"
[1] "training"
[1] "training complete"
[1] "elapsed time: 0.102000000000004"
[1] "computing out-of-bag predictions"
[1] "out-of-bag predictions complete"
[1] "elapsed time: 0.591000000000008"
[1] "computing predictions on test set"
[1] "test set predictions complete"
[1] "elapsed time: 0.580000000000013"
[1] "computing tree strength and correlation"
[1] "strength and correlation complete"
[1] "Evaluating forest 5 of 15"
[1] "training"
[1] "training complete"
[1] "elapsed time: 0.131"
[1] "computing out-of-bag predictions"
[1] "out-of-bag predictions complete"
[1] "elapsed time: 0.587999999999994"
[1] "computing predictions on test set"
[1] "test set predictions complete"
[1] "elapsed time: 0.561000000000007"
[1] "computing tree strength and correlation"
[1] "strength and correlation complete"
[1] "Evaluating forest 6 of 15"
[1] "training"
[1] "training complete"
[1] "elapsed time: 0.120000000000005"
[1] "computing out-of-bag predictions"
[1] "out-of-bag predictions complete"
[1] "elapsed time: 0.600999999999999"
[1] "computing predictions on test set"
[1] "test set predictions complete"
[1] "elapsed time: 0.579000000000008"
[1] "computing tree strength and correlation"
[1] "strength and correlation complete"
[1] "Evaluating forest 7 of 15"
[1] "training"
[1] "training complete"
[1] "elapsed time: 0.109999999999985"
[1] "computing out-of-bag predictions"
[1] "out-of-bag predictions complete"
[1] "elapsed time: 0.580000000000013"
[1] "computing predictions on test set"
[1] "test set predictions complete"
[1] "elapsed time: 0.579000000000008"
[1] "computing tree strength and correlation"
[1] "strength and correlation complete"
[1] "Evaluating forest 8 of 15"
[1] "training"
[1] "training complete"
[1] "elapsed time: 0.109000000000009"
[1] "computing out-of-bag predictions"
[1] "out-of-bag predictions complete"
[1] "elapsed time: 0.590000000000003"
[1] "computing predictions on test set"
[1] "test set predictions complete"
[1] "elapsed time: 0.573000000000008"
[1] "computing tree strength and correlation"
[1] "strength and correlation complete"
[1] "Evaluating forest 9 of 15"
[1] "training"
[1] "training complete"
[1] "elapsed time: 0.117999999999995"
[1] "computing out-of-bag predictions"
[1] "out-of-bag predictions complete"
[1] "elapsed time: 0.585000000000008"
[1] "computing predictions on test set"
[1] "test set predictions complete"
[1] "elapsed time: 0.593999999999994"
[1] "computing tree strength and correlation"
[1] "strength and correlation complete"
[1] "Evaluating forest 10 of 15"
[1] "training"
[1] "training complete"
[1] "elapsed time: 0.14700000000002"
[1] "computing out-of-bag predictions"
[1] "out-of-bag predictions complete"
[1] "elapsed time: 0.593999999999994"
[1] "computing predictions on test set"
[1] "test set predictions complete"
[1] "elapsed time: 0.576999999999998"
[1] "computing tree strength and correlation"
[1] "strength and correlation complete"
[1] "Evaluating forest 11 of 15"
[1] "training"
[1] "training complete"
[1] "elapsed time: 0.11699999999999"
[1] "computing out-of-bag predictions"
[1] "out-of-bag predictions complete"
[1] "elapsed time: 0.611999999999995"
[1] "computing predictions on test set"
[1] "test set predictions complete"
[1] "elapsed time: 0.590000000000003"
[1] "computing tree strength and correlation"
[1] "strength and correlation complete"
[1] "Evaluating forest 12 of 15"
[1] "training"
[1] "training complete"
[1] "elapsed time: 0.113999999999976"
[1] "computing out-of-bag predictions"
[1] "out-of-bag predictions complete"
[1] "elapsed time: 0.604000000000013"
[1] "computing predictions on test set"
[1] "test set predictions complete"
[1] "elapsed time: 0.586000000000013"
[1] "computing tree strength and correlation"
[1] "strength and correlation complete"
[1] "Evaluating forest 13 of 15"
[1] "training"
[1] "training complete"
[1] "elapsed time: 0.12299999999999"
[1] "computing out-of-bag predictions"
[1] "out-of-bag predictions complete"
[1] "elapsed time: 0.590000000000003"
[1] "computing predictions on test set"
[1] "test set predictions complete"
[1] "elapsed time: 0.569999999999993"
[1] "computing tree strength and correlation"
[1] "strength and correlation complete"
[1] "Evaluating forest 14 of 15"
[1] "training"
[1] "training complete"
[1] "elapsed time: 0.125"
[1] "computing out-of-bag predictions"
[1] "out-of-bag predictions complete"
[1] "elapsed time: 0.599000000000018"
[1] "computing predictions on test set"
[1] "test set predictions complete"
[1] "elapsed time: 0.580999999999989"
[1] "computing tree strength and correlation"
[1] "strength and correlation complete"
[1] "Evaluating forest 15 of 15"
[1] "training"
[1] "training complete"
[1] "elapsed time: 0.162999999999982"
[1] "computing out-of-bag predictions"
[1] "out-of-bag predictions complete"
[1] "elapsed time: 0.592000000000013"
[1] "computing predictions on test set"
[1] "test set predictions complete"
[1] "elapsed time: 0.568999999999988"
[1] "computing tree strength and correlation"
[1] "strength and correlation complete"
[1] "fold 1"
[1] "Evaluating forest 1 of 15"
[1] "training"
[1] "training complete"
[1] "elapsed time: 0.105000000000018"
[1] "computing out-of-bag predictions"
[1] "out-of-bag predictions complete"
[1] "elapsed time: 0.597999999999985"
[1] "computing predictions on test set"
[1] "test set predictions complete"
[1] "elapsed time: 0.581000000000017"
[1] "computing tree strength and correlation"
[1] "strength and correlation complete"
[1] "Evaluating forest 2 of 15"
[1] "training"
[1] "training complete"
[1] "elapsed time: 0.100999999999999"
[1] "computing out-of-bag predictions"
[1] "out-of-bag predictions complete"
[1] "elapsed time: 0.606000000000023"
[1] "computing predictions on test set"
[1] "test set predictions complete"
[1] "elapsed time: 0.586000000000013"
[1] "computing tree strength and correlation"
[1] "strength and correlation complete"
[1] "Evaluating forest 3 of 15"
[1] "training"
[1] "training complete"
[1] "elapsed time: 0.111000000000018"
[1] "computing out-of-bag predictions"
[1] "out-of-bag predictions complete"
[1] "elapsed time: 0.584000000000003"
[1] "computing predictions on test set"
[1] "test set predictions complete"
[1] "elapsed time: 0.572000000000003"
[1] "computing tree strength and correlation"
[1] "strength and correlation complete"
[1] "Evaluating forest 4 of 15"
[1] "training"
[1] "training complete"
[1] "elapsed time: 0.119"
[1] "computing out-of-bag predictions"
[1] "out-of-bag predictions complete"
[1] "elapsed time: 0.587000000000018"
[1] "computing predictions on test set"
[1] "test set predictions complete"
[1] "elapsed time: 0.579000000000008"
[1] "computing tree strength and correlation"
[1] "strength and correlation complete"
[1] "Evaluating forest 5 of 15"
[1] "training"
[1] "training complete"
[1] "elapsed time: 0.167000000000002"
[1] "computing out-of-bag predictions"
[1] "out-of-bag predictions complete"
[1] "elapsed time: 0.582999999999998"
[1] "computing predictions on test set"
[1] "test set predictions complete"
[1] "elapsed time: 0.570000000000022"
[1] "computing tree strength and correlation"
[1] "strength and correlation complete"
[1] "Evaluating forest 6 of 15"
[1] "training"
[1] "training complete"
[1] "elapsed time: 0.108000000000004"
[1] "computing out-of-bag predictions"
[1] "out-of-bag predictions complete"
[1] "elapsed time: 0.60899999999998"
[1] "computing predictions on test set"
[1] "test set predictions complete"
[1] "elapsed time: 0.594000000000023"
[1] "computing tree strength and correlation"
[1] "strength and correlation complete"
[1] "Evaluating forest 7 of 15"
[1] "training"
[1] "training complete"
[1] "elapsed time: 0.112000000000023"
[1] "computing out-of-bag predictions"
[1] "out-of-bag predictions complete"
[1] "elapsed time: 0.600999999999999"
[1] "computing predictions on test set"
[1] "test set predictions complete"
[1] "elapsed time: 0.584000000000003"
[1] "computing tree strength and correlation"
[1] "strength and correlation complete"
[1] "Evaluating forest 8 of 15"
[1] "training"
[1] "training complete"
[1] "elapsed time: 0.122000000000014"
[1] "computing out-of-bag predictions"
[1] "out-of-bag predictions complete"
[1] "elapsed time: 0.600999999999999"
[1] "computing predictions on test set"
[1] "test set predictions complete"
[1] "elapsed time: 0.576999999999998"
[1] "computing tree strength and correlation"
[1] "strength and correlation complete"
[1] "Evaluating forest 9 of 15"
[1] "training"
[1] "training complete"
[1] "elapsed time: 0.125"
[1] "computing out-of-bag predictions"
[1] "out-of-bag predictions complete"
[1] "elapsed time: 0.591000000000008"
[1] "computing predictions on test set"
[1] "test set predictions complete"
[1] "elapsed time: 0.572000000000003"
[1] "computing tree strength and correlation"
[1] "strength and correlation complete"
[1] "Evaluating forest 10 of 15"
[1] "training"
[1] "training complete"
[1] "elapsed time: 0.182999999999993"
[1] "computing out-of-bag predictions"
[1] "out-of-bag predictions complete"
[1] "elapsed time: 0.58499999999998"
[1] "computing predictions on test set"
[1] "test set predictions complete"
[1] "elapsed time: 0.567999999999984"
[1] "computing tree strength and correlation"
[1] "strength and correlation complete"
[1] "Evaluating forest 11 of 15"
[1] "training"
[1] "training complete"
[1] "elapsed time: 0.114999999999981"
[1] "computing out-of-bag predictions"
[1] "out-of-bag predictions complete"
[1] "elapsed time: 0.618000000000023"
[1] "computing predictions on test set"
[1] "test set predictions complete"
[1] "elapsed time: 0.59899999999999"
[1] "computing tree strength and correlation"
[1] "strength and correlation complete"
[1] "Evaluating forest 12 of 15"
[1] "training"
[1] "training complete"
[1] "elapsed time: 0.11699999999999"
[1] "computing out-of-bag predictions"
[1] "out-of-bag predictions complete"
[1] "elapsed time: 0.613"
[1] "computing predictions on test set"
[1] "test set predictions complete"
[1] "elapsed time: 0.592000000000013"
[1] "computing tree strength and correlation"
[1] "strength and correlation complete"
[1] "Evaluating forest 13 of 15"
[1] "training"
[1] "training complete"
[1] "elapsed time: 0.121000000000009"
[1] "computing out-of-bag predictions"
[1] "out-of-bag predictions complete"
[1] "elapsed time: 0.606999999999999"
[1] "computing predictions on test set"
[1] "test set predictions complete"
[1] "elapsed time: 0.587999999999994"
[1] "computing tree strength and correlation"
[1] "strength and correlation complete"
[1] "Evaluating forest 14 of 15"
[1] "training"
[1] "training complete"
[1] "elapsed time: 0.129000000000019"
[1] "computing out-of-bag predictions"
[1] "out-of-bag predictions complete"
[1] "elapsed time: 0.59899999999999"
[1] "computing predictions on test set"
[1] "test set predictions complete"
[1] "elapsed time: 0.592000000000013"
[1] "computing tree strength and correlation"
[1] "strength and correlation complete"
[1] "Evaluating forest 15 of 15"
[1] "training"
[1] "training complete"
[1] "elapsed time: 0.198999999999984"
[1] "computing out-of-bag predictions"
[1] "out-of-bag predictions complete"
[1] "elapsed time: 0.593000000000018"
[1] "computing predictions on test set"
[1] "test set predictions complete"
[1] "elapsed time: 0.574999999999989"
[1] "computing tree strength and correlation"
[1] "strength and correlation complete"
[1] "fold 2"
[1] "Evaluating forest 1 of 15"
[1] "training"
[1] "training complete"
[1] "elapsed time: 0.0999999999999943"
[1] "computing out-of-bag predictions"
[1] "out-of-bag predictions complete"
[1] "elapsed time: 0.596000000000004"
[1] "computing predictions on test set"
[1] "test set predictions complete"
[1] "elapsed time: 0.570999999999998"
[1] "computing tree strength and correlation"
[1] "strength and correlation complete"
[1] "Evaluating forest 2 of 15"
[1] "training"
[1] "training complete"
[1] "elapsed time: 0.0999999999999943"
[1] "computing out-of-bag predictions"
[1] "out-of-bag predictions complete"
[1] "elapsed time: 0.591999999999985"
[1] "computing predictions on test set"
[1] "test set predictions complete"
[1] "elapsed time: 0.574999999999989"
[1] "computing tree strength and correlation"
[1] "strength and correlation complete"
[1] "Evaluating forest 3 of 15"
[1] "training"
[1] "training complete"
[1] "elapsed time: 0.102000000000004"
[1] "computing out-of-bag predictions"
[1] "out-of-bag predictions complete"
[1] "elapsed time: 0.58499999999998"
[1] "computing predictions on test set"
[1] "test set predictions complete"
[1] "elapsed time: 0.572000000000003"
[1] "computing tree strength and correlation"
[1] "strength and correlation complete"
[1] "Evaluating forest 4 of 15"
[1] "training"
[1] "training complete"
[1] "elapsed time: 0.115000000000009"
[1] "computing out-of-bag predictions"
[1] "out-of-bag predictions complete"
[1] "elapsed time: 0.591000000000008"
[1] "computing predictions on test set"
[1] "test set predictions complete"
[1] "elapsed time: 0.573000000000008"
[1] "computing tree strength and correlation"
[1] "strength and correlation complete"
[1] "Evaluating forest 5 of 15"
[1] "training"
[1] "training complete"
[1] "elapsed time: 0.157999999999987"
[1] "computing out-of-bag predictions"
[1] "out-of-bag predictions complete"
[1] "elapsed time: 0.580000000000013"
[1] "computing predictions on test set"
[1] "test set predictions complete"
[1] "elapsed time: 0.558999999999997"
[1] "computing tree strength and correlation"
[1] "strength and correlation complete"
[1] "Evaluating forest 6 of 15"
[1] "training"
[1] "training complete"
[1] "elapsed time: 0.108000000000004"
[1] "computing out-of-bag predictions"
[1] "out-of-bag predictions complete"
[1] "elapsed time: 0.609000000000009"
[1] "computing predictions on test set"
[1] "test set predictions complete"
[1] "elapsed time: 0.599000000000018"
[1] "computing tree strength and correlation"
[1] "strength and correlation complete"
[1] "Evaluating forest 7 of 15"
[1] "training"
[1] "training complete"
[1] "elapsed time: 0.106999999999999"
[1] "computing out-of-bag predictions"
[1] "out-of-bag predictions complete"
[1] "elapsed time: 0.601999999999975"
[1] "computing predictions on test set"
[1] "test set predictions complete"
[1] "elapsed time: 0.572999999999979"
[1] "computing tree strength and correlation"
[1] "strength and correlation complete"
[1] "Evaluating forest 8 of 15"
[1] "training"
[1] "training complete"
[1] "elapsed time: 0.10899999999998"
[1] "computing out-of-bag predictions"
[1] "out-of-bag predictions complete"
[1] "elapsed time: 0.592000000000013"
[1] "computing predictions on test set"
[1] "test set predictions complete"
[1] "elapsed time: 0.570000000000022"
[1] "computing tree strength and correlation"
[1] "strength and correlation complete"
[1] "Evaluating forest 9 of 15"
[1] "training"
[1] "training complete"
[1] "elapsed time: 0.121000000000009"
[1] "computing out-of-bag predictions"
[1] "out-of-bag predictions complete"
[1] "elapsed time: 0.581999999999994"
[1] "computing predictions on test set"
[1] "test set predictions complete"
[1] "elapsed time: 0.572000000000003"
[1] "computing tree strength and correlation"
[1] "strength and correlation complete"
[1] "Evaluating forest 10 of 15"
[1] "training"
[1] "training complete"
[1] "elapsed time: 0.171000000000021"
[1] "computing out-of-bag predictions"
[1] "out-of-bag predictions complete"
[1] "elapsed time: 0.597999999999985"
[1] "computing predictions on test set"
[1] "test set predictions complete"
[1] "elapsed time: 0.629000000000019"
[1] "computing tree strength and correlation"
[1] "strength and correlation complete"
[1] "Evaluating forest 11 of 15"
[1] "training"
[1] "training complete"
[1] "elapsed time: 0.109000000000009"
[1] "computing out-of-bag predictions"
[1] "out-of-bag predictions complete"
[1] "elapsed time: 0.605999999999995"
[1] "computing predictions on test set"
[1] "test set predictions complete"
[1] "elapsed time: 0.58499999999998"
[1] "computing tree strength and correlation"
[1] "strength and correlation complete"
[1] "Evaluating forest 12 of 15"
[1] "training"
[1] "training complete"
[1] "elapsed time: 0.109000000000009"
[1] "computing out-of-bag predictions"
[1] "out-of-bag predictions complete"
[1] "elapsed time: 0.606999999999999"
[1] "computing predictions on test set"
[1] "test set predictions complete"
[1] "elapsed time: 0.587999999999994"
[1] "computing tree strength and correlation"
[1] "strength and correlation complete"
[1] "Evaluating forest 13 of 15"
[1] "training"
[1] "training complete"
[1] "elapsed time: 0.115000000000009"
[1] "computing out-of-bag predictions"
[1] "out-of-bag predictions complete"
[1] "elapsed time: 0.603999999999985"
[1] "computing predictions on test set"
[1] "test set predictions complete"
[1] "elapsed time: 0.581999999999994"
[1] "computing tree strength and correlation"
[1] "strength and correlation complete"
[1] "Evaluating forest 14 of 15"
[1] "training"
[1] "training complete"
[1] "elapsed time: 0.125"
[1] "computing out-of-bag predictions"
[1] "out-of-bag predictions complete"
[1] "elapsed time: 0.606999999999971"
[1] "computing predictions on test set"
[1] "test set predictions complete"
[1] "elapsed time: 0.586999999999989"
[1] "computing tree strength and correlation"
[1] "strength and correlation complete"
[1] "Evaluating forest 15 of 15"
[1] "training"
[1] "training complete"
[1] "elapsed time: 0.18100000000004"
[1] "computing out-of-bag predictions"
[1] "out-of-bag predictions complete"
[1] "elapsed time: 0.592999999999961"
[1] "computing predictions on test set"
[1] "test set predictions complete"
[1] "elapsed time: 0.572000000000003"
[1] "computing tree strength and correlation"
[1] "strength and correlation complete"
[1] "fold 3"
[1] "Evaluating forest 1 of 15"
[1] "training"
[1] "training complete"
[1] "elapsed time: 0.106999999999971"
[1] "computing out-of-bag predictions"
[1] "out-of-bag predictions complete"
[1] "elapsed time: 0.591999999999985"
[1] "computing predictions on test set"
[1] "test set predictions complete"
[1] "elapsed time: 0.586000000000013"
[1] "computing tree strength and correlation"
[1] "strength and correlation complete"
[1] "Evaluating forest 2 of 15"
[1] "training"
[1] "training complete"
[1] "elapsed time: 0.100999999999999"
[1] "computing out-of-bag predictions"
[1] "out-of-bag predictions complete"
[1] "elapsed time: 0.600999999999999"
[1] "computing predictions on test set"
[1] "test set predictions complete"
[1] "elapsed time: 0.58200000000005"
[1] "computing tree strength and correlation"
[1] "strength and correlation complete"
[1] "Evaluating forest 3 of 15"
[1] "training"
[1] "training complete"
[1] "elapsed time: 0.111999999999966"
[1] "computing out-of-bag predictions"
[1] "out-of-bag predictions complete"
[1] "elapsed time: 0.58099999999996"
[1] "computing predictions on test set"
[1] "test set predictions complete"
[1] "elapsed time: 0.565999999999974"
[1] "computing tree strength and correlation"
[1] "strength and correlation complete"
[1] "Evaluating forest 4 of 15"
[1] "training"
[1] "training complete"
[1] "elapsed time: 0.11099999999999"
[1] "computing out-of-bag predictions"
[1] "out-of-bag predictions complete"
[1] "elapsed time: 0.596000000000004"
[1] "computing predictions on test set"
[1] "test set predictions complete"
[1] "elapsed time: 0.578999999999951"
[1] "computing tree strength and correlation"
[1] "strength and correlation complete"
[1] "Evaluating forest 5 of 15"
[1] "training"
[1] "training complete"
[1] "elapsed time: 0.173999999999978"
[1] "computing out-of-bag predictions"
[1] "out-of-bag predictions complete"
[1] "elapsed time: 0.614000000000033"
[1] "computing predictions on test set"
[1] "test set predictions complete"
[1] "elapsed time: 0.603999999999985"
[1] "computing tree strength and correlation"
[1] "strength and correlation complete"
[1] "Evaluating forest 6 of 15"
[1] "training"
[1] "training complete"
[1] "elapsed time: 0.110000000000014"
[1] "computing out-of-bag predictions"
[1] "out-of-bag predictions complete"
[1] "elapsed time: 0.605999999999995"
[1] "computing predictions on test set"
[1] "test set predictions complete"
[1] "elapsed time: 0.588999999999999"
[1] "computing tree strength and correlation"
[1] "strength and correlation complete"
[1] "Evaluating forest 7 of 15"
[1] "training"
[1] "training complete"
[1] "elapsed time: 0.111999999999966"
[1] "computing out-of-bag predictions"
[1] "out-of-bag predictions complete"
[1] "elapsed time: 0.597999999999956"
[1] "computing predictions on test set"
[1] "test set predictions complete"
[1] "elapsed time: 0.590000000000032"
[1] "computing tree strength and correlation"
[1] "strength and correlation complete"
[1] "Evaluating forest 8 of 15"
[1] "training"
[1] "training complete"
[1] "elapsed time: 0.120000000000005"
[1] "computing out-of-bag predictions"
[1] "out-of-bag predictions complete"
[1] "elapsed time: 0.599000000000046"
[1] "computing predictions on test set"
[1] "test set predictions complete"
[1] "elapsed time: 0.580000000000041"
[1] "computing tree strength and correlation"
[1] "strength and correlation complete"
[1] "Evaluating forest 9 of 15"
[1] "training"
[1] "training complete"
[1] "elapsed time: 0.12299999999999"
[1] "computing out-of-bag predictions"
[1] "out-of-bag predictions complete"
[1] "elapsed time: 0.587000000000046"
[1] "computing predictions on test set"
[1] "test set predictions complete"
[1] "elapsed time: 0.579000000000008"
[1] "computing tree strength and correlation"
[1] "strength and correlation complete"
[1] "Evaluating forest 10 of 15"
[1] "training"
[1] "training complete"
[1] "elapsed time: 0.177000000000021"
[1] "computing out-of-bag predictions"
[1] "out-of-bag predictions complete"
[1] "elapsed time: 0.581000000000017"
[1] "computing predictions on test set"
[1] "test set predictions complete"
[1] "elapsed time: 0.564999999999998"
[1] "computing tree strength and correlation"
[1] "strength and correlation complete"
[1] "Evaluating forest 11 of 15"
[1] "training"
[1] "training complete"
[1] "elapsed time: 0.116999999999962"
[1] "computing out-of-bag predictions"
[1] "out-of-bag predictions complete"
[1] "elapsed time: 0.610000000000014"
[1] "computing predictions on test set"
[1] "test set predictions complete"
[1] "elapsed time: 0.590000000000032"
[1] "computing tree strength and correlation"
[1] "strength and correlation complete"
[1] "Evaluating forest 12 of 15"
[1] "training"
[1] "training complete"
[1] "elapsed time: 0.117999999999995"
[1] "computing out-of-bag predictions"
[1] "out-of-bag predictions complete"
[1] "elapsed time: 0.61099999999999"
[1] "computing predictions on test set"
[1] "test set predictions complete"
[1] "elapsed time: 0.588999999999999"
[1] "computing tree strength and correlation"
[1] "strength and correlation complete"
[1] "Evaluating forest 13 of 15"
[1] "training"
[1] "training complete"
[1] "elapsed time: 0.120999999999981"
[1] "computing out-of-bag predictions"
[1] "out-of-bag predictions complete"
[1] "elapsed time: 0.592000000000041"
[1] "computing predictions on test set"
[1] "test set predictions complete"
[1] "elapsed time: 0.592000000000041"
[1] "computing tree strength and correlation"
[1] "strength and correlation complete"
[1] "Evaluating forest 14 of 15"
[1] "training"
[1] "training complete"
[1] "elapsed time: 0.129000000000019"
[1] "computing out-of-bag predictions"
[1] "out-of-bag predictions complete"
[1] "elapsed time: 0.600999999999999"
[1] "computing predictions on test set"
[1] "test set predictions complete"
[1] "elapsed time: 0.581999999999994"
[1] "computing tree strength and correlation"
[1] "strength and correlation complete"
[1] "Evaluating forest 15 of 15"
[1] "training"
[1] "training complete"
[1] "elapsed time: 0.201000000000022"
[1] "computing out-of-bag predictions"
[1] "out-of-bag predictions complete"
[1] "elapsed time: 0.590999999999951"
[1] "computing predictions on test set"
[1] "test set predictions complete"
[1] "elapsed time: 0.576000000000022"
[1] "computing tree strength and correlation"
[1] "strength and correlation complete"
[1] "fold 4"
[1] "Evaluating forest 1 of 15"
[1] "training"
[1] "training complete"
[1] "elapsed time: 0.104999999999961"
[1] "computing out-of-bag predictions"
[1] "out-of-bag predictions complete"
[1] "elapsed time: 0.581000000000017"
[1] "computing predictions on test set"
[1] "test set predictions complete"
[1] "elapsed time: 0.575999999999965"
[1] "computing tree strength and correlation"
[1] "strength and correlation complete"
[1] "Evaluating forest 2 of 15"
[1] "training"
[1] "training complete"
[1] "elapsed time: 0.100999999999999"
[1] "computing out-of-bag predictions"
[1] "out-of-bag predictions complete"
[1] "elapsed time: 0.604999999999961"
[1] "computing predictions on test set"
[1] "test set predictions complete"
[1] "elapsed time: 0.579999999999984"
[1] "computing tree strength and correlation"
[1] "strength and correlation complete"
[1] "Evaluating forest 3 of 15"
[1] "training"
[1] "training complete"
[1] "elapsed time: 0.110000000000014"
[1] "computing out-of-bag predictions"
[1] "out-of-bag predictions complete"
[1] "elapsed time: 0.587999999999965"
[1] "computing predictions on test set"
[1] "test set predictions complete"
[1] "elapsed time: 0.564999999999998"
[1] "computing tree strength and correlation"
[1] "strength and correlation complete"
[1] "Evaluating forest 4 of 15"
[1] "training"
[1] "training complete"
[1] "elapsed time: 0.113999999999976"
[1] "computing out-of-bag predictions"
[1] "out-of-bag predictions complete"
[1] "elapsed time: 0.596000000000004"
[1] "computing predictions on test set"
[1] "test set predictions complete"
[1] "elapsed time: 0.573999999999955"
[1] "computing tree strength and correlation"
[1] "strength and correlation complete"
[1] "Evaluating forest 5 of 15"
[1] "training"
[1] "training complete"
[1] "elapsed time: 0.163000000000011"
[1] "computing out-of-bag predictions"
[1] "out-of-bag predictions complete"
[1] "elapsed time: 0.583000000000027"
[1] "computing predictions on test set"
[1] "test set predictions complete"
[1] "elapsed time: 0.592999999999961"
[1] "computing tree strength and correlation"
[1] "strength and correlation complete"
[1] "Evaluating forest 6 of 15"
[1] "training"
[1] "training complete"
[1] "elapsed time: 0.10899999999998"
[1] "computing out-of-bag predictions"
[1] "out-of-bag predictions complete"
[1] "elapsed time: 0.607000000000028"
[1] "computing predictions on test set"
[1] "test set predictions complete"
[1] "elapsed time: 0.59499999999997"
[1] "computing tree strength and correlation"
[1] "strength and correlation complete"
[1] "Evaluating forest 7 of 15"
[1] "training"
[1] "training complete"
[1] "elapsed time: 0.115000000000009"
[1] "computing out-of-bag predictions"
[1] "out-of-bag predictions complete"
[1] "elapsed time: 0.598000000000013"
[1] "computing predictions on test set"
[1] "test set predictions complete"
[1] "elapsed time: 0.590999999999951"
[1] "computing tree strength and correlation"
[1] "strength and correlation complete"
[1] "Evaluating forest 8 of 15"
[1] "training"
[1] "training complete"
[1] "elapsed time: 0.119000000000028"
[1] "computing out-of-bag predictions"
[1] "out-of-bag predictions complete"
[1] "elapsed time: 0.601999999999975"
[1] "computing predictions on test set"
[1] "test set predictions complete"
[1] "elapsed time: 0.592999999999961"
[1] "computing tree strength and correlation"
[1] "strength and correlation complete"
[1] "Evaluating forest 9 of 15"
[1] "training"
[1] "training complete"
[1] "elapsed time: 0.122000000000014"
[1] "computing out-of-bag predictions"
[1] "out-of-bag predictions complete"
[1] "elapsed time: 0.591999999999985"
[1] "computing predictions on test set"
[1] "test set predictions complete"
[1] "elapsed time: 0.579000000000008"
[1] "computing tree strength and correlation"
[1] "strength and correlation complete"
[1] "Evaluating forest 10 of 15"
[1] "training"
[1] "training complete"
[1] "elapsed time: 0.17900000000003"
[1] "computing out-of-bag predictions"
[1] "out-of-bag predictions complete"
[1] "elapsed time: 0.583000000000027"
[1] "computing predictions on test set"
[1] "test set predictions complete"
[1] "elapsed time: 0.567000000000007"
[1] "computing tree strength and correlation"
[1] "strength and correlation complete"
[1] "Evaluating forest 11 of 15"
[1] "training"
[1] "training complete"
[1] "elapsed time: 0.11099999999999"
[1] "computing out-of-bag predictions"
[1] "out-of-bag predictions complete"
[1] "elapsed time: 0.608000000000004"
[1] "computing predictions on test set"
[1] "test set predictions complete"
[1] "elapsed time: 0.591999999999985"
[1] "computing tree strength and correlation"
[1] "strength and correlation complete"
[1] "Evaluating forest 12 of 15"
[1] "training"
[1] "training complete"
[1] "elapsed time: 0.113"
[1] "computing out-of-bag predictions"
[1] "out-of-bag predictions complete"
[1] "elapsed time: 0.603999999999985"
[1] "computing predictions on test set"
[1] "test set predictions complete"
[1] "elapsed time: 0.59499999999997"
[1] "computing tree strength and correlation"
[1] "strength and correlation complete"
[1] "Evaluating forest 13 of 15"
[1] "training"
[1] "training complete"
[1] "elapsed time: 0.120999999999981"
[1] "computing out-of-bag predictions"
[1] "out-of-bag predictions complete"
[1] "elapsed time: 0.602000000000032"
[1] "computing predictions on test set"
[1] "test set predictions complete"
[1] "elapsed time: 0.592000000000041"
[1] "computing tree strength and correlation"
[1] "strength and correlation complete"
[1] "Evaluating forest 14 of 15"
[1] "training"
[1] "training complete"
[1] "elapsed time: 0.124000000000024"
[1] "computing out-of-bag predictions"
[1] "out-of-bag predictions complete"
[1] "elapsed time: 0.604000000000042"
[1] "computing predictions on test set"
[1] "test set predictions complete"
[1] "elapsed time: 0.586999999999989"
[1] "computing tree strength and correlation"
[1] "strength and correlation complete"
[1] "Evaluating forest 15 of 15"
[1] "training"
[1] "training complete"
[1] "elapsed time: 0.194999999999993"
[1] "computing out-of-bag predictions"
[1] "out-of-bag predictions complete"
[1] "elapsed time: 0.588000000000022"
[1] "computing predictions on test set"
[1] "test set predictions complete"
[1] "elapsed time: 0.569999999999993"
[1] "computing tree strength and correlation"
[1] "strength and correlation complete"
[1] "fold 5"
[1] "Evaluating forest 1 of 15"
[1] "training"
[1] "training complete"
[1] "elapsed time: 0.104000000000042"
[1] "computing out-of-bag predictions"
[1] "out-of-bag predictions complete"
[1] "elapsed time: 0.581999999999994"
[1] "computing predictions on test set"
[1] "test set predictions complete"
[1] "elapsed time: 0.575000000000045"
[1] "computing tree strength and correlation"
[1] "strength and correlation complete"
[1] "Evaluating forest 2 of 15"
[1] "training"
[1] "training complete"
[1] "elapsed time: 0.104000000000042"
[1] "computing out-of-bag predictions"
[1] "out-of-bag predictions complete"
[1] "elapsed time: 0.590999999999951"
[1] "computing predictions on test set"
[1] "test set predictions complete"
[1] "elapsed time: 0.574000000000012"
[1] "computing tree strength and correlation"
[1] "strength and correlation complete"
[1] "Evaluating forest 3 of 15"
[1] "training"
[1] "training complete"
[1] "elapsed time: 0.100999999999999"
[1] "computing out-of-bag predictions"
[1] "out-of-bag predictions complete"
[1] "elapsed time: 0.584000000000003"
[1] "computing predictions on test set"
[1] "test set predictions complete"
[1] "elapsed time: 0.566000000000031"
[1] "computing tree strength and correlation"
[1] "strength and correlation complete"
[1] "Evaluating forest 4 of 15"
[1] "training"
[1] "training complete"
[1] "elapsed time: 0.107000000000028"
[1] "computing out-of-bag predictions"
[1] "out-of-bag predictions complete"
[1] "elapsed time: 0.584000000000003"
[1] "computing predictions on test set"
[1] "test set predictions complete"
[1] "elapsed time: 0.575000000000045"
[1] "computing tree strength and correlation"
[1] "strength and correlation complete"
[1] "Evaluating forest 5 of 15"
[1] "training"
[1] "training complete"
[1] "elapsed time: 0.204999999999984"
[1] "computing out-of-bag predictions"
[1] "out-of-bag predictions complete"
[1] "elapsed time: 0.588999999999999"
[1] "computing predictions on test set"
[1] "test set predictions complete"
[1] "elapsed time: 0.574000000000012"
[1] "computing tree strength and correlation"
[1] "strength and correlation complete"
[1] "Evaluating forest 6 of 15"
[1] "training"
[1] "training complete"
[1] "elapsed time: 0.104999999999961"
[1] "computing out-of-bag predictions"
[1] "out-of-bag predictions complete"
[1] "elapsed time: 0.596000000000004"
[1] "computing predictions on test set"
[1] "test set predictions complete"
[1] "elapsed time: 0.588999999999999"
[1] "computing tree strength and correlation"
[1] "strength and correlation complete"
[1] "Evaluating forest 7 of 15"
[1] "training"
[1] "training complete"
[1] "elapsed time: 0.112000000000023"
[1] "computing out-of-bag predictions"
[1] "out-of-bag predictions complete"
[1] "elapsed time: 0.596000000000004"
[1] "computing predictions on test set"
[1] "test set predictions complete"
[1] "elapsed time: 0.576000000000022"
[1] "computing tree strength and correlation"
[1] "strength and correlation complete"
[1] "Evaluating forest 8 of 15"
[1] "training"
[1] "training complete"
[1] "elapsed time: 0.111999999999966"
[1] "computing out-of-bag predictions"
[1] "out-of-bag predictions complete"
[1] "elapsed time: 0.596000000000004"
[1] "computing predictions on test set"
[1] "test set predictions complete"
[1] "elapsed time: 0.580000000000041"
[1] "computing tree strength and correlation"
[1] "strength and correlation complete"
[1] "Evaluating forest 9 of 15"
[1] "training"
[1] "training complete"
[1] "elapsed time: 0.116000000000042"
[1] "computing out-of-bag predictions"
[1] "out-of-bag predictions complete"
[1] "elapsed time: 0.584000000000003"
[1] "computing predictions on test set"
[1] "test set predictions complete"
[1] "elapsed time: 0.567000000000007"
[1] "computing tree strength and correlation"
[1] "strength and correlation complete"
[1] "Evaluating forest 10 of 15"
[1] "training"
[1] "training complete"
[1] "elapsed time: 0.163000000000011"
[1] "computing out-of-bag predictions"
[1] "out-of-bag predictions complete"
[1] "elapsed time: 0.586999999999989"
[1] "computing predictions on test set"
[1] "test set predictions complete"
[1] "elapsed time: 0.609000000000037"
[1] "computing tree strength and correlation"
[1] "strength and correlation complete"
[1] "Evaluating forest 11 of 15"
[1] "training"
[1] "training complete"
[1] "elapsed time: 0.111000000000047"
[1] "computing out-of-bag predictions"
[1] "out-of-bag predictions complete"
[1] "elapsed time: 0.601999999999975"
[1] "computing predictions on test set"
[1] "test set predictions complete"
[1] "elapsed time: 0.59499999999997"
[1] "computing tree strength and correlation"
[1] "strength and correlation complete"
[1] "Evaluating forest 12 of 15"
[1] "training"
[1] "training complete"
[1] "elapsed time: 0.114000000000033"
[1] "computing out-of-bag predictions"
[1] "out-of-bag predictions complete"
[1] "elapsed time: 0.600999999999999"
[1] "computing predictions on test set"
[1] "test set predictions complete"
[1] "elapsed time: 0.588999999999999"
[1] "computing tree strength and correlation"
[1] "strength and correlation complete"
[1] "Evaluating forest 13 of 15"
[1] "training"
[1] "training complete"
[1] "elapsed time: 0.117999999999995"
[1] "computing out-of-bag predictions"
[1] "out-of-bag predictions complete"
[1] "elapsed time: 0.586999999999989"
[1] "computing predictions on test set"
[1] "test set predictions complete"
[1] "elapsed time: 0.574999999999989"
[1] "computing tree strength and correlation"
[1] "strength and correlation complete"
[1] "Evaluating forest 14 of 15"
[1] "training"
[1] "training complete"
[1] "elapsed time: 0.122000000000014"
[1] "computing out-of-bag predictions"
[1] "out-of-bag predictions complete"
[1] "elapsed time: 0.603999999999985"
[1] "computing predictions on test set"
[1] "test set predictions complete"
[1] "elapsed time: 0.58299999999997"
[1] "computing tree strength and correlation"
[1] "strength and correlation complete"
[1] "Evaluating forest 15 of 15"
[1] "training"
[1] "training complete"
[1] "elapsed time: 0.170999999999992"
[1] "computing out-of-bag predictions"
[1] "out-of-bag predictions complete"
[1] "elapsed time: 0.581000000000017"
[1] "computing predictions on test set"
[1] "test set predictions complete"
[1] "elapsed time: 0.56699999999995"
[1] "computing tree strength and correlation"
[1] "strength and correlation complete"
There were 50 or more warnings (use warnings() to see the first 50)
job complete
